{"/Users/elvira/Downloads/pets-pr-1/packages/core/src/animations.ts": {"path":"/Users/elvira/Downloads/pets-pr-1/packages/core/src/animations.ts","statementMap":{"0":{"start":{"line":8,"column":13},"end":{"line":12,"column":2}},"1":{"start":{"line":15,"column":13},"end":{"line":17,"column":2}},"2":{"start":{"line":20,"column":13},"end":{"line":23,"column":2}},"3":{"start":{"line":26,"column":13},"end":{"line":37,"column":2}},"4":{"start":{"line":40,"column":13},"end":{"line":51,"column":2}},"5":{"start":{"line":54,"column":13},"end":{"line":66,"column":2}}},"fnMap":{},"branchMap":{},"s":{"0":0,"1":0,"2":0,"3":0,"4":0,"5":0},"f":{},"b":{}}
,"/Users/elvira/Downloads/pets-pr-1/packages/core/src/index.ts": {"path":"/Users/elvira/Downloads/pets-pr-1/packages/core/src/index.ts","statementMap":{"0":{"start":{"line":8,"column":0},"end":{"line":8,"column":26}},"1":{"start":{"line":9,"column":0},"end":{"line":9,"column":24}},"2":{"start":{"line":12,"column":0},"end":{"line":12,"column":24}},"3":{"start":{"line":15,"column":0},"end":{"line":15,"column":25}},"4":{"start":{"line":18,"column":0},"end":{"line":18,"column":27}},"5":{"start":{"line":21,"column":0},"end":{"line":21,"column":22}},"6":{"start":{"line":22,"column":0},"end":{"line":22,"column":24}},"7":{"start":{"line":25,"column":13},"end":{"line":25,"column":31}}},"fnMap":{},"branchMap":{},"s":{"0":0,"1":0,"2":0,"3":0,"4":0,"5":0,"6":0,"7":0},"f":{},"b":{}}
,"/Users/elvira/Downloads/pets-pr-1/packages/core/src/api/client.ts": {"path":"/Users/elvira/Downloads/pets-pr-1/packages/core/src/api/client.ts","statementMap":{"0":{"start":{"line":1,"column":0},"end":{"line":1,"column":95}},"1":{"start":{"line":14,"column":4},"end":{"line":20,"column":7}},"2":{"start":{"line":22,"column":4},"end":{"line":22,"column":29}},"3":{"start":{"line":27,"column":4},"end":{"line":38,"column":6}},"4":{"start":{"line":29,"column":22},"end":{"line":29,"column":57}},"5":{"start":{"line":30,"column":8},"end":{"line":32,"column":9}},"6":{"start":{"line":31,"column":10},"end":{"line":31,"column":59}},"7":{"start":{"line":33,"column":8},"end":{"line":33,"column":22}},"8":{"start":{"line":36,"column":8},"end":{"line":36,"column":92}},"9":{"start":{"line":41,"column":4},"end":{"line":54,"column":6}},"10":{"start":{"line":42,"column":35},"end":{"line":42,"column":43}},"11":{"start":{"line":44,"column":8},"end":{"line":51,"column":9}},"12":{"start":{"line":48,"column":10},"end":{"line":48,"column":49}},"13":{"start":{"line":49,"column":10},"end":{"line":49,"column":50}},"14":{"start":{"line":50,"column":10},"end":{"line":50,"column":42}},"15":{"start":{"line":52,"column":8},"end":{"line":52,"column":89}},"16":{"start":{"line":59,"column":4},"end":{"line":69,"column":5}},"17":{"start":{"line":60,"column":23},"end":{"line":60,"column":79}},"18":{"start":{"line":61,"column":6},"end":{"line":61,"column":27}},"19":{"start":{"line":63,"column":25},"end":{"line":63,"column":41}},"20":{"start":{"line":64,"column":6},"end":{"line":67,"column":7}},"21":{"start":{"line":65,"column":27},"end":{"line":65,"column":82}},"22":{"start":{"line":66,"column":8},"end":{"line":66,"column":95}},"23":{"start":{"line":68,"column":6},"end":{"line":68,"column":36}},"24":{"start":{"line":73,"column":4},"end":{"line":83,"column":5}},"25":{"start":{"line":74,"column":23},"end":{"line":74,"column":86}},"26":{"start":{"line":75,"column":6},"end":{"line":75,"column":27}},"27":{"start":{"line":77,"column":25},"end":{"line":77,"column":41}},"28":{"start":{"line":78,"column":6},"end":{"line":81,"column":7}},"29":{"start":{"line":79,"column":27},"end":{"line":79,"column":82}},"30":{"start":{"line":80,"column":8},"end":{"line":80,"column":95}},"31":{"start":{"line":82,"column":6},"end":{"line":82,"column":36}},"32":{"start":{"line":87,"column":4},"end":{"line":97,"column":5}},"33":{"start":{"line":88,"column":23},"end":{"line":88,"column":85}},"34":{"start":{"line":89,"column":6},"end":{"line":89,"column":27}},"35":{"start":{"line":91,"column":25},"end":{"line":91,"column":41}},"36":{"start":{"line":92,"column":6},"end":{"line":95,"column":7}},"37":{"start":{"line":93,"column":27},"end":{"line":93,"column":82}},"38":{"start":{"line":94,"column":8},"end":{"line":94,"column":95}},"39":{"start":{"line":96,"column":6},"end":{"line":96,"column":36}},"40":{"start":{"line":101,"column":4},"end":{"line":111,"column":5}},"41":{"start":{"line":102,"column":23},"end":{"line":102,"column":87}},"42":{"start":{"line":103,"column":6},"end":{"line":103,"column":27}},"43":{"start":{"line":105,"column":25},"end":{"line":105,"column":41}},"44":{"start":{"line":106,"column":6},"end":{"line":109,"column":7}},"45":{"start":{"line":107,"column":27},"end":{"line":107,"column":82}},"46":{"start":{"line":108,"column":8},"end":{"line":108,"column":95}},"47":{"start":{"line":110,"column":6},"end":{"line":110,"column":36}},"48":{"start":{"line":115,"column":4},"end":{"line":125,"column":5}},"49":{"start":{"line":116,"column":23},"end":{"line":116,"column":82}},"50":{"start":{"line":117,"column":6},"end":{"line":117,"column":27}},"51":{"start":{"line":119,"column":25},"end":{"line":119,"column":41}},"52":{"start":{"line":120,"column":6},"end":{"line":123,"column":7}},"53":{"start":{"line":121,"column":27},"end":{"line":121,"column":82}},"54":{"start":{"line":122,"column":8},"end":{"line":122,"column":95}},"55":{"start":{"line":124,"column":6},"end":{"line":124,"column":36}},"56":{"start":{"line":130,"column":4},"end":{"line":156,"column":5}},"57":{"start":{"line":131,"column":23},"end":{"line":131,"column":37}},"58":{"start":{"line":132,"column":6},"end":{"line":132,"column":36}},"59":{"start":{"line":134,"column":6},"end":{"line":144,"column":7}},"60":{"start":{"line":135,"column":8},"end":{"line":143,"column":11}},"61":{"start":{"line":136,"column":10},"end":{"line":142,"column":11}},"62":{"start":{"line":137,"column":12},"end":{"line":137,"column":40}},"63":{"start":{"line":138,"column":17},"end":{"line":142,"column":11}},"64":{"start":{"line":139,"column":12},"end":{"line":139,"column":48}},"65":{"start":{"line":141,"column":12},"end":{"line":141,"column":37}},"66":{"start":{"line":146,"column":23},"end":{"line":150,"column":8}},"67":{"start":{"line":152,"column":6},"end":{"line":152,"column":27}},"68":{"start":{"line":154,"column":25},"end":{"line":154,"column":98}},"69":{"start":{"line":155,"column":6},"end":{"line":155,"column":99}},"70":{"start":{"line":161,"column":13},"end":{"line":161,"column":41}},"71":{"start":{"line":162,"column":0},"end":{"line":162,"column":25}}},"fnMap":{"0":{"name":"(anonymous_1)","decl":{"start":{"line":13,"column":2},"end":{"line":13,"column":null}},"loc":{"start":{"line":13,"column":2},"end":{"line":23,"column":3}}},"1":{"name":"(anonymous_2)","decl":{"start":{"line":25,"column":10},"end":{"line":25,"column":27}},"loc":{"start":{"line":25,"column":27},"end":{"line":55,"column":3}}},"2":{"name":"(anonymous_3)","decl":{"start":{"line":28,"column":6},"end":{"line":28,"column":7}},"loc":{"start":{"line":28,"column":17},"end":{"line":34,"column":7}}},"3":{"name":"(anonymous_4)","decl":{"start":{"line":35,"column":6},"end":{"line":35,"column":7}},"loc":{"start":{"line":35,"column":23},"end":{"line":37,"column":7}}},"4":{"name":"(anonymous_5)","decl":{"start":{"line":42,"column":6},"end":{"line":42,"column":7}},"loc":{"start":{"line":42,"column":35},"end":{"line":42,"column":43}}},"5":{"name":"(anonymous_6)","decl":{"start":{"line":43,"column":6},"end":{"line":43,"column":7}},"loc":{"start":{"line":43,"column":25},"end":{"line":53,"column":7}}},"6":{"name":"(anonymous_7)","decl":{"start":{"line":58,"column":2},"end":{"line":58,"column":7}},"loc":{"start":{"line":58,"column":65},"end":{"line":70,"column":3}}},"7":{"name":"(anonymous_8)","decl":{"start":{"line":72,"column":2},"end":{"line":72,"column":7}},"loc":{"start":{"line":72,"column":82},"end":{"line":84,"column":3}}},"8":{"name":"(anonymous_9)","decl":{"start":{"line":86,"column":2},"end":{"line":86,"column":7}},"loc":{"start":{"line":86,"column":81},"end":{"line":98,"column":3}}},"9":{"name":"(anonymous_10)","decl":{"start":{"line":100,"column":2},"end":{"line":100,"column":7}},"loc":{"start":{"line":100,"column":83},"end":{"line":112,"column":3}}},"10":{"name":"(anonymous_11)","decl":{"start":{"line":114,"column":2},"end":{"line":114,"column":7}},"loc":{"start":{"line":114,"column":68},"end":{"line":126,"column":3}}},"11":{"name":"(anonymous_12)","decl":{"start":{"line":129,"column":2},"end":{"line":129,"column":7}},"loc":{"start":{"line":129,"column":97},"end":{"line":157,"column":3}}},"12":{"name":"(anonymous_13)","decl":{"start":{"line":135,"column":47},"end":{"line":135,"column":48}},"loc":{"start":{"line":135,"column":64},"end":{"line":143,"column":9}}}},"branchMap":{"0":{"loc":{"start":{"line":15,"column":15},"end":{"line":15,"column":77}},"type":"binary-expr","locations":[{"start":{"line":15,"column":15},"end":{"line":15,"column":46}},{"start":{"line":15,"column":50},"end":{"line":15,"column":77}}]},"1":{"loc":{"start":{"line":30,"column":8},"end":{"line":32,"column":9}},"type":"if","locations":[{"start":{"line":30,"column":8},"end":{"line":32,"column":9}}]},"2":{"loc":{"start":{"line":30,"column":12},"end":{"line":30,"column":41}},"type":"binary-expr","locations":[{"start":{"line":30,"column":12},"end":{"line":30,"column":25}},{"start":{"line":30,"column":29},"end":{"line":30,"column":41}}]},"3":{"loc":{"start":{"line":36,"column":30},"end":{"line":36,"column":90}},"type":"cond-expr","locations":[{"start":{"line":36,"column":55},"end":{"line":36,"column":60}},{"start":{"line":36,"column":63},"end":{"line":36,"column":90}}]},"4":{"loc":{"start":{"line":44,"column":8},"end":{"line":51,"column":9}},"type":"if","locations":[{"start":{"line":44,"column":8},"end":{"line":51,"column":9}}]},"5":{"loc":{"start":{"line":44,"column":12},"end":{"line":46,"column":79}},"type":"binary-expr","locations":[{"start":{"line":44,"column":12},"end":{"line":44,"column":34}},{"start":{"line":44,"column":38},"end":{"line":44,"column":57}},{"start":{"line":45,"column":12},"end":{"line":45,"column":94}},{"start":{"line":46,"column":13},"end":{"line":46,"column":79}}]},"6":{"loc":{"start":{"line":52,"column":30},"end":{"line":52,"column":87}},"type":"cond-expr","locations":[{"start":{"line":52,"column":55},"end":{"line":52,"column":60}},{"start":{"line":52,"column":63},"end":{"line":52,"column":87}}]},"7":{"loc":{"start":{"line":64,"column":6},"end":{"line":67,"column":7}},"type":"if","locations":[{"start":{"line":64,"column":6},"end":{"line":67,"column":7}}]},"8":{"loc":{"start":{"line":66,"column":23},"end":{"line":66,"column":94}},"type":"binary-expr","locations":[{"start":{"line":66,"column":23},"end":{"line":66,"column":57}},{"start":{"line":66,"column":61},"end":{"line":66,"column":74}},{"start":{"line":66,"column":78},"end":{"line":66,"column":94}}]},"9":{"loc":{"start":{"line":78,"column":6},"end":{"line":81,"column":7}},"type":"if","locations":[{"start":{"line":78,"column":6},"end":{"line":81,"column":7}}]},"10":{"loc":{"start":{"line":80,"column":23},"end":{"line":80,"column":94}},"type":"binary-expr","locations":[{"start":{"line":80,"column":23},"end":{"line":80,"column":57}},{"start":{"line":80,"column":61},"end":{"line":80,"column":74}},{"start":{"line":80,"column":78},"end":{"line":80,"column":94}}]},"11":{"loc":{"start":{"line":92,"column":6},"end":{"line":95,"column":7}},"type":"if","locations":[{"start":{"line":92,"column":6},"end":{"line":95,"column":7}}]},"12":{"loc":{"start":{"line":94,"column":23},"end":{"line":94,"column":94}},"type":"binary-expr","locations":[{"start":{"line":94,"column":23},"end":{"line":94,"column":57}},{"start":{"line":94,"column":61},"end":{"line":94,"column":74}},{"start":{"line":94,"column":78},"end":{"line":94,"column":94}}]},"13":{"loc":{"start":{"line":106,"column":6},"end":{"line":109,"column":7}},"type":"if","locations":[{"start":{"line":106,"column":6},"end":{"line":109,"column":7}}]},"14":{"loc":{"start":{"line":108,"column":23},"end":{"line":108,"column":94}},"type":"binary-expr","locations":[{"start":{"line":108,"column":23},"end":{"line":108,"column":57}},{"start":{"line":108,"column":61},"end":{"line":108,"column":74}},{"start":{"line":108,"column":78},"end":{"line":108,"column":94}}]},"15":{"loc":{"start":{"line":120,"column":6},"end":{"line":123,"column":7}},"type":"if","locations":[{"start":{"line":120,"column":6},"end":{"line":123,"column":7}}]},"16":{"loc":{"start":{"line":122,"column":23},"end":{"line":122,"column":94}},"type":"binary-expr","locations":[{"start":{"line":122,"column":23},"end":{"line":122,"column":57}},{"start":{"line":122,"column":61},"end":{"line":122,"column":74}},{"start":{"line":122,"column":78},"end":{"line":122,"column":94}}]},"17":{"loc":{"start":{"line":134,"column":6},"end":{"line":144,"column":7}},"type":"if","locations":[{"start":{"line":134,"column":6},"end":{"line":144,"column":7}}]},"18":{"loc":{"start":{"line":136,"column":10},"end":{"line":142,"column":11}},"type":"if","locations":[{"start":{"line":136,"column":10},"end":{"line":142,"column":11}},{"start":{"line":138,"column":17},"end":{"line":142,"column":11}}]},"19":{"loc":{"start":{"line":138,"column":17},"end":{"line":142,"column":11}},"type":"if","locations":[{"start":{"line":138,"column":17},"end":{"line":142,"column":11}},{"start":{"line":140,"column":17},"end":{"line":142,"column":11}}]},"20":{"loc":{"start":{"line":155,"column":22},"end":{"line":155,"column":97}},"type":"binary-expr","locations":[{"start":{"line":155,"column":22},"end":{"line":155,"column":56}},{"start":{"line":155,"column":60},"end":{"line":155,"column":78}},{"start":{"line":155,"column":82},"end":{"line":155,"column":97}}]}},"s":{"0":1,"1":1,"2":1,"3":1,"4":0,"5":0,"6":0,"7":0,"8":0,"9":1,"10":0,"11":0,"12":0,"13":0,"14":0,"15":0,"16":0,"17":0,"18":0,"19":0,"20":0,"21":0,"22":0,"23":0,"24":0,"25":0,"26":0,"27":0,"28":0,"29":0,"30":0,"31":0,"32":0,"33":0,"34":0,"35":0,"36":0,"37":0,"38":0,"39":0,"40":0,"41":0,"42":0,"43":0,"44":0,"45":0,"46":0,"47":0,"48":0,"49":0,"50":0,"51":0,"52":0,"53":0,"54":0,"55":0,"56":0,"57":0,"58":0,"59":0,"60":0,"61":0,"62":0,"63":0,"64":0,"65":0,"66":0,"67":0,"68":0,"69":0,"70":1,"71":1},"f":{"0":1,"1":1,"2":0,"3":0,"4":0,"5":0,"6":0,"7":0,"8":0,"9":0,"10":0,"11":0,"12":0},"b":{"0":[1,1],"1":[0],"2":[0,0],"3":[0,0],"4":[0],"5":[0,0,0,0],"6":[0,0],"7":[0],"8":[0,0,0],"9":[0],"10":[0,0,0],"11":[0],"12":[0,0,0],"13":[0],"14":[0,0,0],"15":[0],"16":[0,0,0],"17":[0],"18":[0,0],"19":[0,0],"20":[0,0,0]}}
,"/Users/elvira/Downloads/pets-pr-1/packages/core/src/api/hooks.ts": {"path":"/Users/elvira/Downloads/pets-pr-1/packages/core/src/api/hooks.ts","statementMap":{"0":{"start":{"line":8,"column":0},"end":{"line":8,"column":16}},"1":{"start":{"line":20,"column":0},"end":{"line":20,"column":16}},"2":{"start":{"line":47,"column":0},"end":{"line":47,"column":16}},"3":{"start":{"line":59,"column":0},"end":{"line":59,"column":16}},"4":{"start":{"line":71,"column":0},"end":{"line":71,"column":16}},"5":{"start":{"line":84,"column":0},"end":{"line":84,"column":16}},"6":{"start":{"line":91,"column":0},"end":{"line":91,"column":16}},"7":{"start":{"line":102,"column":0},"end":{"line":102,"column":16}},"8":{"start":{"line":109,"column":0},"end":{"line":109,"column":16}},"9":{"start":{"line":113,"column":0},"end":{"line":113,"column":16}},"10":{"start":{"line":124,"column":0},"end":{"line":124,"column":16}},"11":{"start":{"line":128,"column":0},"end":{"line":128,"column":16}},"12":{"start":{"line":132,"column":0},"end":{"line":132,"column":16}},"13":{"start":{"line":143,"column":0},"end":{"line":143,"column":16}},"14":{"start":{"line":147,"column":0},"end":{"line":147,"column":16}},"15":{"start":{"line":158,"column":0},"end":{"line":158,"column":16}},"16":{"start":{"line":162,"column":0},"end":{"line":162,"column":16}},"17":{"start":{"line":166,"column":0},"end":{"line":166,"column":16}},"18":{"start":{"line":170,"column":0},"end":{"line":170,"column":16}},"19":{"start":{"line":1,"column":0},"end":{"line":1,"column":170}},"20":{"start":{"line":5,"column":0},"end":{"line":5,"column":61}},"21":{"start":{"line":13,"column":2},"end":{"line":17,"column":5}},"22":{"start":{"line":15,"column":19},"end":{"line":15,"column":49}},"23":{"start":{"line":24,"column":22},"end":{"line":24,"column":38}},"24":{"start":{"line":26,"column":2},"end":{"line":41,"column":5}},"25":{"start":{"line":28,"column":6},"end":{"line":30,"column":7}},"26":{"start":{"line":29,"column":8},"end":{"line":29,"column":47}},"27":{"start":{"line":31,"column":6},"end":{"line":31,"column":56}},"28":{"start":{"line":35,"column":6},"end":{"line":35,"column":43}},"29":{"start":{"line":38,"column":6},"end":{"line":38,"column":70}},"30":{"start":{"line":48,"column":2},"end":{"line":56,"column":5}},"31":{"start":{"line":50,"column":6},"end":{"line":54,"column":7}},"32":{"start":{"line":51,"column":46},"end":{"line":51,"column":104}},"33":{"start":{"line":52,"column":8},"end":{"line":52,"column":57}},"34":{"start":{"line":53,"column":8},"end":{"line":53,"column":59}},"35":{"start":{"line":60,"column":2},"end":{"line":68,"column":5}},"36":{"start":{"line":62,"column":6},"end":{"line":66,"column":7}},"37":{"start":{"line":63,"column":46},"end":{"line":63,"column":104}},"38":{"start":{"line":64,"column":8},"end":{"line":64,"column":57}},"39":{"start":{"line":65,"column":8},"end":{"line":65,"column":59}},"40":{"start":{"line":72,"column":22},"end":{"line":72,"column":38}},"41":{"start":{"line":74,"column":2},"end":{"line":80,"column":5}},"42":{"start":{"line":76,"column":6},"end":{"line":76,"column":45}},"43":{"start":{"line":77,"column":6},"end":{"line":77,"column":46}},"44":{"start":{"line":78,"column":6},"end":{"line":78,"column":26}},"45":{"start":{"line":85,"column":2},"end":{"line":88,"column":4}},"46":{"start":{"line":92,"column":22},"end":{"line":92,"column":38}},"47":{"start":{"line":94,"column":2},"end":{"line":98,"column":5}},"48":{"start":{"line":96,"column":6},"end":{"line":96,"column":65}},"49":{"start":{"line":103,"column":19},"end":{"line":103,"column":58}},"50":{"start":{"line":104,"column":22},"end":{"line":104,"column":116}},"51":{"start":{"line":106,"column":2},"end":{"line":106,"column":61}},"52":{"start":{"line":110,"column":2},"end":{"line":110,"column":60}},"53":{"start":{"line":114,"column":22},"end":{"line":114,"column":38}},"54":{"start":{"line":116,"column":2},"end":{"line":120,"column":5}},"55":{"start":{"line":118,"column":6},"end":{"line":118,"column":65}},"56":{"start":{"line":125,"column":2},"end":{"line":125,"column":55}},"57":{"start":{"line":129,"column":2},"end":{"line":129,"column":71}},"58":{"start":{"line":133,"column":22},"end":{"line":133,"column":38}},"59":{"start":{"line":135,"column":2},"end":{"line":139,"column":5}},"60":{"start":{"line":137,"column":6},"end":{"line":137,"column":68}},"61":{"start":{"line":144,"column":2},"end":{"line":144,"column":71}},"62":{"start":{"line":148,"column":22},"end":{"line":148,"column":38}},"63":{"start":{"line":150,"column":2},"end":{"line":154,"column":5}},"64":{"start":{"line":152,"column":6},"end":{"line":152,"column":65}},"65":{"start":{"line":159,"column":2},"end":{"line":159,"column":44}},"66":{"start":{"line":163,"column":2},"end":{"line":163,"column":46}},"67":{"start":{"line":167,"column":2},"end":{"line":167,"column":45}},"68":{"start":{"line":171,"column":2},"end":{"line":171,"column":50}}},"fnMap":{"0":{"name":"useApiQuery","decl":{"start":{"line":8,"column":16},"end":{"line":8,"column":27}},"loc":{"start":{"line":11,"column":91},"end":{"line":18,"column":1}}},"1":{"name":"(anonymous_1)","decl":{"start":{"line":15,"column":13},"end":{"line":15,"column":16}},"loc":{"start":{"line":15,"column":19},"end":{"line":15,"column":49}}},"2":{"name":"useApiMutation","decl":{"start":{"line":20,"column":16},"end":{"line":20,"column":30}},"loc":{"start":{"line":22,"column":96},"end":{"line":42,"column":1}}},"3":{"name":"(anonymous_3)","decl":{"start":{"line":27,"column":16},"end":{"line":27,"column":17}},"loc":{"start":{"line":27,"column":30},"end":{"line":32,"column":5}}},"4":{"name":"(anonymous_4)","decl":{"start":{"line":33,"column":15},"end":{"line":33,"column":16}},"loc":{"start":{"line":33,"column":61},"end":{"line":39,"column":5}}},"5":{"name":"useLogin","decl":{"start":{"line":47,"column":16},"end":{"line":47,"column":24}},"loc":{"start":{"line":47,"column":24},"end":{"line":57,"column":1}}},"6":{"name":"(anonymous_6)","decl":{"start":{"line":49,"column":15},"end":{"line":49,"column":16}},"loc":{"start":{"line":49,"column":24},"end":{"line":55,"column":5}}},"7":{"name":"useRegister","decl":{"start":{"line":59,"column":16},"end":{"line":59,"column":27}},"loc":{"start":{"line":59,"column":27},"end":{"line":69,"column":1}}},"8":{"name":"(anonymous_8)","decl":{"start":{"line":61,"column":15},"end":{"line":61,"column":16}},"loc":{"start":{"line":61,"column":24},"end":{"line":67,"column":5}}},"9":{"name":"useLogout","decl":{"start":{"line":71,"column":16},"end":{"line":71,"column":25}},"loc":{"start":{"line":71,"column":25},"end":{"line":81,"column":1}}},"10":{"name":"(anonymous_10)","decl":{"start":{"line":75,"column":15},"end":{"line":75,"column":18}},"loc":{"start":{"line":75,"column":20},"end":{"line":79,"column":5}}},"11":{"name":"useUser","decl":{"start":{"line":84,"column":16},"end":{"line":84,"column":23}},"loc":{"start":{"line":84,"column":39},"end":{"line":89,"column":1}}},"12":{"name":"useUpdateUser","decl":{"start":{"line":91,"column":16},"end":{"line":91,"column":29}},"loc":{"start":{"line":91,"column":29},"end":{"line":99,"column":1}}},"13":{"name":"(anonymous_13)","decl":{"start":{"line":95,"column":15},"end":{"line":95,"column":18}},"loc":{"start":{"line":95,"column":20},"end":{"line":97,"column":5}}},"14":{"name":"usePets","decl":{"start":{"line":102,"column":16},"end":{"line":102,"column":23}},"loc":{"start":{"line":102,"column":57},"end":{"line":107,"column":1}}},"15":{"name":"usePet","decl":{"start":{"line":109,"column":16},"end":{"line":109,"column":22}},"loc":{"start":{"line":109,"column":36},"end":{"line":111,"column":1}}},"16":{"name":"useCreatePet","decl":{"start":{"line":113,"column":16},"end":{"line":113,"column":28}},"loc":{"start":{"line":113,"column":28},"end":{"line":121,"column":1}}},"17":{"name":"(anonymous_17)","decl":{"start":{"line":117,"column":15},"end":{"line":117,"column":18}},"loc":{"start":{"line":117,"column":20},"end":{"line":119,"column":5}}},"18":{"name":"useMatches","decl":{"start":{"line":124,"column":16},"end":{"line":124,"column":26}},"loc":{"start":{"line":124,"column":26},"end":{"line":126,"column":1}}},"19":{"name":"useMatch","decl":{"start":{"line":128,"column":16},"end":{"line":128,"column":24}},"loc":{"start":{"line":128,"column":40},"end":{"line":130,"column":1}}},"20":{"name":"useCreateMatch","decl":{"start":{"line":132,"column":16},"end":{"line":132,"column":30}},"loc":{"start":{"line":132,"column":30},"end":{"line":140,"column":1}}},"21":{"name":"(anonymous_21)","decl":{"start":{"line":136,"column":15},"end":{"line":136,"column":18}},"loc":{"start":{"line":136,"column":20},"end":{"line":138,"column":5}}},"22":{"name":"useChat","decl":{"start":{"line":143,"column":16},"end":{"line":143,"column":23}},"loc":{"start":{"line":143,"column":39},"end":{"line":145,"column":1}}},"23":{"name":"useSendMessage","decl":{"start":{"line":147,"column":16},"end":{"line":147,"column":30}},"loc":{"start":{"line":147,"column":30},"end":{"line":155,"column":1}}},"24":{"name":"(anonymous_24)","decl":{"start":{"line":151,"column":15},"end":{"line":151,"column":18}},"loc":{"start":{"line":151,"column":20},"end":{"line":153,"column":5}}},"25":{"name":"useGenerateBio","decl":{"start":{"line":158,"column":16},"end":{"line":158,"column":30}},"loc":{"start":{"line":158,"column":30},"end":{"line":160,"column":1}}},"26":{"name":"useAnalyzePhotos","decl":{"start":{"line":162,"column":16},"end":{"line":162,"column":32}},"loc":{"start":{"line":162,"column":32},"end":{"line":164,"column":1}}},"27":{"name":"useCompatibilityAnalysis","decl":{"start":{"line":166,"column":16},"end":{"line":166,"column":40}},"loc":{"start":{"line":166,"column":40},"end":{"line":168,"column":1}}},"28":{"name":"useApplicationAssistance","decl":{"start":{"line":170,"column":16},"end":{"line":170,"column":40}},"loc":{"start":{"line":170,"column":40},"end":{"line":172,"column":1}}}},"branchMap":{"0":{"loc":{"start":{"line":28,"column":6},"end":{"line":30,"column":7}},"type":"if","locations":[{"start":{"line":28,"column":6},"end":{"line":30,"column":7}}]},"1":{"loc":{"start":{"line":50,"column":6},"end":{"line":54,"column":7}},"type":"if","locations":[{"start":{"line":50,"column":6},"end":{"line":54,"column":7}}]},"2":{"loc":{"start":{"line":50,"column":10},"end":{"line":50,"column":43}},"type":"binary-expr","locations":[{"start":{"line":50,"column":10},"end":{"line":50,"column":22}},{"start":{"line":50,"column":26},"end":{"line":50,"column":43}}]},"3":{"loc":{"start":{"line":62,"column":6},"end":{"line":66,"column":7}},"type":"if","locations":[{"start":{"line":62,"column":6},"end":{"line":66,"column":7}}]},"4":{"loc":{"start":{"line":62,"column":10},"end":{"line":62,"column":43}},"type":"binary-expr","locations":[{"start":{"line":62,"column":10},"end":{"line":62,"column":22}},{"start":{"line":62,"column":26},"end":{"line":62,"column":43}}]},"5":{"loc":{"start":{"line":86,"column":13},"end":{"line":86,"column":27}},"type":"binary-expr","locations":[{"start":{"line":86,"column":13},"end":{"line":86,"column":19}},{"start":{"line":86,"column":23},"end":{"line":86,"column":27}}]},"6":{"loc":{"start":{"line":87,"column":4},"end":{"line":87,"column":70}},"type":"cond-expr","locations":[{"start":{"line":87,"column":38},"end":{"line":87,"column":56}},{"start":{"line":87,"column":59},"end":{"line":87,"column":70}}]},"7":{"loc":{"start":{"line":87,"column":4},"end":{"line":87,"column":35}},"type":"binary-expr","locations":[{"start":{"line":87,"column":4},"end":{"line":87,"column":18}},{"start":{"line":87,"column":22},"end":{"line":87,"column":35}}]},"8":{"loc":{"start":{"line":103,"column":43},"end":{"line":103,"column":56}},"type":"binary-expr","locations":[{"start":{"line":103,"column":43},"end":{"line":103,"column":50}},{"start":{"line":103,"column":54},"end":{"line":103,"column":56}}]},"9":{"loc":{"start":{"line":104,"column":22},"end":{"line":104,"column":116}},"type":"cond-expr","locations":[{"start":{"line":104,"column":40},"end":{"line":104,"column":111}},{"start":{"line":104,"column":114},"end":{"line":104,"column":116}}]}},"s":{"0":1,"1":1,"2":1,"3":1,"4":1,"5":1,"6":1,"7":1,"8":1,"9":1,"10":1,"11":1,"12":1,"13":1,"14":1,"15":1,"16":1,"17":1,"18":1,"19":1,"20":1,"21":0,"22":0,"23":0,"24":0,"25":0,"26":0,"27":0,"28":0,"29":0,"30":0,"31":0,"32":0,"33":0,"34":0,"35":0,"36":0,"37":0,"38":0,"39":0,"40":0,"41":0,"42":0,"43":0,"44":0,"45":0,"46":0,"47":0,"48":0,"49":0,"50":0,"51":0,"52":0,"53":0,"54":0,"55":0,"56":0,"57":0,"58":0,"59":0,"60":0,"61":0,"62":0,"63":0,"64":0,"65":0,"66":0,"67":0,"68":0},"f":{"0":0,"1":0,"2":0,"3":0,"4":0,"5":0,"6":0,"7":0,"8":0,"9":0,"10":0,"11":0,"12":0,"13":0,"14":0,"15":0,"16":0,"17":0,"18":0,"19":0,"20":0,"21":0,"22":0,"23":0,"24":0,"25":0,"26":0,"27":0,"28":0},"b":{"0":[0],"1":[0],"2":[0,0],"3":[0],"4":[0,0],"5":[0,0],"6":[0,0],"7":[0,0],"8":[0,0],"9":[0,0]}}
,"/Users/elvira/Downloads/pets-pr-1/packages/core/src/api/index.ts": {"path":"/Users/elvira/Downloads/pets-pr-1/packages/core/src/api/index.ts","statementMap":{"0":{"start":{"line":1,"column":0},"end":{"line":1,"column":25}},"1":{"start":{"line":2,"column":0},"end":{"line":2,"column":24}}},"fnMap":{},"branchMap":{},"s":{"0":1,"1":1},"f":{},"b":{}}
,"/Users/elvira/Downloads/pets-pr-1/packages/core/src/hooks/index.ts": {"path":"/Users/elvira/Downloads/pets-pr-1/packages/core/src/hooks/index.ts","statementMap":{"0":{"start":{"line":5,"column":0},"end":{"line":5,"column":32}}},"fnMap":{},"branchMap":{},"s":{"0":0},"f":{},"b":{}}
,"/Users/elvira/Downloads/pets-pr-1/packages/core/src/hooks/useSwipeLogic.ts": {"path":"/Users/elvira/Downloads/pets-pr-1/packages/core/src/hooks/useSwipeLogic.ts","statementMap":{"0":{"start":{"line":8,"column":0},"end":{"line":8,"column":46}},"1":{"start":{"line":10,"column":0},"end":{"line":10,"column":42}},"2":{"start":{"line":11,"column":0},"end":{"line":11,"column":54}},"3":{"start":{"line":20,"column":29},"end":{"line":143,"column":1}},"4":{"start":{"line":25,"column":19},"end":{"line":25,"column":33}},"5":{"start":{"line":26,"column":42},"end":{"line":26,"column":57}},"6":{"start":{"line":27,"column":42},"end":{"line":27,"column":69}},"7":{"start":{"line":29,"column":28},"end":{"line":37,"column":18}},"8":{"start":{"line":32,"column":21},"end":{"line":37,"column":4}},"9":{"start":{"line":39,"column":23},"end":{"line":103,"column":61}},"10":{"start":{"line":43,"column":4},"end":{"line":43,"column":26}},"11":{"start":{"line":45,"column":4},"end":{"line":102,"column":5}},"12":{"start":{"line":47,"column":6},"end":{"line":47,"column":66}},"13":{"start":{"line":47,"column":47},"end":{"line":47,"column":64}},"14":{"start":{"line":50,"column":6},"end":{"line":59,"column":7}},"15":{"start":{"line":53,"column":8},"end":{"line":58,"column":11}},"16":{"start":{"line":62,"column":23},"end":{"line":72,"column":59}},"17":{"start":{"line":75,"column":22},"end":{"line":75,"column":53}},"18":{"start":{"line":76,"column":22},"end":{"line":76,"column":47}},"19":{"start":{"line":78,"column":34},"end":{"line":83,"column":8}},"20":{"start":{"line":86,"column":6},"end":{"line":86,"column":32}},"21":{"start":{"line":87,"column":6},"end":{"line":89,"column":7}},"22":{"start":{"line":88,"column":8},"end":{"line":88,"column":26}},"23":{"start":{"line":91,"column":6},"end":{"line":91,"column":20}},"24":{"start":{"line":93,"column":6},"end":{"line":93,"column":54}},"25":{"start":{"line":96,"column":27},"end":{"line":98,"column":80}},"26":{"start":{"line":99,"column":6},"end":{"line":99,"column":36}},"27":{"start":{"line":101,"column":6},"end":{"line":101,"column":29}},"28":{"start":{"line":105,"column":21},"end":{"line":108,"column":39}},"29":{"start":{"line":106,"column":19},"end":{"line":106,"column":49}},"30":{"start":{"line":107,"column":4},"end":{"line":107,"column":43}},"31":{"start":{"line":110,"column":21},"end":{"line":113,"column":39}},"32":{"start":{"line":111,"column":19},"end":{"line":111,"column":49}},"33":{"start":{"line":112,"column":4},"end":{"line":112,"column":43}},"34":{"start":{"line":115,"column":26},"end":{"line":118,"column":39}},"35":{"start":{"line":116,"column":19},"end":{"line":116,"column":54}},"36":{"start":{"line":117,"column":4},"end":{"line":117,"column":43}},"37":{"start":{"line":120,"column":24},"end":{"line":133,"column":20}},"38":{"start":{"line":121,"column":18},"end":{"line":121,"column":37}},"39":{"start":{"line":122,"column":18},"end":{"line":122,"column":83}},"40":{"start":{"line":122,"column":58},"end":{"line":122,"column":75}},"41":{"start":{"line":123,"column":19},"end":{"line":123,"column":84}},"42":{"start":{"line":123,"column":59},"end":{"line":123,"column":76}},"43":{"start":{"line":124,"column":23},"end":{"line":124,"column":93}},"44":{"start":{"line":124,"column":63},"end":{"line":124,"column":85}},"45":{"start":{"line":126,"column":4},"end":{"line":132,"column":6}},"46":{"start":{"line":135,"column":2},"end":{"line":142,"column":4}},"47":{"start":{"line":20,"column":13},"end":{"line":20,"column":29}}},"fnMap":{"0":{"name":"(anonymous_0)","decl":{"start":{"line":20,"column":29},"end":{"line":20,"column":30}},"loc":{"start":{"line":24,"column":30},"end":{"line":143,"column":1}}},"1":{"name":"(anonymous_1)","decl":{"start":{"line":29,"column":40},"end":{"line":29,"column":null}},"loc":{"start":{"line":32,"column":21},"end":{"line":37,"column":4}}},"2":{"name":"(anonymous_2)","decl":{"start":{"line":39,"column":35},"end":{"line":39,"column":40}},"loc":{"start":{"line":42,"column":28},"end":{"line":103,"column":3}}},"3":{"name":"(anonymous_3)","decl":{"start":{"line":47,"column":22},"end":{"line":47,"column":23}},"loc":{"start":{"line":47,"column":47},"end":{"line":47,"column":64}}},"4":{"name":"(anonymous_4)","decl":{"start":{"line":105,"column":33},"end":{"line":105,"column":38}},"loc":{"start":{"line":105,"column":52},"end":{"line":108,"column":3}}},"5":{"name":"(anonymous_5)","decl":{"start":{"line":110,"column":33},"end":{"line":110,"column":38}},"loc":{"start":{"line":110,"column":52},"end":{"line":113,"column":3}}},"6":{"name":"(anonymous_6)","decl":{"start":{"line":115,"column":38},"end":{"line":115,"column":43}},"loc":{"start":{"line":115,"column":57},"end":{"line":118,"column":3}}},"7":{"name":"(anonymous_7)","decl":{"start":{"line":120,"column":36},"end":{"line":120,"column":39}},"loc":{"start":{"line":120,"column":41},"end":{"line":133,"column":3}}},"8":{"name":"(anonymous_8)","decl":{"start":{"line":122,"column":38},"end":{"line":122,"column":39}},"loc":{"start":{"line":122,"column":58},"end":{"line":122,"column":75}}},"9":{"name":"(anonymous_9)","decl":{"start":{"line":123,"column":39},"end":{"line":123,"column":40}},"loc":{"start":{"line":123,"column":59},"end":{"line":123,"column":76}}},"10":{"name":"(anonymous_10)","decl":{"start":{"line":124,"column":43},"end":{"line":124,"column":44}},"loc":{"start":{"line":124,"column":63},"end":{"line":124,"column":85}}}},"branchMap":{"0":{"loc":{"start":{"line":20,"column":30},"end":{"line":24,"column":26}},"type":"default-arg","locations":[{"start":{"line":24,"column":24},"end":{"line":24,"column":26}}]},"1":{"loc":{"start":{"line":23,"column":2},"end":{"line":23,"column":25}},"type":"default-arg","locations":[{"start":{"line":23,"column":21},"end":{"line":23,"column":25}}]},"2":{"loc":{"start":{"line":36,"column":12},"end":{"line":36,"column":27}},"type":"binary-expr","locations":[{"start":{"line":36,"column":12},"end":{"line":36,"column":21}},{"start":{"line":36,"column":25},"end":{"line":36,"column":27}}]},"3":{"loc":{"start":{"line":50,"column":6},"end":{"line":59,"column":7}},"type":"if","locations":[{"start":{"line":50,"column":6},"end":{"line":59,"column":7}}]},"4":{"loc":{"start":{"line":75,"column":22},"end":{"line":75,"column":53}},"type":"binary-expr","locations":[{"start":{"line":75,"column":22},"end":{"line":75,"column":44}},{"start":{"line":75,"column":48},"end":{"line":75,"column":53}}]},"5":{"loc":{"start":{"line":87,"column":6},"end":{"line":89,"column":7}},"type":"if","locations":[{"start":{"line":87,"column":6},"end":{"line":89,"column":7}}]},"6":{"loc":{"start":{"line":96,"column":27},"end":{"line":98,"column":80}},"type":"cond-expr","locations":[{"start":{"line":97,"column":10},"end":{"line":97,"column":23}},{"start":{"line":98,"column":10},"end":{"line":98,"column":80}}]},"7":{"loc":{"start":{"line":131,"column":16},"end":{"line":131,"column":53}},"type":"cond-expr","locations":[{"start":{"line":131,"column":28},"end":{"line":131,"column":49}},{"start":{"line":131,"column":52},"end":{"line":131,"column":53}}]}},"s":{"0":0,"1":0,"2":0,"3":0,"4":0,"5":0,"6":0,"7":0,"8":0,"9":0,"10":0,"11":0,"12":0,"13":0,"14":0,"15":0,"16":0,"17":0,"18":0,"19":0,"20":0,"21":0,"22":0,"23":0,"24":0,"25":0,"26":0,"27":0,"28":0,"29":0,"30":0,"31":0,"32":0,"33":0,"34":0,"35":0,"36":0,"37":0,"38":0,"39":0,"40":0,"41":0,"42":0,"43":0,"44":0,"45":0,"46":0,"47":0},"f":{"0":0,"1":0,"2":0,"3":0,"4":0,"5":0,"6":0,"7":0,"8":0,"9":0,"10":0},"b":{"0":[0],"1":[0],"2":[0,0],"3":[0],"4":[0,0],"5":[0],"6":[0,0],"7":[0,0]}}
,"/Users/elvira/Downloads/pets-pr-1/packages/core/src/schemas/index.ts": {"path":"/Users/elvira/Downloads/pets-pr-1/packages/core/src/schemas/index.ts","statementMap":{"0":{"start":{"line":7,"column":0},"end":{"line":7,"column":24}},"1":{"start":{"line":10,"column":13},"end":{"line":13,"column":3}},"2":{"start":{"line":15,"column":13},"end":{"line":33,"column":3}},"3":{"start":{"line":20,"column":22},"end":{"line":20,"column":36}},"4":{"start":{"line":21,"column":16},"end":{"line":21,"column":66}},"5":{"start":{"line":22,"column":4},"end":{"line":22,"column":35}},"6":{"start":{"line":29,"column":42},"end":{"line":29,"column":54}},"7":{"start":{"line":30,"column":20},"end":{"line":30,"column":58}},"8":{"start":{"line":36,"column":13},"end":{"line":58,"column":3}},"9":{"start":{"line":61,"column":13},"end":{"line":78,"column":3}},"10":{"start":{"line":81,"column":13},"end":{"line":89,"column":3}},"11":{"start":{"line":92,"column":13},"end":{"line":95,"column":3}},"12":{"start":{"line":98,"column":13},"end":{"line":109,"column":3}}},"fnMap":{"0":{"name":"(anonymous_0)","decl":{"start":{"line":19,"column":33},"end":{"line":19,"column":34}},"loc":{"start":{"line":19,"column":42},"end":{"line":23,"column":3}}},"1":{"name":"(anonymous_1)","decl":{"start":{"line":29,"column":35},"end":{"line":29,"column":38}},"loc":{"start":{"line":29,"column":42},"end":{"line":29,"column":54}}},"2":{"name":"(anonymous_2)","decl":{"start":{"line":30,"column":10},"end":{"line":30,"column":11}},"loc":{"start":{"line":30,"column":20},"end":{"line":30,"column":58}}}},"branchMap":{"0":{"loc":{"start":{"line":22,"column":11},"end":{"line":22,"column":34}},"type":"binary-expr","locations":[{"start":{"line":22,"column":11},"end":{"line":22,"column":20}},{"start":{"line":22,"column":24},"end":{"line":22,"column":34}}]}},"s":{"0":0,"1":0,"2":0,"3":0,"4":0,"5":0,"6":0,"7":0,"8":0,"9":0,"10":0,"11":0,"12":0},"f":{"0":0,"1":0,"2":0},"b":{"0":[0,0]}}
,"/Users/elvira/Downloads/pets-pr-1/packages/core/src/schemas/realtime.ts": {"path":"/Users/elvira/Downloads/pets-pr-1/packages/core/src/schemas/realtime.ts","statementMap":{"0":{"start":{"line":1,"column":0},"end":{"line":1,"column":24}},"1":{"start":{"line":3,"column":13},"end":{"line":11,"column":3}},"2":{"start":{"line":13,"column":13},"end":{"line":20,"column":3}},"3":{"start":{"line":22,"column":13},"end":{"line":27,"column":3}}},"fnMap":{},"branchMap":{},"s":{"0":0,"1":0,"2":0,"3":0},"f":{},"b":{}}
,"/Users/elvira/Downloads/pets-pr-1/packages/core/src/services/WeatherService.ts": {"path":"/Users/elvira/Downloads/pets-pr-1/packages/core/src/services/WeatherService.ts","statementMap":{"0":{"start":{"line":157,"column":0},"end":{"line":157,"column":16}},"1":{"start":{"line":196,"column":0},"end":{"line":196,"column":16}},"2":{"start":{"line":1,"column":0},"end":{"line":1,"column":49}},"3":{"start":{"line":2,"column":0},"end":{"line":2,"column":24}},"4":{"start":{"line":9,"column":22},"end":{"line":20,"column":2}},"5":{"start":{"line":35,"column":16},"end":{"line":35,"column":84}},"6":{"start":{"line":36,"column":17},"end":{"line":36,"column":66}},"7":{"start":{"line":39,"column":2},"end":{"line":39,"column":95}},"8":{"start":{"line":39,"column":41},"end":{"line":39,"column":95}},"9":{"start":{"line":40,"column":14},"end":{"line":40,"column":79}},"10":{"start":{"line":41,"column":14},"end":{"line":41,"column":30}},"11":{"start":{"line":42,"column":2},"end":{"line":42,"column":58}},"12":{"start":{"line":42,"column":15},"end":{"line":42,"column":58}},"13":{"start":{"line":43,"column":15},"end":{"line":43,"column":42}},"14":{"start":{"line":44,"column":2},"end":{"line":44,"column":35}},"15":{"start":{"line":51,"column":14},"end":{"line":51,"column":46}},"16":{"start":{"line":52,"column":20},"end":{"line":52,"column":34}},"17":{"start":{"line":53,"column":18},"end":{"line":53,"column":31}},"18":{"start":{"line":55,"column":2},"end":{"line":55,"column":55}},"19":{"start":{"line":55,"column":41},"end":{"line":55,"column":55}},"20":{"start":{"line":56,"column":2},"end":{"line":56,"column":51}},"21":{"start":{"line":56,"column":38},"end":{"line":56,"column":51}},"22":{"start":{"line":57,"column":2},"end":{"line":57,"column":52}},"23":{"start":{"line":57,"column":38},"end":{"line":57,"column":52}},"24":{"start":{"line":58,"column":2},"end":{"line":58,"column":17}},"25":{"start":{"line":65,"column":16},"end":{"line":65,"column":41}},"26":{"start":{"line":66,"column":2},"end":{"line":66,"column":48}},"27":{"start":{"line":66,"column":32},"end":{"line":66,"column":48}},"28":{"start":{"line":67,"column":2},"end":{"line":67,"column":48}},"29":{"start":{"line":67,"column":32},"end":{"line":67,"column":48}},"30":{"start":{"line":68,"column":2},"end":{"line":68,"column":47}},"31":{"start":{"line":68,"column":33},"end":{"line":68,"column":47}},"32":{"start":{"line":69,"column":2},"end":{"line":69,"column":18}},"33":{"start":{"line":76,"column":25},"end":{"line":76,"column":27}},"34":{"start":{"line":77,"column":19},"end":{"line":77,"column":31}},"35":{"start":{"line":78,"column":20},"end":{"line":78,"column":58}},"36":{"start":{"line":79,"column":21},"end":{"line":79,"column":39}},"37":{"start":{"line":80,"column":20},"end":{"line":80,"column":41}},"38":{"start":{"line":83,"column":2},"end":{"line":87,"column":3}},"39":{"start":{"line":84,"column":4},"end":{"line":84,"column":86}},"40":{"start":{"line":85,"column":9},"end":{"line":87,"column":3}},"41":{"start":{"line":86,"column":4},"end":{"line":86,"column":86}},"42":{"start":{"line":90,"column":2},"end":{"line":96,"column":3}},"43":{"start":{"line":91,"column":4},"end":{"line":91,"column":82}},"44":{"start":{"line":92,"column":9},"end":{"line":96,"column":3}},"45":{"start":{"line":93,"column":4},"end":{"line":93,"column":82}},"46":{"start":{"line":94,"column":9},"end":{"line":96,"column":3}},"47":{"start":{"line":95,"column":4},"end":{"line":95,"column":78}},"48":{"start":{"line":99,"column":2},"end":{"line":103,"column":3}},"49":{"start":{"line":100,"column":4},"end":{"line":100,"column":77}},"50":{"start":{"line":101,"column":9},"end":{"line":103,"column":3}},"51":{"start":{"line":102,"column":4},"end":{"line":102,"column":78}},"52":{"start":{"line":106,"column":2},"end":{"line":110,"column":3}},"53":{"start":{"line":107,"column":4},"end":{"line":107,"column":85}},"54":{"start":{"line":108,"column":9},"end":{"line":110,"column":3}},"55":{"start":{"line":109,"column":4},"end":{"line":109,"column":79}},"56":{"start":{"line":112,"column":2},"end":{"line":112,"column":74}},"57":{"start":{"line":119,"column":32},"end":{"line":119,"column":34}},"58":{"start":{"line":120,"column":17},"end":{"line":120,"column":29}},"59":{"start":{"line":121,"column":20},"end":{"line":121,"column":58}},"60":{"start":{"line":122,"column":20},"end":{"line":122,"column":38}},"61":{"start":{"line":125,"column":2},"end":{"line":131,"column":3}},"62":{"start":{"line":126,"column":4},"end":{"line":126,"column":61}},"63":{"start":{"line":127,"column":4},"end":{"line":127,"column":71}},"64":{"start":{"line":128,"column":4},"end":{"line":130,"column":5}},"65":{"start":{"line":129,"column":6},"end":{"line":129,"column":67}},"66":{"start":{"line":134,"column":2},"end":{"line":137,"column":3}},"67":{"start":{"line":135,"column":4},"end":{"line":135,"column":65}},"68":{"start":{"line":136,"column":4},"end":{"line":136,"column":70}},"69":{"start":{"line":140,"column":2},"end":{"line":142,"column":3}},"70":{"start":{"line":141,"column":4},"end":{"line":141,"column":63}},"71":{"start":{"line":145,"column":2},"end":{"line":149,"column":3}},"72":{"start":{"line":146,"column":4},"end":{"line":146,"column":72}},"73":{"start":{"line":147,"column":9},"end":{"line":149,"column":3}},"74":{"start":{"line":148,"column":4},"end":{"line":148,"column":63}},"75":{"start":{"line":151,"column":2},"end":{"line":151,"column":86}},"76":{"start":{"line":158,"column":2},"end":{"line":190,"column":5}},"77":{"start":{"line":161,"column":18},"end":{"line":161,"column":37}},"78":{"start":{"line":162,"column":22},"end":{"line":162,"column":83}},"79":{"start":{"line":164,"column":24},"end":{"line":164,"column":89}},"80":{"start":{"line":165,"column":21},"end":{"line":165,"column":32}},"81":{"start":{"line":166,"column":30},"end":{"line":169,"column":null}},"82":{"start":{"line":167,"column":8},"end":{"line":169,"column":48}},"83":{"start":{"line":171,"column":21},"end":{"line":171,"column":43}},"84":{"start":{"line":172,"column":20},"end":{"line":172,"column":42}},"85":{"start":{"line":174,"column":48},"end":{"line":183,"column":8}},"86":{"start":{"line":185,"column":6},"end":{"line":185,"column":26}},"87":{"start":{"line":197,"column":2},"end":{"line":206,"column":5}},"88":{"start":{"line":200,"column":18},"end":{"line":200,"column":37}},"89":{"start":{"line":201,"column":6},"end":{"line":201,"column":69}},"90":{"start":{"line":210,"column":2},"end":{"line":216,"column":5}},"91":{"start":{"line":211,"column":4},"end":{"line":214,"column":5}},"92":{"start":{"line":212,"column":6},"end":{"line":212,"column":53}},"93":{"start":{"line":213,"column":6},"end":{"line":213,"column":13}},"94":{"start":{"line":215,"column":4},"end":{"line":215,"column":62}},"95":{"start":{"line":219,"column":0},"end":{"line":219,"column":64}}},"fnMap":{"0":{"name":"fetchWeather","decl":{"start":{"line":38,"column":15},"end":{"line":38,"column":27}},"loc":{"start":{"line":38,"column":52},"end":{"line":45,"column":1}}},"1":{"name":"getTimeOfDay","decl":{"start":{"line":50,"column":9},"end":{"line":50,"column":21}},"loc":{"start":{"line":50,"column":74},"end":{"line":59,"column":1}}},"2":{"name":"getSeason","decl":{"start":{"line":64,"column":9},"end":{"line":64,"column":18}},"loc":{"start":{"line":64,"column":18},"end":{"line":70,"column":1}}},"3":{"name":"generatePetTips","decl":{"start":{"line":75,"column":9},"end":{"line":75,"column":24}},"loc":{"start":{"line":75,"column":84},"end":{"line":113,"column":1}}},"4":{"name":"generateActivitySuggestions","decl":{"start":{"line":118,"column":9},"end":{"line":118,"column":36}},"loc":{"start":{"line":118,"column":96},"end":{"line":152,"column":1}}},"5":{"name":"useEnhancedWeather","decl":{"start":{"line":157,"column":16},"end":{"line":157,"column":34}},"loc":{"start":{"line":157,"column":34},"end":{"line":191,"column":1}}},"6":{"name":"(anonymous_6)","decl":{"start":{"line":160,"column":13},"end":{"line":160,"column":18}},"loc":{"start":{"line":160,"column":24},"end":{"line":186,"column":5}}},"7":{"name":"(anonymous_7)","decl":{"start":{"line":166,"column":51},"end":{"line":166,"column":52}},"loc":{"start":{"line":167,"column":8},"end":{"line":169,"column":48}}},"8":{"name":"useWeather","decl":{"start":{"line":196,"column":16},"end":{"line":196,"column":26}},"loc":{"start":{"line":196,"column":26},"end":{"line":207,"column":1}}},"9":{"name":"(anonymous_9)","decl":{"start":{"line":199,"column":13},"end":{"line":199,"column":18}},"loc":{"start":{"line":199,"column":24},"end":{"line":202,"column":5}}},"10":{"name":"getPosition","decl":{"start":{"line":209,"column":9},"end":{"line":209,"column":20}},"loc":{"start":{"line":209,"column":20},"end":{"line":217,"column":1}}},"11":{"name":"(anonymous_11)","decl":{"start":{"line":210,"column":21},"end":{"line":210,"column":22}},"loc":{"start":{"line":210,"column":41},"end":{"line":216,"column":3}}}},"branchMap":{"0":{"loc":{"start":{"line":35,"column":16},"end":{"line":35,"column":84}},"type":"binary-expr","locations":[{"start":{"line":35,"column":16},"end":{"line":35,"column":53}},{"start":{"line":35,"column":57},"end":{"line":35,"column":84}}]},"1":{"loc":{"start":{"line":39,"column":2},"end":{"line":39,"column":95}},"type":"if","locations":[{"start":{"line":39,"column":2},"end":{"line":39,"column":95}}]},"2":{"loc":{"start":{"line":39,"column":6},"end":{"line":39,"column":39}},"type":"binary-expr","locations":[{"start":{"line":39,"column":6},"end":{"line":39,"column":21}},{"start":{"line":39,"column":25},"end":{"line":39,"column":39}}]},"3":{"loc":{"start":{"line":42,"column":2},"end":{"line":42,"column":58}},"type":"if","locations":[{"start":{"line":42,"column":2},"end":{"line":42,"column":58}}]},"4":{"loc":{"start":{"line":51,"column":14},"end":{"line":51,"column":46}},"type":"binary-expr","locations":[{"start":{"line":51,"column":14},"end":{"line":51,"column":25}},{"start":{"line":51,"column":29},"end":{"line":51,"column":46}}]},"5":{"loc":{"start":{"line":55,"column":2},"end":{"line":55,"column":55}},"type":"if","locations":[{"start":{"line":55,"column":2},"end":{"line":55,"column":55}}]},"6":{"loc":{"start":{"line":55,"column":6},"end":{"line":55,"column":39}},"type":"binary-expr","locations":[{"start":{"line":55,"column":6},"end":{"line":55,"column":22}},{"start":{"line":55,"column":26},"end":{"line":55,"column":39}}]},"7":{"loc":{"start":{"line":56,"column":2},"end":{"line":56,"column":51}},"type":"if","locations":[{"start":{"line":56,"column":2},"end":{"line":56,"column":51}}]},"8":{"loc":{"start":{"line":56,"column":6},"end":{"line":56,"column":36}},"type":"binary-expr","locations":[{"start":{"line":56,"column":6},"end":{"line":56,"column":20}},{"start":{"line":56,"column":24},"end":{"line":56,"column":36}}]},"9":{"loc":{"start":{"line":57,"column":2},"end":{"line":57,"column":52}},"type":"if","locations":[{"start":{"line":57,"column":2},"end":{"line":57,"column":52}}]},"10":{"loc":{"start":{"line":57,"column":6},"end":{"line":57,"column":36}},"type":"binary-expr","locations":[{"start":{"line":57,"column":6},"end":{"line":57,"column":19}},{"start":{"line":57,"column":23},"end":{"line":57,"column":36}}]},"11":{"loc":{"start":{"line":66,"column":2},"end":{"line":66,"column":48}},"type":"if","locations":[{"start":{"line":66,"column":2},"end":{"line":66,"column":48}}]},"12":{"loc":{"start":{"line":66,"column":6},"end":{"line":66,"column":30}},"type":"binary-expr","locations":[{"start":{"line":66,"column":6},"end":{"line":66,"column":16}},{"start":{"line":66,"column":20},"end":{"line":66,"column":30}}]},"13":{"loc":{"start":{"line":67,"column":2},"end":{"line":67,"column":48}},"type":"if","locations":[{"start":{"line":67,"column":2},"end":{"line":67,"column":48}}]},"14":{"loc":{"start":{"line":67,"column":6},"end":{"line":67,"column":30}},"type":"binary-expr","locations":[{"start":{"line":67,"column":6},"end":{"line":67,"column":16}},{"start":{"line":67,"column":20},"end":{"line":67,"column":30}}]},"15":{"loc":{"start":{"line":68,"column":2},"end":{"line":68,"column":47}},"type":"if","locations":[{"start":{"line":68,"column":2},"end":{"line":68,"column":47}}]},"16":{"loc":{"start":{"line":68,"column":6},"end":{"line":68,"column":31}},"type":"binary-expr","locations":[{"start":{"line":68,"column":6},"end":{"line":68,"column":16}},{"start":{"line":68,"column":20},"end":{"line":68,"column":31}}]},"17":{"loc":{"start":{"line":83,"column":2},"end":{"line":87,"column":3}},"type":"if","locations":[{"start":{"line":83,"column":2},"end":{"line":87,"column":3}},{"start":{"line":85,"column":9},"end":{"line":87,"column":3}}]},"18":{"loc":{"start":{"line":85,"column":9},"end":{"line":87,"column":3}},"type":"if","locations":[{"start":{"line":85,"column":9},"end":{"line":87,"column":3}}]},"19":{"loc":{"start":{"line":90,"column":2},"end":{"line":96,"column":3}},"type":"if","locations":[{"start":{"line":90,"column":2},"end":{"line":96,"column":3}},{"start":{"line":92,"column":9},"end":{"line":96,"column":3}}]},"20":{"loc":{"start":{"line":90,"column":6},"end":{"line":90,"column":53}},"type":"binary-expr","locations":[{"start":{"line":90,"column":6},"end":{"line":90,"column":23}},{"start":{"line":90,"column":27},"end":{"line":90,"column":53}}]},"21":{"loc":{"start":{"line":92,"column":9},"end":{"line":96,"column":3}},"type":"if","locations":[{"start":{"line":92,"column":9},"end":{"line":96,"column":3}},{"start":{"line":94,"column":9},"end":{"line":96,"column":3}}]},"22":{"loc":{"start":{"line":92,"column":13},"end":{"line":92,"column":60}},"type":"binary-expr","locations":[{"start":{"line":92,"column":13},"end":{"line":92,"column":30}},{"start":{"line":92,"column":34},"end":{"line":92,"column":60}}]},"23":{"loc":{"start":{"line":94,"column":9},"end":{"line":96,"column":3}},"type":"if","locations":[{"start":{"line":94,"column":9},"end":{"line":96,"column":3}}]},"24":{"loc":{"start":{"line":94,"column":13},"end":{"line":94,"column":68}},"type":"binary-expr","locations":[{"start":{"line":94,"column":13},"end":{"line":94,"column":30}},{"start":{"line":94,"column":34},"end":{"line":94,"column":68}}]},"25":{"loc":{"start":{"line":99,"column":2},"end":{"line":103,"column":3}},"type":"if","locations":[{"start":{"line":99,"column":2},"end":{"line":103,"column":3}},{"start":{"line":101,"column":9},"end":{"line":103,"column":3}}]},"26":{"loc":{"start":{"line":101,"column":9},"end":{"line":103,"column":3}},"type":"if","locations":[{"start":{"line":101,"column":9},"end":{"line":103,"column":3}}]},"27":{"loc":{"start":{"line":101,"column":13},"end":{"line":101,"column":45}},"type":"binary-expr","locations":[{"start":{"line":101,"column":13},"end":{"line":101,"column":32}},{"start":{"line":101,"column":36},"end":{"line":101,"column":45}}]},"28":{"loc":{"start":{"line":106,"column":2},"end":{"line":110,"column":3}},"type":"if","locations":[{"start":{"line":106,"column":2},"end":{"line":110,"column":3}},{"start":{"line":108,"column":9},"end":{"line":110,"column":3}}]},"29":{"loc":{"start":{"line":108,"column":9},"end":{"line":110,"column":3}},"type":"if","locations":[{"start":{"line":108,"column":9},"end":{"line":110,"column":3}}]},"30":{"loc":{"start":{"line":112,"column":9},"end":{"line":112,"column":73}},"type":"cond-expr","locations":[{"start":{"line":112,"column":27},"end":{"line":112,"column":31}},{"start":{"line":112,"column":34},"end":{"line":112,"column":73}}]},"31":{"loc":{"start":{"line":125,"column":2},"end":{"line":131,"column":3}},"type":"if","locations":[{"start":{"line":125,"column":2},"end":{"line":131,"column":3}}]},"32":{"loc":{"start":{"line":125,"column":6},"end":{"line":125,"column":113}},"type":"binary-expr","locations":[{"start":{"line":125,"column":6},"end":{"line":125,"column":16}},{"start":{"line":125,"column":20},"end":{"line":125,"column":30}},{"start":{"line":125,"column":34},"end":{"line":125,"column":51}},{"start":{"line":125,"column":55},"end":{"line":125,"column":82}},{"start":{"line":125,"column":86},"end":{"line":125,"column":113}}]},"33":{"loc":{"start":{"line":128,"column":4},"end":{"line":130,"column":5}},"type":"if","locations":[{"start":{"line":128,"column":4},"end":{"line":130,"column":5}}]},"34":{"loc":{"start":{"line":134,"column":2},"end":{"line":137,"column":3}},"type":"if","locations":[{"start":{"line":134,"column":2},"end":{"line":137,"column":3}}]},"35":{"loc":{"start":{"line":134,"column":6},"end":{"line":134,"column":81}},"type":"binary-expr","locations":[{"start":{"line":134,"column":6},"end":{"line":134,"column":15}},{"start":{"line":134,"column":19},"end":{"line":134,"column":28}},{"start":{"line":134,"column":33},"end":{"line":134,"column":50}},{"start":{"line":134,"column":54},"end":{"line":134,"column":80}}]},"36":{"loc":{"start":{"line":140,"column":2},"end":{"line":142,"column":3}},"type":"if","locations":[{"start":{"line":140,"column":2},"end":{"line":142,"column":3}}]},"37":{"loc":{"start":{"line":140,"column":6},"end":{"line":140,"column":50}},"type":"binary-expr","locations":[{"start":{"line":140,"column":6},"end":{"line":140,"column":26}},{"start":{"line":140,"column":30},"end":{"line":140,"column":50}}]},"38":{"loc":{"start":{"line":145,"column":2},"end":{"line":149,"column":3}},"type":"if","locations":[{"start":{"line":145,"column":2},"end":{"line":149,"column":3}},{"start":{"line":147,"column":9},"end":{"line":149,"column":3}}]},"39":{"loc":{"start":{"line":145,"column":6},"end":{"line":145,"column":38}},"type":"binary-expr","locations":[{"start":{"line":145,"column":6},"end":{"line":145,"column":25}},{"start":{"line":145,"column":29},"end":{"line":145,"column":38}}]},"40":{"loc":{"start":{"line":147,"column":9},"end":{"line":149,"column":3}},"type":"if","locations":[{"start":{"line":147,"column":9},"end":{"line":149,"column":3}}]},"41":{"loc":{"start":{"line":151,"column":9},"end":{"line":151,"column":85}},"type":"cond-expr","locations":[{"start":{"line":151,"column":34},"end":{"line":151,"column":45}},{"start":{"line":151,"column":48},"end":{"line":151,"column":85}}]},"42":{"loc":{"start":{"line":167,"column":8},"end":{"line":169,"column":48}},"type":"binary-expr","locations":[{"start":{"line":167,"column":8},"end":{"line":167,"column":45}},{"start":{"line":168,"column":8},"end":{"line":168,"column":45}},{"start":{"line":169,"column":8},"end":{"line":169,"column":48}}]},"43":{"loc":{"start":{"line":211,"column":4},"end":{"line":214,"column":5}},"type":"if","locations":[{"start":{"line":211,"column":4},"end":{"line":214,"column":5}}]}},"s":{"0":0,"1":0,"2":0,"3":0,"4":0,"5":0,"6":0,"7":0,"8":0,"9":0,"10":0,"11":0,"12":0,"13":0,"14":0,"15":0,"16":0,"17":0,"18":0,"19":0,"20":0,"21":0,"22":0,"23":0,"24":0,"25":0,"26":0,"27":0,"28":0,"29":0,"30":0,"31":0,"32":0,"33":0,"34":0,"35":0,"36":0,"37":0,"38":0,"39":0,"40":0,"41":0,"42":0,"43":0,"44":0,"45":0,"46":0,"47":0,"48":0,"49":0,"50":0,"51":0,"52":0,"53":0,"54":0,"55":0,"56":0,"57":0,"58":0,"59":0,"60":0,"61":0,"62":0,"63":0,"64":0,"65":0,"66":0,"67":0,"68":0,"69":0,"70":0,"71":0,"72":0,"73":0,"74":0,"75":0,"76":0,"77":0,"78":0,"79":0,"80":0,"81":0,"82":0,"83":0,"84":0,"85":0,"86":0,"87":0,"88":0,"89":0,"90":0,"91":0,"92":0,"93":0,"94":0,"95":0},"f":{"0":0,"1":0,"2":0,"3":0,"4":0,"5":0,"6":0,"7":0,"8":0,"9":0,"10":0,"11":0},"b":{"0":[0,0],"1":[0],"2":[0,0],"3":[0],"4":[0,0],"5":[0],"6":[0,0],"7":[0],"8":[0,0],"9":[0],"10":[0,0],"11":[0],"12":[0,0],"13":[0],"14":[0,0],"15":[0],"16":[0,0],"17":[0,0],"18":[0],"19":[0,0],"20":[0,0],"21":[0,0],"22":[0,0],"23":[0],"24":[0,0],"25":[0,0],"26":[0],"27":[0,0],"28":[0,0],"29":[0],"30":[0,0],"31":[0],"32":[0,0,0,0,0],"33":[0],"34":[0],"35":[0,0,0,0],"36":[0],"37":[0,0],"38":[0,0],"39":[0,0],"40":[0],"41":[0,0],"42":[0,0,0],"43":[0]}}
,"/Users/elvira/Downloads/pets-pr-1/packages/core/src/services/index.ts": {"path":"/Users/elvira/Downloads/pets-pr-1/packages/core/src/services/index.ts","statementMap":{"0":{"start":{"line":5,"column":0},"end":{"line":5,"column":33}}},"fnMap":{},"branchMap":{},"s":{"0":0},"f":{},"b":{}}
,"/Users/elvira/Downloads/pets-pr-1/packages/core/src/services/ai/bio-generator.ts": {"path":"/Users/elvira/Downloads/pets-pr-1/packages/core/src/services/ai/bio-generator.ts","statementMap":{"0":{"start":{"line":6,"column":0},"end":{"line":6,"column":50}},"1":{"start":{"line":29,"column":19},"end":{"line":29,"column":44}},"2":{"start":{"line":31,"column":4},"end":{"line":47,"column":5}},"3":{"start":{"line":32,"column":21},"end":{"line":32,"column":38}},"4":{"start":{"line":33,"column":23},"end":{"line":33,"column":59}},"5":{"start":{"line":36,"column":18},"end":{"line":36,"column":43}},"6":{"start":{"line":37,"column":28},"end":{"line":37,"column":54}},"7":{"start":{"line":39,"column":6},"end":{"line":42,"column":8}},"8":{"start":{"line":44,"column":6},"end":{"line":44,"column":52}},"9":{"start":{"line":46,"column":6},"end":{"line":46,"column":47}},"10":{"start":{"line":63,"column":8},"end":{"line":63,"column":15}},"11":{"start":{"line":65,"column":22},"end":{"line":69,"column":6}},"12":{"start":{"line":71,"column":17},"end":{"line":71,"column":93}},"13":{"start":{"line":72,"column":4},"end":{"line":72,"column":35}},"14":{"start":{"line":73,"column":4},"end":{"line":73,"column":38}},"15":{"start":{"line":74,"column":4},"end":{"line":74,"column":69}},"16":{"start":{"line":74,"column":39},"end":{"line":74,"column":69}},"17":{"start":{"line":75,"column":4},"end":{"line":75,"column":68}},"18":{"start":{"line":75,"column":32},"end":{"line":75,"column":68}},"19":{"start":{"line":76,"column":4},"end":{"line":76,"column":85}},"20":{"start":{"line":76,"column":32},"end":{"line":76,"column":85}},"21":{"start":{"line":77,"column":4},"end":{"line":77,"column":87}},"22":{"start":{"line":77,"column":29},"end":{"line":77,"column":87}},"23":{"start":{"line":79,"column":4},"end":{"line":79,"column":34}},"24":{"start":{"line":80,"column":4},"end":{"line":80,"column":49}},"25":{"start":{"line":81,"column":4},"end":{"line":81,"column":34}},"26":{"start":{"line":82,"column":4},"end":{"line":82,"column":51}},"27":{"start":{"line":83,"column":4},"end":{"line":83,"column":47}},"28":{"start":{"line":84,"column":4},"end":{"line":84,"column":57}},"29":{"start":{"line":85,"column":4},"end":{"line":85,"column":48}},"30":{"start":{"line":87,"column":4},"end":{"line":87,"column":83}},"31":{"start":{"line":89,"column":4},"end":{"line":89,"column":18}},"32":{"start":{"line":97,"column":20},"end":{"line":97,"column":53}},"33":{"start":{"line":98,"column":4},"end":{"line":98,"column":19}},"34":{"start":{"line":105,"column":24},"end":{"line":105,"column":50}},"35":{"start":{"line":106,"column":4},"end":{"line":106,"column":61}},"36":{"start":{"line":106,"column":51},"end":{"line":106,"column":61}},"37":{"start":{"line":109,"column":17},"end":{"line":111,"column":46}},"38":{"start":{"line":111,"column":19},"end":{"line":111,"column":39}},"39":{"start":{"line":113,"column":4},"end":{"line":113,"column":28}},"40":{"start":{"line":120,"column":56},"end":{"line":120,"column":63}},"41":{"start":{"line":122,"column":14},"end":{"line":122,"column":108}},"42":{"start":{"line":124,"column":4},"end":{"line":126,"column":5}},"43":{"start":{"line":125,"column":6},"end":{"line":125,"column":73}},"44":{"start":{"line":128,"column":4},"end":{"line":128,"column":92}},"45":{"start":{"line":130,"column":4},"end":{"line":133,"column":6}},"46":{"start":{"line":24,"column":0},"end":{"line":24,"column":13}},"47":{"start":{"line":138,"column":13},"end":{"line":138,"column":61}}},"fnMap":{"0":{"name":"(anonymous_0)","decl":{"start":{"line":28,"column":2},"end":{"line":28,"column":7}},"loc":{"start":{"line":28,"column":49},"end":{"line":48,"column":3}}},"1":{"name":"(anonymous_1)","decl":{"start":{"line":53,"column":10},"end":{"line":53,"column":21}},"loc":{"start":{"line":53,"column":51},"end":{"line":90,"column":3}}},"2":{"name":"(anonymous_2)","decl":{"start":{"line":95,"column":10},"end":{"line":95,"column":20}},"loc":{"start":{"line":95,"column":37},"end":{"line":99,"column":3}}},"3":{"name":"(anonymous_3)","decl":{"start":{"line":104,"column":10},"end":{"line":104,"column":21}},"loc":{"start":{"line":104,"column":38},"end":{"line":114,"column":3}}},"4":{"name":"(anonymous_4)","decl":{"start":{"line":111,"column":12},"end":{"line":111,"column":15}},"loc":{"start":{"line":111,"column":19},"end":{"line":111,"column":39}}},"5":{"name":"(anonymous_5)","decl":{"start":{"line":119,"column":10},"end":{"line":119,"column":29}},"loc":{"start":{"line":119,"column":59},"end":{"line":134,"column":3}}}},"branchMap":{"0":{"loc":{"start":{"line":59,"column":6},"end":{"line":59,"column":22}},"type":"default-arg","locations":[{"start":{"line":59,"column":20},"end":{"line":59,"column":22}}]},"1":{"loc":{"start":{"line":60,"column":6},"end":{"line":60,"column":19}},"type":"default-arg","locations":[{"start":{"line":60,"column":17},"end":{"line":60,"column":19}}]},"2":{"loc":{"start":{"line":61,"column":6},"end":{"line":61,"column":23}},"type":"default-arg","locations":[{"start":{"line":61,"column":13},"end":{"line":61,"column":23}}]},"3":{"loc":{"start":{"line":62,"column":6},"end":{"line":62,"column":23}},"type":"default-arg","locations":[{"start":{"line":62,"column":15},"end":{"line":62,"column":23}}]},"4":{"loc":{"start":{"line":74,"column":4},"end":{"line":74,"column":69}},"type":"if","locations":[{"start":{"line":74,"column":4},"end":{"line":74,"column":69}}]},"5":{"loc":{"start":{"line":74,"column":8},"end":{"line":74,"column":37}},"type":"binary-expr","locations":[{"start":{"line":74,"column":8},"end":{"line":74,"column":21}},{"start":{"line":74,"column":25},"end":{"line":74,"column":37}}]},"6":{"loc":{"start":{"line":75,"column":4},"end":{"line":75,"column":68}},"type":"if","locations":[{"start":{"line":75,"column":4},"end":{"line":75,"column":68}}]},"7":{"loc":{"start":{"line":75,"column":8},"end":{"line":75,"column":30}},"type":"binary-expr","locations":[{"start":{"line":75,"column":8},"end":{"line":75,"column":19}},{"start":{"line":75,"column":23},"end":{"line":75,"column":30}}]},"8":{"loc":{"start":{"line":76,"column":4},"end":{"line":76,"column":85}},"type":"if","locations":[{"start":{"line":76,"column":4},"end":{"line":76,"column":85}}]},"9":{"loc":{"start":{"line":77,"column":4},"end":{"line":77,"column":87}},"type":"if","locations":[{"start":{"line":77,"column":4},"end":{"line":77,"column":87}}]},"10":{"loc":{"start":{"line":106,"column":4},"end":{"line":106,"column":61}},"type":"if","locations":[{"start":{"line":106,"column":4},"end":{"line":106,"column":61}}]},"11":{"loc":{"start":{"line":106,"column":8},"end":{"line":106,"column":49}},"type":"binary-expr","locations":[{"start":{"line":106,"column":8},"end":{"line":106,"column":27}},{"start":{"line":106,"column":31},"end":{"line":106,"column":49}}]},"12":{"loc":{"start":{"line":109,"column":17},"end":{"line":111,"column":46}},"type":"binary-expr","locations":[{"start":{"line":109,"column":17},"end":{"line":111,"column":40}},{"start":{"line":111,"column":44},"end":{"line":111,"column":46}}]},"13":{"loc":{"start":{"line":120,"column":30},"end":{"line":120,"column":46}},"type":"default-arg","locations":[{"start":{"line":120,"column":44},"end":{"line":120,"column":46}}]},"14":{"loc":{"start":{"line":122,"column":46},"end":{"line":122,"column":94}},"type":"cond-expr","locations":[{"start":{"line":122,"column":71},"end":{"line":122,"column":89}},{"start":{"line":122,"column":92},"end":{"line":122,"column":94}}]},"15":{"loc":{"start":{"line":122,"column":46},"end":{"line":122,"column":68}},"type":"binary-expr","locations":[{"start":{"line":122,"column":46},"end":{"line":122,"column":57}},{"start":{"line":122,"column":61},"end":{"line":122,"column":68}}]},"16":{"loc":{"start":{"line":124,"column":4},"end":{"line":126,"column":5}},"type":"if","locations":[{"start":{"line":124,"column":4},"end":{"line":126,"column":5}}]}},"s":{"0":0,"1":0,"2":0,"3":0,"4":0,"5":0,"6":0,"7":0,"8":0,"9":0,"10":0,"11":0,"12":0,"13":0,"14":0,"15":0,"16":0,"17":0,"18":0,"19":0,"20":0,"21":0,"22":0,"23":0,"24":0,"25":0,"26":0,"27":0,"28":0,"29":0,"30":0,"31":0,"32":0,"33":0,"34":0,"35":0,"36":0,"37":0,"38":0,"39":0,"40":0,"41":0,"42":0,"43":0,"44":0,"45":0,"46":0,"47":0},"f":{"0":0,"1":0,"2":0,"3":0,"4":0,"5":0},"b":{"0":[0],"1":[0],"2":[0],"3":[0],"4":[0],"5":[0,0],"6":[0],"7":[0,0],"8":[0],"9":[0],"10":[0],"11":[0,0],"12":[0,0],"13":[0],"14":[0,0],"15":[0,0],"16":[0]}}
,"/Users/elvira/Downloads/pets-pr-1/packages/core/src/services/ai/gemini-client.ts": {"path":"/Users/elvira/Downloads/pets-pr-1/packages/core/src/services/ai/gemini-client.ts","statementMap":{"0":{"start":{"line":6,"column":0},"end":{"line":6,"column":50}},"1":{"start":{"line":30,"column":4},"end":{"line":30,"column":32}},"2":{"start":{"line":31,"column":4},"end":{"line":31,"column":46}},"3":{"start":{"line":33,"column":4},"end":{"line":38,"column":7}},"4":{"start":{"line":45,"column":4},"end":{"line":66,"column":5}},"5":{"start":{"line":46,"column":23},"end":{"line":54,"column":null}},"6":{"start":{"line":57,"column":19},"end":{"line":57,"column":71}},"7":{"start":{"line":58,"column":6},"end":{"line":60,"column":7}},"8":{"start":{"line":59,"column":8},"end":{"line":59,"column":48}},"9":{"start":{"line":62,"column":6},"end":{"line":62,"column":18}},"10":{"start":{"line":64,"column":6},"end":{"line":64,"column":48}},"11":{"start":{"line":65,"column":6},"end":{"line":65,"column":64}},"12":{"start":{"line":73,"column":4},"end":{"line":100,"column":5}},"13":{"start":{"line":74,"column":23},"end":{"line":88,"column":null}},"14":{"start":{"line":91,"column":19},"end":{"line":91,"column":71}},"15":{"start":{"line":92,"column":6},"end":{"line":94,"column":7}},"16":{"start":{"line":93,"column":8},"end":{"line":93,"column":49}},"17":{"start":{"line":96,"column":6},"end":{"line":96,"column":18}},"18":{"start":{"line":98,"column":6},"end":{"line":98,"column":55}},"19":{"start":{"line":99,"column":6},"end":{"line":99,"column":61}},"20":{"start":{"line":107,"column":21},"end":{"line":107,"column":74}},"21":{"start":{"line":108,"column":4},"end":{"line":108,"column":72}},"22":{"start":{"line":24,"column":0},"end":{"line":24,"column":13}},"23":{"start":{"line":113,"column":40},"end":{"line":113,"column":44}},"24":{"start":{"line":115,"column":32},"end":{"line":117,"column":1}},"25":{"start":{"line":116,"column":2},"end":{"line":116,"column":42}},"26":{"start":{"line":115,"column":13},"end":{"line":115,"column":32}},"27":{"start":{"line":119,"column":31},"end":{"line":124,"column":1}},"28":{"start":{"line":120,"column":2},"end":{"line":122,"column":3}},"29":{"start":{"line":121,"column":4},"end":{"line":121,"column":83}},"30":{"start":{"line":123,"column":2},"end":{"line":123,"column":22}},"31":{"start":{"line":119,"column":13},"end":{"line":119,"column":31}}},"fnMap":{"0":{"name":"(anonymous_1)","decl":{"start":{"line":29,"column":2},"end":{"line":29,"column":14}},"loc":{"start":{"line":29,"column":34},"end":{"line":39,"column":3}}},"1":{"name":"(anonymous_2)","decl":{"start":{"line":44,"column":2},"end":{"line":44,"column":7}},"loc":{"start":{"line":44,"column":38},"end":{"line":67,"column":3}}},"2":{"name":"(anonymous_3)","decl":{"start":{"line":72,"column":2},"end":{"line":72,"column":7}},"loc":{"start":{"line":72,"column":53},"end":{"line":101,"column":3}}},"3":{"name":"(anonymous_4)","decl":{"start":{"line":106,"column":10},"end":{"line":106,"column":15}},"loc":{"start":{"line":106,"column":41},"end":{"line":109,"column":3}}},"4":{"name":"(anonymous_5)","decl":{"start":{"line":115,"column":32},"end":{"line":115,"column":33}},"loc":{"start":{"line":115,"column":63},"end":{"line":117,"column":1}}},"5":{"name":"(anonymous_6)","decl":{"start":{"line":119,"column":31},"end":{"line":119,"column":48}},"loc":{"start":{"line":119,"column":50},"end":{"line":124,"column":1}}}},"branchMap":{"0":{"loc":{"start":{"line":31,"column":17},"end":{"line":31,"column":45}},"type":"binary-expr","locations":[{"start":{"line":31,"column":17},"end":{"line":31,"column":29}},{"start":{"line":31,"column":33},"end":{"line":31,"column":45}}]},"1":{"loc":{"start":{"line":34,"column":15},"end":{"line":34,"column":83}},"type":"binary-expr","locations":[{"start":{"line":34,"column":15},"end":{"line":34,"column":29}},{"start":{"line":34,"column":33},"end":{"line":34,"column":83}}]},"2":{"loc":{"start":{"line":58,"column":6},"end":{"line":60,"column":7}},"type":"if","locations":[{"start":{"line":58,"column":6},"end":{"line":60,"column":7}}]},"3":{"loc":{"start":{"line":58,"column":10},"end":{"line":58,"column":37}},"type":"binary-expr","locations":[{"start":{"line":58,"column":10},"end":{"line":58,"column":22}},{"start":{"line":58,"column":26},"end":{"line":58,"column":37}}]},"4":{"loc":{"start":{"line":92,"column":6},"end":{"line":94,"column":7}},"type":"if","locations":[{"start":{"line":92,"column":6},"end":{"line":94,"column":7}}]},"5":{"loc":{"start":{"line":92,"column":10},"end":{"line":92,"column":37}},"type":"binary-expr","locations":[{"start":{"line":92,"column":10},"end":{"line":92,"column":22}},{"start":{"line":92,"column":26},"end":{"line":92,"column":37}}]},"6":{"loc":{"start":{"line":120,"column":2},"end":{"line":122,"column":3}},"type":"if","locations":[{"start":{"line":120,"column":2},"end":{"line":122,"column":3}}]}},"s":{"0":0,"1":0,"2":0,"3":0,"4":0,"5":0,"6":0,"7":0,"8":0,"9":0,"10":0,"11":0,"12":0,"13":0,"14":0,"15":0,"16":0,"17":0,"18":0,"19":0,"20":0,"21":0,"22":0,"23":0,"24":0,"25":0,"26":0,"27":0,"28":0,"29":0,"30":0,"31":0},"f":{"0":0,"1":0,"2":0,"3":0,"4":0,"5":0},"b":{"0":[0,0],"1":[0,0],"2":[0],"3":[0,0],"4":[0],"5":[0,0],"6":[0]}}
,"/Users/elvira/Downloads/pets-pr-1/packages/core/src/services/ai/photo-analyzer.ts": {"path":"/Users/elvira/Downloads/pets-pr-1/packages/core/src/services/ai/photo-analyzer.ts","statementMap":{"0":{"start":{"line":6,"column":0},"end":{"line":6,"column":50}},"1":{"start":{"line":32,"column":19},"end":{"line":32,"column":60}},"2":{"start":{"line":34,"column":4},"end":{"line":42,"column":5}},"3":{"start":{"line":35,"column":21},"end":{"line":35,"column":38}},"4":{"start":{"line":36,"column":23},"end":{"line":36,"column":74}},"5":{"start":{"line":38,"column":6},"end":{"line":38,"column":50}},"6":{"start":{"line":40,"column":6},"end":{"line":40,"column":52}},"7":{"start":{"line":41,"column":6},"end":{"line":41,"column":45}},"8":{"start":{"line":52,"column":21},"end":{"line":56,"column":null}},"9":{"start":{"line":54,"column":23},"end":{"line":54,"column":74}},"10":{"start":{"line":55,"column":8},"end":{"line":55,"column":34}},"11":{"start":{"line":60,"column":4},"end":{"line":60,"column":54}},"12":{"start":{"line":60,"column":35},"end":{"line":60,"column":52}},"13":{"start":{"line":67,"column":21},"end":{"line":67,"column":73}},"14":{"start":{"line":68,"column":4},"end":{"line":68,"column":44}},"15":{"start":{"line":75,"column":17},"end":{"line":75,"column":58}},"16":{"start":{"line":76,"column":4},"end":{"line":76,"column":71}},"17":{"start":{"line":77,"column":4},"end":{"line":77,"column":51}},"18":{"start":{"line":78,"column":4},"end":{"line":78,"column":40}},"19":{"start":{"line":79,"column":4},"end":{"line":79,"column":47}},"20":{"start":{"line":80,"column":4},"end":{"line":80,"column":47}},"21":{"start":{"line":81,"column":4},"end":{"line":81,"column":59}},"22":{"start":{"line":82,"column":4},"end":{"line":82,"column":54}},"23":{"start":{"line":83,"column":4},"end":{"line":83,"column":49}},"24":{"start":{"line":84,"column":4},"end":{"line":84,"column":66}},"25":{"start":{"line":86,"column":4},"end":{"line":88,"column":5}},"26":{"start":{"line":87,"column":6},"end":{"line":87,"column":47}},"27":{"start":{"line":90,"column":4},"end":{"line":90,"column":63}},"28":{"start":{"line":91,"column":4},"end":{"line":91,"column":20}},"29":{"start":{"line":92,"column":4},"end":{"line":92,"column":59}},"30":{"start":{"line":93,"column":4},"end":{"line":93,"column":36}},"31":{"start":{"line":94,"column":4},"end":{"line":94,"column":60}},"32":{"start":{"line":95,"column":4},"end":{"line":95,"column":59}},"33":{"start":{"line":96,"column":4},"end":{"line":96,"column":59}},"34":{"start":{"line":97,"column":4},"end":{"line":97,"column":60}},"35":{"start":{"line":98,"column":4},"end":{"line":98,"column":54}},"36":{"start":{"line":99,"column":4},"end":{"line":99,"column":53}},"37":{"start":{"line":100,"column":4},"end":{"line":100,"column":60}},"38":{"start":{"line":101,"column":4},"end":{"line":101,"column":18}},"39":{"start":{"line":103,"column":4},"end":{"line":103,"column":18}},"40":{"start":{"line":110,"column":4},"end":{"line":141,"column":5}},"41":{"start":{"line":112,"column":24},"end":{"line":112,"column":52}},"42":{"start":{"line":113,"column":6},"end":{"line":138,"column":7}},"43":{"start":{"line":114,"column":23},"end":{"line":114,"column":null}},"44":{"start":{"line":125,"column":8},"end":{"line":137,"column":10}},"45":{"start":{"line":140,"column":6},"end":{"line":140,"column":65}},"46":{"start":{"line":144,"column":4},"end":{"line":144,"column":43}},"47":{"start":{"line":151,"column":4},"end":{"line":163,"column":6}},"48":{"start":{"line":170,"column":4},"end":{"line":170,"column":56}},"49":{"start":{"line":170,"column":39},"end":{"line":170,"column":56}},"50":{"start":{"line":171,"column":24},"end":{"line":171,"column":70}},"51":{"start":{"line":172,"column":4},"end":{"line":172,"column":131}},"52":{"start":{"line":179,"column":4},"end":{"line":179,"column":56}},"53":{"start":{"line":179,"column":39},"end":{"line":179,"column":56}},"54":{"start":{"line":180,"column":24},"end":{"line":180,"column":65}},"55":{"start":{"line":181,"column":4},"end":{"line":181,"column":125}},"56":{"start":{"line":188,"column":4},"end":{"line":188,"column":56}},"57":{"start":{"line":188,"column":39},"end":{"line":188,"column":56}},"58":{"start":{"line":189,"column":24},"end":{"line":189,"column":69}},"59":{"start":{"line":190,"column":4},"end":{"line":190,"column":129}},"60":{"start":{"line":27,"column":0},"end":{"line":27,"column":13}},"61":{"start":{"line":195,"column":13},"end":{"line":195,"column":63}}},"fnMap":{"0":{"name":"(anonymous_0)","decl":{"start":{"line":31,"column":2},"end":{"line":31,"column":7}},"loc":{"start":{"line":31,"column":50},"end":{"line":43,"column":3}}},"1":{"name":"(anonymous_1)","decl":{"start":{"line":48,"column":2},"end":{"line":48,"column":7}},"loc":{"start":{"line":50,"column":20},"end":{"line":61,"column":3}}},"2":{"name":"(anonymous_2)","decl":{"start":{"line":53,"column":20},"end":{"line":53,"column":25}},"loc":{"start":{"line":53,"column":34},"end":{"line":56,"column":7}}},"3":{"name":"(anonymous_3)","decl":{"start":{"line":60,"column":25},"end":{"line":60,"column":26}},"loc":{"start":{"line":60,"column":35},"end":{"line":60,"column":52}}},"4":{"name":"(anonymous_4)","decl":{"start":{"line":66,"column":2},"end":{"line":66,"column":7}},"loc":{"start":{"line":66,"column":65},"end":{"line":69,"column":3}}},"5":{"name":"(anonymous_5)","decl":{"start":{"line":74,"column":10},"end":{"line":74,"column":29}},"loc":{"start":{"line":74,"column":46},"end":{"line":104,"column":3}}},"6":{"name":"(anonymous_6)","decl":{"start":{"line":109,"column":10},"end":{"line":109,"column":31}},"loc":{"start":{"line":109,"column":48},"end":{"line":145,"column":3}}},"7":{"name":"(anonymous_7)","decl":{"start":{"line":150,"column":10},"end":{"line":150,"column":34}},"loc":{"start":{"line":150,"column":34},"end":{"line":164,"column":3}}},"8":{"name":"(anonymous_8)","decl":{"start":{"line":169,"column":10},"end":{"line":169,"column":25}},"loc":{"start":{"line":169,"column":40},"end":{"line":173,"column":3}}},"9":{"name":"(anonymous_9)","decl":{"start":{"line":178,"column":10},"end":{"line":178,"column":28}},"loc":{"start":{"line":178,"column":43},"end":{"line":182,"column":3}}},"10":{"name":"(anonymous_10)","decl":{"start":{"line":187,"column":10},"end":{"line":187,"column":25}},"loc":{"start":{"line":187,"column":40},"end":{"line":191,"column":3}}}},"branchMap":{"0":{"loc":{"start":{"line":68,"column":11},"end":{"line":68,"column":43}},"type":"binary-expr","locations":[{"start":{"line":68,"column":11},"end":{"line":68,"column":27}},{"start":{"line":68,"column":31},"end":{"line":68,"column":43}}]},"1":{"loc":{"start":{"line":86,"column":4},"end":{"line":88,"column":5}},"type":"if","locations":[{"start":{"line":86,"column":4},"end":{"line":88,"column":5}}]},"2":{"loc":{"start":{"line":86,"column":8},"end":{"line":86,"column":41}},"type":"binary-expr","locations":[{"start":{"line":86,"column":8},"end":{"line":86,"column":23}},{"start":{"line":86,"column":27},"end":{"line":86,"column":41}}]},"3":{"loc":{"start":{"line":113,"column":6},"end":{"line":138,"column":7}},"type":"if","locations":[{"start":{"line":113,"column":6},"end":{"line":138,"column":7}}]},"4":{"loc":{"start":{"line":126,"column":19},"end":{"line":126,"column":65}},"type":"binary-expr","locations":[{"start":{"line":126,"column":19},"end":{"line":126,"column":55}},{"start":{"line":126,"column":59},"end":{"line":126,"column":65}}]},"5":{"loc":{"start":{"line":127,"column":17},"end":{"line":127,"column":35}},"type":"binary-expr","locations":[{"start":{"line":127,"column":17},"end":{"line":127,"column":29}},{"start":{"line":127,"column":33},"end":{"line":127,"column":35}}]},"6":{"loc":{"start":{"line":128,"column":23},"end":{"line":128,"column":47}},"type":"binary-expr","locations":[{"start":{"line":128,"column":23},"end":{"line":128,"column":41}},{"start":{"line":128,"column":45},"end":{"line":128,"column":47}}]},"7":{"loc":{"start":{"line":130,"column":22},"end":{"line":130,"column":69}},"type":"binary-expr","locations":[{"start":{"line":130,"column":22},"end":{"line":130,"column":59}},{"start":{"line":130,"column":63},"end":{"line":130,"column":69}}]},"8":{"loc":{"start":{"line":131,"column":21},"end":{"line":131,"column":67}},"type":"binary-expr","locations":[{"start":{"line":131,"column":21},"end":{"line":131,"column":57}},{"start":{"line":131,"column":61},"end":{"line":131,"column":67}}]},"9":{"loc":{"start":{"line":132,"column":
[...]
"3":{"loc":{"start":{"line":100,"column":19},"end":{"line":100,"column":42}},"type":"binary-expr","locations":[{"start":{"line":100,"column":19},"end":{"line":100,"column":37}},{"start":{"line":100,"column":41},"end":{"line":100,"column":42}}]},"4":{"loc":{"start":{"line":107,"column":4},"end":{"line":110,"column":29}},"type":"if","locations":[{"start":{"line":107,"column":4},"end":{"line":110,"column":29}},{"start":{"line":108,"column":9},"end":{"line":110,"column":29}}]},"5":{"loc":{"start":{"line":107,"column":8},"end":{"line":107,"column":41}},"type":"binary-expr","locations":[{"start":{"line":107,"column":8},"end":{"line":107,"column":24}},{"start":{"line":107,"column":28},"end":{"line":107,"column":41}}]},"6":{"loc":{"start":{"line":108,"column":9},"end":{"line":110,"column":29}},"type":"if","locations":[{"start":{"line":108,"column":9},"end":{"line":110,"column":29}},{"start":{"line":109,"column":9},"end":{"line":110,"column":29}}]},"7":{"loc":{"start":{"line":108,"column":13},"end":{"line":108,"column":43}},"type":"binary-expr","locations":[{"start":{"line":108,"column":13},"end":{"line":108,"column":27}},{"start":{"line":108,"column":31},"end":{"line":108,"column":43}}]},"8":{"loc":{"start":{"line":109,"column":9},"end":{"line":110,"column":29}},"type":"if","locations":[{"start":{"line":109,"column":9},"end":{"line":110,"column":29}},{"start":{"line":110,"column":9},"end":{"line":110,"column":29}}]},"9":{"loc":{"start":{"line":109,"column":13},"end":{"line":109,"column":43}},"type":"binary-expr","locations":[{"start":{"line":109,"column":13},"end":{"line":109,"column":26}},{"start":{"line":109,"column":30},"end":{"line":109,"column":43}}]},"10":{"loc":{"start":{"line":114,"column":4},"end":{"line":116,"column":56}},"type":"if","locations":[{"start":{"line":114,"column":4},"end":{"line":116,"column":56}},{"start":{"line":115,"column":9},"end":{"line":116,"column":56}}]},"11":{"loc":{"start":{"line":114,"column":8},"end":{"line":114,"column":32}},"type":"binary-expr","locations":[{"start":{"line":114,"column":8},"end":{"line":114,"column":18}},{"start":{"line":114,"column":22},"end":{"line":114,"column":32}}]},"12":{"loc":{"start":{"line":115,"column":9},"end":{"line":116,"column":56}},"type":"if","locations":[{"start":{"line":115,"column":9},"end":{"line":116,"column":56}},{"start":{"line":116,"column":9},"end":{"line":116,"column":56}}]},"13":{"loc":{"start":{"line":115,"column":13},"end":{"line":115,"column":37}},"type":"binary-expr","locations":[{"start":{"line":115,"column":13},"end":{"line":115,"column":23}},{"start":{"line":115,"column":27},"end":{"line":115,"column":37}}]},"14":{"loc":{"start":{"line":116,"column":9},"end":{"line":116,"column":56}},"type":"if","locations":[{"start":{"line":116,"column":9},"end":{"line":116,"column":56}}]},"15":{"loc":{"start":{"line":116,"column":13},"end":{"line":116,"column":38}},"type":"binary-expr","locations":[{"start":{"line":116,"column":13},"end":{"line":116,"column":23}},{"start":{"line":116,"column":27},"end":{"line":116,"column":38}}]}},"s":{"0":1,"1":1,"2":1,"3":2,"4":2,"5":2,"6":2,"7":2,"8":2,"9":2,"10":1,"11":1,"12":1,"13":1,"14":1,"15":0,"16":1,"17":1,"18":1,"19":1,"20":1,"21":1,"22":1,"23":1,"24":0,"25":1,"26":1,"27":0,"28":0,"29":0,"30":1,"31":1,"32":1,"33":0,"34":1,"35":0,"36":1,"37":1,"38":1,"39":1,"40":6},"f":{"0":1,"1":2,"2":2,"3":2,"4":2,"5":2,"6":2,"7":1,"8":1,"9":1,"10":1,"11":6},"b":{"0":[0],"1":[1,1],"2":[1,0],"3":[1,0],"4":[0,1],"5":[1,1],"6":[1,0],"7":[1,1],"8":[0,0],"9":[0,0],"10":[0,1],"11":[1,1],"12":[0,1],"13":[1,1],"14":[1],"15":[1,1]}}
,"/Users/elvira/Downloads/pets-pr-1/packages/core/src/types/index.ts": {"path":"/Users/elvira/Downloads/pets-pr-1/packages/core/src/types/index.ts","statementMap":{"0":{"start":{"line":407,"column":13},"end":{"line":413,"column":2}},"1":{"start":{"line":415,"column":13},"end":{"line":421,"column":2}},"2":{"start":{"line":423,"column":13},"end":{"line":428,"column":2}},"3":{"start":{"line":430,"column":13},"end":{"line":436,"column":2}}},"fnMap":{},"branchMap":{},"s":{"0":0,"1":0,"2":0,"3":0},"f":{},"b":{}}
,"/Users/elvira/Downloads/pets-pr-1/packages/core/src/types/swipe.ts": {"path":"/Users/elvira/Downloads/pets-pr-1/packages/core/src/types/swipe.ts","statementMap":{"0":{"start":{"line":60,"column":13},"end":{"line":65,"column":2}},"1":{"start":{"line":74,"column":13},"end":{"line":79,"column":2}}},"fnMap":{},"branchMap":{},"s":{"0":0,"1":0},"f":{},"b":{}}
,"/Users/elvira/Downloads/pets-pr-1/packages/core/src/utils/chatUtils.ts": {"path":"/Users/elvira/Downloads/pets-pr-1/packages/core/src/utils/chatUtils.ts","statementMap":{"0":{"start":{"line":6,"column":28},"end":{"line":8,"column":1}},"1":{"start":{"line":7,"column":2},"end":{"line":7,"column":71}},"2":{"start":{"line":6,"column":13},"end":{"line":6,"column":28}},"3":{"start":{"line":13,"column":27},"end":{"line":15,"column":1}},"4":{"start":{"line":14,"column":2},"end":{"line":14,"column":70}},"5":{"start":{"line":13,"column":13},"end":{"line":13,"column":27}},"6":{"start":{"line":20,"column":33},"end":{"line":22,"column":1}},"7":{"start":{"line":21,"column":2},"end":{"line":21,"column":70}},"8":{"start":{"line":20,"column":13},"end":{"line":20,"column":33}},"9":{"start":{"line":27,"column":30},"end":{"line":40,"column":1}},"10":{"start":{"line":32,"column":2},"end":{"line":39,"column":7}},"11":{"start":{"line":33,"column":22},"end":{"line":33,"column":75}},"12":{"start":{"line":35,"column":6},"end":{"line":37,"column":7}},"13":{"start":{"line":36,"column":8},"end":{"line":36,"column":35}},"14":{"start":{"line":38,"column":6},"end":{"line":38,"column":23}},"15":{"start":{"line":27,"column":13},"end":{"line":27,"column":30}}},"fnMap":{"0":{"name":"(anonymous_0)","decl":{"start":{"line":6,"column":28},"end":{"line":6,"column":29}},"loc":{"start":{"line":6,"column":74},"end":{"line":8,"column":1}}},"1":{"name":"(anonymous_1)","decl":{"start":{"line":13,"column":27},"end":{"line":13,"column":28}},"loc":{"start":{"line":13,"column":67},"end":{"line":15,"column":1}}},"2":{"name":"(anonymous_2)","decl":{"start":{"line":20,"column":33},"end":{"line":20,"column":34}},"loc":{"start":{"line":20,"column":73},"end":{"line":22,"column":1}}},"3":{"name":"(anonymous_3)","decl":{"start":{"line":27,"column":30},"end":{"line":27,"column":null}},"loc":{"start":{"line":31,"column":14},"end":{"line":40,"column":1}}},"4":{"name":"(anonymous_4)","decl":{"start":{"line":33,"column":12},"end":{"line":33,"column":18}},"loc":{"start":{"line":33,"column":22},"end":{"line":33,"column":75}}},"5":{"name":"(anonymous_5)","decl":{"start":{"line":34,"column":9},"end":{"line":34,"column":15}},"loc":{"start":{"line":34,"column":18},"end":{"line":39,"column":5}}}},"branchMap":{"0":{"loc":{"start":{"line":7,"column":9},"end":{"line":7,"column":70}},"type":"cond-expr","locations":[{"start":{"line":7,"column":45},"end":{"line":7,"column":56}},{"start":{"line":7,"column":59},"end":{"line":7,"column":70}}]},"1":{"loc":{"start":{"line":14,"column":9},"end":{"line":14,"column":69}},"type":"cond-expr","locations":[{"start":{"line":14,"column":46},"end":{"line":14,"column":56}},{"start":{"line":14,"column":59},"end":{"line":14,"column":69}}]},"2":{"loc":{"start":{"line":21,"column":9},"end":{"line":21,"column":69}},"type":"cond-expr","locations":[{"start":{"line":21,"column":46},"end":{"line":21,"column":56}},{"start":{"line":21,"column":59},"end":{"line":21,"column":69}}]},"3":{"loc":{"start":{"line":33,"column":22},"end":{"line":33,"column":75}},"type":"binary-expr","locations":[{"start":{"line":33,"column":22},"end":{"line":33,"column":47}},{"start":{"line":33,"column":51},"end":{"line":33,"column":75}}]},"4":{"loc":{"start":{"line":35,"column":6},"end":{"line":37,"column":7}},"type":"if","locations":[{"start":{"line":35,"column":6},"end":{"line":37,"column":7}}]}},"s":{"0":0,"1":0,"2":0,"3":0,"4":0,"5":0,"6":0,"7":0,"8":0,"9":0,"10":0,"11":0,"12":0,"13":0,"14":0,"15":0},"f":{"0":0,"1":0,"2":0,"3":0,"4":0,"5":0},"b":{"0":[0,0],"1":[0,0],"2":[0,0],"3":[0,0],"4":[0]}}
,"/Users/elvira/Downloads/pets-pr-1/packages/core/src/utils/index.ts": {"path":"/Users/elvira/Downloads/pets-pr-1/packages/core/src/utils/index.ts","statementMap":{"0":{"start":{"line":9,"column":0},"end":{"line":9,"column":16}},"1":{"start":{"line":23,"column":0},"end":{"line":23,"column":16}},"2":{"start":{"line":49,"column":0},"end":{"line":49,"column":16}},"3":{"start":{"line":92,"column":0},"end":{"line":92,"column":16}},"4":{"start":{"line":97,"column":0},"end":{"line":97,"column":16}},"5":{"start":{"line":104,"column":0},"end":{"line":104,"column":16}},"6":{"start":{"line":110,"column":0},"end":{"line":110,"column":16}},"7":{"start":{"line":120,"column":0},"end":{"line":120,"column":16}},"8":{"start":{"line":10,"column":16},"end":{"line":10,"column":37}},"9":{"start":{"line":11,"column":16},"end":{"line":11,"column":26}},"10":{"start":{"line":12,"column":14},"end":{"line":12,"column":55}},"11":{"start":{"line":13,"column":20},"end":{"line":13,"column":55}},"12":{"start":{"line":15,"column":2},"end":{"line":17,"column":3}},"13":{"start":{"line":16,"column":4},"end":{"line":16,"column":19}},"14":{"start":{"line":19,"column":2},"end":{"line":19,"column":13}},"15":{"start":{"line":29,"column":12},"end":{"line":29,"column":16}},"16":{"start":{"line":30,"column":15},"end":{"line":30,"column":35}},"17":{"start":{"line":31,"column":15},"end":{"line":31,"column":35}},"18":{"start":{"line":34,"column":4},"end":{"line":36,"column":39}},"19":{"start":{"line":38,"column":12},"end":{"line":38,"column":56}},"20":{"start":{"line":39,"column":19},"end":{"line":39,"column":24}},"21":{"start":{"line":41,"column":2},"end":{"line":41,"column":42}},"22":{"start":{"line":45,"column":2},"end":{"line":45,"column":29}},"23":{"start":{"line":50,"column":14},"end":{"line":50,"column":15}},"24":{"start":{"line":53,"column":2},"end":{"line":55,"column":3}},"25":{"start":{"line":54,"column":4},"end":{"line":54,"column":16}},"26":{"start":{"line":58,"column":28},"end":{"line":58,"column":70}},"27":{"start":{"line":59,"column":2},"end":{"line":59,"column":29}},"28":{"start":{"line":62,"column":18},"end":{"line":62,"column":47}},"29":{"start":{"line":63,"column":2},"end":{"line":66,"column":36}},"30":{"start":{"line":63,"column":20},"end":{"line":63,"column":32}},"31":{"start":{"line":64,"column":7},"end":{"line":66,"column":36}},"32":{"start":{"line":64,"column":25},"end":{"line":64,"column":37}},"33":{"start":{"line":65,"column":7},"end":{"line":66,"column":36}},"34":{"start":{"line":65,"column":25},"end":{"line":65,"column":37}},"35":{"start":{"line":66,"column":7},"end":{"line":66,"column":36}},"36":{"start":{"line":66,"column":25},"end":{"line":66,"column":36}},"37":{"start":{"line":69,"column":29},"end":{"line":71,"column":10}},"38":{"start":{"line":70,"column":4},"end":{"line":70,"column":38}},"39":{"start":{"line":72,"column":2},"end":{"line":72,"column":48}},"40":{"start":{"line":74,"column":2},"end":{"line":74,"column":30}},"41":{"start":{"line":78,"column":20},"end":{"line":78,"column":63}},"42":{"start":{"line":79,"column":17},"end":{"line":79,"column":55}},"43":{"start":{"line":80,"column":17},"end":{"line":80,"column":55}},"44":{"start":{"line":82,"column":2},"end":{"line":82,"column":48}},"45":{"start":{"line":82,"column":38},"end":{"line":82,"column":48}},"46":{"start":{"line":84,"column":15},"end":{"line":84,"column":40}},"47":{"start":{"line":85,"column":2},"end":{"line":85,"column":28}},"48":{"start":{"line":85,"column":18},"end":{"line":85,"column":28}},"49":{"start":{"line":86,"column":2},"end":{"line":86,"column":28}},"50":{"start":{"line":86,"column":18},"end":{"line":86,"column":28}},"51":{"start":{"line":87,"column":2},"end":{"line":87,"column":28}},"52":{"start":{"line":87,"column":18},"end":{"line":87,"column":28}},"53":{"start":{"line":88,"column":2},"end":{"line":88,"column":11}},"54":{"start":{"line":93,"column":2},"end":{"line":93,"column":57}},"55":{"start":{"line":98,"column":2},"end":{"line":98,"column":37}},"56":{"start":{"line":98,"column":15},"end":{"line":98,"column":37}},"57":{"start":{"line":99,"column":2},"end":{"line":99,"column":37}},"58":{"start":{"line":99,"column":17},"end":{"line":99,"column":37}},"59":{"start":{"line":100,"column":2},"end":{"line":100,"column":28}},"60":{"start":{"line":105,"column":21},"end":{"line":105,"column":49}},"61":{"start":{"line":106,"column":2},"end":{"line":106,"column":32}},"62":{"start":{"line":111,"column":16},"end":{"line":111,"column":80}},"63":{"start":{"line":112,"column":15},"end":{"line":112,"column":17}},"64":{"start":{"line":113,"column":2},"end":{"line":115,"column":3}},"65":{"start":{"line":113,"column":15},"end":{"line":113,"column":16}},"66":{"start":{"line":114,"column":4},"end":{"line":114,"column":69}},"67":{"start":{"line":116,"column":2},"end":{"line":116,"column":16}},"68":{"start":{"line":121,"column":14},"end":{"line":121,"column":24}},"69":{"start":{"line":122,"column":22},"end":{"line":122,"column":36}},"70":{"start":{"line":123,"column":24},"end":{"line":123,"column":82}},"71":{"start":{"line":125,"column":2},"end":{"line":125,"column":44}},"72":{"start":{"line":125,"column":26},"end":{"line":125,"column":44}},"73":{"start":{"line":126,"column":2},"end":{"line":126,"column":76}},"74":{"start":{"line":126,"column":28},"end":{"line":126,"column":76}},"75":{"start":{"line":127,"column":2},"end":{"line":127,"column":79}},"76":{"start":{"line":127,"column":29},"end":{"line":127,"column":79}},"77":{"start":{"line":128,"column":2},"end":{"line":128,"column":81}},"78":{"start":{"line":128,"column":30},"end":{"line":128,"column":81}},"79":{"start":{"line":130,"column":2},"end":{"line":130,"column":42}}},"fnMap":{"0":{"name":"calculateAge","decl":{"start":{"line":9,"column":16},"end":{"line":9,"column":28}},"loc":{"start":{"line":9,"column":48},"end":{"line":20,"column":1}}},"1":{"name":"calculateDistance","decl":{"start":{"line":23,"column":16},"end":{"line":23,"column":33}},"loc":{"start":{"line":27,"column":14},"end":{"line":42,"column":1}}},"2":{"name":"deg2rad","decl":{"start":{"line":44,"column":9},"end":{"line":44,"column":16}},"loc":{"start":{"line":44,"column":28},"end":{"line":46,"column":1}}},"3":{"name":"calculateCompatibilityScore","decl":{"start":{"line":49,"column":16},"end":{"line":49,"column":43}},"loc":{"start":{"line":49,"column":64},"end":{"line":75,"column":1}}},"4":{"name":"(anonymous_4)","decl":{"start":{"line":69,"column":57},"end":{"line":69,"column":60}},"loc":{"start":{"line":70,"column":4},"end":{"line":70,"column":38}}},"5":{"name":"getSizeCompatibility","decl":{"start":{"line":77,"column":9},"end":{"line":77,"column":29}},"loc":{"start":{"line":77,"column":58},"end":{"line":89,"column":1}}},"6":{"name":"formatDisplayName","decl":{"start":{"line":92,"column":16},"end":{"line":92,"column":33}},"loc":{"start":{"line":92,"column":44},"end":{"line":94,"column":1}}},"7":{"name":"formatPetAge","decl":{"start":{"line":97,"column":16},"end":{"line":97,"column":28}},"loc":{"start":{"line":97,"column":40},"end":{"line":101,"column":1}}},"8":{"name":"isValidEmail","decl":{"start":{"line":104,"column":16},"end":{"line":104,"column":28}},"loc":{"start":{"line":104,"column":42},"end":{"line":107,"column":1}}},"9":{"name":"generateId","decl":{"start":{"line":110,"column":16},"end":{"line":110,"column":26}},"loc":{"start":{"line":110,"column":37},"end":{"line":117,"column":1}}},"10":{"name":"formatRelativeTime","decl":{"start":{"line":120,"column":16},"end":{"line":120,"column":34}},"loc":{"start":{"line":120,"column":47},"end":{"line":131,"column":1}}}},"branchMap":{"0":{"loc":{"start":{"line":15,"column":2},"end":{"line":17,"column":3}},"type":"if","locations":[{"start":{"line":15,"column":2},"end":{"line":17,"column":3}}]},"1":{"loc":{"start":{"line":15,"column":6},"end":{"line":15,"column":77}},"type":"binary-expr","locations":[{"start":{"line":15,"column":6},"end":{"line":15,"column":19}},{"start":{"line":15,"column":24},"end":{"line":15,"column":39}},{"start":{"line":15,"column":43},"end":{"line":15,"column":76}}]},"2":{"loc":{"start":{"line":53,"column":2},"end":{"line":55,"column":3}},"type":"if","locations":[{"start":{"line":53,"column":2},"end":{"line":55,"column":3}}]},"3":{"loc":{"start":{"line":63,"column":2},"end":{"line":66,"column":36}},"type":"if","locations":[{"start":{"line":63,"column":2},"end":{"line":66,"column":36}},{"start":{"line":64,"column":7},"end":{"line":66,"column":36}}]},"4":{"loc":{"start":{"line":64,"column":7},"end":{"line":66,"column":36}},"type":"if","locations":[{"start":{"line":64,"column":7},"end":{"line":66,"column":36}},{"start":{"line":65,"column":7},"end":{"line":66,"column":36}}]},"5":{"loc":{"start":{"line":65,"column":7},"end":{"line":66,"column":36}},"type":"if","locations":[{"start":{"line":65,"column":7},"end":{"line":66,"column":36}},{"start":{"line":66,"column":7},"end":{"line":66,"column":36}}]},"6":{"loc":{"start":{"line":66,"column":7},"end":{"line":66,"column":36}},"type":"if","locations":[{"start":{"line":66,"column":7},"end":{"line":66,"column":36}}]},"7":{"loc":{"start":{"line":82,"column":2},"end":{"line":82,"column":48}},"type":"if","locations":[{"start":{"line":82,"column":2},"end":{"line":82,"column":48}}]},"8":{"loc":{"start":{"line":82,"column":6},"end":{"line":82,"column":36}},"type":"binary-expr","locations":[{"start":{"line":82,"column":6},"end":{"line":82,"column":19}},{"start":{"line":82,"column":23},"end":{"line":82,"column":36}}]},"9":{"loc":{"start":{"line":85,"column":2},"end":{"line":85,"column":28}},"type":"if","locations":[{"start":{"line":85,"column":2},"end":{"line":85,"column":28}}]},"10":{"loc":{"start":{"line":86,"column":2},"end":{"line":86,"column":28}},"type":"if","locations":[{"start":{"line":86,"column":2},"end":{"line":86,"column":28}}]},"11":{"loc":{"start":{"line":87,"column":2},"end":{"line":87,"column":28}},"type":"if","locations":[{"start":{"line":87,"column":2},"end":{"line":87,"column":28}}]},"12":{"loc":{"start":{"line":98,"column":2},"end":{"line":98,"column":37}},"type":"if","locations":[{"start":{"line":98,"column":2},"end":{"line":98,"column":37}}]},"13":{"loc":{"start":{"line":99,"column":2},"end":{"line":99,"column":37}},"type":"if","locations":[{"start":{"line":99,"column":2},"end":{"line":99,"column":37}}]},"14":{"loc":{"start":{"line":110,"column":27},"end":{"line":110,"column":37}},"type":"default-arg","locations":[{"start":{"line":110,"column":36},"end":{"line":110,"column":37}}]},"15":{"loc":{"start":{"line":125,"column":2},"end":{"line":125,"column":44}},"type":"if","locations":[{"start":{"line":125,"column":2},"end":{"line":125,"column":44}}]},"16":{"loc":{"start":{"line":126,"column":2},"end":{"line":126,"column":76}},"type":"if","locations":[{"start":{"line":126,"column":2},"end":{"line":126,"column":76}}]},"17":{"loc":{"start":{"line":127,"column":2},"end":{"line":127,"column":79}},"type":"if","locations":[{"start":{"line":127,"column":2},"end":{"line":127,"column":79}}]},"18":{"loc":{"start":{"line":128,"column":2},"end":{"line":128,"column":81}},"type":"if","locations":[{"start":{"line":128,"column":2},"end":{"line":128,"column":81}}]}},"s":{"0":1,"1":1,"2":1,"3":1,"4":1,"5":1,"6":1,"7":1,"8":3,"9":3,"10":3,"11":3,"12":3,"13":2,"14":1,"15":3,"16":3,"17":3,"18":3,"19":3,"20":3,"21":3,"22":12,"23":3,"24":3,"25":2,"26":3,"27":3,"28":3,"29":3,"30":3,"31":0,"32":0,"33":0,"34":0,"35":0,"36":0,"37":3,"38":6,"39":3,"40":3,"41":3,"42":3,"43":3,"44":3,"45":0,"46":3,"47":3,"48":0,"49":3,"50":3,"51":0,"52":0,"53":0,"54":1,"55":3,"56":1,"57":2,"58":1,"59":1,"60":8,"61":8,"62":4,"63":4,"64":4,"65":4,"66":32,"67":4,"68":5,"69":5,"70":5,"71":5,"72":1,"73":4,"74":1,"75":3,"76":1,"77":2,"78":1,"79":1},"f":{"0":3,"1":3,"2":12,"3":3,"4":6,"5":3,"6":1,"7":3,"8":8,"9":4,"10":5},"b":{"0":[2],"1":[3,2,1],"2":[2],"3":[3,0],"4":[0,0],"5":[0,0],"6":[0],"7":[0],"8":[3,3],"9":[0],"10":[3],"11":[0],"12":[1],"13":[1],"14":[4],"15":[1],"16":[1],"17":[1],"18":[1]}}
}
