TN:
SF:src/animations.ts
FNF:0
FNH:0
DA:8,0
DA:15,0
DA:20,0
DA:26,0
DA:40,0
DA:54,0
LF:6
LH:0
BRF:0
BRH:0
end_of_record
TN:
SF:src/index.ts
FNF:0
FNH:0
DA:8,0
DA:9,0
DA:12,0
DA:15,0
DA:18,0
DA:21,0
DA:22,0
DA:25,0
LF:8
LH:0
BRF:0
BRH:0
end_of_record
TN:
SF:src/api/client.ts
FN:13,(anonymous_1)
FN:25,(anonymous_2)
FN:28,(anonymous_3)
FN:35,(anonymous_4)
FN:42,(anonymous_5)
FN:43,(anonymous_6)
FN:58,(anonymous_7)
FN:72,(anonymous_8)
FN:86,(anonymous_9)
FN:100,(anonymous_10)
FN:114,(anonymous_11)
FN:129,(anonymous_12)
FN:135,(anonymous_13)
FNF:13
FNH:2
FNDA:1,(anonymous_1)
FNDA:1,(anonymous_2)
FNDA:0,(anonymous_3)
FNDA:0,(anonymous_4)
FNDA:0,(anonymous_5)
FNDA:0,(anonymous_6)
FNDA:0,(anonymous_7)
FNDA:0,(anonymous_8)
FNDA:0,(anonymous_9)
FNDA:0,(anonymous_10)
FNDA:0,(anonymous_11)
FNDA:0,(anonymous_12)
FNDA:0,(anonymous_13)
DA:1,1
DA:14,1
DA:22,1
DA:27,1
DA:29,0
DA:30,0
DA:31,0
DA:33,0
DA:36,0
DA:41,1
DA:42,0
DA:44,0
DA:48,0
DA:49,0
DA:50,0
DA:52,0
DA:59,0
DA:60,0
DA:61,0
DA:63,0
DA:64,0
DA:65,0
DA:66,0
DA:68,0
DA:73,0
DA:74,0
DA:75,0
DA:77,0
DA:78,0
DA:79,0
DA:80,0
DA:82,0
DA:87,0
DA:88,0
DA:89,0
DA:91,0
DA:92,0
DA:93,0
DA:94,0
DA:96,0
DA:101,0
DA:102,0
DA:103,0
DA:105,0
DA:106,0
DA:107,0
DA:108,0
DA:110,0
DA:115,0
DA:116,0
DA:117,0
DA:119,0
DA:120,0
DA:121,0
DA:122,0
DA:124,0
DA:130,0
DA:131,0
DA:132,0
DA:134,0
DA:135,0
DA:136,0
DA:137,0
DA:138,0
DA:139,0
DA:141,0
DA:146,0
DA:152,0
DA:154,0
DA:155,0
DA:161,1
DA:162,1
LF:72
LH:7
BRDA:15,0,0,1
BRDA:15,0,1,1
BRDA:30,1,0,0
BRDA:30,2,0,0
BRDA:30,2,1,0
BRDA:36,3,0,0
BRDA:36,3,1,0
BRDA:44,4,0,0
BRDA:44,5,0,0
BRDA:44,5,1,0
BRDA:44,5,2,0
BRDA:44,5,3,0
BRDA:52,6,0,0
BRDA:52,6,1,0
BRDA:64,7,0,0
BRDA:66,8,0,0
BRDA:66,8,1,0
BRDA:66,8,2,0
BRDA:78,9,0,0
BRDA:80,10,0,0
BRDA:80,10,1,0
BRDA:80,10,2,0
BRDA:92,11,0,0
BRDA:94,12,0,0
BRDA:94,12,1,0
BRDA:94,12,2,0
BRDA:106,13,0,0
BRDA:108,14,0,0
BRDA:108,14,1,0
BRDA:108,14,2,0
BRDA:120,15,0,0
BRDA:122,16,0,0
BRDA:122,16,1,0
BRDA:122,16,2,0
BRDA:134,17,0,0
BRDA:136,18,0,0
BRDA:136,18,1,0
BRDA:138,19,0,0
BRDA:138,19,1,0
BRDA:155,20,0,0
BRDA:155,20,1,0
BRDA:155,20,2,0
BRF:42
BRH:2
end_of_record
TN:
SF:src/api/hooks.ts
FN:8,useApiQuery
FN:15,(anonymous_1)
FN:20,useApiMutation
FN:27,(anonymous_3)
FN:33,(anonymous_4)
FN:47,useLogin
FN:49,(anonymous_6)
FN:59,useRegister
FN:61,(anonymous_8)
FN:71,useLogout
FN:75,(anonymous_10)
FN:84,useUser
FN:91,useUpdateUser
FN:95,(anonymous_13)
FN:102,usePets
FN:109,usePet
FN:113,useCreatePet
FN:117,(anonymous_17)
FN:124,useMatches
FN:128,useMatch
FN:132,useCreateMatch
FN:136,(anonymous_21)
FN:143,useChat
FN:147,useSendMessage
FN:151,(anonymous_24)
FN:158,useGenerateBio
FN:162,useAnalyzePhotos
FN:166,useCompatibilityAnalysis
FN:170,useApplicationAssistance
FNF:29
FNH:0
FNDA:0,useApiQuery
FNDA:0,(anonymous_1)
FNDA:0,useApiMutation
FNDA:0,(anonymous_3)
FNDA:0,(anonymous_4)
FNDA:0,useLogin
FNDA:0,(anonymous_6)
FNDA:0,useRegister
FNDA:0,(anonymous_8)
FNDA:0,useLogout
FNDA:0,(anonymous_10)
FNDA:0,useUser
FNDA:0,useUpdateUser
FNDA:0,(anonymous_13)
FNDA:0,usePets
FNDA:0,usePet
FNDA:0,useCreatePet
FNDA:0,(anonymous_17)
FNDA:0,useMatches
FNDA:0,useMatch
FNDA:0,useCreateMatch
FNDA:0,(anonymous_21)
FNDA:0,useChat
FNDA:0,useSendMessage
FNDA:0,(anonymous_24)
FNDA:0,useGenerateBio
FNDA:0,useAnalyzePhotos
FNDA:0,useCompatibilityAnalysis
FNDA:0,useApplicationAssistance
DA:1,1
DA:5,1
DA:8,1
DA:13,0
DA:15,0
DA:20,1
DA:24,0
DA:26,0
DA:28,0
DA:29,0
DA:31,0
DA:35,0
DA:38,0
DA:47,1
DA:48,0
DA:50,0
DA:51,0
DA:52,0
DA:53,0
DA:59,1
DA:60,0
DA:62,0
DA:63,0
DA:64,0
DA:65,0
DA:71,1
DA:72,0
DA:74,0
DA:76,0
DA:77,0
DA:78,0
DA:84,1
DA:85,0
DA:91,1
DA:92,0
DA:94,0
DA:96,0
DA:102,1
DA:103,0
DA:104,0
DA:106,0
DA:109,1
DA:110,0
DA:113,1
DA:114,0
DA:116,0
DA:118,0
DA:124,1
DA:125,0
DA:128,1
DA:129,0
DA:132,1
DA:133,0
DA:135,0
DA:137,0
DA:143,1
DA:144,0
DA:147,1
DA:148,0
DA:150,0
DA:152,0
DA:158,1
DA:159,0
DA:162,1
DA:163,0
DA:166,1
DA:167,0
DA:170,1
DA:171,0
LF:69
LH:21
BRDA:28,0,0,0
BRDA:50,1,0,0
BRDA:50,2,0,0
BRDA:50,2,1,0
BRDA:62,3,0,0
BRDA:62,4,0,0
BRDA:62,4,1,0
BRDA:86,5,0,0
BRDA:86,5,1,0
BRDA:87,6,0,0
BRDA:87,6,1,0
BRDA:87,7,0,0
BRDA:87,7,1,0
BRDA:103,8,0,0
BRDA:103,8,1,0
BRDA:104,9,0,0
BRDA:104,9,1,0
BRF:17
BRH:0
end_of_record
TN:
SF:src/api/index.ts
FNF:0
FNH:0
DA:1,1
DA:2,1
LF:2
LH:2
BRF:0
BRH:0
end_of_record
TN:
SF:src/hooks/index.ts
FNF:0
FNH:0
DA:5,0
LF:1
LH:0
BRF:0
BRH:0
end_of_record
TN:
SF:src/hooks/useSwipeLogic.ts
FN:20,(anonymous_0)
FN:29,(anonymous_1)
FN:39,(anonymous_2)
FN:47,(anonymous_3)
FN:105,(anonymous_4)
FN:110,(anonymous_5)
FN:115,(anonymous_6)
FN:120,(anonymous_7)
FN:122,(anonymous_8)
FN:123,(anonymous_9)
FN:124,(anonymous_10)
FNF:11
FNH:0
FNDA:0,(anonymous_0)
FNDA:0,(anonymous_1)
FNDA:0,(anonymous_2)
FNDA:0,(anonymous_3)
FNDA:0,(anonymous_4)
FNDA:0,(anonymous_5)
FNDA:0,(anonymous_6)
FNDA:0,(anonymous_7)
FNDA:0,(anonymous_8)
FNDA:0,(anonymous_9)
FNDA:0,(anonymous_10)
DA:8,0
DA:10,0
DA:11,0
DA:20,0
DA:25,0
DA:26,0
DA:27,0
DA:29,0
DA:32,0
DA:39,0
DA:43,0
DA:45,0
DA:47,0
DA:50,0
DA:53,0
DA:62,0
DA:75,0
DA:76,0
DA:78,0
DA:86,0
DA:87,0
DA:88,0
DA:91,0
DA:93,0
DA:96,0
DA:99,0
DA:101,0
DA:105,0
DA:106,0
DA:107,0
DA:110,0
DA:111,0
DA:112,0
DA:115,0
DA:116,0
DA:117,0
DA:120,0
DA:121,0
DA:122,0
DA:123,0
DA:124,0
DA:126,0
DA:135,0
LF:43
LH:0
BRDA:20,0,0,0
BRDA:23,1,0,0
BRDA:36,2,0,0
BRDA:36,2,1,0
BRDA:50,3,0,0
BRDA:75,4,0,0
BRDA:75,4,1,0
BRDA:87,5,0,0
BRDA:96,6,0,0
BRDA:96,6,1,0
BRDA:131,7,0,0
BRDA:131,7,1,0
BRF:12
BRH:0
end_of_record
TN:
SF:src/schemas/index.ts
FN:19,(anonymous_0)
FN:29,(anonymous_1)
FN:30,(anonymous_2)
FNF:3
FNH:0
FNDA:0,(anonymous_0)
FNDA:0,(anonymous_1)
FNDA:0,(anonymous_2)
DA:7,0
DA:10,0
DA:15,0
DA:20,0
DA:21,0
DA:22,0
DA:29,0
DA:30,0
DA:36,0
DA:61,0
DA:81,0
DA:92,0
DA:98,0
LF:13
LH:0
BRDA:22,0,0,0
BRDA:22,0,1,0
BRF:2
BRH:0
end_of_record
TN:
SF:src/schemas/realtime.ts
FNF:0
FNH:0
DA:1,0
DA:3,0
DA:13,0
DA:22,0
LF:4
LH:0
BRF:0
BRH:0
end_of_record
TN:
SF:src/services/WeatherService.ts
FN:38,fetchWeather
FN:50,getTimeOfDay
FN:64,getSeason
FN:75,generatePetTips
FN:118,generateActivitySuggestions
FN:157,useEnhancedWeather
FN:160,(anonymous_6)
FN:166,(anonymous_7)
FN:196,useWeather
FN:199,(anonymous_9)
FN:209,getPosition
FN:210,(anonymous_11)
FNF:12
FNH:0
FNDA:0,fetchWeather
FNDA:0,getTimeOfDay
FNDA:0,getSeason
FNDA:0,generatePetTips
FNDA:0,generateActivitySuggestions
FNDA:0,useEnhancedWeather
FNDA:0,(anonymous_6)
FNDA:0,(anonymous_7)
FNDA:0,useWeather
FNDA:0,(anonymous_9)
FNDA:0,getPosition
FNDA:0,(anonymous_11)
DA:1,0
DA:2,0
DA:9,0
DA:35,0
DA:36,0
DA:39,0
DA:40,0
DA:41,0
DA:42,0
DA:43,0
DA:44,0
DA:51,0
DA:52,0
DA:53,0
DA:55,0
DA:56,0
DA:57,0
DA:58,0
DA:65,0
DA:66,0
DA:67,0
DA:68,0
DA:69,0
DA:76,0
DA:77,0
DA:78,0
DA:79,0
DA:80,0
DA:83,0
DA:84,0
DA:85,0
DA:86,0
DA:90,0
DA:91,0
DA:92,0
DA:93,0
DA:94,0
DA:95,0
DA:99,0
DA:100,0
DA:101,0
DA:102,0
DA:106,0
DA:107,0
DA:108,0
DA:109,0
DA:112,0
DA:119,0
DA:120,0
DA:121,0
DA:122,0
DA:125,0
DA:126,0
DA:127,0
DA:128,0
DA:129,0
DA:134,0
DA:135,0
DA:136,0
DA:140,0
DA:141,0
DA:145,0
DA:146,0
DA:147,0
DA:148,0
DA:151,0
DA:157,0
DA:158,0
DA:161,0
DA:162,0
DA:164,0
DA:165,0
DA:166,0
DA:167,0
DA:171,0
DA:172,0
DA:174,0
DA:185,0
DA:196,0
DA:197,0
DA:200,0
DA:201,0
DA:210,0
DA:211,0
DA:212,0
DA:213,0
DA:215,0
DA:219,0
LF:88
LH:0
BRDA:35,0,0,0
BRDA:35,0,1,0
BRDA:39,1,0,0
BRDA:39,2,0,0
BRDA:39,2,1,0
BRDA:42,3,0,0
BRDA:51,4,0,0
BRDA:51,4,1,0
BRDA:55,5,0,0
BRDA:55,6,0,0
BRDA:55,6,1,0
BRDA:56,7,0,0
BRDA:56,8,0,0
BRDA:56,8,1,0
BRDA:57,9,0,0
BRDA:57,10,0,0
BRDA:57,10,1,0
BRDA:66,11,0,0
BRDA:66,12,0,0
BRDA:66,12,1,0
BRDA:67,13,0,0
BRDA:67,14,0,0
BRDA:67,14,1,0
BRDA:68,15,0,0
BRDA:68,16,0,0
BRDA:68,16,1,0
BRDA:83,17,0,0
BRDA:83,17,1,0
BRDA:85,18,0,0
BRDA:90,19,0,0
BRDA:90,19,1,0
BRDA:90,20,0,0
BRDA:90,20,1,0
BRDA:92,21,0,0
BRDA:92,21,1,0
BRDA:92,22,0,0
BRDA:92,22,1,0
BRDA:94,23,0,0
BRDA:94,24,0,0
BRDA:94,24,1,0
BRDA:99,25,0,0
BRDA:99,25,1,0
BRDA:101,26,0,0
BRDA:101,27,0,0
BRDA:101,27,1,0
BRDA:106,28,0,0
BRDA:106,28,1,0
BRDA:108,29,0,0
BRDA:112,30,0,0
BRDA:112,30,1,0
BRDA:125,31,0,0
BRDA:125,32,0,0
BRDA:125,32,1,0
BRDA:125,32,2,0
BRDA:125,32,3,0
BRDA:125,32,4,0
BRDA:128,33,0,0
BRDA:134,34,0,0
BRDA:134,35,0,0
BRDA:134,35,1,0
BRDA:134,35,2,0
BRDA:134,35,3,0
BRDA:140,36,0,0
BRDA:140,37,0,0
BRDA:140,37,1,0
BRDA:145,38,0,0
BRDA:145,38,1,0
BRDA:145,39,0,0
BRDA:145,39,1,0
BRDA:147,40,0,0
BRDA:151,41,0,0
BRDA:151,41,1,0
BRDA:167,42,0,0
BRDA:167,42,1,0
BRDA:167,42,2,0
BRDA:211,43,0,0
BRF:76
BRH:0
end_of_record
TN:
SF:src/services/index.ts
FNF:0
FNH:0
DA:5,0
LF:1
LH:0
BRF:0
BRH:0
end_of_record
TN:
SF:src/services/ai/bio-generator.ts
FN:28,(anonymous_0)
FN:53,(anonymous_1)
FN:95,(anonymous_2)
FN:104,(anonymous_3)
FN:111,(anonymous_4)
FN:119,(anonymous_5)
FNF:6
FNH:0
FNDA:0,(anonymous_0)
FNDA:0,(anonymous_1)
FNDA:0,(anonymous_2)
FNDA:0,(anonymous_3)
FNDA:0,(anonymous_4)
FNDA:0,(anonymous_5)
DA:6,0
DA:24,0
DA:29,0
DA:31,0
DA:32,0
DA:33,0
DA:36,0
DA:37,0
DA:39,0
DA:44,0
DA:46,0
DA:63,0
DA:65,0
DA:71,0
DA:72,0
DA:73,0
DA:74,0
DA:75,0
DA:76,0
DA:77,0
DA:79,0
DA:80,0
DA:81,0
DA:82,0
DA:83,0
DA:84,0
DA:85,0
DA:87,0
DA:89,0
DA:97,0
DA:98,0
DA:105,0
DA:106,0
DA:109,0
DA:111,0
DA:113,0
DA:120,0
DA:122,0
DA:124,0
DA:125,0
DA:128,0
DA:130,0
DA:138,0
LF:43
LH:0
BRDA:59,0,0,0
BRDA:60,1,0,0
BRDA:61,2,0,0
BRDA:62,3,0,0
BRDA:74,4,0,0
BRDA:74,5,0,0
BRDA:74,5,1,0
BRDA:75,6,0,0
BRDA:75,7,0,0
BRDA:75,7,1,0
BRDA:76,8,0,0
BRDA:77,9,0,0
BRDA:106,10,0,0
BRDA:106,11,0,0
BRDA:106,11,1,0
BRDA:109,12,0,0
BRDA:109,12,1,0
BRDA:120,13,0,0
BRDA:122,14,0,0
BRDA:122,14,1,0
BRDA:122,15,0,0
BRDA:122,15,1,0
BRDA:124,16,0,0
BRF:23
BRH:0
end_of_record
TN:
SF:src/services/ai/gemini-client.ts
FN:29,(anonymous_1)
FN:44,(anonymous_2)
FN:72,(anonymous_3)
FN:106,(anonymous_4)
FN:115,(anonymous_5)
FN:119,(anonymous_6)
FNF:6
FNH:0
FNDA:0,(anonymous_1)
FNDA:0,(anonymous_2)
FNDA:0,(anonymous_3)
FNDA:0,(anonymous_4)
FNDA:0,(anonymous_5)
FNDA:0,(anonymous_6)
DA:6,0
DA:24,0
DA:30,0
DA:31,0
DA:33,0
DA:45,0
DA:46,0
DA:57,0
DA:58,0
DA:59,0
DA:62,0
DA:64,0
DA:65,0
DA:73,0
DA:74,0
DA:91,0
DA:92,0
DA:93,0
DA:96,0
DA:98,0
DA:99,0
DA:107,0
DA:108,0
DA:113,0
DA:115,0
DA:116,0
DA:119,0
DA:120,0
DA:121,0
DA:123,0
LF:30
LH:0
BRDA:31,0,0,0
BRDA:31,0,1,0
BRDA:34,1,0,0
BRDA:34,1,1,0
BRDA:58,2,0,0
BRDA:58,3,0,0
BRDA:58,3,1,0
BRDA:92,4,0,0
BRDA:92,5,0,0
BRDA:92,5,1,0
BRDA:120,6,0,0
BRF:11
BRH:0
end_of_record
TN:
SF:src/services/ai/photo-analyzer.ts
FN:31,(anonymous_0)
FN:48,(anonymous_1)
FN:53,(anonymous_2)
FN:60,(anonymous_3)
FN:66,(anonymous_4)
FN:74,(anonymous_5)
FN:109,(anonymous_6)
FN:150,(anonymous_7)
FN:169,(anonymous_8)
FN:178,(anonymous_9)
FN:187,(anonymous_10)
FNF:11
FNH:0
FNDA:0,(anonymous_0)
FNDA:0,(anonymous_1)
FNDA:0,(anonymous_2)
FNDA:0,(anonymous_3)
FNDA:0,(anonymous_4)
FNDA:0,(anonymous_5)
FNDA:0,(anonymous_6)
FNDA:0,(anonymous_7)
FNDA:0,(anonymous_8)
FNDA:0,(anonymous_9)
FNDA:0,(anonymous_10)
DA:6,0
DA:27,0
DA:32,0
DA:34,0
DA:35,0
DA:36,0
DA:38,0
DA:40,0
DA:41,0
DA:52,0
DA:54,0
DA:55,0
DA:60,0
DA:67,0
DA:68,0
DA:75,0
DA:76,0
DA:77,0
DA:78,0
DA:79,0
DA:80,0
DA:81,0
DA:82,0
DA:83,0
DA:84,0
DA:86,0
DA:87,0
DA:90,0
DA:91,0
DA:92,0
DA:93,0
DA:94,0
DA:95,0
DA:96,0
DA:97,0
DA:98,0
DA:99,0
DA:100,0
DA:101,0
DA:103,0
DA:110,0
DA:112,0
DA:113,0
DA:114,0
DA:125,0
DA:140,0
DA:144,0
DA:151,0
DA:170,0
DA:171,0
DA:172,0
DA:179,0
DA:180,0
DA:181,0
DA:188,0
DA:189,0
DA:190,0
DA:195,0
LF:58
LH:0
BRDA:68,0,0,0
BRDA:68,0,1,0
BRDA:86,1,0,0
BRDA:86,2,0,0
BRDA:86,2,1,0
BRDA:113,3,0,0
BRDA:126,4,0,0
BRDA:126,4,1,0
BRDA:127,5,0,0
BRDA:127,5,1,0
BRDA:128,6,0,0
BRDA:128,6,1,0
BRDA:130,7,0,0
BRDA:130,7,1,0
BRDA:131,8,0,0
BRDA:131,8,1,0
BRDA:132,9,0,0
BRDA:132,9,1,0
BRDA:133,10,0,0
BRDA:133,10,1,0
BRDA:135,11,0,0
BRDA:135,11,1,0
BRDA:136,12,0,0
BRDA:136,12,1,0
BRDA:170,13,0,0
BRDA:170,14,0,0
BRDA:170,14,1,0
BRDA:172,15,0,0
BRDA:172,15,1,0
BRDA:179,16,0,0
BRDA:179,17,0,0
BRDA:179,17,1,0
BRDA:181,18,0,0
BRDA:181,18,1,0
BRDA:188,19,0,0
BRDA:188,20,0,0
BRDA:188,20,1,0
BRDA:190,21,0,0
BRDA:190,21,1,0
BRF:39
BRH:0
end_of_record
TN:
SF:src/stores/index.ts
FNF:0
FNH:0
DA:1,0
DA:2,0
DA:3,0
DA:4,0
DA:5,0
LF:5
LH:0
BRF:0
BRH:0
end_of_record
TN:
SF:src/stores/useAuthStore.ts
FN:30,(anonymous_0)
FN:39,(anonymous_1)
FN:39,(anonymous_2)
FN:46,(anonymous_3)
FN:46,(anonymous_4)
FN:54,(anonymous_5)
FN:54,(anonymous_6)
FN:62,(anonymous_7)
FN:62,(anonymous_8)
FN:71,(anonymous_9)
FN:71,(anonymous_10)
FN:77,(anonymous_11)
FN:77,(anonymous_12)
FN:84,(anonymous_13)
FNF:14
FNH:6
FNDA:1,(anonymous_0)
FNDA:0,(anonymous_1)
FNDA:0,(anonymous_2)
FNDA:2,(anonymous_3)
FNDA:2,(anonymous_4)
FNDA:0,(anonymous_5)
FNDA:0,(anonymous_6)
FNDA:1,(anonymous_7)
FNDA:1,(anonymous_8)
FNDA:0,(anonymous_9)
FNDA:0,(anonymous_10)
FNDA:0,(anonymous_11)
FNDA:0,(anonymous_12)
FNDA:3,(anonymous_13)
DA:1,1
DA:2,1
DA:3,1
DA:28,1
DA:30,1
DA:39,0
DA:40,0
DA:41,0
DA:42,0
DA:46,2
DA:47,2
DA:48,2
DA:49,2
DA:50,2
DA:54,0
DA:55,0
DA:56,0
DA:57,0
DA:58,0
DA:62,1
DA:63,1
DA:64,1
DA:65,1
DA:66,1
DA:67,1
DA:71,0
DA:72,0
DA:73,0
DA:77,0
DA:78,0
DA:79,0
DA:84,3
LF:32
LH:17
BRF:0
BRH:0
end_of_record
TN:
SF:src/stores/useMatchStore.ts
FN:51,(anonymous_0)
FN:68,(anonymous_1)
FN:68,(anonymous_2)
FN:73,(anonymous_3)
FN:73,(anonymous_4)
FN:78,(anonymous_5)
FN:78,(anonymous_6)
FN:83,(anonymous_7)
FN:83,(anonymous_8)
FN:88,(anonymous_9)
FN:88,(anonymous_10)
FN:93,(anonymous_11)
FN:93,(anonymous_12)
FN:94,(anonymous_13)
FN:101,(anonymous_14)
FN:101,(anonymous_15)
FN:102,(anonymous_16)
FN:106,(anonymous_17)
FN:106,(anonymous_18)
FN:111,(anonymous_19)
FN:111,(anonymous_20)
FN:116,(anonymous_21)
FN:116,(anonymous_22)
FN:127,(anonymous_23)
FN:127,(anonymous_24)
FNF:25
FNH:9
FNDA:1,(anonymous_0)
FNDA:1,(anonymous_1)
FNDA:1,(anonymous_2)
FNDA:0,(anonymous_3)
FNDA:0,(anonymous_4)
FNDA:0,(anonymous_5)
FNDA:0,(anonymous_6)
FNDA:0,(anonymous_7)
FNDA:0,(anonymous_8)
FNDA:0,(anonymous_9)
FNDA:0,(anonymous_10)
FNDA:0,(anonymous_11)
FNDA:0,(anonymous_12)
FNDA:0,(anonymous_13)
FNDA:0,(anonymous_14)
FNDA:0,(anonymous_15)
FNDA:0,(anonymous_16)
FNDA:0,(anonymous_17)
FNDA:0,(anonymous_18)
FNDA:1,(anonymous_19)
FNDA:1,(anonymous_20)
FNDA:3,(anonymous_21)
FNDA:3,(anonymous_22)
FNDA:1,(anonymous_23)
FNDA:1,(anonymous_24)
DA:1,1
DA:2,1
DA:50,1
DA:51,1
DA:68,1
DA:69,1
DA:73,0
DA:74,0
DA:78,0
DA:79,0
DA:83,0
DA:84,0
DA:88,0
DA:89,0
DA:93,0
DA:94,0
DA:95,0
DA:96,0
DA:101,0
DA:102,0
DA:106,0
DA:107,0
DA:111,1
DA:112,1
DA:116,3
DA:117,3
DA:118,1
DA:119,2
DA:120,1
DA:121,1
DA:122,1
DA:127,1
DA:128,1
LF:33
LH:17
BRDA:95,0,0,0
BRDA:117,1,0,1
BRDA:117,1,1,2
BRDA:119,2,0,1
BRDA:119,2,1,1
BRDA:121,3,0,1
BRF:6
BRH:5
end_of_record
TN:
SF:src/stores/usePreferencesStore.ts
FN:96,(anonymous_0)
FN:100,(anonymous_1)
FN:100,(anonymous_2)
FN:109,(anonymous_3)
FN:109,(anonymous_4)
FN:118,(anonymous_5)
FN:118,(anonymous_6)
FN:127,(anonymous_7)
FN:127,(anonymous_8)
FN:136,(anonymous_9)
FN:136,(anonymous_10)
FNF:11
FNH:0
FNDA:0,(anonymous_0)
FNDA:0,(anonymous_1)
FNDA:0,(anonymous_2)
FNDA:0,(anonymous_3)
FNDA:0,(anonymous_4)
FNDA:0,(anonymous_5)
FNDA:0,(anonymous_6)
FNDA:0,(anonymous_7)
FNDA:0,(anonymous_8)
FNDA:0,(anonymous_9)
FNDA:0,(anonymous_10)
DA:1,0
DA:2,0
DA:3,0
DA:56,0
DA:94,0
DA:96,0
DA:100,0
DA:101,0
DA:105,0
DA:109,0
DA:110,0
DA:114,0
DA:118,0
DA:119,0
DA:123,0
DA:127,0
DA:128,0
DA:132,0
DA:136,0
LF:19
LH:0
BRF:0
BRH:0
end_of_record
TN:
SF:src/stores/useUIStore.ts
FN:48,(anonymous_0)
FN:56,(anonymous_1)
FN:56,(anonymous_2)
FN:63,(anonymous_3)
FN:63,(anonymous_4)
FN:64,(anonymous_5)
FN:69,(anonymous_6)
FN:69,(anonymous_7)
FN:75,(anonymous_8)
FN:75,(anonymous_9)
FN:81,(anonymous_10)
FN:81,(anonymous_11)
FN:87,(anonymous_12)
FN:87,(anonymous_13)
FN:93,(anonymous_14)
FN:93,(anonymous_15)
FN:99,(anonymous_16)
FN:99,(anonymous_17)
FNF:18
FNH:10
FNDA:1,(anonymous_0)
FNDA:1,(anonymous_1)
FNDA:1,(anonymous_2)
FNDA:1,(anonymous_3)
FNDA:1,(anonymous_4)
FNDA:1,(anonymous_5)
FNDA:0,(anonymous_6)
FNDA:0,(anonymous_7)
FNDA:1,(anonymous_8)
FNDA:1,(anonymous_9)
FNDA:1,(anonymous_10)
FNDA:1,(anonymous_11)
FNDA:0,(anonymous_12)
FNDA:0,(anonymous_13)
FNDA:0,(anonymous_14)
FNDA:0,(anonymous_15)
FNDA:0,(anonymous_16)
FNDA:0,(anonymous_17)
DA:1,1
DA:2,1
DA:47,1
DA:48,1
DA:56,1
DA:57,1
DA:58,1
DA:59,1
DA:63,1
DA:64,1
DA:65,1
DA:69,0
DA:70,0
DA:71,0
DA:75,1
DA:76,1
DA:77,1
DA:81,1
DA:82,1
DA:83,1
DA:87,0
DA:88,0
DA:89,0
DA:93,0
DA:94,0
DA:95,0
DA:99,0
DA:100,0
DA:101,0
LF:29
LH:17
BRDA:75,0,0,0
BRF:1
BRH:0
end_of_record
TN:
SF:src/stores/useWeatherStore.ts
FN:52,(anonymous_0)
FN:64,(anonymous_1)
FN:64,(anonymous_2)
FN:76,(anonymous_3)
FN:76,(anonymous_4)
FN:82,(anonymous_5)
FN:82,(anonymous_6)
FN:88,(anonymous_7)
FN:88,(anonymous_8)
FN:94,(anonymous_9)
FN:94,(anonymous_10)
FN:127,(anonymous_11)
FNF:12
FNH:12
FNDA:1,(anonymous_0)
FNDA:2,(anonymous_1)
FNDA:2,(anonymous_2)
FNDA:2,(anonymous_3)
FNDA:2,(anonymous_4)
FNDA:2,(anonymous_5)
FNDA:2,(anonymous_6)
FNDA:1,(anonymous_7)
FNDA:1,(anonymous_8)
FNDA:1,(anonymous_9)
FNDA:1,(anonymous_10)
FNDA:6,(anonymous_11)
DA:1,1
DA:52,1
DA:64,2
DA:65,2
DA:66,2
DA:76,2
DA:82,2
DA:88,1
DA:94,1
DA:95,1
DA:96,1
DA:98,1
DA:99,1
DA:100,1
DA:102,1
DA:103,1
DA:105,1
DA:106,1
DA:107,1
DA:108,1
DA:109,0
DA:110,0
DA:112,1
DA:113,1
DA:114,1
DA:115,1
DA:116,1
DA:118,1
DA:119,1
DA:127,6
LF:30
LH:28
BRDA:96,0,0,0
BRDA:96,1,0,1
BRDA:96,1,1,1
BRDA:99,2,0,1
BRDA:99,2,1,0
BRDA:100,3,0,1
BRDA:100,3,1,0
BRDA:107,4,0,0
BRDA:107,4,1,1
BRDA:107,5,0,1
BRDA:107,5,1,1
BRDA:108,6,0,1
BRDA:108,6,1,0
BRDA:108,7,0,1
BRDA:108,7,1,1
BRDA:109,8,0,0
BRDA:109,8,1,0
BRDA:109,9,0,0
BRDA:109,9,1,0
BRDA:114,10,0,0
BRDA:114,10,1,1
BRDA:114,11,0,1
BRDA:114,11,1,1
BRDA:115,12,0,0
BRDA:115,12,1,1
BRDA:115,13,0,1
BRDA:115,13,1,1
BRDA:116,14,0,1
BRDA:116,15,0,1
BRDA:116,15,1,1
BRF:30
BRH:19
end_of_record
TN:
SF:src/types/index.ts
FNF:0
FNH:0
DA:407,0
DA:415,0
DA:423,0
DA:430,0
LF:4
LH:0
BRF:0
BRH:0
end_of_record
TN:
SF:src/types/swipe.ts
FNF:0
FNH:0
DA:60,0
DA:74,0
LF:2
LH:0
BRF:0
BRH:0
end_of_record
TN:
SF:src/utils/chatUtils.ts
FN:6,(anonymous_0)
FN:13,(anonymous_1)
FN:20,(anonymous_2)
FN:27,(anonymous_3)
FN:33,(anonymous_4)
FN:34,(anonymous_5)
FNF:6
FNH:0
FNDA:0,(anonymous_0)
FNDA:0,(anonymous_1)
FNDA:0,(anonymous_2)
FNDA:0,(anonymous_3)
FNDA:0,(anonymous_4)
FNDA:0,(anonymous_5)
DA:6,0
DA:7,0
DA:13,0
DA:14,0
DA:20,0
DA:21,0
DA:27,0
DA:32,0
DA:33,0
DA:35,0
DA:36,0
DA:38,0
LF:12
LH:0
BRDA:7,0,0,0
BRDA:7,0,1,0
BRDA:14,1,0,0
BRDA:14,1,1,0
BRDA:21,2,0,0
BRDA:21,2,1,0
BRDA:33,3,0,0
BRDA:33,3,1,0
BRDA:35,4,0,0
BRF:9
BRH:0
end_of_record
TN:
SF:src/utils/index.ts
FN:9,calculateAge
FN:23,calculateDistance
FN:44,deg2rad
FN:49,calculateCompatibilityScore
FN:69,(anonymous_4)
FN:77,getSizeCompatibility
FN:92,formatDisplayName
FN:97,formatPetAge
FN:104,isValidEmail
FN:110,generateId
FN:120,formatRelativeTime
FNF:11
FNH:11
FNDA:3,calculateAge
FNDA:3,calculateDistance
FNDA:12,deg2rad
FNDA:3,calculateCompatibilityScore
FNDA:6,(anonymous_4)
FNDA:3,getSizeCompatibility
FNDA:1,formatDisplayName
FNDA:3,formatPetAge
FNDA:8,isValidEmail
FNDA:4,generateId
FNDA:5,formatRelativeTime
DA:9,1
DA:10,3
DA:11,3
DA:12,3
DA:13,3
DA:15,3
DA:16,2
DA:19,1
DA:23,1
DA:29,3
DA:30,3
DA:31,3
DA:34,3
DA:38,3
DA:39,3
DA:41,3
DA:45,12
DA:49,1
DA:50,3
DA:53,3
DA:54,2
DA:58,3
DA:59,3
DA:62,3
DA:63,3
DA:64,0
DA:65,0
DA:66,0
DA:69,3
DA:70,6
DA:72,3
DA:74,3
DA:78,3
DA:79,3
DA:80,3
DA:82,3
DA:84,3
DA:85,3
DA:86,3
DA:87,0
DA:88,0
DA:92,1
DA:93,1
DA:97,1
DA:98,3
DA:99,2
DA:100,1
DA:104,1
DA:105,8
DA:106,8
DA:110,1
DA:111,4
DA:112,4
DA:113,4
DA:114,32
DA:116,4
DA:120,1
DA:121,5
DA:122,5
DA:123,5
DA:125,5
DA:126,4
DA:127,3
DA:128,2
DA:130,1
LF:65
LH:60
BRDA:15,0,0,2
BRDA:15,1,0,3
BRDA:15,1,1,2
BRDA:15,1,2,1
BRDA:53,2,0,2
BRDA:63,3,0,3
BRDA:63,3,1,0
BRDA:64,4,0,0
BRDA:64,4,1,0
BRDA:65,5,0,0
BRDA:65,5,1,0
BRDA:66,6,0,0
BRDA:82,7,0,0
BRDA:82,8,0,3
BRDA:82,8,1,3
BRDA:85,9,0,0
BRDA:86,10,0,3
BRDA:87,11,0,0
BRDA:98,12,0,1
BRDA:99,13,0,1
BRDA:110,14,0,4
BRDA:125,15,0,1
BRDA:126,16,0,1
BRDA:127,17,0,1
BRDA:128,18,0,1
BRF:25
BRH:16
end_of_record
