TN:
SF:src/components/AnimatedSplash.tsx
FN:31,(anonymous_0)
FN:42,(anonymous_1)
FN:85,(anonymous_2)
FN:94,(anonymous_3)
FN:166,(anonymous_4)
FN:171,(anonymous_5)
FN:172,(anonymous_6)
FN:196,(anonymous_7)
FN:198,(anonymous_8)
FN:199,(anonymous_9)
FN:205,(anonymous_10)
FNF:11
FNH:0
FNDA:0,(anonymous_0)
FNDA:0,(anonymous_1)
FNDA:0,(anonymous_2)
FNDA:0,(anonymous_3)
FNDA:0,(anonymous_4)
FNDA:0,(anonymous_5)
FNDA:0,(anonymous_6)
FNDA:0,(anonymous_7)
FNDA:0,(anonymous_8)
FNDA:0,(anonymous_9)
FNDA:0,(anonymous_10)
DA:14,0
DA:31,0
DA:36,0
DA:37,0
DA:38,0
DA:39,0
DA:40,0
DA:42,0
DA:44,0
DA:85,0
DA:87,0
DA:90,0
DA:94,0
DA:95,0
DA:99,0
DA:166,0
DA:167,0
DA:168,0
DA:169,0
DA:171,0
DA:172,0
DA:173,0
DA:190,0
DA:196,0
DA:198,0
DA:199,0
DA:203,0
DA:206,0
DA:220,0
LF:29
LH:0
BRDA:33,0,0,0
BRF:1
BRH:0
end_of_record
TN:
SF:src/components/EliteComponents.tsx
FN:83,(anonymous_0)
FN:110,(anonymous_1)
FN:140,(anonymous_2)
FN:148,(anonymous_3)
FN:152,(anonymous_4)
FN:201,(anonymous_5)
FN:279,(anonymous_6)
FN:301,(anonymous_7)
FN:310,(anonymous_8)
FN:314,(anonymous_9)
FN:318,(anonymous_10)
FN:323,(anonymous_11)
FN:328,(anonymous_12)
FN:342,(anonymous_13)
FN:347,(anonymous_14)
FN:375,(anonymous_15)
FN:390,(anonymous_16)
FN:403,(anonymous_17)
FN:529,(anonymous_18)
FN:543,(anonymous_19)
FN:552,(anonymous_20)
FN:556,(anonymous_21)
FN:560,(anonymous_22)
FN:567,(anonymous_23)
FN:571,(anonymous_24)
FN:610,(anonymous_25)
FNF:26
FNH:0
FNDA:0,(anonymous_0)
FNDA:0,(anonymous_1)
FNDA:0,(anonymous_2)
FNDA:0,(anonymous_3)
FNDA:0,(anonymous_4)
FNDA:0,(anonymous_5)
FNDA:0,(anonymous_6)
FNDA:0,(anonymous_7)
FNDA:0,(anonymous_8)
FNDA:0,(anonymous_9)
FNDA:0,(anonymous_10)
FNDA:0,(anonymous_11)
FNDA:0,(anonymous_12)
FNDA:0,(anonymous_13)
FNDA:0,(anonymous_14)
FNDA:0,(anonymous_15)
FNDA:0,(anonymous_16)
FNDA:0,(anonymous_17)
FNDA:0,(anonymous_18)
FNDA:0,(anonymous_19)
FNDA:0,(anonymous_20)
FNDA:0,(anonymous_21)
FNDA:0,(anonymous_22)
FNDA:0,(anonymous_23)
FNDA:0,(anonymous_24)
FNDA:0,(anonymous_25)
DA:39,1
DA:83,1
DA:88,0
DA:90,0
DA:92,0
DA:110,1
DA:115,0
DA:140,1
DA:148,0
DA:149,0
DA:152,0
DA:153,0
DA:154,0
DA:158,0
DA:182,0
DA:183,0
DA:192,0
DA:201,1
DA:206,0
DA:222,1
DA:234,1
DA:279,1
DA:294,0
DA:295,0
DA:296,0
DA:297,0
DA:298,0
DA:301,0
DA:302,0
DA:303,0
DA:310,0
DA:314,0
DA:318,0
DA:323,0
DA:328,0
DA:329,0
DA:330,0
DA:332,0
DA:333,0
DA:334,0
DA:335,0
DA:336,0
DA:339,0
DA:342,0
DA:343,0
DA:344,0
DA:347,0
DA:348,0
DA:354,0
DA:356,0
DA:358,0
DA:360,0
DA:367,0
DA:369,0
DA:371,0
DA:375,0
DA:376,0
DA:378,0
DA:381,0
DA:384,0
DA:386,0
DA:390,0
DA:391,0
DA:393,0
DA:395,0
DA:397,0
DA:399,0
DA:403,0
DA:404,0
DA:406,0
DA:408,0
DA:410,0
DA:412,0
DA:414,0
DA:416,0
DA:421,0
DA:450,0
DA:529,1
DA:539,0
DA:540,0
DA:543,0
DA:544,0
DA:545,0
DA:552,0
DA:556,0
DA:560,0
DA:561,0
DA:562,0
DA:563,0
DA:567,0
DA:568,0
DA:571,0
DA:572,0
DA:578,0
DA:580,0
DA:592,0
DA:597,0
DA:602,0
DA:610,0
DA:611,0
DA:613,0
DA:615,0
DA:617,0
DA:619,0
DA:624,0
DA:629,0
DA:630,0
DA:632,0
DA:633,0
DA:695,0
LF:110
LH:9
BRDA:85,0,0,0
BRDA:90,1,0,0
BRDA:90,1,1,0
BRDA:112,2,0,0
BRDA:143,3,0,0
BRDA:146,4,0,0
BRDA:159,5,0,0
BRDA:159,5,1,0
BRDA:171,6,0,0
BRDA:171,6,1,0
BRDA:171,6,2,0
BRDA:182,7,0,0
BRDA:182,7,1,0
BRDA:204,8,0,0
BRDA:208,9,0,0
BRDA:208,9,1,0
BRDA:214,10,0,0
BRDA:214,10,1,0
BRDA:214,10,2,0
BRDA:281,11,0,0
BRDA:282,12,0,0
BRDA:284,13,0,0
BRDA:286,14,0,0
BRDA:287,15,0,0
BRDA:288,16,0,0
BRDA:302,17,0,0
BRDA:302,17,1,0
BRDA:332,18,0,0
BRDA:332,18,1,0
BRDA:354,19,0,0
BRDA:354,19,1,0
BRDA:354,19,2,0
BRDA:354,19,3,0
BRDA:354,19,4,0
BRDA:354,19,5,0
BRDA:371,20,0,0
BRDA:371,20,1,0
BRDA:376,21,0,0
BRDA:376,21,1,0
BRDA:376,21,2,0
BRDA:376,21,3,0
BRDA:376,21,4,0
BRDA:376,21,5,0
BRDA:391,22,0,0
BRDA:391,22,1,0
BRDA:391,22,2,0
BRDA:391,22,3,0
BRDA:404,23,0,0
BRDA:404,23,1,0
BRDA:406,24,0,0
BRDA:406,24,1,0
BRDA:406,24,2,0
BRDA:406,24,3,0
BRDA:406,24,4,0
BRDA:421,25,0,0
BRDA:421,25,1,0
BRDA:421,26,0,0
BRDA:421,26,1,0
BRDA:422,27,0,0
BRDA:422,27,1,0
BRDA:425,28,0,0
BRDA:425,28,1,0
BRDA:425,29,0,0
BRDA:425,29,1,0
BRDA:425,29,2,0
BRDA:434,30,0,0
BRDA:434,30,1,0
BRDA:437,31,0,0
BRDA:437,31,1,0
BRDA:437,32,0,0
BRDA:437,32,1,0
BRDA:437,33,0,0
BRDA:437,33,1,0
BRDA:438,34,0,0
BRDA:438,34,1,0
BRDA:438,35,0,0
BRDA:438,35,1,0
BRDA:438,35,2,0
BRDA:453,36,0,0
BRDA:453,36,1,0
BRDA:457,37,0,0
BRDA:457,37,1,0
BRDA:461,38,0,0
BRDA:461,38,1,0
BRDA:481,39,0,0
BRDA:481,39,1,0
BRDA:533,40,0,0
BRDA:534,41,0,0
BRDA:535,42,0,0
BRDA:536,43,0,0
BRDA:537,44,0,0
BRDA:544,45,0,0
BRDA:544,45,1,0
BRDA:562,46,0,0
BRDA:562,46,1,0
BRDA:578,47,0,0
BRDA:578,47,1,0
BRDA:578,47,2,0
BRDA:578,47,3,0
BRDA:611,48,0,0
BRDA:611,48,1,0
BRDA:611,48,2,0
BRDA:611,48,3,0
BRDA:619,49,0,0
BRDA:619,49,1,0
BRDA:632,50,0,0
BRDA:632,50,1,0
BRDA:643,51,0,0
BRDA:643,51,1,0
BRDA:661,52,0,0
BRDA:661,52,1,0
BRDA:671,53,0,0
BRDA:671,53,1,0
BRDA:681,54,0,0
BRDA:681,54,1,0
BRDA:698,55,0,0
BRDA:698,55,1,0
BRDA:716,56,0,0
BRDA:716,56,1,0
BRDA:726,57,0,0
BRDA:726,57,1,0
BRDA:736,58,0,0
BRDA:736,58,1,0
BRF:123
BRH:0
end_of_record
TN:
SF:src/components/ErrorBoundary.tsx
FN:19,(anonymous_0)
FN:24,(anonymous_1)
FN:28,(anonymous_2)
FN:33,(anonymous_3)
FN:37,(anonymous_4)
FNF:5
FNH:0
FNDA:0,(anonymous_0)
FNDA:0,(anonymous_1)
FNDA:0,(anonymous_2)
FNDA:0,(anonymous_3)
FNDA:0,(anonymous_4)
DA:20,0
DA:21,0
DA:25,0
DA:29,0
DA:30,0
DA:33,0
DA:34,0
DA:38,0
DA:39,0
DA:40,0
DA:43,0
DA:71,0
DA:75,0
LF:13
LH:0
BRDA:38,0,0,0
BRDA:38,0,1,0
BRDA:39,1,0,0
BRDA:39,1,1,0
BRDA:52,2,0,0
BRDA:52,2,1,0
BRDA:52,2,2,0
BRDA:56,3,0,0
BRDA:56,3,1,0
BRF:9
BRH:0
end_of_record
TN:
SF:src/components/GlassMorphism.tsx
FN:93,(anonymous_0)
FN:108,(anonymous_1)
FN:113,(anonymous_2)
FN:120,(anonymous_3)
FN:181,(anonymous_4)
FN:190,(anonymous_5)
FN:223,(anonymous_6)
FN:265,(anonymous_7)
FN:277,(anonymous_8)
FN:310,(anonymous_9)
FN:333,(anonymous_10)
FN:338,(anonymous_11)
FN:343,(anonymous_12)
FN:387,(anonymous_13)
FN:425,(anonymous_14)
FN:435,(anonymous_15)
FN:445,(anonymous_16)
FN:494,(anonymous_17)
FNF:18
FNH:0
FNDA:0,(anonymous_0)
FNDA:0,(anonymous_1)
FNDA:0,(anonymous_2)
FNDA:0,(anonymous_3)
FNDA:0,(anonymous_4)
FNDA:0,(anonymous_5)
FNDA:0,(anonymous_6)
FNDA:0,(anonymous_7)
FNDA:0,(anonymous_8)
FNDA:0,(anonymous_9)
FNDA:0,(anonymous_10)
FNDA:0,(anonymous_11)
FNDA:0,(anonymous_12)
FNDA:0,(anonymous_13)
FNDA:0,(anonymous_14)
FNDA:0,(anonymous_15)
FNDA:0,(anonymous_16)
FNDA:0,(anonymous_17)
DA:21,1
DA:93,1
DA:105,0
DA:106,0
DA:108,0
DA:113,0
DA:114,0
DA:115,0
DA:116,0
DA:120,0
DA:121,0
DA:122,0
DA:123,0
DA:127,0
DA:135,0
DA:140,0
DA:181,1
DA:190,0
DA:191,0
DA:193,0
DA:200,0
DA:207,0
DA:214,0
DA:223,0
DA:224,0
DA:226,0
DA:228,0
DA:230,0
DA:232,0
DA:236,0
DA:237,0
DA:239,0
DA:265,1
DA:274,0
DA:275,0
DA:277,0
DA:278,0
DA:280,0
DA:287,0
DA:294,0
DA:301,0
DA:310,0
DA:311,0
DA:313,0
DA:319,0
DA:325,0
DA:333,0
DA:338,0
DA:339,0
DA:340,0
DA:343,0
DA:344,0
DA:345,0
DA:348,0
DA:349,0
DA:351,0
DA:387,1
DA:393,0
DA:425,1
DA:432,0
DA:433,0
DA:435,0
DA:436,0
DA:437,0
DA:438,0
DA:440,0
DA:441,0
DA:445,0
DA:450,0
DA:452,0
DA:494,1
DA:499,0
LF:72
LH:7
BRDA:95,0,0,0
BRDA:96,1,0,0
BRDA:97,2,0,0
BRDA:98,3,0,0
BRDA:99,4,0,0
BRDA:100,5,0,0
BRDA:101,6,0,0
BRDA:114,7,0,0
BRDA:114,7,1,0
BRDA:121,8,0,0
BRDA:121,8,1,0
BRDA:142,9,0,0
BRDA:142,9,1,0
BRDA:183,10,0,0
BRDA:184,11,0,0
BRDA:185,12,0,0
BRDA:186,13,0,0
BRDA:191,14,0,0
BRDA:191,14,1,0
BRDA:191,14,2,0
BRDA:191,14,3,0
BRDA:224,15,0,0
BRDA:224,15,1,0
BRDA:224,15,2,0
BRDA:224,15,3,0
BRDA:267,16,0,0
BRDA:268,17,0,0
BRDA:269,18,0,0
BRDA:278,19,0,0
BRDA:278,19,1,0
BRDA:278,19,2,0
BRDA:278,19,3,0
BRDA:311,20,0,0
BRDA:311,20,1,0
BRDA:311,20,2,0
BRDA:369,21,0,0
BRDA:369,21,1,0
BRDA:389,22,0,0
BRDA:436,23,0,0
BRDA:436,23,1,0
BRDA:450,24,0,0
BRDA:450,24,1,0
BRF:42
BRH:0
end_of_record
TN:
SF:src/components/GlowShadowSystem.tsx
FN:147,(anonymous_0)
FN:158,(anonymous_1)
FN:175,(anonymous_2)
FN:210,(anonymous_3)
FN:241,(anonymous_4)
FN:252,(anonymous_5)
FN:269,(anonymous_6)
FN:304,(anonymous_7)
FN:343,(anonymous_8)
FN:354,(anonymous_9)
FN:382,(anonymous_10)
FN:423,(anonymous_11)
FN:453,(anonymous_12)
FN:493,(anonymous_13)
FN:503,(anonymous_14)
FN:516,(anonymous_15)
FNF:16
FNH:0
FNDA:0,(anonymous_0)
FNDA:0,(anonymous_1)
FNDA:0,(anonymous_2)
FNDA:0,(anonymous_3)
FNDA:0,(anonymous_4)
FNDA:0,(anonymous_5)
FNDA:0,(anonymous_6)
FNDA:0,(anonymous_7)
FNDA:0,(anonymous_8)
FNDA:0,(anonymous_9)
FNDA:0,(anonymous_10)
FNDA:0,(anonymous_11)
FNDA:0,(anonymous_12)
FNDA:0,(anonymous_13)
FNDA:0,(anonymous_14)
FNDA:0,(anonymous_15)
DA:20,1
DA:147,1
DA:156,0
DA:158,0
DA:159,0
DA:160,0
DA:175,0
DA:176,0
DA:177,0
DA:184,0
DA:186,0
DA:210,1
DA:216,0
DA:218,0
DA:241,1
DA:250,0
DA:252,0
DA:253,0
DA:254,0
DA:269,0
DA:273,0
DA:275,0
DA:304,1
DA:313,0
DA:343,1
DA:351,0
DA:352,0
DA:354,0
DA:355,0
DA:368,0
DA:382,0
DA:383,0
DA:384,0
DA:392,0
DA:394,0
DA:423,1
DA:442,0
DA:454,0
DA:455,0
DA:493,1
DA:501,0
DA:503,0
DA:504,0
DA:505,0
DA:516,0
DA:520,0
DA:521,0
DA:523,0
LF:48
LH:8
BRDA:149,0,0,0
BRDA:150,1,0,0
BRDA:151,2,0,0
BRDA:152,3,0,0
BRDA:159,4,0,0
BRDA:159,4,1,0
BRDA:193,5,0,0
BRDA:193,5,1,0
BRDA:212,6,0,0
BRDA:243,7,0,0
BRDA:244,8,0,0
BRDA:245,9,0,0
BRDA:246,10,0,0
BRDA:253,11,0,0
BRDA:253,11,1,0
BRDA:284,12,0,0
BRDA:284,12,1,0
BRDA:306,13,0,0
BRDA:307,14,0,0
BRDA:308,15,0,0
BRDA:309,16,0,0
BRDA:345,17,0,0
BRDA:346,18,0,0
BRDA:347,19,0,0
BRDA:425,20,0,0
BRDA:495,21,0,0
BRDA:496,22,0,0
BRDA:497,23,0,0
BRDA:504,24,0,0
BRDA:504,24,1,0
BRDA:534,25,0,0
BRDA:534,25,1,0
BRF:32
BRH:0
end_of_record
TN:
SF:src/components/HolographicEffects.tsx
FN:78,(anonymous_0)
FN:93,(anonymous_1)
FN:104,(anonymous_2)
FN:118,(anonymous_3)
FN:131,(anonymous_4)
FN:135,(anonymous_5)
FN:139,(anonymous_6)
FN:225,(anonymous_7)
FN:235,(anonymous_8)
FN:274,(anonymous_9)
FN:286,(anonymous_10)
FN:309,(anonymous_11)
FN:314,(anonymous_12)
FN:319,(anonymous_13)
FN:365,(anonymous_14)
FN:375,(anonymous_15)
FN:385,(anonymous_16)
FN:444,(anonymous_17)
FN:451,(anonymous_18)
FN:459,(anonymous_19)
FN:460,(anonymous_20)
FN:515,(anonymous_21)
FN:516,(anonymous_22)
FNF:23
FNH:0
FNDA:0,(anonymous_0)
FNDA:0,(anonymous_1)
FNDA:0,(anonymous_2)
FNDA:0,(anonymous_3)
FNDA:0,(anonymous_4)
FNDA:0,(anonymous_5)
FNDA:0,(anonymous_6)
FNDA:0,(anonymous_7)
FNDA:0,(anonymous_8)
FNDA:0,(anonymous_9)
FNDA:0,(anonymous_10)
FNDA:0,(anonymous_11)
FNDA:0,(anonymous_12)
FNDA:0,(anonymous_13)
FNDA:0,(anonymous_14)
FNDA:0,(anonymous_15)
FNDA:0,(anonymous_16)
FNDA:0,(anonymous_17)
FNDA:0,(anonymous_18)
FNDA:0,(anonymous_19)
FNDA:0,(anonymous_20)
FNDA:0,(anonymous_21)
FNDA:0,(anonymous_22)
DA:22,1
DA:78,1
DA:88,0
DA:89,0
DA:90,0
DA:93,0
DA:94,0
DA:95,0
DA:104,0
DA:105,0
DA:106,0
DA:118,0
DA:119,0
DA:120,0
DA:131,0
DA:135,0
DA:139,0
DA:144,0
DA:146,0
DA:225,1
DA:235,0
DA:236,0
DA:238,0
DA:240,0
DA:242,0
DA:244,0
DA:248,0
DA:250,0
DA:274,1
DA:283,0
DA:284,0
DA:286,0
DA:287,0
DA:289,0
DA:295,0
DA:301,0
DA:309,0
DA:314,0
DA:315,0
DA:316,0
DA:319,0
DA:320,0
DA:321,0
DA:324,0
DA:326,0
DA:365,1
DA:373,0
DA:375,0
DA:376,0
DA:377,0
DA:385,0
DA:389,0
DA:391,0
DA:444,1
DA:451,0
DA:459,0
DA:460,0
DA:461,0
DA:474,0
DA:487,0
DA:498,0
DA:500,0
DA:516,0
DA:527,0
LF:64
LH:6
BRDA:80,0,0,0
BRDA:81,1,0,0
BRDA:82,2,0,0
BRDA:83,3,0,0
BRDA:84,4,0,0
BRDA:94,5,0,0
BRDA:94,5,1,0
BRDA:105,6,0,0
BRDA:105,6,1,0
BRDA:119,7,0,0
BRDA:119,7,1,0
BRDA:154,8,0,0
BRDA:154,8,1,0
BRDA:184,9,0,0
BRDA:184,9,1,0
BRDA:227,10,0,0
BRDA:228,11,0,0
BRDA:229,12,0,0
BRDA:230,13,0,0
BRDA:231,14,0,0
BRDA:236,15,0,0
BRDA:236,15,1,0
BRDA:236,15,2,0
BRDA:236,15,3,0
BRDA:276,16,0,0
BRDA:277,17,0,0
BRDA:278,18,0,0
BRDA:287,19,0,0
BRDA:287,19,1,0
BRDA:287,19,2,0
BRDA:344,20,0,0
BRDA:344,20,1,0
BRDA:367,21,0,0
BRDA:368,22,0,0
BRDA:369,23,0,0
BRDA:370,24,0,0
BRDA:376,25,0,0
BRDA:376,25,1,0
BRDA:445,26,0,0
BRDA:446,27,0,0
BRDA:447,28,0,0
BRF:41
BRH:0
end_of_record
TN:
SF:src/components/ImmersiveCard.tsx
FN:74,(anonymous_0)
FN:106,(anonymous_1)
FN:158,(anonymous_2)
FN:165,(anonymous_3)
FN:170,(anonymous_4)
FN:174,(anonymous_5)
FN:179,(anonymous_6)
FN:186,(anonymous_7)
FN:191,(anonymous_8)
FN:219,(anonymous_9)
FN:228,(anonymous_10)
FN:292,(anonymous_11)
FNF:12
FNH:0
FNDA:0,(anonymous_0)
FNDA:0,(anonymous_1)
FNDA:0,(anonymous_2)
FNDA:0,(anonymous_3)
FNDA:0,(anonymous_4)
FNDA:0,(anonymous_5)
FNDA:0,(anonymous_6)
FNDA:0,(anonymous_7)
FNDA:0,(anonymous_8)
FNDA:0,(anonymous_9)
FNDA:0,(anonymous_10)
FNDA:0,(anonymous_11)
DA:50,0
DA:73,0
DA:92,0
DA:93,0
DA:94,0
DA:97,0
DA:98,0
DA:103,0
DA:106,0
DA:107,0
DA:114,0
DA:116,0
DA:123,0
DA:130,0
DA:137,0
DA:144,0
DA:153,0
DA:158,0
DA:159,0
DA:160,0
DA:161,0
DA:165,0
DA:166,0
DA:170,0
DA:171,0
DA:174,0
DA:175,0
DA:179,0
DA:180,0
DA:182,0
DA:183,0
DA:186,0
DA:187,0
DA:191,0
DA:192,0
DA:194,0
DA:219,0
DA:220,0
DA:222,0
DA:228,0
DA:230,0
DA:247,0
DA:248,0
DA:249,0
DA:262,0
DA:267,0
DA:288,0
DA:289,0
DA:293,0
DA:294,0
DA:317,0
DA:335,0
LF:52
LH:0
BRDA:77,0,0,0
BRDA:78,1,0,0
BRDA:79,2,0,0
BRDA:80,3,0,0
BRDA:81,4,0,0
BRDA:82,5,0,0
BRDA:99,6,0,0
BRDA:99,6,1,0
BRDA:114,7,0,0
BRDA:114,7,1,0
BRDA:114,7,2,0
BRDA:114,7,3,0
BRDA:114,7,4,0
BRDA:114,7,5,0
BRDA:160,8,0,0
BRDA:160,8,1,0
BRDA:180,9,0,0
BRDA:180,9,1,0
BRDA:192,10,0,0
BRDA:192,10,1,0
BRDA:220,11,0,0
BRDA:220,11,1,0
BRDA:220,12,0,0
BRDA:220,12,1,0
BRDA:247,13,0,0
BRDA:247,13,1,0
BRDA:247,14,0,0
BRDA:247,14,1,0
BRDA:274,15,0,0
BRDA:274,15,1,0
BRDA:275,16,0,0
BRDA:275,16,1,0
BRDA:276,17,0,0
BRDA:276,17,1,0
BRDA:278,18,0,0
BRDA:278,18,1,0
BRDA:288,19,0,0
BRDA:288,19,1,0
BRDA:293,20,0,0
BRDA:293,20,1,0
BRF:40
BRH:0
end_of_record
TN:
SF:src/components/InteractiveButton.tsx
FN:91,(anonymous_0)
FN:124,(anonymous_1)
FN:185,(anonymous_2)
FN:223,(anonymous_3)
FN:233,(anonymous_4)
FN:237,(anonymous_5)
FN:249,(anonymous_6)
FN:253,(anonymous_7)
FN:260,(anonymous_8)
FN:264,(anonymous_9)
FN:271,(anonymous_10)
FN:276,(anonymous_11)
FN:300,(anonymous_12)
FNF:13
FNH:0
FNDA:0,(anonymous_0)
FNDA:0,(anonymous_1)
FNDA:0,(anonymous_2)
FNDA:0,(anonymous_3)
FNDA:0,(anonymous_4)
FNDA:0,(anonymous_5)
FNDA:0,(anonymous_6)
FNDA:0,(anonymous_7)
FNDA:0,(anonymous_8)
FNDA:0,(anonymous_9)
FNDA:0,(anonymous_10)
FNDA:0,(anonymous_11)
FNDA:0,(anonymous_12)
DA:59,0
DA:90,0
DA:112,0
DA:113,0
DA:116,0
DA:117,0
DA:118,0
DA:121,0
DA:124,0
DA:125,0
DA:135,0
DA:137,0
DA:144,0
DA:151,0
DA:159,0
DA:166,0
DA:172,0
DA:180,0
DA:185,0
DA:186,0
DA:192,0
DA:196,0
DA:202,0
DA:209,0
DA:215,0
DA:223,0
DA:224,0
DA:225,0
DA:228,0
DA:233,0
DA:234,0
DA:237,0
DA:238,0
DA:241,0
DA:245,0
DA:249,0
DA:250,0
DA:252,0
DA:253,0
DA:254,0
DA:255,0
DA:256,0
DA:260,0
DA:261,0
DA:263,0
DA:264,0
DA:265,0
DA:266,0
DA:267,0
DA:271,0
DA:272,0
DA:276,0
DA:277,0
DA:278,0
DA:290,0
DA:300,0
DA:302,0
DA:353,0
DA:354,0
DA:355,0
DA:370,0
DA:373,0
DA:377,0
LF:63
LH:0
BRDA:94,0,0,0
BRDA:95,1,0,0
BRDA:96,2,0,0
BRDA:97,3,0,0
BRDA:98,4,0,0
BRDA:99,5,0,0
BRDA:100,6,0,0
BRDA:101,7,0,0
BRDA:118,8,0,0
BRDA:118,8,1,0
BRDA:135,9,0,0
BRDA:135,9,1,0
BRDA:135,9,2,0
BRDA:135,9,3,0
BRDA:135,9,4,0
BRDA:135,9,5,0
BRDA:135,9,6,0
BRDA:192,10,0,0
BRDA:192,10,1,0
BRDA:192,10,2,0
BRDA:192,10,3,0
BRDA:192,10,4,0
BRDA:192,10,5,0
BRDA:192,10,6,0
BRDA:228,11,0,0
BRDA:228,11,1,0
BRDA:228,12,0,0
BRDA:228,12,1,0
BRDA:238,13,0,0
BRDA:238,13,1,0
BRDA:238,14,0,0
BRDA:238,14,1,0
BRDA:241,15,0,0
BRDA:241,15,1,0
BRDA:250,16,0,0
BRDA:250,16,1,0
BRDA:250,17,0,0
BRDA:250,17,1,0
BRDA:261,18,0,0
BRDA:261,18,1,0
BRDA:261,19,0,0
BRDA:261,19,1,0
BRDA:277,20,0,0
BRDA:277,20,1,0
BRDA:282,21,0,0
BRDA:282,21,1,0
BRDA:282,22,0,0
BRDA:282,22,1,0
BRDA:282,22,2,0
BRDA:292,23,0,0
BRDA:292,23,1,0
BRDA:294,24,0,0
BRDA:294,24,1,0
BRDA:309,25,0,0
BRDA:309,25,1,0
BRDA:315,26,0,0
BRDA:315,26,1,0
BRDA:321,27,0,0
BRDA:321,27,1,0
BRDA:341,28,0,0
BRDA:341,28,1,0
BRDA:353,29,0,0
BRDA:353,29,1,0
BRDA:353,30,0,0
BRDA:353,30,1,0
BRF:65
BRH:0
end_of_record
TN:
SF:src/components/LazyScreen.tsx
FN:29,(anonymous_0)
FN:54,(anonymous_1)
FN:93,(anonymous_2)
FN:98,(anonymous_3)
FN:102,(anonymous_4)
FN:106,(anonymous_5)
FN:110,(anonymous_6)
FN:123,(anonymous_7)
FN:131,(anonymous_8)
FN:150,(anonymous_9)
FN:154,(anonymous_10)
FN:162,(anonymous_11)
FN:163,(anonymous_12)
FN:166,(anonymous_13)
FN:176,(anonymous_14)
FN:178,(anonymous_15)
FN:193,(anonymous_16)
FN:195,(anonymous_17)
FN:210,(anonymous_18)
FN:212,(anonymous_19)
FNF:20
FNH:0
FNDA:0,(anonymous_0)
FNDA:0,(anonymous_1)
FNDA:0,(anonymous_2)
FNDA:0,(anonymous_3)
FNDA:0,(anonymous_4)
FNDA:0,(anonymous_5)
FNDA:0,(anonymous_6)
FNDA:0,(anonymous_7)
FNDA:0,(anonymous_8)
FNDA:0,(anonymous_9)
FNDA:0,(anonymous_10)
FNDA:0,(anonymous_11)
FNDA:0,(anonymous_12)
FNDA:0,(anonymous_13)
FNDA:0,(anonymous_14)
FNDA:0,(anonymous_15)
FNDA:0,(anonymous_16)
FNDA:0,(anonymous_17)
FNDA:0,(anonymous_18)
FNDA:0,(anonymous_19)
DA:29,0
DA:30,0
DA:32,0
DA:54,0
DA:55,0
DA:57,0
DA:94,0
DA:95,0
DA:99,0
DA:103,0
DA:106,0
DA:107,0
DA:111,0
DA:112,0
DA:113,0
DA:116,0
DA:123,0
DA:127,0
DA:128,0
DA:129,0
DA:131,0
DA:132,0
DA:141,0
DA:143,0
DA:150,0
DA:154,0
DA:155,0
DA:162,0
DA:163,0
DA:166,0
DA:167,0
DA:171,0
DA:175,0
DA:176,0
DA:179,0
DA:180,0
DA:192,0
DA:193,0
DA:196,0
DA:197,0
DA:209,0
DA:210,0
DA:213,0
DA:214,0
DA:226,0
LF:45
LH:0
BRDA:68,0,0,0
BRDA:68,0,1,0
BRDA:111,1,0,0
BRDA:111,1,1,0
BRDA:111,2,0,0
BRDA:111,2,1,0
BRDA:125,3,0,0
BRDA:128,4,0,0
BRDA:128,4,1,0
BRDA:129,5,0,0
BRDA:129,5,1,0
BRDA:141,6,0,0
BRDA:141,6,1,0
BRF:13
BRH:0
end_of_record
TN:
SF:src/components/ModernPhotoUpload.tsx
FN:52,(anonymous_0)
FN:69,(anonymous_1)
FN:74,(anonymous_2)
FN:88,(anonymous_3)
FN:116,(anonymous_4)
FN:117,(anonymous_5)
FN:142,(anonymous_6)
FN:147,(anonymous_7)
FN:152,(anonymous_8)
FN:195,(anonymous_9)
FN:207,(anonymous_10)
FN:231,(anonymous_11)
FNF:12
FNH:0
FNDA:0,(anonymous_0)
FNDA:0,(anonymous_1)
FNDA:0,(anonymous_2)
FNDA:0,(anonymous_3)
FNDA:0,(anonymous_4)
FNDA:0,(anonymous_5)
FNDA:0,(anonymous_6)
FNDA:0,(anonymous_7)
FNDA:0,(anonymous_8)
FNDA:0,(anonymous_9)
FNDA:0,(anonymous_10)
FNDA:0,(anonymous_11)
DA:32,0
DA:33,0
DA:52,0
DA:59,0
DA:62,0
DA:69,0
DA:70,0
DA:74,0
DA:75,0
DA:76,0
DA:77,0
DA:82,0
DA:84,0
DA:88,0
DA:89,0
DA:91,0
DA:92,0
DA:94,0
DA:95,0
DA:97,0
DA:98,0
DA:105,0
DA:106,0
DA:112,0
DA:113,0
DA:116,0
DA:117,0
DA:118,0
DA:122,0
DA:123,0
DA:127,0
DA:128,0
DA:131,0
DA:137,0
DA:142,0
DA:143,0
DA:145,0
DA:147,0
DA:148,0
DA:152,0
DA:153,0
DA:154,0
DA:156,0
DA:195,0
DA:207,0
DA:208,0
DA:209,0
DA:211,0
DA:231,0
DA:232,0
DA:233,0
DA:234,0
DA:236,0
DA:239,0
DA:275,0
LF:55
LH:0
BRDA:55,0,0,0
BRDA:57,1,0,0
BRDA:76,2,0,0
BRDA:76,2,1,0
BRDA:89,3,0,0
BRDA:89,3,1,0
BRDA:89,4,0,0
BRDA:89,4,1,0
BRDA:89,4,2,0
BRDA:92,5,0,0
BRDA:92,5,1,0
BRDA:105,6,0,0
BRDA:105,6,1,0
BRDA:105,7,0,0
BRDA:105,7,1,0
BRDA:118,8,0,0
BRDA:118,8,1,0
BRDA:143,9,0,0
BRDA:143,9,1,0
BRDA:143,10,0,0
BRDA:143,10,1,0
BRDA:171,11,0,0
BRDA:171,11,1,0
BRDA:181,12,0,0
BRDA:181,12,1,0
BRDA:189,13,0,0
BRDA:189,13,1,0
BRDA:189,13,2,0
BRDA:220,14,0,0
BRDA:220,14,1,0
BRDA:233,15,0,0
BRDA:233,15,1,0
BRDA:250,16,0,0
BRDA:250,16,1,0
BRF:34
BRH:0
end_of_record
TN:
SF:src/components/ModernSwipeCard.tsx
FN:71,(anonymous_0)
FN:86,(anonymous_1)
FN:91,(anonymous_2)
FN:98,(anonymous_3)
FN:106,(anonymous_4)
FN:113,(anonymous_5)
FN:121,(anonymous_6)
FN:128,(anonymous_7)
FN:137,(anonymous_8)
FN:140,(anonymous_9)
FN:143,(anonymous_10)
FN:146,(anonymous_11)
FN:149,(anonymous_12)
FN:152,(anonymous_13)
FN:171,(anonymous_14)
FN:178,(anonymous_15)
FN:180,(anonymous_16)
FN:185,(anonymous_17)
FN:187,(anonymous_18)
FN:193,(anonymous_19)
FN:206,(anonymous_20)
FN:219,(anonymous_21)
FN:233,(anonymous_22)
FN:243,(anonymous_23)
FN:270,(anonymous_24)
FN:348,(anonymous_25)
FNF:26
FNH:0
FNDA:0,(anonymous_0)
FNDA:0,(anonymous_1)
FNDA:0,(anonymous_2)
FNDA:0,(anonymous_3)
FNDA:0,(anonymous_4)
FNDA:0,(anonymous_5)
FNDA:0,(anonymous_6)
FNDA:0,(anonymous_7)
FNDA:0,(anonymous_8)
FNDA:0,(anonymous_9)
FNDA:0,(anonymous_10)
FNDA:0,(anonymous_11)
FNDA:0,(anonymous_12)
FNDA:0,(anonymous_13)
FNDA:0,(anonymous_14)
FNDA:0,(anonymous_15)
FNDA:0,(anonymous_16)
FNDA:0,(anonymous_17)
FNDA:0,(anonymous_18)
FNDA:0,(anonymous_19)
FNDA:0,(anonymous_20)
FNDA:0,(anonymous_21)
FNDA:0,(anonymous_22)
FNDA:0,(anonymous_23)
FNDA:0,(anonymous_24)
FNDA:0,(anonymous_25)
DA:36,0
DA:63,0
DA:71,0
DA:80,0
DA:81,0
DA:82,0
DA:83,0
DA:86,0
DA:87,0
DA:91,0
DA:92,0
DA:94,0
DA:95,0
DA:96,0
DA:98,0
DA:100,0
DA:102,0
DA:106,0
DA:107,0
DA:109,0
DA:110,0
DA:111,0
DA:113,0
DA:115,0
DA:117,0
DA:121,0
DA:122,0
DA:124,0
DA:125,0
DA:126,0
DA:128,0
DA:130,0
DA:132,0
DA:137,0
DA:138,0
DA:139,0
DA:140,0
DA:143,0
DA:144,0
DA:145,0
DA:146,0
DA:149,0
DA:150,0
DA:151,0
DA:152,0
DA:156,0
DA:164,0
DA:171,0
DA:172,0
DA:173,0
DA:178,0
DA:179,0
DA:180,0
DA:181,0
DA:185,0
DA:186,0
DA:187,0
DA:188,0
DA:193,0
DA:194,0
DA:201,0
DA:206,0
DA:207,0
DA:214,0
DA:219,0
DA:220,0
DA:227,0
DA:233,0
DA:243,0
DA:248,0
DA:271,0
DA:349,0
DA:367,0
DA:544,0
LF:74
LH:0
BRDA:76,0,0,0
BRDA:77,1,0,0
BRDA:92,2,0,0
BRDA:92,2,1,0
BRDA:107,3,0,0
BRDA:107,3,1,0
BRDA:122,4,0,0
BRDA:122,4,1,0
BRDA:138,5,0,0
BRDA:138,5,1,0
BRDA:138,6,0,0
BRDA:138,6,1,0
BRDA:144,7,0,0
BRDA:144,7,1,0
BRDA:144,8,0,0
BRDA:144,8,1,0
BRDA:150,9,0,0
BRDA:150,9,1,0
BRDA:150,10,0,0
BRDA:150,10,1,0
BRDA:172,11,0,0
BRDA:172,11,1,0
BRDA:179,12,0,0
BRDA:179,12,1,0
BRDA:186,13,0,0
BRDA:186,13,1,0
BRDA:236,14,0,0
BRDA:236,14,1,0
BRDA:237,15,0,0
BRDA:237,15,1,0
BRDA:239,16,0,0
BRDA:239,16,1,0
BRDA:245,17,0,0
BRDA:245,17,1,0
BRDA:251,18,0,0
BRDA:251,18,1,0
BRDA:276,19,0,0
BRDA:276,19,1,0
BRDA:292,20,0,0
BRDA:292,20,1,0
BRF:40
BRH:0
end_of_record
TN:
SF:src/components/MotionPrimitives.tsx
FN:24,(anonymous_0)
FN:31,(anonymous_1)
FN:34,(anonymous_2)
FN:35,(anonymous_3)
FN:49,(anonymous_4)
FN:85,(anonymous_5)
FN:93,(anonymous_6)
FN:134,(anonymous_7)
FN:142,(anonymous_8)
FN:151,(anonymous_9)
FN:242,(anonymous_10)
FN:267,AnimatedFlatList
FN:274,(anonymous_12)
FN:334,(anonymous_13)
FN:352,(anonymous_14)
FN:364,(anonymous_15)
FN:378,(anonymous_16)
FNF:17
FNH:0
FNDA:0,(anonymous_0)
FNDA:0,(anonymous_1)
FNDA:0,(anonymous_2)
FNDA:0,(anonymous_3)
FNDA:0,(anonymous_4)
FNDA:0,(anonymous_5)
FNDA:0,(anonymous_6)
FNDA:0,(anonymous_7)
FNDA:0,(anonymous_8)
FNDA:0,(anonymous_9)
FNDA:0,(anonymous_10)
FNDA:0,AnimatedFlatList
FNDA:0,(anonymous_12)
FNDA:0,(anonymous_13)
FNDA:0,(anonymous_14)
FNDA:0,(anonymous_15)
FNDA:0,(anonymous_16)
DA:24,0
DA:30,0
DA:31,0
DA:34,0
DA:35,0
DA:36,0
DA:44,0
DA:47,0
DA:50,0
DA:51,0
DA:85,0
DA:91,0
DA:93,0
DA:94,0
DA:95,0
DA:104,0
DA:134,0
DA:140,0
DA:142,0
DA:143,0
DA:151,0
DA:152,0
DA:154,0
DA:159,0
DA:172,0
DA:185,0
DA:198,0
DA:217,0
DA:223,0
DA:242,0
DA:254,0
DA:272,0
DA:274,0
DA:275,0
DA:277,0
DA:278,0
DA:279,0
DA:280,0
DA:283,0
DA:291,0
DA:293,0
DA:306,0
DA:314,0
DA:327,0
DA:331,0
DA:335,0
DA:352,0
DA:359,0
DA:360,0
DA:364,0
DA:365,0
DA:366,0
DA:367,0
DA:378,0
DA:379,0
DA:381,0
DA:394,0
DA:407,0
DA:420,0
DA:433,0
DA:439,0
LF:61
LH:0
BRDA:26,0,0,0
BRDA:87,1,0,0
BRDA:89,2,0,0
BRDA:94,3,0,0
BRDA:94,3,1,0
BRDA:136,4,0,0
BRDA:137,5,0,0
BRDA:152,6,0,0
BRDA:152,6,1,0
BRDA:152,6,2,0
BRDA:152,6,3,0
BRDA:152,6,4,0
BRDA:152,6,5,0
BRDA:268,7,0,0
BRDA:269,8,0,0
BRDA:275,9,0,0
BRDA:275,9,1,0
BRDA:278,10,0,0
BRDA:278,10,1,0
BRDA:291,11,0,0
BRDA:291,11,1,0
BRDA:291,11,2,0
BRDA:291,11,3,0
BRDA:354,12,0,0
BRDA:355,13,0,0
BRDA:356,14,0,0
BRDA:365,15,0,0
BRDA:365,15,1,0
BRDA:379,16,0,0
BRDA:379,16,1,0
BRDA:379,16,2,0
BRDA:379,16,3,0
BRDA:379,16,4,0
BRF:33
BRH:0
end_of_record
TN:
SF:src/components/NewComponents.tsx
FNF:0
FNH:0
LF:0
LH:0
BRF:0
BRH:0
end_of_record
TN:
SF:src/components/OptimizedImage.tsx
FN:42,(anonymous_0)
FN:63,(anonymous_1)
FN:69,(anonymous_2)
FN:74,(anonymous_3)
FN:144,(anonymous_4)
FN:145,(anonymous_5)
FN:158,(anonymous_6)
FN:166,(anonymous_7)
FN:173,(anonymous_8)
FN:183,(anonymous_9)
FN:191,(anonymous_10)
FN:199,(anonymous_11)
FNF:12
FNH:0
FNDA:0,(anonymous_0)
FNDA:0,(anonymous_1)
FNDA:0,(anonymous_2)
FNDA:0,(anonymous_3)
FNDA:0,(anonymous_4)
FNDA:0,(anonymous_5)
FNDA:0,(anonymous_6)
FNDA:0,(anonymous_7)
FNDA:0,(anonymous_8)
FNDA:0,(anonymous_9)
FNDA:0,(anonymous_10)
FNDA:0,(anonymous_11)
DA:42,0
DA:59,0
DA:60,0
DA:61,0
DA:63,0
DA:64,0
DA:65,0
DA:66,0
DA:69,0
DA:70,0
DA:71,0
DA:74,0
DA:75,0
DA:76,0
DA:77,0
DA:79,0
DA:80,0
DA:84,0
DA:90,0
DA:144,0
DA:145,0
DA:151,0
DA:158,0
DA:159,0
DA:166,0
DA:167,0
DA:173,0
DA:176,0
DA:183,0
DA:184,0
DA:191,0
DA:192,0
DA:199,0
DA:204,0
DA:219,0
LF:35
LH:0
BRDA:46,0,0,0
BRDA:47,1,0,0
BRDA:48,2,0,0
BRDA:49,3,0,0
BRDA:50,4,0,0
BRDA:51,5,0,0
BRDA:55,6,0,0
BRDA:79,7,0,0
BRDA:79,7,1,0
BRDA:101,8,0,0
BRDA:101,8,1,0
BRDA:106,9,0,0
BRDA:106,9,1,0
BRDA:106,9,2,0
BRDA:118,10,0,0
BRDA:118,10,1,0
BRDA:118,10,2,0
BRDA:144,11,0,0
BRDA:200,12,0,0
BRF:19
BRH:0
end_of_record
TN:
SF:src/components/PawPullToRefresh.tsx
FN:33,(anonymous_0)
FN:48,(anonymous_1)
FN:101,(anonymous_2)
FN:127,(anonymous_3)
FN:191,(anonymous_4)
FNF:5
FNH:0
FNDA:0,(anonymous_0)
FNDA:0,(anonymous_1)
FNDA:0,(anonymous_2)
FNDA:0,(anonymous_3)
FNDA:0,(anonymous_4)
DA:14,0
DA:33,0
DA:39,0
DA:42,0
DA:43,0
DA:44,0
DA:45,0
DA:48,0
DA:49,0
DA:51,0
DA:54,0
DA:99,0
DA:101,0
DA:102,0
DA:106,0
DA:127,0
DA:128,0
DA:142,0
DA:147,0
DA:152,0
DA:157,0
DA:192,0
DA:229,0
LF:23
LH:0
BRDA:49,0,0,0
BRDA:49,0,1,0
BRDA:160,1,0,0
BRDA:160,1,1,0
BRF:4
BRH:0
end_of_record
TN:
SF:src/components/PerformanceTestSuite.tsx
FN:45,PerformanceTestSuite
FN:62,(anonymous_1)
FN:67,(anonymous_2)
FN:71,(anonymous_3)
FN:78,(anonymous_4)
FN:79,(anonymous_5)
FN:80,(anonymous_6)
FN:102,(anonymous_7)
FN:112,(anonymous_8)
FN:113,(anonymous_9)
FN:114,(anonymous_10)
FN:120,(anonymous_11)
FN:141,(anonymous_12)
FN:142,(anonymous_13)
FN:143,(anonymous_14)
FN:156,(anonymous_15)
FN:164,(anonymous_16)
FN:176,(anonymous_17)
FN:180,(anonymous_18)
FN:184,(anonymous_19)
FN:188,(anonymous_20)
FN:206,(anonymous_21)
FN:218,(anonymous_22)
FN:227,(anonymous_23)
FN:323,(anonymous_24)
FN:336,getGradeColor
FNF:26
FNH:0
FNDA:0,PerformanceTestSuite
FNDA:0,(anonymous_1)
FNDA:0,(anonymous_2)
FNDA:0,(anonymous_3)
FNDA:0,(anonymous_4)
FNDA:0,(anonymous_5)
FNDA:0,(anonymous_6)
FNDA:0,(anonymous_7)
FNDA:0,(anonymous_8)
FNDA:0,(anonymous_9)
FNDA:0,(anonymous_10)
FNDA:0,(anonymous_11)
FNDA:0,(anonymous_12)
FNDA:0,(anonymous_13)
FNDA:0,(anonymous_14)
FNDA:0,(anonymous_15)
FNDA:0,(anonymous_16)
FNDA:0,(anonymous_17)
FNDA:0,(anonymous_18)
FNDA:0,(anonymous_19)
FNDA:0,(anonymous_20)
FNDA:0,(anonymous_21)
FNDA:0,(anonymous_22)
FNDA:0,(anonymous_23)
FNDA:0,(anonymous_24)
FNDA:0,getGradeColor
DA:46,0
DA:53,0
DA:54,0
DA:57,0
DA:58,0
DA:59,0
DA:62,0
DA:63,0
DA:67,0
DA:68,0
DA:69,0
DA:71,0
DA:72,0
DA:73,0
DA:78,0
DA:79,0
DA:80,0
DA:83,0
DA:89,0
DA:95,0
DA:102,0
DA:103,0
DA:104,0
DA:105,0
DA:106,0
DA:112,0
DA:113,0
DA:114,0
DA:117,0
DA:118,0
DA:120,0
DA:121,0
DA:123,0
DA:128,0
DA:129,0
DA:131,0
DA:132,0
DA:136,0
DA:141,0
DA:142,0
DA:143,0
DA:146,0
DA:148,0
DA:149,0
DA:156,0
DA:157,0
DA:158,0
DA:164,0
DA:165,0
DA:167,0
DA:174,0
DA:176,0
DA:177,0
DA:180,0
DA:181,0
DA:184,0
DA:185,0
DA:188,0
DA:190,0
DA:198,0
DA:206,0
DA:213,0
DA:214,0
DA:217,0
DA:218,0
DA:227,0
DA:235,0
DA:324,0
DA:337,0
DA:340,0
DA:342,0
DA:344,0
DA:347,0
DA:349,0
DA:353,0
LF:75
LH:0
BRDA:121,0,0,0
BRDA:121,0,1,0
BRDA:165,1,0,0
BRDA:165,1,1,0
BRDA:190,2,0,0
BRDA:190,2,1,0
BRDA:243,3,0,0
BRDA:243,3,1,0
BRDA:247,4,0,0
BRDA:247,4,1,0
BRDA:263,5,0,0
BRDA:263,5,1,0
BRDA:286,6,0,0
BRDA:286,6,1,0
BRDA:295,7,0,0
BRDA:295,7,1,0
BRDA:337,8,0,0
BRDA:337,8,1,0
BRDA:337,8,2,0
BRDA:337,8,3,0
BRDA:337,8,4,0
BRDA:337,8,5,0
BRDA:337,8,6,0
BRF:23
BRH:0
end_of_record
TN:
SF:src/components/PhotoUploadComponent.tsx
FN:40,(anonymous_0)
FN:49,(anonymous_1)
FN:53,(anonymous_2)
FN:66,(anonymous_3)
FN:104,(anonymous_4)
FN:145,(anonymous_5)
FN:150,(anonymous_6)
FN:151,(anonymous_7)
FN:157,(anonymous_8)
FN:166,(anonymous_9)
FN:167,(anonymous_10)
FN:169,(anonymous_11)
FN:179,(anonymous_12)
FN:180,(anonymous_13)
FN:187,(anonymous_14)
FN:189,(anonymous_15)
FN:205,(anonymous_16)
FN:212,(anonymous_17)
FNF:18
FNH:0
FNDA:0,(anonymous_0)
FNDA:0,(anonymous_1)
FNDA:0,(anonymous_2)
FNDA:0,(anonymous_3)
FNDA:0,(anonymous_4)
FNDA:0,(anonymous_5)
FNDA:0,(anonymous_6)
FNDA:0,(anonymous_7)
FNDA:0,(anonymous_8)
FNDA:0,(anonymous_9)
FNDA:0,(anonymous_10)
FNDA:0,(anonymous_11)
FNDA:0,(anonymous_12)
FNDA:0,(anonymous_13)
FNDA:0,(anonymous_14)
FNDA:0,(anonymous_15)
FNDA:0,(anonymous_16)
FNDA:0,(anonymous_17)
DA:18,0
DA:19,0
DA:34,0
DA:40,0
DA:46,0
DA:47,0
DA:49,0
DA:53,0
DA:54,0
DA:55,0
DA:56,0
DA:61,0
DA:63,0
DA:66,0
DA:67,0
DA:68,0
DA:69,0
DA:72,0
DA:73,0
DA:75,0
DA:76,0
DA:78,0
DA:79,0
DA:87,0
DA:88,0
DA:94,0
DA:97,0
DA:99,0
DA:100,0
DA:104,0
DA:105,0
DA:106,0
DA:107,0
DA:110,0
DA:111,0
DA:112,0
DA:117,0
DA:120,0
DA:122,0
DA:123,0
DA:129,0
DA:130,0
DA:136,0
DA:139,0
DA:141,0
DA:145,0
DA:146,0
DA:150,0
DA:151,0
DA:157,0
DA:158,0
DA:167,0
DA:169,0
DA:170,0
DA:172,0
DA:179,0
DA:180,0
DA:184,0
DA:187,0
DA:188,0
DA:190,0
DA:205,0
DA:212,0
DA:240,0
DA:277,0
LF:65
LH:0
BRDA:43,0,0,0
BRDA:44,1,0,0
BRDA:55,2,0,0
BRDA:55,2,1,0
BRDA:67,3,0,0
BRDA:67,3,1,0
BRDA:73,4,0,0
BRDA:73,4,1,0
BRDA:87,5,0,0
BRDA:87,5,1,0
BRDA:87,6,0,0
BRDA:87,6,1,0
BRDA:105,7,0,0
BRDA:105,7,1,0
BRDA:111,8,0,0
BRDA:111,8,1,0
BRDA:129,9,0,0
BRDA:129,9,1,0
BRDA:129,10,0,0
BRDA:129,10,1,0
BRDA:169,11,0,0
BRDA:169,11,1,0
BRDA:169,12,0,0
BRDA:169,12,1,0
BRDA:194,13,0,0
BRDA:194,13,1,0
BRDA:202,14,0,0
BRDA:202,14,1,0
BRDA:221,15,0,0
BRDA:221,15,1,0
BRDA:229,16,0,0
BRDA:229,16,1,0
BRDA:232,17,0,0
BRDA:232,17,1,0
BRDA:251,18,0,0
BRDA:251,18,1,0
BRDA:264,19,0,0
BRDA:264,19,1,0
BRF:38
BRH:0
end_of_record
TN:
SF:src/components/PremiumComponents.ts
FNF:0
FNH:0
DA:91,1
DA:143,1
DA:222,1
LF:3
LH:3
BRF:0
BRH:0
end_of_record
TN:
SF:src/components/PremiumTypography.tsx
FN:78,(anonymous_0)
FN:95,(anonymous_1)
FN:105,(anonymous_2)
FN:115,(anonymous_3)
FN:121,(anonymous_4)
FN:144,(anonymous_5)
FN:166,(anonymous_6)
FN:170,(anonymous_7)
FN:174,(anonymous_8)
FN:283,(anonymous_9)
FN:297,(anonymous_10)
FN:298,(anonymous_11)
FN:332,(anonymous_12)
FN:359,(anonymous_13)
FN:368,(anonymous_14)
FN:411,(anonymous_15)
FN:441,(anonymous_16)
FN:448,(anonymous_17)
FNF:18
FNH:0
FNDA:0,(anonymous_0)
FNDA:0,(anonymous_1)
FNDA:0,(anonymous_2)
FNDA:0,(anonymous_3)
FNDA:0,(anonymous_4)
FNDA:0,(anonymous_5)
FNDA:0,(anonymous_6)
FNDA:0,(anonymous_7)
FNDA:0,(anonymous_8)
FNDA:0,(anonymous_9)
FNDA:0,(anonymous_10)
FNDA:0,(anonymous_11)
FNDA:0,(anonymous_12)
FNDA:0,(anonymous_13)
FNDA:0,(anonymous_14)
FNDA:0,(anonymous_15)
FNDA:0,(anonymous_16)
FNDA:0,(anonymous_17)
DA:23,1
DA:36,1
DA:78,1
DA:90,0
DA:91,0
DA:92,0
DA:95,0
DA:96,0
DA:97,0
DA:105,0
DA:106,0
DA:107,0
DA:115,0
DA:116,0
DA:117,0
DA:121,0
DA:122,0
DA:124,0
DA:126,0
DA:128,0
DA:130,0
DA:132,0
DA:134,0
DA:136,0
DA:138,0
DA:140,0
DA:144,0
DA:145,0
DA:147,0
DA:149,0
DA:151,0
DA:153,0
DA:155,0
DA:157,0
DA:159,0
DA:163,0
DA:164,0
DA:166,0
DA:170,0
DA:174,0
DA:178,0
DA:186,0
DA:187,0
DA:227,0
DA:283,1
DA:291,0
DA:292,0
DA:293,0
DA:294,0
DA:295,0
DA:297,0
DA:298,0
DA:299,0
DA:301,0
DA:302,0
DA:304,0
DA:305,0
DA:306,0
DA:308,0
DA:309,0
DA:310,0
DA:312,0
DA:313,0
DA:314,0
DA:316,0
DA:324,0
DA:325,0
DA:329,0
DA:332,0
DA:341,0
DA:359,1
DA:368,0
DA:369,0
DA:371,0
DA:373,0
DA:375,0
DA:377,0
DA:379,0
DA:381,0
DA:383,0
DA:387,0
DA:411,1
DA:419,0
DA:441,1
DA:448,0
DA:449,0
DA:451,0
DA:453,0
DA:455,0
DA:457,0
DA:459,0
DA:463,0
LF:92
LH:7
BRDA:80,0,0,0
BRDA:83,1,0,0
BRDA:84,2,0,0
BRDA:85,3,0,0
BRDA:86,4,0,0
BRDA:87,5,0,0
BRDA:96,6,0,0
BRDA:96,6,1,0
BRDA:106,7,0,0
BRDA:106,7,1,0
BRDA:116,8,0,0
BRDA:116,8,1,0
BRDA:122,9,0,0
BRDA:122,9,1,0
BRDA:122,9,2,0
BRDA:122,9,3,0
BRDA:122,9,4,0
BRDA:122,9,5,0
BRDA:122,9,6,0
BRDA:122,9,7,0
BRDA:122,9,8,0
BRDA:145,10,0,0
BRDA:145,10,1,0
BRDA:145,10,2,0
BRDA:145,10,3,0
BRDA:145,10,4,0
BRDA:145,10,5,0
BRDA:145,10,6,0
BRDA:163,11,0,0
BRDA:163,11,1,0
BRDA:164,12,0,0
BRDA:164,12,1,0
BRDA:186,13,0,0
BRDA:186,13,1,0
BRDA:188,14,0,0
BRDA:188,14,1,0
BRDA:202,15,0,0
BRDA:202,15,1,0
BRDA:228,16,0,0
BRDA:228,16,1,0
BRDA:248,17,0,0
BRDA:248,17,1,0
BRDA:285,18,0,0
BRDA:286,19,0,0
BRDA:287,20,0,0
BRDA:299,21,0,0
BRDA:299,21,1,0
BRDA:299,21,2,0
BRDA:299,21,3,0
BRDA:299,21,4,0
BRDA:361,22,0,0
BRDA:362,23,0,0
BRDA:363,24,0,0
BRDA:364,25,0,0
BRDA:365,26,0,0
BRDA:369,27,0,0
BRDA:369,27,1,0
BRDA:369,27,2,0
BRDA:369,27,3,0
BRDA:369,27,4,0
BRDA:369,27,5,0
BRDA:369,27,6,0
BRDA:413,28,0,0
BRDA:414,29,0,0
BRDA:416,30,0,0
BRDA:443,31,0,0
BRDA:444,32,0,0
BRDA:445,33,0,0
BRDA:449,34,0,0
BRDA:449,34,1,0
BRDA:449,34,2,0
BRDA:449,34,3,0
BRDA:449,34,4,0
BRDA:465,35,0,0
BRDA:465,35,1,0
BRDA:468,36,0,0
BRDA:468,36,1,0
BRDA:468,37,0,0
BRDA:468,37,1,0
BRF:79
BRH:0
end_of_record
TN:
SF:src/components/SwipeCard.tsx
FN:72,(anonymous_0)
FN:89,(anonymous_1)
FN:102,(anonymous_2)
FN:115,(anonymous_3)
FN:129,(anonymous_4)
FN:141,(anonymous_5)
FN:148,(anonymous_6)
FN:151,(anonymous_7)
FN:163,(anonymous_8)
FN:193,(anonymous_9)
FN:221,(anonymous_10)
FN:239,(anonymous_11)
FN:249,(anonymous_12)
FN:267,(anonymous_13)
FN:277,(anonymous_14)
FN:300,(anonymous_15)
FN:310,(anonymous_16)
FN:339,(anonymous_17)
FN:347,(anonymous_18)
FN:349,(anonymous_19)
FN:354,(anonymous_20)
FN:356,(anonymous_21)
FN:385,(anonymous_22)
FN:409,(anonymous_23)
FN:506,(anonymous_24)
FNF:25
FNH:0
FNDA:0,(anonymous_0)
FNDA:0,(anonymous_1)
FNDA:0,(anonymous_2)
FNDA:0,(anonymous_3)
FNDA:0,(anonymous_4)
FNDA:0,(anonymous_5)
FNDA:0,(anonymous_6)
FNDA:0,(anonymous_7)
FNDA:0,(anonymous_8)
FNDA:0,(anonymous_9)
FNDA:0,(anonymous_10)
FNDA:0,(anonymous_11)
FNDA:0,(anonymous_12)
FNDA:0,(anonymous_13)
FNDA:0,(anonymous_14)
FNDA:0,(anonymous_15)
FNDA:0,(anonymous_16)
FNDA:0,(anonymous_17)
FNDA:0,(anonymous_18)
FNDA:0,(anonymous_19)
FNDA:0,(anonymous_20)
FNDA:0,(anonymous_21)
FNDA:0,(anonymous_22)
FNDA:0,(anonymous_23)
FNDA:0,(anonymous_24)
DA:56,1
DA:63,1
DA:70,1
DA:72,1
DA:81,0
DA:82,0
DA:83,0
DA:86,0
DA:89,0
DA:90,0
DA:91,0
DA:93,0
DA:96,0
DA:98,0
DA:102,0
DA:103,0
DA:104,0
DA:106,0
DA:109,0
DA:111,0
DA:115,0
DA:116,0
DA:117,0
DA:119,0
DA:122,0
DA:124,0
DA:129,0
DA:138,0
DA:141,0
DA:142,0
DA:146,0
DA:149,0
DA:152,0
DA:156,0
DA:159,0
DA:160,0
DA:165,0
DA:168,0
DA:170,0
DA:171,0
DA:172,0
DA:173,0
DA:174,0
DA:176,0
DA:177,0
DA:178,0
DA:179,0
DA:180,0
DA:182,0
DA:183,0
DA:184,0
DA:185,0
DA:188,0
DA:189,0
DA:190,0
DA:194,0
DA:196,0
DA:197,0
DA:198,0
DA:201,0
DA:203,0
DA:205,0
DA:208,0
DA:210,0
DA:212,0
DA:215,0
DA:221,0
DA:222,0
DA:224,0
DA:226,0
DA:239,0
DA:240,0
DA:241,0
DA:242,0
DA:244,0
DA:249,0
DA:250,0
DA:252,0
DA:254,0
DA:267,0
DA:268,0
DA:269,0
DA:270,0
DA:272,0
DA:277,0
DA:278,0
DA:280,0
DA:282,0
DA:300,0
DA:301,0
DA:302,0
DA:303,0
DA:305,0
DA:310,0
DA:311,0
DA:335,0
DA:339,0
DA:340,0
DA:347,0
DA:348,0
DA:349,0
DA:350,0
DA:354,0
DA:355,0
DA:356,0
DA:357,0
DA:360,0
DA:386,0
DA:388,0
DA:389,0
DA:391,0
DA:392,0
DA:394,0
DA:395,0
DA:410,0
DA:507,0
DA:523,1
DA:704,1
LF:118
LH:6
BRDA:77,0,0,0
BRDA:78,1,0,0
BRDA:131,2,0,0
BRDA:131,2,1,0
BRDA:132,3,0,0
BRDA:132,3,1,0
BRDA:149,4,0,0
BRDA:149,4,1,0
BRDA:159,5,0,0
BRDA:159,5,1,0
BRDA:168,6,0,0
BRDA:168,6,1,0
BRDA:174,7,0,0
BRDA:174,7,1,0
BRDA:180,8,0,0
BRDA:180,8,1,0
BRDA:201,9,0,0
BRDA:201,9,1,0
BRDA:201,10,0,0
BRDA:201,10,1,0
BRDA:203,11,0,0
BRDA:203,11,1,0
BRDA:210,12,0,0
BRDA:210,12,1,0
BRDA:210,13,0,0
BRDA:210,13,1,0
BRDA:222,14,0,0
BRDA:222,14,1,0
BRDA:222,15,0,0
BRDA:222,15,1,0
BRDA:229,16,0,0
BRDA:229,16,1,0
BRDA:234,17,0,0
BRDA:234,17,1,0
BRDA:250,18,0,0
BRDA:250,18,1,0
BRDA:250,19,0,0
BRDA:250,19,1,0
BRDA:257,20,0,0
BRDA:257,20,1,0
BRDA:262,21,0,0
BRDA:262,21,1,0
BRDA:278,22,0,0
BRDA:278,22,1,0
BRDA:278,23,0,0
BRDA:278,23,1,0
BRDA:285,24,0,0
BRDA:285,24,1,0
BRDA:290,25,0,0
BRDA:290,25,1,0
BRDA:295,26,0,0
BRDA:295,26,1,0
BRDA:348,27,0,0
BRDA:348,27,1,0
BRDA:355,28,0,0
BRDA:355,28,1,0
BRDA:364,29,0,0
BRDA:364,29,1,0
BRDA:386,30,0,0
BRDA:386,30,1,0
BRDA:386,30,2,0
BRDA:415,31,0,0
BRDA:415,31,1,0
BRDA:443,32,0,0
BRDA:443,32,1,0
BRF:65
BRH:0
end_of_record
TN:
SF:src/components/ThemeToggle.tsx
FN:21,(anonymous_0)
FN:38,(anonymous_1)
FNF:2
FNH:0
FNDA:0,(anonymous_0)
FNDA:0,(anonymous_1)
DA:21,0
DA:34,0
DA:36,0
DA:38,0
DA:39,0
DA:47,0
DA:54,0
DA:60,0
DA:65,0
DA:70,0
DA:71,0
DA:98,0
DA:99,0
DA:124,0
DA:125,0
DA:131,0
DA:169,0
DA:172,0
LF:18
LH:0
BRDA:22,0,0,0
BRDA:23,1,0,0
BRDA:24,2,0,0
BRDA:36,3,0,0
BRDA:36,3,1,0
BRDA:40,4,0,0
BRDA:40,4,1,0
BRDA:70,5,0,0
BRDA:70,5,1,0
BRDA:84,6,0,0
BRDA:84,6,1,0
BRDA:86,7,0,0
BRDA:86,7,1,0
BRDA:89,8,0,0
BRDA:89,8,1,0
BRDA:91,9,0,0
BRDA:91,9,1,0
BRDA:98,10,0,0
BRDA:98,10,1,0
BRDA:112,11,0,0
BRDA:112,11,1,0
BRDA:117,12,0,0
BRDA:117,12,1,0
BRDA:124,13,0,0
BRDA:124,13,1,0
BRDA:146,14,0,0
BRDA:146,14,1,0
BRDA:148,15,0,0
BRDA:148,15,1,0
BRF:29
BRH:0
end_of_record
TN:
SF:src/components/index.ts
FN:83,(anonymous_0)
FNF:1
FNH:0
FNDA:0,(anonymous_0)
DA:81,0
DA:84,0
LF:2
LH:0
BRF:0
BRH:0
end_of_record
TN:
SF:src/components/index.tsx
FN:83,(anonymous_0)
FNF:1
FNH:0
FNDA:0,(anonymous_0)
DA:81,0
DA:84,0
LF:2
LH:0
BRF:0
BRH:0
end_of_record
TN:
SF:src/components/Advanced/AdvancedCard.tsx
FN:105,(anonymous_0)
FN:150,(anonymous_1)
FN:165,(anonymous_2)
FN:214,(anonymous_3)
FN:248,(anonymous_4)
FN:267,(anonymous_5)
FN:278,(anonymous_6)
FN:308,(anonymous_7)
FN:378,(anonymous_8)
FN:396,(anonymous_9)
FN:408,(anonymous_10)
FN:420,(anonymous_11)
FN:462,(anonymous_12)
FN:519,(anonymous_13)
FN:528,(anonymous_14)
FN:541,(anonymous_15)
FN:552,(anonymous_16)
FN:636,(anonymous_17)
FN:637,(anonymous_18)
FN:651,(anonymous_19)
FN:658,(anonymous_20)
FN:666,(anonymous_21)
FN:674,(anonymous_22)
FN:682,(anonymous_23)
FN:689,(anonymous_24)
FN:697,(anonymous_25)
FN:704,(anonymous_26)
FNF:27
FNH:0
FNDA:0,(anonymous_0)
FNDA:0,(anonymous_1)
FNDA:0,(anonymous_2)
FNDA:0,(anonymous_3)
FNDA:0,(anonymous_4)
FNDA:0,(anonymous_5)
FNDA:0,(anonymous_6)
FNDA:0,(anonymous_7)
FNDA:0,(anonymous_8)
FNDA:0,(anonymous_9)
FNDA:0,(anonymous_10)
FNDA:0,(anonymous_11)
FNDA:0,(anonymous_12)
FNDA:0,(anonymous_13)
FNDA:0,(anonymous_14)
FNDA:0,(anonymous_15)
FNDA:0,(anonymous_16)
FNDA:0,(anonymous_17)
FNDA:0,(anonymous_18)
FNDA:0,(anonymous_19)
FNDA:0,(anonymous_20)
FNDA:0,(anonymous_21)
FNDA:0,(anonymous_22)
FNDA:0,(anonymous_23)
FNDA:0,(anonymous_24)
FNDA:0,(anonymous_25)
FNDA:0,(anonymous_26)
DA:28,0
DA:105,0
DA:135,0
DA:136,0
DA:137,0
DA:138,0
DA:139,0
DA:140,0
DA:141,0
DA:142,0
DA:145,0
DA:146,0
DA:147,0
DA:150,0
DA:151,0
DA:153,0
DA:154,0
DA:160,0
DA:165,0
DA:166,0
DA:168,0
DA:170,0
DA:172,0
DA:173,0
DA:183,0
DA:184,0
DA:193,0
DA:194,0
DA:204,0
DA:205,0
DA:208,0
DA:209,0
DA:214,0
DA:215,0
DA:217,0
DA:219,0
DA:221,0
DA:222,0
DA:232,0
DA:233,0
DA:242,0
DA:243,0
DA:248,0
DA:249,0
DA:251,0
DA:252,0
DA:254,0
DA:255,0
DA:256,0
DA:259,0
DA:260,0
DA:262,0
DA:267,0
DA:268,0
DA:270,0
DA:272,0
DA:273,0
DA:278,0
DA:279,0
DA:281,0
DA:283,0
DA:284,0
DA:285,0
DA:288,0
DA:289,0
DA:292,0
DA:293,0
DA:296,0
DA:297,0
DA:300,0
DA:301,0
DA:303,0
DA:308,0
DA:309,0
DA:315,0
DA:317,0
DA:324,0
DA:329,0
DA:336,0
DA:343,0
DA:350,0
DA:355,0
DA:365,0
DA:378,0
DA:379,0
DA:381,0
DA:383,0
DA:385,0
DA:387,0
DA:389,0
DA:391,0
DA:396,0
DA:397,0
DA:398,0
DA:399,0
DA:400,0
DA:401,0
DA:402,0
DA:403,0
DA:408,0
DA:409,0
DA:410,0
DA:411,0
DA:412,0
DA:413,0
DA:414,0
DA:415,0
DA:420,0
DA:421,0
DA:423,0
DA:430,0
DA:439,0
DA:448,0
DA:457,0
DA:462,0
DA:463,0
DA:520,0
DA:528,0
DA:541,0
DA:542,0
DA:543,0
DA:550,0
DA:552,0
DA:556,0
DA:592,0
DA:636,0
DA:637,0
DA:649,0
DA:651,0
DA:658,0
DA:666,0
DA:674,0
DA:682,0
DA:689,0
DA:697,0
DA:704,0
DA:712,0
LF:137
LH:0
BRDA:111,0,0,0
BRDA:112,1,0,0
BRDA:113,2,0,0
BRDA:114,3,0,0
BRDA:117,4,0,0
BRDA:118,5,0,0
BRDA:124,6,0,0
BRDA:125,7,0,0
BRDA:126,8,0,0
BRDA:127,9,0,0
BRDA:128,10,0,0
BRDA:129,11,0,0
BRDA:132,12,0,0
BRDA:150,13,0,0
BRDA:151,14,0,0
BRDA:151,14,1,0
BRDA:155,15,0,0
BRDA:155,15,1,0
BRDA:156,16,0,0
BRDA:156,16,1,0
BRDA:166,17,0,0
BRDA:166,17,1,0
BRDA:166,18,0,0
BRDA:166,18,1,0
BRDA:166,18,2,0
BRDA:172,19,0,0
BRDA:172,19,1,0
BRDA:175,20,0,0
BRDA:175,20,1,0
BRDA:183,21,0,0
BRDA:183,21,1,0
BRDA:186,22,0,0
BRDA:186,22,1,0
BRDA:193,23,0,0
BRDA:193,23,1,0
BRDA:196,24,0,0
BRDA:196,24,1,0
BRDA:204,25,0,0
BRDA:204,25,1,0
BRDA:208,26,0,0
BRDA:208,26,1,0
BRDA:215,27,0,0
BRDA:215,27,1,0
BRDA:215,28,0,0
BRDA:215,28,1,0
BRDA:215,28,2,0
BRDA:221,29,0,0
BRDA:221,29,1,0
BRDA:224,30,0,0
BRDA:224,30,1,0
BRDA:232,31,0,0
BRDA:232,31,1,0
BRDA:235,32,0,0
BRDA:235,32,1,0
BRDA:242,33,0,0
BRDA:242,33,1,0
BRDA:249,34,0,0
BRDA:249,34,1,0
BRDA:249,35,0,0
BRDA:249,35,1,0
BRDA:249,35,2,0
BRDA:255,36,0,0
BRDA:255,36,1,0
BRDA:268,37,0,0
BRDA:268,37,1,0
BRDA:268,38,0,0
BRDA:268,38,1,0
BRDA:268,38,2,0
BRDA:272,39,0,0
BRDA:272,39,1,0
BRDA:279,40,0,0
BRDA:279,40,1,0
BRDA:279,41,0,0
BRDA:279,41,1,0
BRDA:284,42,0,0
BRDA:284,42,1,0
BRDA:288,43,0,0
BRDA:288,43,1,0
BRDA:292,44,0,0
BRDA:292,44,1,0
BRDA:296,45,0,0
BRDA:296,45,1,0
BRDA:296,46,0,0
BRDA:296,46,1,0
BRDA:297,47,0,0
BRDA:297,47,1,0
BRDA:315,48,0,0
BRDA:315,48,1,0
BRDA:315,48,2,0
BRDA:315,48,3,0
BRDA:315,48,4,0
BRDA:315,48,5,0
BRDA:315,48,6,0
BRDA:315,48,7,0
BRDA:379,49,0,0
BRDA:379,49,1,0
BRDA:379,49,2,0
BRDA:379,49,3,0
BRDA:379,49,4,0
BRDA:379,49,5,0
BRDA:397,50,0,0
BRDA:397,50,1,0
BRDA:397,50,2,0
BRDA:397,50,3,0
BRDA:397,50,4,0
BRDA:397,50,5,0
BRDA:409,51,0,0
BRDA:409,51,1,0
BRDA:409,51,2,0
BRDA:409,51,3,0
BRDA:409,51,4,0
BRDA:409,51,5,0
BRDA:421,52,0,0
BRDA:421,52,1,0
BRDA:421,52,2,0
BRDA:421,52,3,0
BRDA:421,52,4,0
BRDA:466,53,0,0
BRDA:466,53,1,0
BRDA:467,54,0,0
BRDA:467,54,1,0
BRDA:468,55,0,0
BRDA:468,55,1,0
BRDA:475,56,0,0
BRDA:475,56,1,0
BRDA:476,57,0,0
BRDA:476,57,1,0
BRDA:477,58,0,0
BRDA:477,58,1,0
BRDA:484,59,0,0
BRDA:484,59,1,0
BRDA:493,60,0,0
BRDA:493,60,1,0
BRDA:500,61,0,0
BRDA:500,61,1,0
BRDA:507,62,0,0
BRDA:507,62,1,0
BRDA:517,63,0,0
BRDA:517,63,1,0
BRDA:524,64,0,0
BRDA:524,64,1,0
BRDA:527,65,0,0
BRDA:527,65,1,0
BRDA:542,66,0,0
BRDA:542,66,1,0
BRDA:542,67,0,0
BRDA:542,67,1,0
BRDA:576,68,0,0
BRDA:576,68,1,0
BRDA:598,69,0,0
BRDA:598,69,1,0
BRDA:616,70,0,0
BRDA:616,70,1,0
BRDA:616,70,2,0
BRDA:638,71,0,0
BRDA:638,71,1,0
BRDA:638,71,2,0
BRF:157
BRH:0
end_of_record
TN:
SF:src/components/Advanced/AdvancedHeader.tsx
FN:92,(anonymous_0)
FN:122,(anonymous_1)
FN:129,(anonymous_2)
FN:167,(anonymous_3)
FN:187,(anonymous_4)
FN:206,(anonymous_5)
FN:222,(anonymous_6)
FN:243,(anonymous_7)
FN:304,(anonymous_8)
FN:331,(anonymous_9)
FN:360,(anonymous_10)
FN:371,(anonymous_11)
FN:429,(anonymous_12)
FN:436,(anonymous_13)
FN:445,(anonymous_14)
FN:454,(anonymous_15)
FN:462,(anonymous_16)
FN:470,(anonymous_17)
FNF:18
FNH:0
FNDA:0,(anonymous_0)
FNDA:0,(anonymous_1)
FNDA:0,(anonymous_2)
FNDA:0,(anonymous_3)
FNDA:0,(anonymous_4)
FNDA:0,(anonymous_5)
FNDA:0,(anonymous_6)
FNDA:0,(anonymous_7)
FNDA:0,(anonymous_8)
FNDA:0,(anonymous_9)
FNDA:0,(anonymous_10)
FNDA:0,(anonymous_11)
FNDA:0,(anonymous_12)
FNDA:0,(anonymous_13)
FNDA:0,(anonymous_14)
FNDA:0,(anonymous_15)
FNDA:0,(anonymous_16)
FNDA:0,(anonymous_17)
DA:31,0
DA:92,0
DA:112,0
DA:113,0
DA:114,0
DA:115,0
DA:118,0
DA:119,0
DA:122,0
DA:123,0
DA:124,0
DA:129,0
DA:130,0
DA:132,0
DA:134,0
DA:136,0
DA:137,0
DA:145,0
DA:146,0
DA:150,0
DA:151,0
DA:155,0
DA:156,0
DA:159,0
DA:160,0
DA:162,0
DA:167,0
DA:168,0
DA:170,0
DA:171,0
DA:172,0
DA:173,0
DA:174,0
DA:175,0
DA:176,0
DA:177,0
DA:178,0
DA:179,0
DA:180,0
DA:181,0
DA:182,0
DA:187,0
DA:188,0
DA:190,0
DA:193,0
DA:196,0
DA:199,0
DA:201,0
DA:206,0
DA:207,0
DA:208,0
DA:211,0
DA:212,0
DA:214,0
DA:222,0
DA:243,0
DA:244,0
DA:253,0
DA:255,0
DA:262,0
DA:267,0
DA:274,0
DA:281,0
DA:294,0
DA:304,0
DA:305,0
DA:307,0
DA:332,0
DA:361,0
DA:371,0
DA:372,0
DA:374,0
DA:381,0
DA:390,0
DA:399,0
DA:403,0
DA:427,0
DA:429,0
DA:436,0
DA:445,0
DA:454,0
DA:462,0
DA:470,0
DA:479,0
LF:84
LH:0
BRDA:95,0,0,0
BRDA:96,1,0,0
BRDA:97,2,0,0
BRDA:99,3,0,0
BRDA:100,4,0,0
BRDA:101,5,0,0
BRDA:102,6,0,0
BRDA:103,7,0,0
BRDA:107,8,0,0
BRDA:108,9,0,0
BRDA:109,10,0,0
BRDA:123,11,0,0
BRDA:123,11,1,0
BRDA:130,12,0,0
BRDA:130,12,1,0
BRDA:130,13,0,0
BRDA:130,13,1,0
BRDA:136,14,0,0
BRDA:136,14,1,0
BRDA:138,15,0,0
BRDA:138,15,1,0
BRDA:139,16,0,0
BRDA:139,16,1,0
BRDA:145,17,0,0
BRDA:145,17,1,0
BRDA:150,18,0,0
BRDA:150,18,1,0
BRDA:155,19,0,0
BRDA:155,19,1,0
BRDA:168,20,0,0
BRDA:168,20,1,0
BRDA:170,21,0,0
BRDA:170,21,1,0
BRDA:170,21,2,0
BRDA:170,21,3,0
BRDA:170,21,4,0
BRDA:170,21,5,0
BRDA:170,21,6,0
BRDA:170,21,7,0
BRDA:170,21,8,0
BRDA:170,21,9,0
BRDA:170,21,10,0
BRDA:170,21,11,0
BRDA:188,22,0,0
BRDA:188,22,1,0
BRDA:190,23,0,0
BRDA:190,23,1,0
BRDA:190,23,2,0
BRDA:190,23,3,0
BRDA:190,23,4,0
BRDA:190,23,5,0
BRDA:190,23,6,0
BRDA:206,24,0,0
BRDA:207,25,0,0
BRDA:207,25,1,0
BRDA:221,26,0,0
BRDA:221,26,1,0
BRDA:224,27,0,0
BRDA:224,27,1,0
BRDA:227,28,0,0
BRDA:227,28,1,0
BRDA:229,29,0,0
BRDA:229,29,1,0
BRDA:231,30,0,0
BRDA:231,30,1,0
BRDA:231,30,2,0
BRDA:234,31,0,0
BRDA:234,31,1,0
BRDA:253,32,0,0
BRDA:253,32,1,0
BRDA:253,32,2,0
BRDA:253,32,3,0
BRDA:253,32,4,0
BRDA:253,32,5,0
BRDA:257,33,0,0
BRDA:257,33,1,0
BRDA:264,34,0,0
BRDA:264,34,1,0
BRDA:269,35,0,0
BRDA:269,35,1,0
BRDA:276,36,0,0
BRDA:276,36,1,0
BRDA:283,37,0,0
BRDA:283,37,1,0
BRDA:296,38,0,0
BRDA:296,38,1,0
BRDA:319,39,0,0
BRDA:319,39,1,0
BRDA:345,40,0,0
BRDA:345,40,1,0
BRDA:350,41,0,0
BRDA:350,41,1,0
BRDA:372,42,0,0
BRDA:372,42,1,0
BRDA:372,42,2,0
BRDA:372,42,3,0
BRDA:407,43,0,0
BRDA:407,43,1,0
BRDA:408,44,0,0
BRDA:408,44,1,0
BRDA:413,45,0,0
BRDA:413,45,1,0
BRDA:413,46,0,0
BRDA:413,46,1,0
BRDA:414,47,0,0
BRDA:414,47,1,0
BRF:106
BRH:0
end_of_record
TN:
SF:src/components/Advanced/AdvancedInteractionSystem.tsx
FN:27,(anonymous_0)
FN:113,(anonymous_1)
FN:148,(anonymous_2)
FN:153,(anonymous_3)
FN:176,(anonymous_4)
FN:221,(anonymous_5)
FN:255,(anonymous_6)
FN:256,(anonymous_7)
FN:259,(anonymous_8)
FN:271,(anonymous_9)
FN:289,(anonymous_10)
FN:311,(anonymous_11)
FN:322,(anonymous_12)
FN:376,(anonymous_13)
FN:394,(anonymous_14)
FN:414,(anonymous_15)
FN:528,(anonymous_16)
FN:529,(anonymous_17)
FN:544,(anonymous_18)
FN:555,(anonymous_19)
FN:577,(anonymous_20)
FN:611,(anonymous_21)
FNF:22
FNH:0
FNDA:0,(anonymous_0)
FNDA:0,(anonymous_1)
FNDA:0,(anonymous_2)
FNDA:0,(anonymous_3)
FNDA:0,(anonymous_4)
FNDA:0,(anonymous_5)
FNDA:0,(anonymous_6)
FNDA:0,(anonymous_7)
FNDA:0,(anonymous_8)
FNDA:0,(anonymous_9)
FNDA:0,(anonymous_10)
FNDA:0,(anonymous_11)
FNDA:0,(anonymous_12)
FNDA:0,(anonymous_13)
FNDA:0,(anonymous_14)
FNDA:0,(anonymous_15)
FNDA:0,(anonymous_16)
FNDA:0,(anonymous_17)
FNDA:0,(anonymous_18)
FNDA:0,(anonymous_19)
FNDA:0,(anonymous_20)
FNDA:0,(anonymous_21)
DA:27,0
DA:28,0
DA:29,0
DA:32,0
DA:36,0
DA:39,0
DA:62,0
DA:113,0
DA:133,0
DA:134,0
DA:135,0
DA:136,0
DA:137,0
DA:138,0
DA:139,0
DA:142,0
DA:143,0
DA:144,0
DA:145,0
DA:148,0
DA:149,0
DA:153,0
DA:154,0
DA:156,0
DA:157,0
DA:161,0
DA:162,0
DA:164,0
DA:165,0
DA:167,0
DA:168,0
DA:171,0
DA:176,0
DA:177,0
DA:179,0
DA:181,0
DA:183,0
DA:184,0
DA:192,0
DA:193,0
DA:202,0
DA:203,0
DA:211,0
DA:212,0
DA:215,0
DA:216,0
DA:221,0
DA:222,0
DA:224,0
DA:226,0
DA:228,0
DA:229,0
DA:237,0
DA:238,0
DA:247,0
DA:248,0
DA:253,0
DA:255,0
DA:257,0
DA:260,0
DA:262,0
DA:263,0
DA:265,0
DA:266,0
DA:268,0
DA:269,0
DA:272,0
DA:274,0
DA:289,0
DA:290,0
DA:292,0
DA:293,0
DA:295,0
DA:296,0
DA:297,0
DA:299,0
DA:300,0
DA:303,0
DA:304,0
DA:306,0
DA:311,0
DA:312,0
DA:314,0
DA:316,0
DA:317,0
DA:322,0
DA:323,0
DA:328,0
DA:330,0
DA:337,0
DA:344,0
DA:349,0
DA:354,0
DA:361,0
DA:368,0
DA:376,0
DA:377,0
DA:379,0
DA:381,0
DA:383,0
DA:385,0
DA:387,0
DA:389,0
DA:394,0
DA:395,0
DA:397,0
DA:414,0
DA:415,0
DA:451,0
DA:524,0
DA:528,0
DA:529,0
DA:544,0
DA:545,0
DA:546,0
DA:553,0
DA:555,0
DA:559,0
DA:577,0
DA:591,0
DA:611,0
DA:612,0
DA:613,0
DA:614,0
DA:615,0
DA:616,0
DA:617,0
DA:618,0
DA:623,0
LF:129
LH:0
BRDA:116,0,0,0
BRDA:117,1,0,0
BRDA:118,2,0,0
BRDA:119,3,0,0
BRDA:122,4,0,0
BRDA:123,5,0,0
BRDA:128,6,0,0
BRDA:129,7,0,0
BRDA:130,8,0,0
BRDA:153,9,0,0
BRDA:154,10,0,0
BRDA:154,10,1,0
BRDA:154,11,0,0
BRDA:154,11,1,0
BRDA:157,12,0,0
BRDA:157,12,1,0
BRDA:157,12,2,0
BRDA:157,12,3,0
BRDA:157,12,4,0
BRDA:177,13,0,0
BRDA:177,13,1,0
BRDA:177,14,0,0
BRDA:177,14,1,0
BRDA:177,14,2,0
BRDA:183,15,0,0
BRDA:183,15,1,0
BRDA:186,16,0,0
BRDA:186,16,1,0
BRDA:192,17,0,0
BRDA:192,17,1,0
BRDA:195,18,0,0
BRDA:195,18,1,0
BRDA:202,19,0,0
BRDA:202,19,1,0
BRDA:205,20,0,0
BRDA:205,20,1,0
BRDA:211,21,0,0
BRDA:211,21,1,0
BRDA:215,22,0,0
BRDA:215,22,1,0
BRDA:222,23,0,0
BRDA:222,23,1,0
BRDA:222,24,0,0
BRDA:222,24,1,0
BRDA:222,24,2,0
BRDA:228,25,0,0
BRDA:228,25,1,0
BRDA:231,26,0,0
BRDA:231,26,1,0
BRDA:237,27,0,0
BRDA:237,27,1,0
BRDA:240,28,0,0
BRDA:240,28,1,0
BRDA:247,29,0,0
BRDA:247,29,1,0
BRDA:255,30,0,0
BRDA:255,30,1,0
BRDA:260,31,0,0
BRDA:260,31,1,0
BRDA:272,32,0,0
BRDA:272,32,1,0
BRDA:290,33,0,0
BRDA:290,33,1,0
BRDA:290,34,0,0
BRDA:290,34,1,0
BRDA:290,34,2,0
BRDA:296,35,0,0
BRDA:296,35,1,0
BRDA:299,36,0,0
BRDA:299,36,1,0
BRDA:312,37,0,0
BRDA:312,37,1,0
BRDA:312,38,0,0
BRDA:312,38,1,0
BRDA:312,38,2,0
BRDA:316,39,0,0
BRDA:316,39,1,0
BRDA:328,40,0,0
BRDA:328,40,1,0
BRDA:328,40,2,0
BRDA:328,40,3,0
BRDA:328,40,4,0
BRDA:328,40,5,0
BRDA:328,40,6,0
BRDA:377,41,0,0
BRDA:377,41,1,0
BRDA:377,41,2,0
BRDA:377,41,3,0
BRDA:377,41,4,0
BRDA:377,41,5,0
BRDA:395,42,0,0
BRDA:395,42,1,0
BRDA:399,43,0,0
BRDA:399,43,1,0
BRDA:404,44,0,0
BRDA:404,44,1,0
BRDA:435,45,0,0
BRDA:435,45,1,0
BRDA:453,46,0,0
BRDA:453,46,1,0
BRDA:471,47,0,0
BRDA:471,47,1,0
BRDA:481,48,0,0
BRDA:481,48,1,0
BRDA:491,49,0,0
BRDA:491,49,1,0
BRDA:491,49,2,0
BRDA:502,50,0,0
BRDA:502,50,1,0
BRDA:502,50,2,0
BRDA:530,51,0,0
BRDA:530,51,1,0
BRDA:530,51,2,0
BRDA:532,52,0,0
BRDA:532,52,1,0
BRDA:536,53,0,0
BRDA:536,53,1,0
BRDA:545,54,0,0
BRDA:545,54,1,0
BRDA:545,55,0,0
BRDA:545,55,1,0
BRDA:579,56,0,0
BRDA:580,57,0,0
BRDA:581,58,0,0
BRDA:583,59,0,0
BRDA:585,60,0,0
BRDA:586,61,0,0
BRDA:587,62,0,0
BRDA:588,63,0,0
BRDA:612,64,0,0
BRDA:612,64,1,0
BRDA:612,64,2,0
BRDA:612,64,3,0
BRDA:612,64,4,0
BRDA:612,64,5,0
BRF:135
BRH:0
end_of_record
TN:
SF:src/components/Advanced/AdvancedInteractionTest.tsx
FN:36,(anonymous_0)
FN:40,(anonymous_1)
FN:41,(anonymous_2)
FN:44,(anonymous_3)
FN:45,(anonymous_4)
FN:46,(anonymous_5)
FN:52,(anonymous_6)
FN:74,(anonymous_7)
FN:79,(anonymous_8)
FN:84,(anonymous_9)
FN:96,(anonymous_10)
FN:98,(anonymous_11)
FN:112,(anonymous_12)
FN:117,(anonymous_13)
FN:128,(anonymous_14)
FN:130,(anonymous_15)
FN:133,(anonymous_16)
FN:136,(anonymous_17)
FN:139,(anonymous_18)
FN:145,(anonymous_19)
FN:151,(anonymous_20)
FN:163,(anonymous_21)
FN:181,(anonymous_22)
FN:203,(anonymous_23)
FN:216,(anonymous_24)
FN:226,(anonymous_25)
FN:236,(anonymous_26)
FN:237,(anonymous_27)
FN:250,(anonymous_28)
FN:302,(anonymous_29)
FN:355,(anonymous_30)
FN:363,(anonymous_31)
FN:371,(anonymous_32)
FN:379,(anonymous_33)
FNF:34
FNH:0
FNDA:0,(anonymous_0)
FNDA:0,(anonymous_1)
FNDA:0,(anonymous_2)
FNDA:0,(anonymous_3)
FNDA:0,(anonymous_4)
FNDA:0,(anonymous_5)
FNDA:0,(anonymous_6)
FNDA:0,(anonymous_7)
FNDA:0,(anonymous_8)
FNDA:0,(anonymous_9)
FNDA:0,(anonymous_10)
FNDA:0,(anonymous_11)
FNDA:0,(anonymous_12)
FNDA:0,(anonymous_13)
FNDA:0,(anonymous_14)
FNDA:0,(anonymous_15)
FNDA:0,(anonymous_16)
FNDA:0,(anonymous_17)
FNDA:0,(anonymous_18)
FNDA:0,(anonymous_19)
FNDA:0,(anonymous_20)
FNDA:0,(anonymous_21)
FNDA:0,(anonymous_22)
FNDA:0,(anonymous_23)
FNDA:0,(anonymous_24)
FNDA:0,(anonymous_25)
FNDA:0,(anonymous_26)
FNDA:0,(anonymous_27)
FNDA:0,(anonymous_28)
FNDA:0,(anonymous_29)
FNDA:0,(anonymous_30)
FNDA:0,(anonymous_31)
FNDA:0,(anonymous_32)
FNDA:0,(anonymous_33)
DA:27,0
DA:36,0
DA:37,0
DA:38,0
DA:40,0
DA:41,0
DA:44,0
DA:45,0
DA:46,0
DA:47,0
DA:52,0
DA:53,0
DA:54,0
DA:56,0
DA:57,0
DA:58,0
DA:59,0
DA:65,0
DA:66,0
DA:74,0
DA:75,0
DA:76,0
DA:79,0
DA:81,0
DA:84,0
DA:87,0
DA:88,0
DA:91,0
DA:96,0
DA:98,0
DA:101,0
DA:104,0
DA:105,0
DA:107,0
DA:112,0
DA:114,0
DA:117,0
DA:120,0
DA:121,0
DA:123,0
DA:128,0
DA:129,0
DA:130,0
DA:132,0
DA:133,0
DA:135,0
DA:136,0
DA:138,0
DA:139,0
DA:141,0
DA:145,0
DA:147,0
DA:150,0
DA:151,0
DA:154,0
DA:155,0
DA:157,0
DA:158,0
DA:163,0
DA:165,0
DA:173,0
DA:174,0
DA:175,0
DA:181,0
DA:183,0
DA:185,0
DA:187,0
DA:188,0
DA:193,0
DA:195,0
DA:196,0
DA:197,0
DA:203,0
DA:204,0
DA:206,0
DA:207,0
DA:208,0
DA:213,0
DA:216,0
DA:217,0
DA:218,0
DA:219,0
DA:220,0
DA:221,0
DA:222,0
DA:226,0
DA:227,0
DA:228,0
DA:229,0
DA:230,0
DA:231,0
DA:232,0
DA:236,0
DA:237,0
DA:238,0
DA:240,0
DA:250,0
DA:303,0
DA:355,0
DA:363,0
DA:371,0
DA:379,0
DA:423,0
LF:103
LH:0
BRDA:47,0,0,0
BRDA:47,0,1,0
BRDA:68,1,0,0
BRDA:68,1,1,0
BRDA:157,2,0,0
BRDA:157,2,1,0
BRDA:174,3,0,0
BRDA:174,3,1,0
BRDA:187,4,0,0
BRDA:187,4,1,0
BRDA:196,5,0,0
BRDA:196,5,1,0
BRDA:207,6,0,0
BRDA:207,6,1,0
BRDA:217,7,0,0
BRDA:217,7,1,0
BRDA:217,7,2,0
BRDA:217,7,3,0
BRDA:217,7,4,0
BRDA:227,8,0,0
BRDA:227,8,1,0
BRDA:227,8,2,0
BRDA:227,8,3,0
BRDA:227,8,4,0
BRDA:286,9,0,0
BRDA:286,9,1,0
BRDA:287,10,0,0
BRDA:287,10,1,0
BRDA:320,11,0,0
BRDA:320,11,1,0
BRDA:326,12,0,0
BRDA:326,12,1,0
BRF:32
BRH:0
end_of_record
TN:
SF:src/components/Premium/PremiumButton.tsx
FN:52,(anonymous_0)
FN:71,(anonymous_1)
FN:85,(anonymous_2)
FN:96,(anonymous_3)
FN:120,(anonymous_4)
FN:143,(anonymous_5)
FN:151,(anonymous_6)
FN:194,(anonymous_7)
FN:208,(anonymous_8)
FNF:9
FNH:0
FNDA:0,(anonymous_0)
FNDA:0,(anonymous_1)
FNDA:0,(anonymous_2)
FNDA:0,(anonymous_3)
FNDA:0,(anonymous_4)
FNDA:0,(anonymous_5)
FNDA:0,(anonymous_6)
FNDA:0,(anonymous_7)
FNDA:0,(anonymous_8)
DA:25,0
DA:52,0
DA:66,0
DA:67,0
DA:68,0
DA:71,0
DA:72,0
DA:74,0
DA:75,0
DA:77,0
DA:78,0
DA:80,0
DA:81,0
DA:84,0
DA:85,0
DA:86,0
DA:88,0
DA:91,0
DA:96,0
DA:97,0
DA:99,0
DA:108,0
DA:109,0
DA:116,0
DA:117,0
DA:120,0
DA:121,0
DA:123,0
DA:132,0
DA:133,0
DA:140,0
DA:143,0
DA:144,0
DA:146,0
DA:147,0
DA:151,0
DA:152,0
DA:190,0
DA:194,0
DA:195,0
DA:201,0
DA:204,0
DA:205,0
DA:208,0
DA:209,0
DA:211,0
DA:221,0
DA:236,0
DA:237,0
DA:274,0
DA:275,0
DA:316,0
DA:357,0
LF:53
LH:0
BRDA:55,0,0,0
BRDA:56,1,0,0
BRDA:57,2,0,0
BRDA:58,3,0,0
BRDA:60,4,0,0
BRDA:61,5,0,0
BRDA:62,6,0,0
BRDA:63,7,0,0
BRDA:71,8,0,0
BRDA:72,9,0,0
BRDA:72,9,1,0
BRDA:75,10,0,0
BRDA:75,10,1,0
BRDA:75,10,2,0
BRDA:108,11,0,0
BRDA:108,11,1,0
BRDA:132,12,0,0
BRDA:132,12,1,0
BRDA:144,13,0,0
BRDA:144,13,1,0
BRDA:144,14,0,0
BRDA:144,14,1,0
BRDA:190,15,0,0
BRDA:190,15,1,0
BRDA:201,16,0,0
BRDA:201,16,1,0
BRDA:209,17,0,0
BRDA:209,17,1,0
BRDA:215,18,0,0
BRDA:215,18,1,0
BRDA:216,19,0,0
BRDA:216,19,1,0
BRDA:216,20,0,0
BRDA:216,20,1,0
BRDA:222,21,0,0
BRDA:222,21,1,0
BRDA:223,22,0,0
BRDA:223,22,1,0
BRDA:227,23,0,0
BRDA:227,23,1,0
BRDA:228,24,0,0
BRDA:228,24,1,0
BRDA:230,25,0,0
BRDA:230,25,1,0
BRDA:236,26,0,0
BRDA:236,26,1,0
BRDA:253,27,0,0
BRDA:253,27,1,0
BRDA:257,28,0,0
BRDA:257,28,1,0
BRDA:261,29,0,0
BRDA:261,29,1,0
BRDA:263,30,0,0
BRDA:263,30,1,0
BRDA:274,31,0,0
BRDA:274,31,1,0
BRDA:295,32,0,0
BRDA:295,32,1,0
BRDA:299,33,0,0
BRDA:299,33,1,0
BRDA:303,34,0,0
BRDA:303,34,1,0
BRDA:305,35,0,0
BRDA:305,35,1,0
BRDA:324,36,0,0
BRDA:324,36,1,0
BRDA:337,37,0,0
BRDA:337,37,1,0
BRDA:341,38,0,0
BRDA:341,38,1,0
BRDA:345,39,0,0
BRDA:345,39,1,0
BRDA:347,40,0,0
BRDA:347,40,1,0
BRF:74
BRH:0
end_of_record
TN:
SF:src/components/Premium/PremiumCard.tsx
FN:37,(anonymous_0)
FN:58,(anonymous_1)
FN:59,(anonymous_2)
FN:64,(anonymous_3)
FN:84,(anonymous_4)
FN:110,(anonymous_5)
FN:137,(anonymous_6)
FN:158,(anonymous_7)
FN:169,(anonymous_8)
FN:201,(anonymous_9)
FN:218,(anonymous_10)
FNF:11
FNH:0
FNDA:0,(anonymous_0)
FNDA:0,(anonymous_1)
FNDA:0,(anonymous_2)
FNDA:0,(anonymous_3)
FNDA:0,(anonymous_4)
FNDA:0,(anonymous_5)
FNDA:0,(anonymous_6)
FNDA:0,(anonymous_7)
FNDA:0,(anonymous_8)
FNDA:0,(anonymous_9)
FNDA:0,(anonymous_10)
DA:22,0
DA:37,0
DA:49,0
DA:50,0
DA:51,0
DA:52,0
DA:53,0
DA:56,0
DA:58,0
DA:60,0
DA:61,0
DA:65,0
DA:67,0
DA:68,0
DA:71,0
DA:72,0
DA:74,0
DA:75,0
DA:78,0
DA:86,0
DA:110,0
DA:111,0
DA:113,0
DA:114,0
DA:117,0
DA:126,0
DA:127,0
DA:134,0
DA:137,0
DA:138,0
DA:147,0
DA:148,0
DA:155,0
DA:158,0
DA:159,0
DA:161,0
DA:162,0
DA:165,0
DA:169,0
DA:170,0
DA:197,0
DA:201,0
DA:202,0
DA:218,0
DA:219,0
DA:224,0
DA:232,0
DA:234,0
DA:246,0
DA:260,0
DA:271,0
DA:284,0
DA:287,0
DA:288,0
DA:333,0
DA:334,0
DA:338,0
DA:405,0
DA:446,0
LF:59
LH:0
BRDA:39,0,0,0
BRDA:40,1,0,0
BRDA:41,2,0,0
BRDA:42,3,0,0
BRDA:43,4,0,0
BRDA:46,5,0,0
BRDA:47,6,0,0
BRDA:58,7,0,0
BRDA:58,7,1,0
BRDA:60,8,0,0
BRDA:60,8,1,0
BRDA:65,9,0,0
BRDA:65,9,1,0
BRDA:111,10,0,0
BRDA:111,10,1,0
BRDA:113,11,0,0
BRDA:113,11,1,0
BRDA:126,12,0,0
BRDA:126,12,1,0
BRDA:147,13,0,0
BRDA:147,13,1,0
BRDA:159,14,0,0
BRDA:159,14,1,0
BRDA:161,15,0,0
BRDA:161,15,1,0
BRDA:197,16,0,0
BRDA:197,16,1,0
BRDA:232,17,0,0
BRDA:232,17,1,0
BRDA:232,17,2,0
BRDA:232,17,3,0
BRDA:287,18,0,0
BRDA:287,18,1,0
BRDA:307,19,0,0
BRDA:307,19,1,0
BRDA:312,20,0,0
BRDA:312,20,1,0
BRDA:333,21,0,0
BRDA:333,21,1,0
BRDA:333,22,0,0
BRDA:333,22,1,0
BRDA:334,23,0,0
BRDA:334,23,1,0
BRDA:357,24,0,0
BRDA:357,24,1,0
BRDA:366,25,0,0
BRDA:366,25,1,0
BRDA:384,26,0,0
BRDA:384,26,1,0
BRDA:424,27,0,0
BRDA:424,27,1,0
BRDA:426,28,0,0
BRDA:426,28,1,0
BRF:53
BRH:0
end_of_record
TN:
SF:src/components/Premium/PremiumGate.tsx
FN:33,(anonymous_0)
FN:44,(anonymous_1)
FN:55,(anonymous_2)
FN:168,(anonymous_3)
FN:181,(anonymous_4)
FN:190,(anonymous_5)
FN:191,(anonymous_6)
FN:194,(anonymous_7)
FNF:8
FNH:0
FNDA:0,(anonymous_0)
FNDA:0,(anonymous_1)
FNDA:0,(anonymous_2)
FNDA:0,(anonymous_3)
FNDA:0,(anonymous_4)
FNDA:0,(anonymous_5)
FNDA:0,(anonymous_6)
FNDA:0,(anonymous_7)
DA:22,0
DA:33,0
DA:41,0
DA:42,0
DA:44,0
DA:45,0
DA:46,0
DA:47,0
DA:48,0
DA:51,0
DA:55,0
DA:56,0
DA:57,0
DA:60,0
DA:168,0
DA:169,0
DA:181,0
DA:182,0
DA:190,0
DA:191,0
DA:194,0
DA:195,0
DA:204,0
DA:211,0
LF:24
LH:0
BRDA:47,0,0,0
BRDA:47,0,1,0
BRDA:181,1,0,0
BRF:3
BRH:0
end_of_record
TN:
SF:src/components/animations/EnhancedAnimations.tsx
FN:15,(anonymous_0)
FN:18,(anonymous_1)
FN:32,(anonymous_2)
FN:33,(anonymous_3)
FN:37,(anonymous_4)
FN:44,(anonymous_5)
FN:47,(anonymous_6)
FN:66,(anonymous_7)
FN:72,(anonymous_8)
FN:75,(anonymous_9)
FN:94,(anonymous_10)
FN:105,(anonymous_11)
FN:108,(anonymous_12)
FN:119,(anonymous_13)
FN:130,(anonymous_14)
FN:133,(anonymous_15)
FN:157,(anonymous_16)
FN:165,(anonymous_17)
FN:166,(anonymous_18)
FN:175,(anonymous_19)
FN:194,(anonymous_20)
FN:204,(anonymous_21)
FN:205,(anonymous_22)
FN:214,(anonymous_23)
FN:217,(anonymous_24)
FN:259,(anonymous_25)
FN:268,(anonymous_26)
FN:269,(anonymous_27)
FN:278,(anonymous_28)
FN:296,(anonymous_29)
FN:305,(anonymous_30)
FN:306,(anonymous_31)
FN:315,(anonymous_32)
FN:338,(anonymous_33)
FN:348,(anonymous_34)
FN:349,(anonymous_35)
FN:351,(anonymous_36)
FN:352,(anonymous_37)
FN:362,(anonymous_38)
FN:366,(anonymous_39)
FN:369,(anonymous_40)
FN:398,(anonymous_41)
FN:434,(anonymous_42)
FN:442,(anonymous_43)
FN:463,(anonymous_44)
FNF:45
FNH:0
FNDA:0,(anonymous_0)
FNDA:0,(anonymous_1)
FNDA:0,(anonymous_2)
FNDA:0,(anonymous_3)
FNDA:0,(anonymous_4)
FNDA:0,(anonymous_5)
FNDA:0,(anonymous_6)
FNDA:0,(anonymous_7)
FNDA:0,(anonymous_8)
FNDA:0,(anonymous_9)
FNDA:0,(anonymous_10)
FNDA:0,(anonymous_11)
FNDA:0,(anonymous_12)
FNDA:0,(anonymous_13)
FNDA:0,(anonymous_14)
FNDA:0,(anonymous_15)
FNDA:0,(anonymous_16)
FNDA:0,(anonymous_17)
FNDA:0,(anonymous_18)
FNDA:0,(anonymous_19)
FNDA:0,(anonymous_20)
FNDA:0,(anonymous_21)
FNDA:0,(anonymous_22)
FNDA:0,(anonymous_23)
FNDA:0,(anonymous_24)
FNDA:0,(anonymous_25)
FNDA:0,(anonymous_26)
FNDA:0,(anonymous_27)
FNDA:0,(anonymous_28)
FNDA:0,(anonymous_29)
FNDA:0,(anonymous_30)
FNDA:0,(anonymous_31)
FNDA:0,(anonymous_32)
FNDA:0,(anonymous_33)
FNDA:0,(anonymous_34)
FNDA:0,(anonymous_35)
FNDA:0,(anonymous_36)
FNDA:0,(anonymous_37)
FNDA:0,(anonymous_38)
FNDA:0,(anonymous_39)
FNDA:0,(anonymous_40)
FNDA:0,(anonymous_41)
FNDA:0,(anonymous_42)
FNDA:0,(anonymous_43)
FNDA:0,(anonymous_44)
DA:11,0
DA:15,0
DA:16,0
DA:18,0
DA:19,0
DA:29,0
DA:32,0
DA:33,0
DA:34,0
DA:37,0
DA:38,0
DA:41,0
DA:44,0
DA:45,0
DA:47,0
DA:48,0
DA:64,0
DA:66,0
DA:69,0
DA:72,0
DA:73,0
DA:75,0
DA:76,0
DA:92,0
DA:94,0
DA:97,0
DA:102,0
DA:105,0
DA:106,0
DA:108,0
DA:109,0
DA:117,0
DA:119,0
DA:122,0
DA:127,0
DA:130,0
DA:131,0
DA:133,0
DA:145,0
DA:157,0
DA:163,0
DA:165,0
DA:166,0
DA:167,0
DA:175,0
DA:178,0
DA:194,0
DA:202,0
DA:204,0
DA:205,0
DA:206,0
DA:214,0
DA:217,0
DA:218,0
DA:220,0
DA:225,0
DA:230,0
DA:235,0
DA:240,0
DA:244,0
DA:259,0
DA:266,0
DA:268,0
DA:269,0
DA:270,0
DA:278,0
DA:281,0
DA:296,0
DA:303,0
DA:305,0
DA:306,0
DA:307,0
DA:315,0
DA:318,0
DA:323,0
DA:338,0
DA:345,0
DA:346,0
DA:348,0
DA:349,0
DA:350,0
DA:351,0
DA:352,0
DA:353,0
DA:354,0
DA:355,0
DA:356,0
DA:358,0
DA:362,0
DA:366,0
DA:369,0
DA:370,0
DA:373,0
DA:386,0
DA:399,0
DA:403,0
DA:434,0
DA:439,0
DA:440,0
DA:442,0
DA:443,0
DA:444,0
DA:445,0
DA:447,0
DA:448,0
DA:449,0
DA:451,0
DA:464,0
DA:468,0
DA:477,0
LF:110
LH:0
BRDA:15,0,0,0
BRDA:15,1,0,0
BRDA:18,2,0,0
BRDA:37,3,0,0
BRDA:44,4,0,0
BRDA:72,5,0,0
BRDA:72,6,0,0
BRDA:105,7,0,0
BRDA:133,8,0,0
BRDA:133,9,0,0
BRDA:159,10,0,0
BRDA:160,11,0,0
BRDA:196,12,0,0
BRDA:197,13,0,0
BRDA:198,14,0,0
BRDA:199,15,0,0
BRDA:218,16,0,0
BRDA:218,16,1,0
BRDA:218,16,2,0
BRDA:218,16,3,0
BRDA:218,16,4,0
BRDA:261,17,0,0
BRDA:262,18,0,0
BRDA:263,19,0,0
BRDA:298,20,0,0
BRDA:299,21,0,0
BRDA:300,22,0,0
BRDA:340,23,0,0
BRDA:341,24,0,0
BRDA:350,25,0,0
BRDA:350,25,1,0
BRDA:353,26,0,0
BRDA:353,26,1,0
BRDA:376,27,0,0
BRDA:376,27,1,0
BRDA:398,28,0,0
BRDA:398,29,0,0
BRDA:447,30,0,0
BRDA:447,30,1,0
BRDA:447,31,0,0
BRDA:447,31,1,0
BRDA:448,32,0,0
BRDA:448,32,1,0
BRDA:449,33,0,0
BRDA:449,33,1,0
BRF:45
BRH:0
end_of_record
TN:
SF:src/components/buttons/BaseButton.tsx
FN:82,(anonymous_0)
FN:99,(anonymous_1)
FN:140,(anonymous_2)
FN:169,(anonymous_3)
FN:183,(anonymous_4)
FN:189,(anonymous_5)
FNF:6
FNH:0
FNDA:0,(anonymous_0)
FNDA:0,(anonymous_1)
FNDA:0,(anonymous_2)
FNDA:0,(anonymous_3)
FNDA:0,(anonymous_4)
FNDA:0,(anonymous_5)
DA:46,0
DA:82,0
DA:95,0
DA:96,0
DA:99,0
DA:100,0
DA:109,0
DA:111,0
DA:117,0
DA:123,0
DA:128,0
DA:135,0
DA:140,0
DA:141,0
DA:147,0
DA:150,0
DA:156,0
DA:161,0
DA:169,0
DA:170,0
DA:173,0
DA:176,0
DA:178,0
DA:183,0
DA:184,0
DA:185,0
DA:189,0
DA:190,0
DA:191,0
DA:204,0
DA:229,0
DA:255,0
DA:264,0
LF:33
LH:0
BRDA:84,0,0,0
BRDA:85,1,0,0
BRDA:86,2,0,0
BRDA:87,3,0,0
BRDA:96,4,0,0
BRDA:96,4,1,0
BRDA:109,5,0,0
BRDA:109,5,1,0
BRDA:109,5,2,0
BRDA:109,5,3,0
BRDA:109,5,4,0
BRDA:147,6,0,0
BRDA:147,6,1,0
BRDA:147,6,2,0
BRDA:147,6,3,0
BRDA:147,6,4,0
BRDA:170,7,0,0
BRDA:170,7,1,0
BRDA:170,7,2,0
BRDA:170,7,3,0
BRDA:170,7,4,0
BRDA:184,8,0,0
BRDA:184,8,1,0
BRDA:190,9,0,0
BRDA:190,9,1,0
BRDA:206,10,0,0
BRDA:206,10,1,0
BRDA:217,11,0,0
BRDA:217,11,1,0
BRDA:237,12,0,0
BRDA:237,12,1,0
BRF:31
BRH:0
end_of_record
TN:
SF:src/components/buttons/EffectWrappers.tsx
FN:42,(anonymous_0)
FN:74,(anonymous_1)
FN:90,(anonymous_2)
FN:112,(anonymous_3)
FN:120,(anonymous_4)
FN:160,(anonymous_5)
FN:199,(anonymous_6)
FN:228,(anonymous_7)
FNF:8
FNH:0
FNDA:0,(anonymous_0)
FNDA:0,(anonymous_1)
FNDA:0,(anonymous_2)
FNDA:0,(anonymous_3)
FNDA:0,(anonymous_4)
FNDA:0,(anonymous_5)
FNDA:0,(anonymous_6)
FNDA:0,(anonymous_7)
DA:42,0
DA:50,0
DA:56,0
DA:66,0
DA:74,0
DA:81,0
DA:86,0
DA:91,0
DA:92,0
DA:94,0
DA:95,0
DA:96,0
DA:105,0
DA:112,0
DA:118,0
DA:120,0
DA:121,0
DA:122,0
DA:126,0
DA:152,0
DA:160,0
DA:167,0
DA:169,0
DA:192,0
DA:199,0
DA:205,0
DA:207,0
DA:219,0
DA:228,0
DA:235,0
DA:237,0
DA:238,0
DA:240,0
DA:253,0
DA:256,0
LF:35
LH:0
BRDA:44,0,0,0
BRDA:45,1,0,0
BRDA:46,2,0,0
BRDA:48,3,0,0
BRDA:51,4,0,0
BRDA:51,4,1,0
BRDA:52,5,0,0
BRDA:52,5,1,0
BRDA:76,6,0,0
BRDA:77,7,0,0
BRDA:79,8,0,0
BRDA:82,9,0,0
BRDA:82,9,1,0
BRDA:91,10,0,0
BRDA:91,10,1,0
BRDA:98,11,0,0
BRDA:98,11,1,0
BRDA:114,12,0,0
BRDA:116,13,0,0
BRDA:121,14,0,0
BRDA:121,14,1,0
BRDA:129,15,0,0
BRDA:129,15,1,0
BRDA:162,16,0,0
BRDA:163,17,0,0
BRDA:165,18,0,0
BRDA:167,19,0,0
BRDA:167,19,1,0
BRDA:172,20,0,0
BRDA:172,20,1,0
BRDA:201,21,0,0
BRDA:203,22,0,0
BRDA:211,23,0,0
BRDA:211,23,1,0
BRDA:212,24,0,0
BRDA:212,24,1,0
BRDA:232,25,0,0
BRDA:237,26,0,0
BRDA:237,26,1,0
BRDA:238,27,0,0
BRDA:238,27,1,0
BRDA:238,27,2,0
BRF:42
BRH:0
end_of_record
TN:
SF:src/components/buttons/EliteButton.tsx
FN:50,(anonymous_0)
FN:77,(anonymous_1)
FN:170,(anonymous_2)
FN:180,(anonymous_3)
FN:193,(anonymous_4)
FN:204,(anonymous_5)
FN:223,(anonymous_6)
FNF:7
FNH:0
FNDA:0,(anonymous_0)
FNDA:0,(anonymous_1)
FNDA:0,(anonymous_2)
FNDA:0,(anonymous_3)
FNDA:0,(anonymous_4)
FNDA:0,(anonymous_5)
FNDA:0,(anonymous_6)
DA:50,0
DA:77,0
DA:78,0
DA:82,0
DA:87,0
DA:95,0
DA:96,0
DA:106,0
DA:107,0
DA:118,0
DA:119,0
DA:128,0
DA:129,0
DA:138,0
DA:139,0
DA:149,0
DA:150,0
DA:161,0
DA:165,0
DA:168,0
DA:171,0
DA:181,0
DA:194,0
DA:205,0
DA:224,0
LF:25
LH:0
BRDA:52,0,0,0
BRDA:53,1,0,0
BRDA:54,2,0,0
BRDA:55,3,0,0
BRDA:56,4,0,0
BRDA:57,5,0,0
BRDA:61,6,0,0
BRDA:62,7,0,0
BRDA:63,8,0,0
BRDA:68,9,0,0
BRDA:78,10,0,0
BRDA:78,10,1,0
BRDA:95,11,0,0
BRDA:95,11,1,0
BRDA:106,12,0,0
BRDA:106,12,1,0
BRDA:118,13,0,0
BRDA:118,13,1,0
BRDA:128,14,0,0
BRDA:128,14,1,0
BRDA:138,15,0,0
BRDA:138,15,1,0
BRDA:149,16,0,0
BRDA:149,16,1,0
BRF:24
BRH:0
end_of_record
TN:
SF:src/components/calling/CallManager.tsx
FN:15,CallManager
FN:21,(anonymous_1)
FN:28,(anonymous_2)
FN:46,(anonymous_3)
FN:60,(anonymous_4)
FN:72,(anonymous_5)
FN:80,(anonymous_6)
FN:92,(anonymous_7)
FN:97,(anonymous_8)
FN:106,(anonymous_9)
FN:115,(anonymous_10)
FN:119,(anonymous_11)
FN:123,(anonymous_12)
FN:127,(anonymous_13)
FN:172,(anonymous_14)
FN:173,(anonymous_15)
FN:186,(anonymous_16)
FN:190,(anonymous_17)
FN:194,(anonymous_18)
FNF:19
FNH:0
FNDA:0,CallManager
FNDA:0,(anonymous_1)
FNDA:0,(anonymous_2)
FNDA:0,(anonymous_3)
FNDA:0,(anonymous_4)
FNDA:0,(anonymous_5)
FNDA:0,(anonymous_6)
FNDA:0,(anonymous_7)
FNDA:0,(anonymous_8)
FNDA:0,(anonymous_9)
FNDA:0,(anonymous_10)
FNDA:0,(anonymous_11)
FNDA:0,(anonymous_12)
FNDA:0,(anonymous_13)
FNDA:0,(anonymous_14)
FNDA:0,(anonymous_15)
FNDA:0,(anonymous_16)
FNDA:0,(anonymous_17)
FNDA:0,(anonymous_18)
DA:16,0
DA:17,0
DA:18,0
DA:19,0
DA:21,0
DA:23,0
DA:24,0
DA:28,0
DA:29,0
DA:31,0
DA:33,0
DA:34,0
DA:35,0
DA:37,0
DA:38,0
DA:39,0
DA:41,0
DA:42,0
DA:46,0
DA:47,0
DA:52,0
DA:56,0
DA:57,0
DA:60,0
DA:61,0
DA:63,0
DA:64,0
DA:66,0
DA:70,0
DA:72,0
DA:73,0
DA:74,0
DA:75,0
DA:80,0
DA:81,0
DA:82,0
DA:83,0
DA:84,0
DA:85,0
DA:88,0
DA:92,0
DA:93,0
DA:94,0
DA:97,0
DA:98,0
DA:107,0
DA:108,0
DA:115,0
DA:116,0
DA:119,0
DA:120,0
DA:123,0
DA:124,0
DA:127,0
DA:128,0
DA:131,0
DA:172,0
DA:173,0
DA:174,0
DA:175,0
DA:176,0
DA:177,0
DA:179,0
DA:181,0
DA:182,0
DA:186,0
DA:187,0
DA:190,0
DA:191,0
DA:194,0
DA:195,0
DA:198,0
LF:72
LH:0
BRDA:23,0,0,0
BRDA:23,0,1,0
BRDA:31,1,0,0
BRDA:31,1,1,0
BRDA:31,2,0,0
BRDA:31,2,1,0
BRDA:31,2,2,0
BRDA:35,3,0,0
BRDA:35,3,1,0
BRDA:35,4,0,0
BRDA:35,4,1,0
BRDA:39,5,0,0
BRDA:39,5,1,0
BRDA:61,6,0,0
BRDA:61,6,1,0
BRDA:61,7,0,0
BRDA:61,7,1,0
BRDA:64,8,0,0
BRDA:64,8,1,0
BRDA:64,9,0,0
BRDA:64,9,1,0
BRDA:83,10,0,0
BRDA:83,10,1,0
BRDA:142,11,0,0
BRDA:142,11,1,0
BRDA:176,12,0,0
BRDA:176,12,1,0
BRF:27
BRH:0
end_of_record
TN:
SF:src/components/containers/FXContainer.tsx
FN:53,(anonymous_0)
FN:71,(anonymous_1)
FN:145,(anonymous_2)
FN:152,(anonymous_3)
FN:167,(anonymous_4)
FN:228,(anonymous_5)
FN:233,(anonymous_6)
FN:245,(anonymous_7)
FN:255,(anonymous_8)
FN:268,(anonymous_9)
FNF:10
FNH:0
FNDA:0,(anonymous_0)
FNDA:0,(anonymous_1)
FNDA:0,(anonymous_2)
FNDA:0,(anonymous_3)
FNDA:0,(anonymous_4)
FNDA:0,(anonymous_5)
FNDA:0,(anonymous_6)
FNDA:0,(anonymous_7)
FNDA:0,(anonymous_8)
FNDA:0,(anonymous_9)
DA:53,0
DA:71,0
DA:72,0
DA:77,0
DA:79,0
DA:88,0
DA:95,0
DA:102,0
DA:110,0
DA:117,0
DA:126,0
DA:133,0
DA:138,0
DA:145,0
DA:146,0
DA:147,0
DA:152,0
DA:153,0
DA:155,0
DA:156,0
DA:159,0
DA:160,0
DA:163,0
DA:167,0
DA:168,0
DA:171,0
DA:172,0
DA:190,0
DA:191,0
DA:192,0
DA:194,0
DA:206,0
DA:210,0
DA:212,0
DA:226,0
DA:229,0
DA:234,0
DA:246,0
DA:256,0
DA:269,0
LF:40
LH:0
BRDA:55,0,0,0
BRDA:56,1,0,0
BRDA:57,2,0,0
BRDA:58,3,0,0
BRDA:59,4,0,0
BRDA:60,5,0,0
BRDA:61,6,0,0
BRDA:63,7,0,0
BRDA:64,8,0,0
BRDA:68,9,0,0
BRDA:77,10,0,0
BRDA:77,10,1,0
BRDA:77,10,2,0
BRDA:77,10,3,0
BRDA:77,10,4,0
BRDA:77,10,5,0
BRDA:83,11,0,0
BRDA:83,11,1,0
BRDA:83,12,0,0
BRDA:83,12,1,0
BRDA:127,13,0,0
BRDA:127,13,1,0
BRDA:127,14,0,0
BRDA:127,14,1,0
BRDA:128,15,0,0
BRDA:128,15,1,0
BRDA:134,16,0,0
BRDA:134,16,1,0
BRDA:146,17,0,0
BRDA:146,17,1,0
BRDA:146,18,0,0
BRDA:146,18,1,0
BRDA:146,18,2,0
BRDA:155,19,0,0
BRDA:155,19,1,0
BRDA:155,20,0,0
BRDA:155,20,1,0
BRDA:159,21,0,0
BRDA:159,21,1,0
BRDA:159,22,0,0
BRDA:159,22,1,0
BRDA:171,23,0,0
BRDA:171,23,1,0
BRDA:171,24,0,0
BRDA:171,24,1,0
BRDA:171,24,2,0
BRDA:190,25,0,0
BRDA:190,25,1,0
BRDA:190,26,0,0
BRDA:190,26,1,0
BRDA:191,27,0,0
BRDA:191,27,1,0
BRDA:192,28,0,0
BRDA:192,28,1,0
BRDA:192,28,2,0
BRDA:210,29,0,0
BRDA:210,29,1,0
BRDA:216,30,0,0
BRDA:216,30,1,0
BRF:59
BRH:0
end_of_record
TN:
SF:src/components/typography/ModernTypography.tsx
FN:128,(anonymous_0)
FN:160,(anonymous_1)
FN:171,(anonymous_2)
FN:212,(anonymous_3)
FN:216,(anonymous_4)
FN:220,(anonymous_5)
FN:224,(anonymous_6)
FN:228,(anonymous_7)
FN:232,(anonymous_8)
FN:236,(anonymous_9)
FN:240,(anonymous_10)
FN:244,(anonymous_11)
FN:248,(anonymous_12)
FN:252,(anonymous_13)
FN:256,(anonymous_14)
FN:260,(anonymous_15)
FN:265,(anonymous_16)
FN:269,(anonymous_17)
FN:273,(anonymous_18)
FN:278,(anonymous_19)
FN:282,(anonymous_20)
FNF:21
FNH:0
FNDA:0,(anonymous_0)
FNDA:0,(anonymous_1)
FNDA:0,(anonymous_2)
FNDA:0,(anonymous_3)
FNDA:0,(anonymous_4)
FNDA:0,(anonymous_5)
FNDA:0,(anonymous_6)
FNDA:0,(anonymous_7)
FNDA:0,(anonymous_8)
FNDA:0,(anonymous_9)
FNDA:0,(anonymous_10)
FNDA:0,(anonymous_11)
FNDA:0,(anonymous_12)
FNDA:0,(anonymous_13)
FNDA:0,(anonymous_14)
FNDA:0,(anonymous_15)
FNDA:0,(anonymous_16)
FNDA:0,(anonymous_17)
FNDA:0,(anonymous_18)
FNDA:0,(anonymous_19)
FNDA:0,(anonymous_20)
DA:45,0
DA:128,0
DA:140,0
DA:143,0
DA:146,0
DA:153,0
DA:160,0
DA:161,0
DA:162,0
DA:167,0
DA:168,0
DA:169,0
DA:171,0
DA:172,0
DA:184,0
DA:185,0
DA:192,0
DA:196,0
DA:197,0
DA:204,0
DA:212,0
DA:213,0
DA:216,0
DA:217,0
DA:220,0
DA:221,0
DA:224,0
DA:225,0
DA:228,0
DA:229,0
DA:232,0
DA:233,0
DA:236,0
DA:237,0
DA:240,0
DA:241,0
DA:244,0
DA:245,0
DA:248,0
DA:249,0
DA:252,0
DA:253,0
DA:256,0
DA:257,0
DA:260,0
DA:261,0
DA:265,0
DA:266,0
DA:269,0
DA:270,0
DA:273,0
DA:274,0
DA:278,0
DA:279,0
DA:282,0
DA:283,0
DA:287,0
LF:57
LH:0
BRDA:129,0,0,0
BRDA:131,1,0,0
BRDA:134,2,0,0
BRDA:135,3,0,0
BRDA:149,4,0,0
BRDA:149,4,1,0
BRDA:161,5,0,0
BRDA:161,5,1,0
BRDA:167,6,0,0
BRDA:167,6,1,0
BRDA:167,7,0,0
BRDA:167,7,1,0
BRDA:168,8,0,0
BRDA:168,8,1,0
BRDA:169,9,0,0
BRDA:169,9,1,0
BRDA:169,9,2,0
BRDA:184,10,0,0
BRDA:184,10,1,0
BRDA:196,11,0,0
BRDA:196,11,1,0
BRF:21
BRH:0
end_of_record
TN:
SF:src/config/dev.ts
FN:26,(anonymous_0)
FN:27,(anonymous_1)
FN:28,(anonymous_2)
FN:29,(anonymous_3)
FNF:4
FNH:0
FNDA:0,(anonymous_0)
FNDA:0,(anonymous_1)
FNDA:0,(anonymous_2)
FNDA:0,(anonymous_3)
DA:6,0
DA:26,0
DA:27,0
DA:28,0
DA:29,0
LF:5
LH:0
BRDA:8,0,0,0
BRDA:8,0,1,0
BRDA:11,1,0,0
BRDA:11,1,1,0
BRDA:20,2,0,0
BRDA:20,2,1,0
BRDA:23,3,0,0
BRDA:23,3,1,0
BRF:8
BRH:0
end_of_record
TN:
SF:src/config/environment.ts
FN:59,(anonymous_0)
FN:91,(anonymous_1)
FN:92,(anonymous_2)
FN:93,(anonymous_3)
FNF:4
FNH:0
FNDA:0,(anonymous_0)
FNDA:0,(anonymous_1)
FNDA:0,(anonymous_2)
FNDA:0,(anonymous_3)
DA:17,0
DA:28,0
DA:59,0
DA:61,0
DA:62,0
DA:67,0
DA:71,0
DA:72,0
DA:74,0
DA:88,0
DA:91,0
DA:92,0
DA:93,0
DA:96,0
DA:97,0
LF:15
LH:0
BRDA:61,0,0,0
BRDA:61,0,1,0
BRDA:67,1,0,0
BRDA:67,1,1,0
BRDA:72,2,0,0
BRDA:72,2,1,0
BRDA:96,3,0,0
BRDA:96,3,1,0
BRDA:96,4,0,0
BRDA:96,4,1,0
BRF:10
BRH:0
end_of_record
TN:
SF:src/contexts/ThemeContext.tsx
FN:75,(anonymous_0)
FN:82,(anonymous_1)
FN:95,(anonymous_2)
FN:96,(anonymous_3)
FN:111,(anonymous_4)
FN:112,(anonymous_5)
FN:116,(anonymous_6)
FN:120,(anonymous_7)
FN:130,(anonymous_8)
FN:152,(anonymous_9)
FNF:10
FNH:0
FNDA:0,(anonymous_0)
FNDA:0,(anonymous_1)
FNDA:0,(anonymous_2)
FNDA:0,(anonymous_3)
FNDA:0,(anonymous_4)
FNDA:0,(anonymous_5)
FNDA:0,(anonymous_6)
FNDA:0,(anonymous_7)
FNDA:0,(anonymous_8)
FNDA:0,(anonymous_9)
DA:67,0
DA:69,0
DA:75,0
DA:76,0
DA:77,0
DA:82,0
DA:83,0
DA:84,0
DA:86,0
DA:90,0
DA:91,0
DA:92,0
DA:95,0
DA:96,0
DA:97,0
DA:98,0
DA:99,0
DA:100,0
DA:103,0
DA:107,0
DA:111,0
DA:112,0
DA:113,0
DA:116,0
DA:120,0
DA:121,0
DA:122,0
DA:123,0
DA:125,0
DA:130,0
DA:131,0
DA:132,0
DA:135,0
DA:145,0
DA:152,0
DA:153,0
DA:154,0
DA:155,0
DA:157,0
LF:39
LH:0
BRDA:83,0,0,0
BRDA:83,0,1,0
BRDA:90,1,0,0
BRDA:90,1,1,0
BRDA:91,2,0,0
BRDA:91,2,1,0
BRDA:92,3,0,0
BRDA:92,3,1,0
BRDA:99,4,0,0
BRDA:99,4,1,0
BRDA:99,5,0,0
BRDA:99,5,1,0
BRDA:99,5,2,0
BRDA:131,6,0,0
BRDA:131,6,1,0
BRDA:154,7,0,0
BRDA:154,7,1,0
BRF:17
BRH:0
end_of_record
TN:
SF:src/hooks/useAnimations.ts
FN:46,(anonymous_0)
FN:51,(anonymous_1)
FN:67,(anonymous_2)
FN:73,(anonymous_3)
FN:83,(anonymous_4)
FN:86,(anonymous_5)
FN:92,(anonymous_6)
FN:103,(anonymous_7)
FN:108,(anonymous_8)
FN:118,(anonymous_9)
FN:128,(anonymous_10)
FN:131,(anonymous_11)
FN:136,(anonymous_12)
FN:139,(anonymous_13)
FN:144,(anonymous_14)
FN:160,(anonymous_15)
FN:164,(anonymous_16)
FN:173,(anonymous_17)
FN:181,(anonymous_18)
FN:186,(anonymous_19)
FN:195,(anonymous_20)
FN:200,(anonymous_21)
FN:210,(anonymous_22)
FN:220,(anonymous_23)
FN:223,(anonymous_24)
FN:229,(anonymous_25)
FN:237,(anonymous_26)
FN:241,(anonymous_27)
FN:248,(anonymous_28)
FN:261,(anonymous_29)
FN:265,(anonymous_30)
FN:272,(anonymous_31)
FN:277,(anonymous_32)
FN:286,(anonymous_33)
FN:289,(anonymous_34)
FN:295,(anonymous_35)
FN:299,(anonymous_36)
FN:307,(anonymous_37)
FN:318,(anonymous_38)
FNF:39
FNH:0
FNDA:0,(anonymous_0)
FNDA:0,(anonymous_1)
FNDA:0,(anonymous_2)
FNDA:0,(anonymous_3)
FNDA:0,(anonymous_4)
FNDA:0,(anonymous_5)
FNDA:0,(anonymous_6)
FNDA:0,(anonymous_7)
FNDA:0,(anonymous_8)
FNDA:0,(anonymous_9)
FNDA:0,(anonymous_10)
FNDA:0,(anonymous_11)
FNDA:0,(anonymous_12)
FNDA:0,(anonymous_13)
FNDA:0,(anonymous_14)
FNDA:0,(anonymous_15)
FNDA:0,(anonymous_16)
FNDA:0,(anonymous_17)
FNDA:0,(anonymous_18)
FNDA:0,(anonymous_19)
FNDA:0,(anonymous_20)
FNDA:0,(anonymous_21)
FNDA:0,(anonymous_22)
FNDA:0,(anonymous_23)
FNDA:0,(anonymous_24)
FNDA:0,(anonymous_25)
FNDA:0,(anonymous_26)
FNDA:0,(anonymous_27)
FNDA:0,(anonymous_28)
FNDA:0,(anonymous_29)
FNDA:0,(anonymous_30)
FNDA:0,(anonymous_31)
FNDA:0,(anonymous_32)
FNDA:0,(anonymous_33)
FNDA:0,(anonymous_34)
FNDA:0,(anonymous_35)
FNDA:0,(anonymous_36)
FNDA:0,(anonymous_37)
FNDA:0,(anonymous_38)
DA:18,0
DA:46,0
DA:47,0
DA:48,0
DA:49,0
DA:51,0
DA:52,0
DA:67,0
DA:68,0
DA:69,0
DA:70,0
DA:73,0
DA:74,0
DA:75,0
DA:76,0
DA:79,0
DA:83,0
DA:84,0
DA:86,0
DA:87,0
DA:92,0
DA:93,0
DA:99,0
DA:103,0
DA:104,0
DA:105,0
DA:106,0
DA:108,0
DA:109,0
DA:118,0
DA:119,0
DA:128,0
DA:129,0
DA:130,0
DA:131,0
DA:132,0
DA:136,0
DA:137,0
DA:138,0
DA:139,0
DA:140,0
DA:144,0
DA:145,0
DA:146,0
DA:147,0
DA:150,0
DA:160,0
DA:161,0
DA:162,0
DA:164,0
DA:165,0
DA:173,0
DA:174,0
DA:175,0
DA:178,0
DA:181,0
DA:182,0
DA:183,0
DA:186,0
DA:187,0
DA:188,0
DA:191,0
DA:195,0
DA:196,0
DA:197,0
DA:198,0
DA:200,0
DA:201,0
DA:210,0
DA:211,0
DA:212,0
DA:213,0
DA:216,0
DA:220,0
DA:221,0
DA:223,0
DA:224,0
DA:229,0
DA:230,0
DA:233,0
DA:237,0
DA:238,0
DA:239,0
DA:241,0
DA:242,0
DA:248,0
DA:249,0
DA:254,0
DA:257,0
DA:261,0
DA:262,0
DA:263,0
DA:265,0
DA:266,0
DA:272,0
DA:273,0
DA:274,0
DA:277,0
DA:278,0
DA:279,0
DA:282,0
DA:286,0
DA:287,0
DA:289,0
DA:290,0
DA:295,0
DA:296,0
DA:299,0
DA:300,0
DA:303,0
DA:307,0
DA:308,0
DA:314,0
DA:318,0
DA:321,0
LF:115
LH:0
BRDA:132,0,0,0
BRDA:132,0,1,0
BRDA:140,1,0,0
BRDA:140,1,1,0
BRDA:195,2,0,0
BRDA:307,3,0,0
BRDA:318,4,0,0
BRF:7
BRH:0
end_of_record
TN:
SF:src/hooks/useMotionSystem.ts
FN:9,(anonymous_0)
FN:17,(anonymous_1)
FN:18,(anonymous_2)
FN:21,(anonymous_3)
FN:24,(anonymous_4)
FN:45,(anonymous_5)
FN:78,(anonymous_6)
FN:84,(anonymous_7)
FN:90,(anonymous_8)
FN:91,(anonymous_9)
FN:92,(anonymous_10)
FN:93,(anonymous_11)
FN:101,(anonymous_12)
FN:102,(anonymous_13)
FN:108,(anonymous_14)
FN:109,(anonymous_15)
FN:121,(anonymous_16)
FN:140,(anonymous_17)
FN:146,(anonymous_18)
FN:204,(anonymous_19)
FN:212,(anonymous_20)
FN:219,(anonymous_21)
FN:224,(anonymous_22)
FN:230,(anonymous_23)
FN:235,(anonymous_24)
FN:267,(anonymous_25)
FN:277,(anonymous_26)
FN:286,(anonymous_27)
FN:308,(anonymous_28)
FN:314,(anonymous_29)
FN:328,(anonymous_30)
FN:345,(anonymous_31)
FN:351,(anonymous_32)
FN:352,(anonymous_33)
FN:389,(anonymous_34)
FN:396,(anonymous_35)
FNF:36
FNH:0
FNDA:0,(anonymous_0)
FNDA:0,(anonymous_1)
FNDA:0,(anonymous_2)
FNDA:0,(anonymous_3)
FNDA:0,(anonymous_4)
FNDA:0,(anonymous_5)
FNDA:0,(anonymous_6)
FNDA:0,(anonymous_7)
FNDA:0,(anonymous_8)
FNDA:0,(anonymous_9)
FNDA:0,(anonymous_10)
FNDA:0,(anonymous_11)
FNDA:0,(anonymous_12)
FNDA:0,(anonymous_13)
FNDA:0,(anonymous_14)
FNDA:0,(anonymous_15)
FNDA:0,(anonymous_16)
FNDA:0,(anonymous_17)
FNDA:0,(anonymous_18)
FNDA:0,(anonymous_19)
FNDA:0,(anonymous_20)
FNDA:0,(anonymous_21)
FNDA:0,(anonymous_22)
FNDA:0,(anonymous_23)
FNDA:0,(anonymous_24)
FNDA:0,(anonymous_25)
FNDA:0,(anonymous_26)
FNDA:0,(anonymous_27)
FNDA:0,(anonymous_28)
FNDA:0,(anonymous_29)
FNDA:0,(anonymous_30)
FNDA:0,(anonymous_31)
FNDA:0,(anonymous_32)
FNDA:0,(anonymous_33)
FNDA:0,(anonymous_34)
FNDA:0,(anonymous_35)
DA:9,0
DA:13,0
DA:14,0
DA:17,0
DA:18,0
DA:19,0
DA:21,0
DA:24,0
DA:25,0
DA:33,0
DA:34,0
DA:35,0
DA:38,0
DA:41,0
DA:45,0
DA:49,0
DA:51,0
DA:74,0
DA:78,0
DA:83,0
DA:84,0
DA:87,0
DA:90,0
DA:91,0
DA:92,0
DA:93,0
DA:94,0
DA:95,0
DA:96,0
DA:101,0
DA:102,0
DA:103,0
DA:108,0
DA:109,0
DA:110,0
DA:118,0
DA:121,0
DA:136,0
DA:140,0
DA:144,0
DA:146,0
DA:147,0
DA:149,0
DA:161,0
DA:173,0
DA:185,0
DA:197,0
DA:204,0
DA:205,0
DA:208,0
DA:212,0
DA:216,0
DA:217,0
DA:219,0
DA:220,0
DA:221,0
DA:224,0
DA:225,0
DA:226,0
DA:230,0
DA:231,0
DA:232,0
DA:235,0
DA:236,0
DA:237,0
DA:238,0
DA:240,0
DA:241,0
DA:247,0
DA:248,0
DA:255,0
DA:267,0
DA:271,0
DA:275,0
DA:277,0
DA:278,0
DA:280,0
DA:286,0
DA:287,0
DA:290,0
DA:297,0
DA:308,0
DA:311,0
DA:312,0
DA:314,0
DA:315,0
DA:330,0
DA:331,0
DA:332,0
DA:336,0
DA:341,0
DA:345,0
DA:349,0
DA:351,0
DA:352,0
DA:353,0
DA:371,0
DA:374,0
DA:385,0
DA:389,0
DA:393,0
DA:394,0
DA:396,0
DA:397,0
DA:398,0
DA:400,0
DA:401,0
DA:402,0
DA:403,0
DA:404,0
DA:405,0
DA:409,0
LF:112
LH:0
BRDA:10,0,0,0
BRDA:11,1,0,0
BRDA:34,2,0,0
BRDA:34,2,1,0
BRDA:46,3,0,0
BRDA:47,4,0,0
BRDA:80,5,0,0
BRDA:81,6,0,0
BRDA:141,7,0,0
BRDA:142,8,0,0
BRDA:147,9,0,0
BRDA:147,9,1,0
BRDA:147,9,2,0
BRDA:147,9,3,0
BRDA:147,9,4,0
BRDA:213,10,0,0
BRDA:214,11,0,0
BRDA:225,12,0,0
BRDA:225,12,1,0
BRDA:240,13,0,0
BRDA:240,13,1,0
BRDA:268,14,0,0
BRDA:269,15,0,0
BRDA:278,16,0,0
BRDA:278,16,1,0
BRDA:309,17,0,0
BRDA:346,18,0,0
BRDA:347,19,0,0
BRDA:390,20,0,0
BRDA:391,21,0,0
BRDA:400,22,0,0
BRDA:400,22,1,0
BRDA:400,23,0,0
BRDA:400,23,1,0
BRDA:403,24,0,0
BRDA:403,24,1,0
BRDA:403,25,0,0
BRDA:403,25,1,0
BRF:38
BRH:0
end_of_record
TN:
SF:src/hooks/usePremiumAnimations.ts
FN:70,(anonymous_0)
FN:75,(anonymous_1)
FN:88,(anonymous_2)
FN:94,(anonymous_3)
FN:110,(anonymous_4)
FN:114,(anonymous_5)
FN:121,(anonymous_6)
FN:133,(anonymous_7)
FN:136,(anonymous_8)
FN:149,(anonymous_9)
FN:159,(anonymous_10)
FN:162,(anonymous_11)
FN:175,(anonymous_12)
FN:186,(anonymous_13)
FN:189,(anonymous_14)
FN:202,(anonymous_15)
FN:212,(anonymous_16)
FN:215,(anonymous_17)
FN:228,(anonymous_18)
FN:238,(anonymous_19)
FN:247,(anonymous_20)
FN:248,(anonymous_21)
FN:278,(anonymous_22)
FN:293,(anonymous_23)
FN:294,(anonymous_24)
FN:308,(anonymous_25)
FN:312,(anonymous_26)
FN:316,(anonymous_27)
FN:329,(anonymous_28)
FN:333,(anonymous_29)
FN:341,(anonymous_30)
FN:345,(anonymous_31)
FN:352,(anonymous_32)
FN:357,(anonymous_33)
FN:363,(anonymous_34)
FN:376,(anonymous_35)
FN:380,(anonymous_36)
FN:397,(anonymous_37)
FN:410,(anonymous_38)
FN:413,(anonymous_39)
FN:417,(anonymous_40)
FNF:41
FNH:0
FNDA:0,(anonymous_0)
FNDA:0,(anonymous_1)
FNDA:0,(anonymous_2)
FNDA:0,(anonymous_3)
FNDA:0,(anonymous_4)
FNDA:0,(anonymous_5)
FNDA:0,(anonymous_6)
FNDA:0,(anonymous_7)
FNDA:0,(anonymous_8)
FNDA:0,(anonymous_9)
FNDA:0,(anonymous_10)
FNDA:0,(anonymous_11)
FNDA:0,(anonymous_12)
FNDA:0,(anonymous_13)
FNDA:0,(anonymous_14)
FNDA:0,(anonymous_15)
FNDA:0,(anonymous_16)
FNDA:0,(anonymous_17)
FNDA:0,(anonymous_18)
FNDA:0,(anonymous_19)
FNDA:0,(anonymous_20)
FNDA:0,(anonymous_21)
FNDA:0,(anonymous_22)
FNDA:0,(anonymous_23)
FNDA:0,(anonymous_24)
FNDA:0,(anonymous_25)
FNDA:0,(anonymous_26)
FNDA:0,(anonymous_27)
FNDA:0,(anonymous_28)
FNDA:0,(anonymous_29)
FNDA:0,(anonymous_30)
FNDA:0,(anonymous_31)
FNDA:0,(anonymous_32)
FNDA:0,(anonymous_33)
FNDA:0,(anonymous_34)
FNDA:0,(anonymous_35)
FNDA:0,(anonymous_36)
FNDA:0,(anonymous_37)
FNDA:0,(anonymous_38)
FNDA:0,(anonymous_39)
FNDA:0,(anonymous_40)
DA:17,1
DA:70,1
DA:71,0
DA:72,0
DA:73,0
DA:75,0
DA:76,0
DA:78,0
DA:82,0
DA:88,0
DA:89,0
DA:90,0
DA:91,0
DA:94,0
DA:102,0
DA:110,1
DA:111,0
DA:112,0
DA:114,0
DA:115,0
DA:116,0
DA:117,0
DA:118,0
DA:121,0
DA:126,0
DA:133,1
DA:134,0
DA:136,0
DA:137,0
DA:138,0
DA:149,0
DA:153,0
DA:159,1
DA:160,0
DA:162,0
DA:163,0
DA:164,0
DA:175,0
DA:180,0
DA:186,1
DA:187,0
DA:189,0
DA:190,0
DA:191,0
DA:202,0
DA:206,0
DA:212,1
DA:213,0
DA:215,0
DA:216,0
DA:217,0
DA:228,0
DA:232,0
DA:238,1
DA:242,0
DA:243,0
DA:244,0
DA:245,0
DA:247,0
DA:248,0
DA:249,0
DA:251,0
DA:252,0
DA:254,0
DA:255,0
DA:256,0
DA:258,0
DA:259,0
DA:260,0
DA:262,0
DA:270,0
DA:271,0
DA:275,0
DA:278,0
DA:287,0
DA:293,1
DA:294,0
DA:295,0
DA:297,0
DA:298,0
DA:300,0
DA:301,0
DA:303,0
DA:304,0
DA:308,0
DA:309,0
DA:312,0
DA:313,0
DA:316,0
[...]
BRDA:409,35,0,0
BRDA:409,35,1,2
BRDA:409,36,0,2
BRDA:409,36,1,2
BRDA:410,37,0,0
BRDA:410,37,1,0
BRDA:417,38,0,0
BRDA:417,38,1,0
BRDA:417,39,0,0
BRDA:417,39,1,0
BRDA:429,40,0,1
BRDA:429,40,1,0
BRDA:430,41,0,1
BRDA:430,41,1,0
BRDA:444,42,0,1
BRDA:444,42,1,0
BRDA:445,43,0,1
BRDA:445,43,1,0
BRDA:452,44,0,1
BRDA:452,44,1,0
BRDA:452,45,0,1
BRDA:452,45,1,1
BRDA:460,46,0,0
BRDA:460,46,1,0
BRDA:460,47,0,0
BRDA:460,47,1,0
BRF:96
BRH:48
end_of_record
TN:
SF:src/services/api.ts
FN:34,(anonymous_0)
FN:43,(anonymous_1)
FN:52,(anonymous_2)
FN:61,(anonymous_3)
FN:70,(anonymous_4)
FN:79,(anonymous_5)
FN:89,(anonymous_6)
FN:98,(anonymous_7)
FN:107,(anonymous_8)
FN:120,(anonymous_9)
FN:129,(anonymous_10)
FN:138,(anonymous_11)
FN:147,(anonymous_12)
FN:156,(anonymous_13)
FN:165,(anonymous_14)
FN:174,(anonymous_15)
FN:183,(anonymous_16)
FN:192,(anonymous_17)
FN:201,(anonymous_18)
FN:210,(anonymous_19)
FN:219,(anonymous_20)
FN:228,(anonymous_21)
FN:237,(anonymous_22)
FN:246,(anonymous_23)
FN:255,(anonymous_24)
FN:264,(anonymous_25)
FN:273,(anonymous_26)
FN:282,(anonymous_27)
FN:291,(anonymous_28)
FN:301,(anonymous_29)
FN:315,(anonymous_30)
FN:324,(anonymous_31)
FN:333,(anonymous_32)
FN:346,(anonymous_33)
FN:368,(anonymous_34)
FN:396,(anonymous_35)
FN:424,(anonymous_36)
FNF:37
FNH:0
FNDA:0,(anonymous_0)
FNDA:0,(anonymous_1)
FNDA:0,(anonymous_2)
FNDA:0,(anonymous_3)
FNDA:0,(anonymous_4)
FNDA:0,(anonymous_5)
FNDA:0,(anonymous_6)
FNDA:0,(anonymous_7)
FNDA:0,(anonymous_8)
FNDA:0,(anonymous_9)
FNDA:0,(anonymous_10)
FNDA:0,(anonymous_11)
FNDA:0,(anonymous_12)
FNDA:0,(anonymous_13)
FNDA:0,(anonymous_14)
FNDA:0,(anonymous_15)
FNDA:0,(anonymous_16)
FNDA:0,(anonymous_17)
FNDA:0,(anonymous_18)
FNDA:0,(anonymous_19)
FNDA:0,(anonymous_20)
FNDA:0,(anonymous_21)
FNDA:0,(anonymous_22)
FNDA:0,(anonymous_23)
FNDA:0,(anonymous_24)
FNDA:0,(anonymous_25)
FNDA:0,(anonymous_26)
FNDA:0,(anonymous_27)
FNDA:0,(anonymous_28)
FNDA:0,(anonymous_29)
FNDA:0,(anonymous_30)
FNDA:0,(anonymous_31)
FNDA:0,(anonymous_32)
FNDA:0,(anonymous_33)
FNDA:0,(anonymous_34)
FNDA:0,(anonymous_35)
FNDA:0,(anonymous_36)
DA:32,0
DA:35,0
DA:36,0
DA:37,0
DA:39,0
DA:44,0
DA:45,0
DA:46,0
DA:48,0
DA:53,0
DA:54,0
DA:55,0
DA:57,0
DA:62,0
DA:63,0
DA:64,0
DA:66,0
DA:71,0
DA:72,0
DA:73,0
DA:75,0
DA:80,0
DA:81,0
DA:82,0
DA:83,0
DA:85,0
DA:90,0
DA:91,0
DA:92,0
DA:94,0
DA:99,0
DA:100,0
DA:101,0
DA:103,0
DA:108,0
DA:113,0
DA:114,0
DA:116,0
DA:121,0
DA:122,0
DA:123,0
DA:125,0
DA:130,0
DA:131,0
DA:132,0
DA:134,0
DA:139,0
DA:140,0
DA:141,0
DA:143,0
DA:148,0
DA:149,0
DA:150,0
DA:152,0
DA:157,0
DA:158,0
DA:159,0
DA:161,0
DA:166,0
DA:167,0
DA:168,0
DA:170,0
DA:175,0
DA:176,0
DA:177,0
DA:179,0
DA:184,0
DA:185,0
DA:186,0
DA:188,0
DA:193,0
DA:194,0
DA:195,0
DA:197,0
DA:202,0
DA:203,0
DA:204,0
DA:206,0
DA:211,0
DA:212,0
DA:213,0
DA:215,0
DA:220,0
DA:221,0
DA:222,0
DA:224,0
DA:229,0
DA:230,0
DA:231,0
DA:233,0
DA:238,0
DA:239,0
DA:240,0
DA:242,0
DA:247,0
DA:248,0
DA:249,0
DA:251,0
DA:256,0
DA:257,0
DA:258,0
DA:260,0
DA:265,0
DA:266,0
DA:267,0
DA:269,0
DA:274,0
DA:275,0
DA:276,0
DA:278,0
DA:283,0
DA:284,0
DA:285,0
DA:287,0
DA:292,0
DA:293,0
DA:294,0
DA:295,0
DA:297,0
DA:302,0
DA:307,0
DA:308,0
DA:309,0
DA:311,0
DA:316,0
DA:317,0
DA:318,0
DA:320,0
DA:325,0
DA:326,0
DA:327,0
DA:329,0
DA:334,0
DA:335,0
DA:336,0
DA:338,0
DA:344,0
DA:360,0
DA:361,0
DA:362,0
DA:364,0
DA:388,0
DA:389,0
DA:390,0
DA:392,0
DA:416,0
DA:417,0
DA:418,0
DA:420,0
DA:437,0
DA:438,0
DA:439,0
DA:441,0
DA:445,0
DA:451,0
LF:155
LH:0
BRDA:36,0,0,0
BRDA:36,0,1,0
BRDA:36,1,0,0
BRDA:36,1,1,0
BRDA:39,2,0,0
BRDA:39,2,1,0
BRDA:45,3,0,0
BRDA:45,3,1,0
BRDA:45,4,0,0
BRDA:45,4,1,0
BRDA:48,5,0,0
BRDA:48,5,1,0
BRDA:54,6,0,0
BRDA:54,6,1,0
BRDA:54,7,0,0
BRDA:54,7,1,0
BRDA:57,8,0,0
BRDA:57,8,1,0
BRDA:63,9,0,0
BRDA:63,9,1,0
BRDA:63,10,0,0
BRDA:63,10,1,0
BRDA:66,11,0,0
BRDA:66,11,1,0
BRDA:72,12,0,0
BRDA:72,12,1,0
BRDA:72,13,0,0
BRDA:72,13,1,0
BRDA:75,14,0,0
BRDA:75,14,1,0
BRDA:80,15,0,0
BRDA:80,15,1,0
BRDA:82,16,0,0
BRDA:82,16,1,0
BRDA:82,17,0,0
BRDA:82,17,1,0
BRDA:85,18,0,0
BRDA:85,18,1,0
BRDA:91,19,0,0
BRDA:91,19,1,0
BRDA:91,20,0,0
BRDA:91,20,1,0
BRDA:94,21,0,0
BRDA:94,21,1,0
BRDA:100,22,0,0
BRDA:100,22,1,0
BRDA:100,23,0,0
BRDA:100,23,1,0
BRDA:103,24,0,0
BRDA:103,24,1,0
BRDA:113,25,0,0
BRDA:113,25,1,0
BRDA:113,26,0,0
BRDA:113,26,1,0
BRDA:116,27,0,0
BRDA:116,27,1,0
BRDA:122,28,0,0
BRDA:122,28,1,0
BRDA:122,29,0,0
BRDA:122,29,1,0
BRDA:125,30,0,0
BRDA:125,30,1,0
BRDA:131,31,0,0
BRDA:131,31,1,0
BRDA:131,32,0,0
BRDA:131,32,1,0
BRDA:134,33,0,0
BRDA:134,33,1,0
BRDA:140,34,0,0
BRDA:140,34,1,0
BRDA:140,35,0,0
BRDA:140,35,1,0
BRDA:143,36,0,0
BRDA:143,36,1,0
BRDA:149,37,0,0
BRDA:149,37,1,0
BRDA:152,38,0,0
BRDA:152,38,1,0
BRDA:158,39,0,0
BRDA:158,39,1,0
BRDA:158,40,0,0
BRDA:158,40,1,0
BRDA:161,41,0,0
BRDA:161,41,1,0
BRDA:167,42,0,0
BRDA:167,42,1,0
BRDA:167,43,0,0
BRDA:167,43,1,0
BRDA:170,44,0,0
BRDA:170,44,1,0
BRDA:176,45,0,0
BRDA:176,45,1,0
BRDA:176,46,0,0
BRDA:176,46,1,0
BRDA:179,47,0,0
BRDA:179,47,1,0
BRDA:185,48,0,0
BRDA:185,48,1,0
BRDA:185,49,0,0
BRDA:185,49,1,0
BRDA:188,50,0,0
BRDA:188,50,1,0
BRDA:194,51,0,0
BRDA:194,51,1,0
BRDA:197,52,0,0
BRDA:197,52,1,0
BRDA:203,53,0,0
BRDA:203,53,1,0
BRDA:203,54,0,0
BRDA:203,54,1,0
BRDA:206,55,0,0
BRDA:206,55,1,0
BRDA:212,56,0,0
BRDA:212,56,1,0
BRDA:212,57,0,0
BRDA:212,57,1,0
BRDA:215,58,0,0
BRDA:215,58,1,0
BRDA:221,59,0,0
BRDA:221,59,1,0
BRDA:221,60,0,0
BRDA:221,60,1,0
BRDA:224,61,0,0
BRDA:224,61,1,0
BRDA:230,62,0,0
BRDA:230,62,1,0
BRDA:233,63,0,0
BRDA:233,63,1,0
BRDA:239,64,0,0
BRDA:239,64,1,0
BRDA:242,65,0,0
BRDA:242,65,1,0
BRDA:248,66,0,0
BRDA:248,66,1,0
BRDA:248,67,0,0
BRDA:248,67,1,0
BRDA:251,68,0,0
BRDA:251,68,1,0
BRDA:257,69,0,0
BRDA:257,69,1,0
BRDA:260,70,0,0
BRDA:260,70,1,0
BRDA:266,71,0,0
BRDA:266,71,1,0
BRDA:269,72,0,0
BRDA:269,72,1,0
BRDA:275,73,0,0
BRDA:275,73,1,0
BRDA:278,74,0,0
BRDA:278,74,1,0
BRDA:284,75,0,0
BRDA:284,75,1,0
BRDA:284,76,0,0
BRDA:284,76,1,0
BRDA:287,77,0,0
BRDA:287,77,1,0
BRDA:294,78,0,0
BRDA:294,78,1,0
BRDA:294,79,0,0
BRDA:294,79,1,0
BRDA:297,80,0,0
BRDA:297,80,1,0
BRDA:305,81,0,0
BRDA:305,81,1,0
BRDA:305,81,2,0
BRDA:308,82,0,0
BRDA:308,82,1,0
BRDA:308,83,0,0
BRDA:308,83,1,0
BRDA:311,84,0,0
BRDA:311,84,1,0
BRDA:317,85,0,0
BRDA:317,85,1,0
BRDA:317,86,0,0
BRDA:317,86,1,0
BRDA:320,87,0,0
BRDA:320,87,1,0
BRDA:326,88,0,0
BRDA:326,88,1,0
BRDA:326,89,0,0
BRDA:326,89,1,0
BRDA:329,90,0,0
BRDA:329,90,1,0
BRDA:335,91,0,0
BRDA:335,91,1,0
BRDA:335,92,0,0
BRDA:335,92,1,0
BRDA:338,93,0,0
BRDA:338,93,1,0
BRDA:361,94,0,0
BRDA:361,94,1,0
BRDA:361,95,0,0
BRDA:361,95,1,0
BRDA:364,96,0,0
BRDA:364,96,1,0
BRDA:389,97,0,0
BRDA:389,97,1,0
BRDA:389,98,0,0
BRDA:389,98,1,0
BRDA:392,99,0,0
BRDA:392,99,1,0
BRDA:417,100,0,0
BRDA:417,100,1,0
BRDA:417,101,0,0
BRDA:417,101,1,0
BRDA:420,102,0,0
BRDA:420,102,1,0
BRDA:438,103,0,0
BRDA:438,103,1,0
BRDA:438,104,0,0
BRDA:438,104,1,0
BRDA:441,105,0,0
BRDA:441,105,1,0
BRF:213
BRH:0
end_of_record
TN:
SF:src/services/notifications.ts
FN:13,(anonymous_0)
FN:35,(anonymous_1)
FN:93,(anonymous_2)
FN:135,(anonymous_3)
FN:137,(anonymous_4)
FN:145,(anonymous_5)
FN:152,(anonymous_6)
FN:169,(anonymous_7)
FN:191,(anonymous_8)
FN:223,(anonymous_9)
FN:256,(anonymous_10)
FN:266,(anonymous_11)
FN:276,(anonymous_12)
FN:281,(anonymous_13)
FN:291,(anonymous_14)
FN:301,(anonymous_15)
FN:315,(anonymous_16)
FN:330,(anonymous_17)
FN:343,(anonymous_18)
FN:359,(anonymous_19)
FN:364,(anonymous_20)
FNF:21
FNH:0
FNDA:0,(anonymous_0)
FNDA:0,(anonymous_1)
FNDA:0,(anonymous_2)
FNDA:0,(anonymous_3)
FNDA:0,(anonymous_4)
FNDA:0,(anonymous_5)
FNDA:0,(anonymous_6)
FNDA:0,(anonymous_7)
FNDA:0,(anonymous_8)
FNDA:0,(anonymous_9)
FNDA:0,(anonymous_10)
FNDA:0,(anonymous_11)
FNDA:0,(anonymous_12)
FNDA:0,(anonymous_13)
FNDA:0,(anonymous_14)
FNDA:0,(anonymous_15)
FNDA:0,(anonymous_16)
FNDA:0,(anonymous_17)
FNDA:0,(anonymous_18)
FNDA:0,(anonymous_19)
FNDA:0,(anonymous_20)
DA:12,0
DA:13,0
DA:31,0
DA:32,0
DA:33,0
DA:36,0
DA:38,0
DA:40,0
DA:41,0
DA:45,0
DA:46,0
DA:49,0
DA:50,0
DA:51,0
DA:54,0
DA:56,0
DA:57,0
DA:61,0
DA:62,0
DA:63,0
DA:66,0
DA:69,0
DA:70,0
DA:78,0
DA:82,0
DA:85,0
DA:86,0
DA:88,0
DA:89,0
DA:94,0
DA:124,0
DA:125,0
DA:136,0
DA:139,0
DA:140,0
DA:144,0
DA:146,0
DA:147,0
DA:153,0
DA:156,0
DA:159,0
DA:162,0
DA:165,0
DA:171,0
DA:174,0
DA:177,0
DA:180,0
DA:183,0
DA:186,0
DA:192,0
DA:194,0
DA:196,0
DA:199,0
DA:201,0
DA:224,0
DA:226,0
DA:230,0
DA:231,0
DA:232,0
DA:238,0
DA:248,0
DA:250,0
DA:251,0
DA:257,0
DA:258,0
DA:259,0
DA:261,0
DA:267,0
DA:268,0
DA:269,0
DA:271,0
DA:277,0
DA:282,0
DA:283,0
DA:284,0
DA:286,0
DA:292,0
DA:293,0
DA:294,0
DA:296,0
DA:302,0
DA:316,0
DA:331,0
DA:344,0
DA:345,0
DA:347,0
DA:360,0
DA:365,0
DA:366,0
DA:367,0
DA:370,0
DA:371,0
DA:372,0
DA:378,0
LF:94
LH:0
BRDA:38,0,0,0
BRDA:38,0,1,0
BRDA:49,1,0,0
BRDA:49,1,1,0
BRDA:54,2,0,0
BRDA:54,2,1,0
BRDA:69,3,0,0
BRDA:69,3,1,0
BRDA:129,4,0,0
BRDA:129,4,1,0
BRDA:156,5,0,0
BRDA:156,5,1,0
BRDA:156,5,2,0
BRDA:171,6,0,0
BRDA:171,6,1,0
BRDA:171,6,2,0
BRDA:171,6,3,0
BRDA:177,7,0,0
BRDA:177,7,1,0
BRDA:192,8,0,0
BRDA:192,8,1,0
BRDA:192,8,2,0
BRDA:192,8,3,0
BRDA:192,8,4,0
BRDA:231,9,0,0
BRDA:231,9,1,0
BRDA:242,10,0,0
BRDA:242,10,1,0
BRDA:319,11,0,0
BRDA:319,11,1,0
BRDA:330,12,0,0
BRDA:332,13,0,0
BRDA:332,13,1,0
BRDA:333,14,0,0
BRDA:333,14,1,0
BRDA:334,15,0,0
BRDA:334,15,1,0
BRDA:336,16,0,0
BRDA:336,16,1,0
BRDA:365,17,0,0
BRDA:365,17,1,0
BRDA:370,18,0,0
BRDA:370,18,1,0
BRF:43
BRH:0
end_of_record
TN:
SF:src/stores/useAuthStore.ts
FN:32,(anonymous_0)
FN:41,(anonymous_1)
FN:41,(anonymous_2)
FN:48,(anonymous_3)
FN:48,(anonymous_4)
FN:56,(anonymous_5)
FN:56,(anonymous_6)
FN:64,(anonymous_7)
FN:64,(anonymous_8)
FN:73,(anonymous_9)
FN:73,(anonymous_10)
FN:79,(anonymous_11)
FN:79,(anonymous_12)
FN:87,(anonymous_13)
FNF:14
FNH:0
FNDA:0,(anonymous_0)
FNDA:0,(anonymous_1)
FNDA:0,(anonymous_2)
FNDA:0,(anonymous_3)
FNDA:0,(anonymous_4)
FNDA:0,(anonymous_5)
FNDA:0,(anonymous_6)
FNDA:0,(anonymous_7)
FNDA:0,(anonymous_8)
FNDA:0,(anonymous_9)
FNDA:0,(anonymous_10)
FNDA:0,(anonymous_11)
FNDA:0,(anonymous_12)
FNDA:0,(anonymous_13)
DA:30,0
DA:32,0
DA:41,0
DA:42,0
DA:43,0
DA:44,0
DA:48,0
DA:49,0
DA:50,0
DA:51,0
DA:52,0
DA:56,0
DA:57,0
DA:58,0
DA:59,0
DA:60,0
DA:64,0
DA:65,0
DA:66,0
DA:67,0
DA:68,0
DA:69,0
DA:73,0
DA:74,0
DA:75,0
DA:79,0
DA:80,0
DA:81,0
DA:87,0
LF:29
LH:0
BRF:0
BRH:0
end_of_record
TN:
SF:src/styles/DarkTheme.ts
FNF:0
FNH:0
DA:5,0
DA:8,0
DA:70,0
DA:124,0
LF:4
LH:0
BRDA:178,0,0,0
BRDA:178,0,1,0
BRF:2
BRH:0
end_of_record
TN:
SF:src/styles/EnhancedDesignTokens.ts
FN:447,(anonymous_0)
FN:456,(anonymous_1)
FN:462,(anonymous_2)
FNF:3
FNH:0
FNDA:0,(anonymous_0)
FNDA:0,(anonymous_1)
FNDA:0,(anonymous_2)
DA:3,0
DA:9,0
DA:118,0
DA:184,0
DA:238,0
DA:351,0
DA:411,0
DA:445,0
DA:448,0
DA:449,0
DA:450,0
DA:451,0
DA:452,0
DA:458,0
DA:463,0
DA:464,0
LF:16
LH:0
BRDA:414,0,0,0
BRDA:414,0,1,0
BRDA:456,1,0,0
BRF:3
BRH:0
end_of_record
TN:
SF:src/styles/GlobalStyles.ts
FN:4,(anonymous_0)
FNF:1
FNH:1
FNDA:1,(anonymous_0)
DA:4,1
DA:5,1
DA:6,1
DA:9,0
DA:13,1
DA:16,1
DA:77,1
DA:118,1
DA:133,1
DA:145,1
DA:200,1
DA:628,1
DA:659,1
LF:13
LH:12
BRDA:252,0,0,1
BRDA:252,0,1,0
BRDA:663,1,0,1
BRDA:663,1,1,1
BRF:4
BRH:3
end_of_record
TN:
SF:src/theme/unified-theme.ts
FNF:0
FNH:0
DA:6,0
DA:240,0
LF:2
LH:0
BRF:0
BRH:0
end_of_record
TN:
SF:src/types/api.ts
FNF:0
FNH:0
LF:0
LH:0
BRF:0
BRH:0
end_of_record
TN:
SF:src/types/common.ts
FNF:0
FNH:0
LF:0
LH:0
BRF:0
BRH:0
end_of_record
TN:
SF:src/types/navigation.ts
FNF:0
FNH:0
LF:0
LH:0
BRF:0
BRH:0
end_of_record
TN:
SF:src/utils/PerformanceMonitor.ts
FN:29,(anonymous_0)
FN:31,(anonymous_1)
FN:41,(anonymous_2)
FN:52,(anonymous_3)
FN:59,(anonymous_4)
FN:66,(anonymous_5)
FN:76,(anonymous_6)
FN:107,(anonymous_7)
FN:117,(anonymous_8)
FN:129,(anonymous_9)
FN:132,(anonymous_10)
FN:139,(anonymous_11)
FN:142,(anonymous_12)
FN:143,(anonymous_13)
FN:150,(anonymous_14)
FN:171,(anonymous_15)
FN:184,(anonymous_16)
FN:197,(anonymous_17)
FN:221,(anonymous_18)
FN:250,(anonymous_19)
FN:261,(anonymous_20)
FNF:21
FNH:0
FNDA:0,(anonymous_0)
FNDA:0,(anonymous_1)
FNDA:0,(anonymous_2)
FNDA:0,(anonymous_3)
FNDA:0,(anonymous_4)
FNDA:0,(anonymous_5)
FNDA:0,(anonymous_6)
FNDA:0,(anonymous_7)
FNDA:0,(anonymous_8)
FNDA:0,(anonymous_9)
FNDA:0,(anonymous_10)
FNDA:0,(anonymous_11)
FNDA:0,(anonymous_12)
FNDA:0,(anonymous_13)
FNDA:0,(anonymous_14)
FNDA:0,(anonymous_15)
FNDA:0,(anonymous_16)
FNDA:0,(anonymous_17)
FNDA:0,(anonymous_18)
FNDA:0,(anonymous_19)
FNDA:0,(anonymous_20)
DA:22,0
DA:23,0
DA:24,0
DA:25,0
DA:26,0
DA:27,0
DA:32,0
DA:33,0
DA:35,0
DA:42,0
DA:44,0
DA:45,0
DA:46,0
DA:53,0
DA:60,0
DA:67,0
DA:68,0
DA:69,0
DA:76,0
DA:77,0
DA:79,0
DA:80,0
DA:82,0
DA:83,0
DA:84,0
DA:87,0
DA:88,0
DA:92,0
DA:93,0
DA:96,0
DA:97,0
DA:101,0
DA:108,0
DA:117,0
DA:118,0
DA:119,0
DA:121,0
DA:130,0
DA:132,0
DA:133,0
DA:140,0
DA:142,0
DA:143,0
DA:144,0
DA:151,0
DA:152,0
DA:153,0
DA:156,0
DA:157,0
DA:161,0
DA:163,0
DA:164,0
DA:174,0
DA:175,0
DA:176,0
DA:177,0
DA:178,0
DA:187,0
DA:188,0
DA:189,0
DA:190,0
DA:191,0
DA:198,0
DA:200,0
DA:201,0
DA:203,0
DA:204,0
DA:206,0
DA:207,0
DA:209,0
DA:210,0
DA:212,0
DA:213,0
DA:215,0
DA:222,0
DA:223,0
DA:225,0
DA:226,0
DA:227,0
DA:230,0
DA:231,0
DA:232,0
DA:235,0
DA:236,0
DA:237,0
DA:240,0
DA:241,0
DA:244,0
DA:251,0
DA:252,0
DA:254,0
DA:255,0
DA:256,0
DA:257,0
DA:258,0
DA:259,0
DA:260,0
DA:261,0
LF:98
LH:0
BRDA:32,0,0,0
BRDA:32,0,1,0
BRDA:42,1,0,0
BRDA:42,1,1,0
BRDA:68,2,0,0
BRDA:68,2,1,0
BRDA:77,3,0,0
BRDA:77,3,1,0
BRDA:82,4,0,0
BRDA:82,4,1,0
BRDA:87,5,0,0
BRDA:87,5,1,0
BRDA:96,6,0,0
BRDA:96,6,1,0
BRDA:130,7,0,0
BRDA:130,7,1,0
BRDA:140,8,0,0
BRDA:140,8,1,0
BRDA:152,9,0,0
BRDA:152,9,1,0
BRDA:152,10,0,0
BRDA:152,10,1,0
BRDA:153,11,0,0
BRDA:153,11,1,0
BRDA:156,12,0,0
BRDA:156,12,1,0
BRDA:156,13,0,0
BRDA:156,13,1,0
BRDA:157,14,0,0
BRDA:157,14,1,0
BRDA:161,15,0,0
BRDA:161,15,1,0
BRDA:175,16,0,0
BRDA:175,16,1,0
BRDA:176,17,0,0
BRDA:176,17,1,0
BRDA:177,18,0,0
BRDA:177,18,1,0
BRDA:188,19,0,0
BRDA:188,19,1,0
BRDA:189,20,0,0
BRDA:189,20,1,0
BRDA:190,21,0,0
BRDA:190,21,1,0
BRDA:200,22,0,0
BRDA:200,22,1,0
BRDA:200,23,0,0
BRDA:200,23,1,0
BRDA:200,23,2,0
BRDA:203,24,0,0
BRDA:203,24,1,0
BRDA:203,25,0,0
BRDA:203,25,1,0
BRDA:203,25,2,0
BRDA:206,26,0,0
BRDA:206,26,1,0
BRDA:206,27,0,0
BRDA:206,27,1,0
BRDA:206,27,2,0
BRDA:209,28,0,0
BRDA:209,28,1,0
BRDA:209,29,0,0
BRDA:209,29,1,0
BRDA:209,29,2,0
BRDA:212,30,0,0
BRDA:212,30,1,0
BRDA:212,31,0,0
BRDA:212,31,1,0
BRDA:212,31,2,0
BRDA:225,32,0,0
BRDA:225,32,1,0
BRDA:230,33,0,0
BRDA:230,33,1,0
BRDA:235,34,0,0
BRDA:235,34,1,0
BRDA:240,35,0,0
BRDA:240,35,1,0
BRF:77
BRH:0
end_of_record
TN:
SF:src/utils/hapticFeedback.ts
FN:137,(anonymous_0)
FN:144,(anonymous_1)
FN:157,(anonymous_2)
FN:164,(anonymous_3)
FN:176,(anonymous_4)
FN:211,(anonymous_5)
FN:222,(anonymous_6)
FN:233,(anonymous_7)
FN:248,(anonymous_8)
FN:255,(anonymous_9)
FN:265,(anonymous_10)
FN:266,(anonymous_11)
FN:267,(anonymous_12)
FN:268,(anonymous_13)
FN:269,(anonymous_14)
FN:270,(anonymous_15)
FN:271,(anonymous_16)
FN:272,(anonymous_17)
FNF:18
FNH:0
FNDA:0,(anonymous_0)
FNDA:0,(anonymous_1)
FNDA:0,(anonymous_2)
FNDA:0,(anonymous_3)
FNDA:0,(anonymous_4)
FNDA:0,(anonymous_5)
FNDA:0,(anonymous_6)
FNDA:0,(anonymous_7)
FNDA:0,(anonymous_8)
FNDA:0,(anonymous_9)
FNDA:0,(anonymous_10)
FNDA:0,(anonymous_11)
FNDA:0,(anonymous_12)
FNDA:0,(anonymous_13)
FNDA:0,(anonymous_14)
FNDA:0,(anonymous_15)
FNDA:0,(anonymous_16)
FNDA:0,(anonymous_17)
DA:47,0
DA:134,0
DA:135,0
DA:138,0
DA:145,0
DA:148,0
DA:150,0
DA:158,0
DA:165,0
DA:167,0
DA:169,0
DA:177,0
DA:178,0
DA:181,0
DA:182,0
DA:184,0
DA:185,0
DA:186,0
DA:190,0
DA:194,0
DA:196,0
DA:200,0
DA:201,0
DA:204,0
DA:212,0
DA:213,0
DA:216,0
DA:217,0
DA:218,0
DA:221,0
DA:222,0
DA:226,0
DA:234,0
DA:235,0
DA:238,0
DA:239,0
DA:241,0
DA:249,0
DA:256,0
DA:261,0
DA:264,0
DA:265,0
DA:266,0
DA:267,0
DA:268,0
DA:269,0
DA:270,0
DA:271,0
DA:272,0
LF:49
LH:0
BRDA:167,0,0,0
BRDA:167,0,1,0
BRDA:177,1,0,0
BRDA:177,1,1,0
BRDA:177,2,0,0
BRDA:177,2,1,0
BRDA:184,3,0,0
BRDA:184,3,1,0
BRDA:190,4,0,0
BRDA:190,4,1,0
BRDA:190,5,0,0
BRDA:190,5,1,0
BRDA:190,5,2,0
BRDA:190,5,3,0
BRDA:200,6,0,0
BRDA:200,6,1,0
BRDA:212,7,0,0
BRDA:212,7,1,0
BRDA:212,8,0,0
BRDA:212,8,1,0
BRDA:221,9,0,0
BRDA:221,9,1,0
BRDA:234,10,0,0
BRDA:234,10,1,0
BRDA:234,11,0,0
BRDA:234,11,1,0
BRF:26
BRH:0
end_of_record
TN:
SF:src/utils/performanceMonitor.ts
FN:40,(anonymous_0)
FN:49,(anonymous_1)
FN:60,(anonymous_2)
FN:63,(anonymous_3)
FN:96,(anonymous_4)
FN:103,(anonymous_5)
FN:117,(anonymous_6)
FN:144,(anonymous_7)
FN:165,(anonymous_8)
FN:180,(anonymous_9)
FN:201,(anonymous_10)
FN:203,(anonymous_11)
FN:209,(anonymous_12)
FN:219,(anonymous_13)
FN:226,(anonymous_14)
FN:234,(anonymous_15)
FN:239,(anonymous_16)
FN:250,(anonymous_17)
FN:260,(anonymous_18)
FN:268,(anonymous_19)
FN:269,(anonymous_20)
FN:281,(anonymous_21)
FN:282,(anonymous_22)
FN:283,(anonymous_23)
FN:284,(anonymous_24)
FN:286,(anonymous_25)
FN:287,(anonymous_26)
FN:301,(anonymous_27)
FN:302,(anonymous_28)
FN:305,(anonymous_29)
FN:308,(anonymous_30)
FN:319,(anonymous_31)
FN:323,(anonymous_32)
FN:326,(anonymous_33)
FN:329,(anonymous_34)
FNF:35
FNH:0
FNDA:0,(anonymous_0)
FNDA:0,(anonymous_1)
FNDA:0,(anonymous_2)
FNDA:0,(anonymous_3)
FNDA:0,(anonymous_4)
FNDA:0,(anonymous_5)
FNDA:0,(anonymous_6)
FNDA:0,(anonymous_7)
FNDA:0,(anonymous_8)
FNDA:0,(anonymous_9)
FNDA:0,(anonymous_10)
FNDA:0,(anonymous_11)
FNDA:0,(anonymous_12)
FNDA:0,(anonymous_13)
FNDA:0,(anonymous_14)
FNDA:0,(anonymous_15)
FNDA:0,(anonymous_16)
FNDA:0,(anonymous_17)
FNDA:0,(anonymous_18)
FNDA:0,(anonymous_19)
FNDA:0,(anonymous_20)
FNDA:0,(anonymous_21)
FNDA:0,(anonymous_22)
FNDA:0,(anonymous_23)
FNDA:0,(anonymous_24)
FNDA:0,(anonymous_25)
FNDA:0,(anonymous_26)
FNDA:0,(anonymous_27)
FNDA:0,(anonymous_28)
FNDA:0,(anonymous_29)
FNDA:0,(anonymous_30)
FNDA:0,(anonymous_31)
FNDA:0,(anonymous_32)
FNDA:0,(anonymous_33)
FNDA:0,(anonymous_34)
DA:31,0
DA:32,0
DA:33,0
DA:34,0
DA:35,0
DA:36,0
DA:37,0
DA:38,0
DA:41,0
DA:42,0
DA:50,0
DA:52,0
DA:53,0
DA:61,0
DA:63,0
DA:64,0
DA:66,0
DA:67,0
DA:68,0
DA:71,0
DA:72,0
DA:73,0
DA:74,0
DA:77,0
DA:78,0
DA:81,0
DA:84,0
DA:87,0
DA:90,0
DA:97,0
DA:104,0
DA:106,0
DA:111,0
DA:118,0
DA:120,0
DA:121,0
DA:122,0
DA:123,0
DA:126,0
DA:127,0
DA:129,0
DA:130,0
DA:133,0
DA:134,0
DA:137,0
DA:138,0
DA:148,0
DA:149,0
DA:152,0
DA:154,0
DA:155,0
DA:156,0
DA:158,0
DA:168,0
DA:170,0
DA:173,0
DA:181,0
DA:183,0
DA:190,0
DA:193,0
DA:194,0
DA:202,0
DA:203,0
DA:206,0
DA:208,0
DA:209,0
DA:213,0
DA:220,0
DA:234,0
DA:236,0
DA:239,0
DA:251,0
DA:253,0
DA:254,0
DA:261,0
DA:262,0
DA:269,0
DA:270,0
DA:276,0
DA:281,0
DA:282,0
DA:283,0
DA:284,0
DA:285,0
DA:286,0
DA:287,0
DA:289,0
DA:301,0
DA:302,0
DA:303,0
DA:305,0
DA:306,0
DA:308,0
DA:312,0
DA:319,0
DA:323,0
DA:324,0
DA:326,0
DA:327,0
DA:329,0
DA:330,0
DA:334,0
DA:337,0
DA:339,0
LF:104
LH:0
BRDA:41,0,0,0
BRDA:41,0,1,0
BRDA:50,1,0,0
BRDA:50,1,1,0
BRDA:52,2,0,0
BRDA:52,2,1,0
BRDA:61,3,0,0
BRDA:61,3,1,0
BRDA:66,4,0,0
BRDA:66,4,1,0
BRDA:71,5,0,0
BRDA:71,5,1,0
BRDA:77,6,0,0
BRDA:77,6,1,0
BRDA:104,7,0,0
BRDA:104,7,1,0
BRDA:118,8,0,0
BRDA:118,8,1,0
BRDA:121,9,0,0
BRDA:121,9,1,0
BRDA:133,10,0,0
BRDA:133,10,1,0
BRDA:148,11,0,0
BRDA:148,11,1,0
BRDA:168,12,0,0
BRDA:168,12,1,0
BRDA:181,13,0,0
BRDA:181,13,1,0
BRDA:193,14,0,0
BRDA:193,14,1,0
BRDA:206,15,0,0
BRDA:206,15,1,0
BRDA:209,16,0,0
BRDA:209,16,1,0
BRDA:238,17,0,0
BRDA:238,17,1,0
BRDA:240,18,0,0
BRDA:240,18,1,0
BRDA:241,19,0,0
BRDA:241,19,1,0
BRDA:251,20,0,0
BRDA:251,20,1,0
BRDA:324,21,0,0
BRDA:324,21,1,0
BRDA:324,21,2,0
BRDA:324,21,3,0
BRDA:337,22,0,0
BRDA:337,22,1,0
BRF:48
BRH:0
end_of_record
TN:
SF:src/utils/secureStorage.ts
FN:9,(anonymous_0)
FN:11,(anonymous_1)
FN:20,(anonymous_2)
FN:28,(anonymous_3)
FN:43,(anonymous_4)
FN:48,(anonymous_5)
FN:57,(anonymous_6)
FN:65,(anonymous_7)
FNF:8
FNH:0
FNDA:0,(anonymous_0)
FNDA:0,(anonymous_1)
FNDA:0,(anonymous_2)
FNDA:0,(anonymous_3)
FNDA:0,(anonymous_4)
FNDA:0,(anonymous_5)
FNDA:0,(anonymous_6)
FNDA:0,(anonymous_7)
DA:9,0
DA:10,0
DA:12,0
DA:13,0
DA:14,0
DA:16,0
DA:17,0
DA:21,0
DA:22,0
DA:24,0
DA:25,0
DA:29,0
DA:30,0
DA:32,0
DA:33,0
DA:43,0
DA:45,0
DA:47,0
DA:49,0
DA:50,0
DA:51,0
DA:53,0
DA:54,0
DA:58,0
DA:59,0
DA:61,0
DA:62,0
DA:66,0
DA:67,0
DA:69,0
DA:70,0
LF:31
LH:0
BRF:0
BRH:0
end_of_record
