{"/home/ben/datapartition_backup/Downloads/pawfectmatch-premium/apps/web/src/app/App.css": {"path":"/home/ben/datapartition_backup/Downloads/pawfectmatch-premium/apps/web/src/app/App.css","statementMap":{},"fnMap":{},"branchMap":{},"s":{},"f":{},"b":{},"inputSourceMap":null,"_coverageSchema":"1a1c01bbd47fc00a2c39e90264f33305004495a9","hash":"bdf183f5b086389af6c61561cea43232643d6444"}
,"/home/ben/datapartition_backup/Downloads/pawfectmatch-premium/apps/web/src/app/App.tsx": {"path":"/home/ben/datapartition_backup/Downloads/pawfectmatch-premium/apps/web/src/app/App.tsx","statementMap":{"0":{"start":{"line":1,"column":0},"end":{"line":1,"column":26}},"1":{"start":{"line":2,"column":0},"end":{"line":2,"column":55}},"2":{"start":{"line":3,"column":0},"end":{"line":3,"column":59}},"3":{"start":{"line":4,"column":0},"end":{"line":4,"column":73}},"4":{"start":{"line":5,"column":0},"end":{"line":5,"column":68}},"5":{"start":{"line":6,"column":0},"end":{"line":6,"column":19}},"6":{"start":{"line":9,"column":20},"end":{"line":16,"column":2}},"7":{"start":{"line":19,"column":2},"end":{"line":36,"column":4}},"8":{"start":{"line":39,"column":0},"end":{"line":39,"column":19}}},"fnMap":{"0":{"name":"App","decl":{"start":{"line":18,"column":9},"end":{"line":18,"column":12}},"loc":{"start":{"line":18,"column":12},"end":{"line":37,"column":1}}}},"branchMap":{},"s":{"0":1,"1":1,"2":1,"3":1,"4":1,"5":1,"6":1,"7":0,"8":1},"f":{"0":0},"b":{}}
,"/home/ben/datapartition_backup/Downloads/pawfectmatch-premium/apps/web/src/components/AccessibilityProvider.tsx": {"path":"/home/ben/datapartition_backup/Downloads/pawfectmatch-premium/apps/web/src/components/AccessibilityProvider.tsx","statementMap":{"0":{"start":{"line":27,"column":0},"end":{"line":27,"column":16}},"1":{"start":{"line":39,"column":0},"end":{"line":39,"column":16}},"2":{"start":{"line":254,"column":0},"end":{"line":254,"column":16}},"3":{"start":{"line":3,"column":0},"end":{"line":3,"column":91}},"4":{"start":{"line":4,"column":0},"end":{"line":4,"column":56}},"5":{"start":{"line":25,"column":29},"end":{"line":25,"column":81}},"6":{"start":{"line":28,"column":18},"end":{"line":28,"column":50}},"7":{"start":{"line":29,"column":2},"end":{"line":31,"column":3}},"8":{"start":{"line":30,"column":4},"end":{"line":30,"column":85}},"9":{"start":{"line":32,"column":2},"end":{"line":32,"column":17}},"10":{"start":{"line":40,"column":28},"end":{"line":47,"column":4}},"11":{"start":{"line":50,"column":2},"end":{"line":91,"column":9}},"12":{"start":{"line":52,"column":36},"end":{"line":52,"column":89}},"13":{"start":{"line":53,"column":35},"end":{"line":53,"column":80}},"14":{"start":{"line":56,"column":31},"end":{"line":56,"column":94}},"15":{"start":{"line":57,"column":30},"end":{"line":57,"column":92}},"16":{"start":{"line":58,"column":26},"end":{"line":58,"column":119}},"17":{"start":{"line":59,"column":30},"end":{"line":59,"column":92}},"18":{"start":{"line":60,"column":36},"end":{"line":60,"column":104}},"19":{"start":{"line":62,"column":4},"end":{"line":69,"column":7}},"20":{"start":{"line":72,"column":38},"end":{"line":76,"column":5}},"21":{"start":{"line":73,"column":6},"end":{"line":75,"column":7}},"22":{"start":{"line":74,"column":8},"end":{"line":74,"column":66}},"23":{"start":{"line":74,"column":25},"end":{"line":74,"column":64}},"24":{"start":{"line":78,"column":37},"end":{"line":82,"column":5}},"25":{"start":{"line":79,"column":6},"end":{"line":81,"column":7}},"26":{"start":{"line":80,"column":8},"end":{"line":80,"column":65}},"27":{"start":{"line":80,"column":25},"end":{"line":80,"column":63}},"28":{"start":{"line":84,"column":4},"end":{"line":84,"column":82}},"29":{"start":{"line":85,"column":4},"end":{"line":85,"column":80}},"30":{"start":{"line":87,"column":4},"end":{"line":90,"column":6}},"31":{"start":{"line":88,"column":6},"end":{"line":88,"column":87}},"32":{"start":{"line":89,"column":6},"end":{"line":89,"column":85}},"33":{"start":{"line":94,"column":2},"end":{"line":112,"column":9}},"34":{"start":{"line":95,"column":26},"end":{"line":99,"column":5}},"35":{"start":{"line":96,"column":6},"end":{"line":98,"column":7}},"36":{"start":{"line":97,"column":8},"end":{"line":97,"column":86}},"37":{"start":{"line":97,"column":25},"end":{"line":97,"column":84}},"38":{"start":{"line":101,"column":28},"end":{"line":103,"column":5}},"39":{"start":{"line":102,"column":6},"end":{"line":102,"column":65}},"40":{"start":{"line":102,"column":23},"end":{"line":102,"column":63}},"41":{"start":{"line":105,"column":4},"end":{"line":105,"column":56}},"42":{"start":{"line":106,"column":4},"end":{"line":106,"column":60}},"43":{"start":{"line":108,"column":4},"end":{"line":111,"column":6}},"44":{"start":{"line":109,"column":6},"end":{"line":109,"column":61}},"45":{"start":{"line":110,"column":6},"end":{"line":110,"column":65}},"46":{"start":{"line":115,"column":2},"end":{"line":147,"column":14}},"47":{"start":{"line":116,"column":17},"end":{"line":116,"column":41}},"48":{"start":{"line":119,"column":24},"end":{"line":124,"column":6}},"49":{"start":{"line":125,"column":4},"end":{"line":125,"column":85}},"50":{"start":{"line":128,"column":4},"end":{"line":132,"column":5}},"51":{"start":{"line":129,"column":6},"end":{"line":129,"column":42}},"52":{"start":{"line":131,"column":6},"end":{"line":131,"column":45}},"53":{"start":{"line":135,"column":4},"end":{"line":139,"column":5}},"54":{"start":{"line":136,"column":6},"end":{"line":136,"column":43}},"55":{"start":{"line":138,"column":6},"end":{"line":138,"column":46}},"56":{"start":{"line":142,"column":4},"end":{"line":146,"column":5}},"57":{"start":{"line":143,"column":6},"end":{"line":143,"column":42}},"58":{"start":{"line":145,"column":6},"end":{"line":145,"column":45}},"59":{"start":{"line":149,"column":27},"end":{"line":152,"column":8}},"60":{"start":{"line":150,"column":4},"end":{"line":150,"column":60}},"61":{"start":{"line":150,"column":21},"end":{"line":150,"column":58}},"62":{"start":{"line":151,"column":4},"end":{"line":151,"column":77}},"63":{"start":{"line":154,"column":26},"end":{"line":157,"column":8}},"64":{"start":{"line":155,"column":4},"end":{"line":155,"column":56}},"65":{"start":{"line":155,"column":21},"end":{"line":155,"column":54}},"66":{"start":{"line":156,"column":4},"end":{"line":156,"column":73}},"67":{"start":{"line":159,"column":22},"end":{"line":162,"column":8}},"68":{"start":{"line":160,"column":4},"end":{"line":160,"column":52}},"69":{"start":{"line":160,"column":21},"end":{"line":160,"column":50}},"70":{"start":{"line":161,"column":4},"end":{"line":161,"column":58}},"71":{"start":{"line":164,"column":26},"end":{"line":167,"column":8}},"72":{"start":{"line":165,"column":4},"end":{"line":165,"column":59}},"73":{"start":{"line":165,"column":21},"end":{"line":165,"column":57}},"74":{"start":{"line":166,"column":4},"end":{"line":166,"column":76}},"75":{"start":{"line":169,"column":32},"end":{"line":172,"column":8}},"76":{"start":{"line":170,"column":4},"end":{"line":170,"column":65}},"77":{"start":{"line":170,"column":21},"end":{"line":170,"column":63}},"78":{"start":{"line":171,"column":4},"end":{"line":171,"column":82}},"79":{"start":{"line":174,"column":33},"end":{"line":187,"column":8}},"80":{"start":{"line":175,"column":25},"end":{"line":175,"column":54}},"81":{"start":{"line":176,"column":4},"end":{"line":176,"column":53}},"82":{"start":{"line":177,"column":4},"end":{"line":177,"column":53}},"83":{"start":{"line":178,"column":4},"end":{"line":178,"column":39}},"84":{"start":{"line":179,"column":4},"end":{"line":179,"column":39}},"85":{"start":{"line":181,"column":4},"end":{"line":181,"column":44}},"86":{"start":{"line":184,"column":4},"end":{"line":186,"column":13}},"87":{"start":{"line":185,"column":6},"end":{"line":185,"column":46}},"88":{"start":{"line":189,"column":24},"end":{"line":195,"column":8}},"89":{"start":{"line":190,"column":24},"end":{"line":190,"column":63}},"90":{"start":{"line":191,"column":4},"end":{"line":194,"column":5}},"91":{"start":{"line":192,"column":6},"end":{"line":192,"column":26}},"92":{"start":{"line":193,"column":6},"end":{"line":193,"column":57}},"93":{"start":{"line":197,"column":20},"end":{"line":205,"column":null}},"94":{"start":{"line":208,"column":2},"end":{"line":214,"column":4}},"95":{"start":{"line":219,"column":27},"end":{"line":219,"column":45}},"96":{"start":{"line":221,"column":2},"end":{"line":221,"column":33}},"97":{"start":{"line":221,"column":21},"end":{"line":221,"column":33}},"98":{"start":{"line":223,"column":2},"end":{"line":230,"column":4}},"99":{"start":{"line":235,"column":28},"end":{"line":235,"column":46}},"100":{"start":{"line":237,"column":2},"end":{"line":250,"column":4}},"101":{"start":{"line":266,"column":6},"end":{"line":266,"column":24}},"102":{"start":{"line":268,"column":2},"end":{"line":333,"column":4}},"103":{"start":{"line":278,"column":29},"end":{"line":278,"column":63}},"104":{"start":{"line":289,"column":29},"end":{"line":289,"column":62}},"105":{"start":{"line":300,"column":29},"end":{"line":300,"column":90}},"106":{"start":{"line":315,"column":29},"end":{"line":315,"column":62}},"107":{"start":{"line":326,"column":29},"end":{"line":326,"column":68}},"108":{"start":{"line":336,"column":0},"end":{"line":336,"column":37}}},"fnMap":{"0":{"name":"useAccessibility","decl":{"start":{"line":27,"column":16},"end":{"line":27,"column":32}},"loc":{"start":{"line":27,"column":32},"end":{"line":33,"column":1}}},"1":{"name":"AccessibilityProvider","decl":{"start":{"line":39,"column":16},"end":{"line":39,"column":37}},"loc":{"start":{"line":39,"column":78},"end":{"line":215,"column":1}}},"2":{"name":"(anonymous_11)","decl":{"start":{"line":50,"column":12},"end":{"line":50,"column":15}},"loc":{"start":{"line":50,"column":17},"end":{"line":91,"column":3}}},"3":{"name":"(anonymous_12)","decl":{"start":{"line":72,"column":38},"end":{"line":72,"column":39}},"loc":{"start":{"line":72,"column":65},"end":{"line":76,"column":5}}},"4":{"name":"(anonymous_13)","decl":{"start":{"line":74,"column":17},"end":{"line":74,"column":21}},"loc":{"start":{"line":74,"column":25},"end":{"line":74,"column":64}}},"5":{"name":"(anonymous_14)","decl":{"start":{"line":78,"column":37},"end":{"line":78,"column":38}},"loc":{"start":{"line":78,"column":64},"end":{"line":82,"column":5}}},"6":{"name":"(anonymous_15)","decl":{"start":{"line":80,"column":17},"end":{"line":80,"column":21}},"loc":{"start":{"line":80,"column":25},"end":{"line":80,"column":63}}},"7":{"name":"(anonymous_16)","decl":{"start":{"line":87,"column":11},"end":{"line":87,"column":14}},"loc":{"start":{"line":87,"column":16},"end":{"line":90,"column":5}}},"8":{"name":"(anonymous_17)","decl":{"start":{"line":94,"column":12},"end":{"line":94,"column":15}},"loc":{"start":{"line":94,"column":17},"end":{"line":112,"column":3}}},"9":{"name":"(anonymous_18)","decl":{"start":{"line":95,"column":26},"end":{"line":95,"column":27}},"loc":{"start":{"line":95,"column":47},"end":{"line":99,"column":5}}},"10":{"name":"(anonymous_19)","decl":{"start":{"line":97,"column":17},"end":{"line":97,"column":21}},"loc":{"start":{"line":97,"column":25},"end":{"line":97,"column":84}}},"11":{"name":"(anonymous_20)","decl":{"start":{"line":101,"column":28},"end":{"line":101,"column":31}},"loc":{"start":{"line":101,"column":33},"end":{"line":103,"column":5}}},"12":{"name":"(anonymous_21)","decl":{"start":{"line":102,"column":15},"end":{"line":102,"column":19}},"loc":{"start":{"line":102,"column":23},"end":{"line":102,"column":63}}},"13":{"name":"(anonymous_22)","decl":{"start":{"line":108,"column":11},"end":{"line":108,"column":14}},"loc":{"start":{"line":108,"column":16},"end":{"line":111,"column":5}}},"14":{"name":"(anonymous_23)","decl":{"start":{"line":115,"column":12},"end":{"line":115,"column":15}},"loc":{"start":{"line":115,"column":17},"end":{"line":147,"column":3}}},"15":{"name":"(anonymous_24)","decl":{"start":{"line":149,"column":39},"end":{"line":149,"column":40}},"loc":{"start":{"line":149,"column":60},"end":{"line":152,"column":3}}},"16":{"name":"(anonymous_25)","decl":{"start":{"line":150,"column":13},"end":{"line":150,"column":17}},"loc":{"start":{"line":150,"column":21},"end":{"line":150,"column":58}}},"17":{"name":"(anonymous_26)","decl":{"start":{"line":154,"column":38},"end":{"line":154,"column":39}},"loc":{"start":{"line":154,"column":56},"end":{"line":157,"column":3}}},"18":{"name":"(anonymous_27)","decl":{"start":{"line":155,"column":13},"end":{"line":155,"column":17}},"loc":{"start":{"line":155,"column":21},"end":{"line":155,"column":54}}},"19":{"name":"(anonymous_28)","decl":{"start":{"line":159,"column":34},"end":{"line":159,"column":35}},"loc":{"start":{"line":159,"column":75},"end":{"line":162,"column":3}}},"20":{"name":"(anonymous_29)","decl":{"start":{"line":160,"column":13},"end":{"line":160,"column":17}},"loc":{"start":{"line":160,"column":21},"end":{"line":160,"column":50}}},"21":{"name":"(anonymous_30)","decl":{"start":{"line":164,"column":38},"end":{"line":164,"column":39}},"loc":{"start":{"line":164,"column":59},"end":{"line":167,"column":3}}},"22":{"name":"(anonymous_31)","decl":{"start":{"line":165,"column":13},"end":{"line":165,"column":17}},"loc":{"start":{"line":165,"column":21},"end":{"line":165,"column":57}}},"23":{"name":"(anonymous_32)","decl":{"start":{"line":169,"column":44},"end":{"line":169,"column":45}},"loc":{"start":{"line":169,"column":65},"end":{"line":172,"column":3}}},"24":{"name":"(anonymous_33)","decl":{"start":{"line":170,"column":13},"end":{"line":170,"column":17}},"loc":{"start":{"line":170,"column":21},"end":{"line":170,"column":63}}},"25":{"name":"(anonymous_34)","decl":{"start":{"line":174,"column":45},"end":{"line":174,"column":46}},"loc":{"start":{"line":174,"column":110},"end":{"line":187,"column":3}}},"26":{"name":"(anonymous_35)","decl":{"start":{"line":184,"column":15},"end":{"line":184,"column":18}},"loc":{"start":{"line":184,"column":20},"end":{"line":186,"column":5}}},"27":{"name":"(anonymous_36)","decl":{"start":{"line":189,"column":36},"end":{"line":189,"column":39}},"loc":{"start":{"line":189,"column":41},"end":{"line":195,"column":3}}},"28":{"name":"ScreenReaderAnnouncements","decl":{"start":{"line":218,"column":9},"end":{"line":218,"column":34}},"loc":{"start":{"line":218,"column":34},"end":{"line":231,"column":1}}},"29":{"name":"SkipToContentButton","decl":{"start":{"line":234,"column":9},"end":{"line":234,"column":28}},"loc":{"start":{"line":234,"column":28},"end":{"line":251,"column":1}}},"30":{"name":"AccessibilitySettings","decl":{"start":{"line":254,"column":16},"end":{"line":254,"column":37}},"loc":{"start":{"line":254,"column":37},"end":{"line":334,"column":1}}},"31":{"name":"(anonymous_40)","decl":{"start":{"line":278,"column":22},"end":{"line":278,"column":23}},"loc":{"start":{"line":278,"column":29},"end":{"line":278,"column":63}}},"32":{"name":"(anonymous_41)","decl":{"start":{"line":289,"column":22},"end":{"line":289,"column":23}},"loc":{"start":{"line":289,"column":29},"end":{"line":289,"column":62}}},"33":{"name":"(anonymous_42)","decl":{"start":{"line":300,"column":22},"end":{"line":300,"column":23}},"loc":{"start":{"line":300,"column":29},"end":{"line":300,"column":90}}},"34":{"name":"(anonymous_43)","decl":{"start":{"line":315,"column":22},"end":{"line":315,"column":23}},"loc":{"start":{"line":315,"column":29},"end":{"line":315,"column":62}}},"35":{"name":"(anonymous_44)","decl":{"start":{"line":326,"column":22},"end":{"line":326,"column":23}},"loc":{"start":{"line":326,"column":29},"end":{"line":326,"column":68}}}},"branchMap":{"0":{"loc":{"start":{"line":29,"column":2},"end":{"line":31,"column":3}},"type":"if","locations":[{"start":{"line":29,"column":2},"end":{"line":31,"column":3}}]},"1":{"loc":{"start":{"line":58,"column":26},"end":{"line":58,"column":119}},"type":"binary-expr","locations":[{"start":{"line":58,"column":26},"end":{"line":58,"column":107}},{"start":{"line":58,"column":111},"end":{"line":58,"column":119}}]},"2":{"loc":{"start":{"line":63,"column":21},"end":{"line":63,"column":74}},"type":"binary-expr","locations":[{"start":{"line":63,"column":21},"end":{"line":63,"column":39}},{"start":{"line":63,"column":43},"end":{"line":63,"column":74}}]},"3":{"loc":{"start":{"line":64,"column":20},"end":{"line":64,"column":71}},"type":"binary-expr","locations":[{"start":{"line":64,"column":20},"end":{"line":64,"column":37}},{"start":{"line":64,"column":41},"end":{"line":64,"column":71}}]},"4":{"loc":{"start":{"line":73,"column":6},"end":{"line":75,"column":7}},"type":"if","locations":[{"start":{"line":73,"column":6},"end":{"line":75,"column":7}}]},"5":{"loc":{"start":{"line":79,"column":6},"end":{"line":81,"column":7}},"type":"if","locations":[{"start":{"line":79,"column":6},"end":{"line":81,"column":7}}]},"6":{"loc":{"start":{"line":96,"column":6},"end":{"line":98,"column":7}},"type":"if","locations":[{"start":{"line":96,"column":6},"end":{"line":98,"column":7}}]},"7":{"loc":{"start":{"line":128,"column":4},"end":{"line":132,"column":5}},"type":"if","locations":[{"start":{"line":128,"column":4},"end":{"line":132,"column":5}},{"start":{"line":130,"column":11},"end":{"line":132,"column":5}}]},"8":{"loc":{"start":{"line":135,"column":4},"end":{"line":139,"column":5}},"type":"if","locations":[{"start":{"line":135,"column":4},"end":{"line":139,"column":5}},{"start":{"line":137,"column":11},"end":{"line":139,"column":5}}]},"9":{"loc":{"start":{"line":142,"column":4},"end":{"line":146,"column":5}},"type":"if","locations":[{"start":{"line":142,"column":4},"end":{"line":146,"column":5}},{"start":{"line":144,"column":11},"end":{"line":146,"column":5}}]},"10":{"loc":{"start":{"line":174,"column":63},"end":{"line":174,"column":106}},"type":"default-arg","locations":[{"start":{"line":174,"column":98},"end":{"line":174,"column":106}}]},"11":{"loc":{"start":{"line":191,"column":4},"end":{"line":194,"column":5}},"type":"if","locations":[{"start":{"line":191,"column":4},"end":{"line":194,"column":5}}]},"12":{"loc":{"start":{"line":221,"column":2},"end":{"line":221,"column":33}},"type":"if","locations":[{"start":{"line":221,"column":2},"end":{"line":221,"column":33}}]}},"s":{"0":1,"1":1,"2":1,"3":1,"4":1,"5":1,"6":83,"7":83,"8":0,"9":83,"10":37,"11":37,"12":15,"13":15,"14":15,"15":15,"16":15,"17":15,"18":15,"19":15,"20":15,"21":0,"22":0,"23":0,"24":15,"25":0,"26":0,"27":0,"28":15,"29":15,"30":15,"31":15,"32":15,"33":37,"34":15,"35":5,"36":3,"37":3,"38":15,"39":1,"40":1,"41":15,"42":15,"43":15,"44":15,"45":15,"46":37,"47":35,"48":35,"49":35,"50":35,"51":0,"52":35,"53":35,"54":18,"55":17,"56":35,"57":3,"58":32,"59":37,"60":1,"61":1,"62":1,"63":37,"64":0,"65":0,"66":0,"67":37,"68":0,"69":0,"70":0,"71":37,"72":0,"73":0,"74":0,"75":37,"76":0,"77":0,"78":0,"79":37,"80":0,"81":0,"82":0,"83":0,"84":0,"85":0,"86":0,"87":0,"88":37,"89":1,"90":1,"91":1,"92":1,"93":37,"94":37,"95":37,"96":37,"97":37,"98":0,"99":37,"100":37,"101":9,"102":9,"103":1,"104":0,"105":0,"106":0,"107":0,"108":1},"f":{"0":83,"1":37,"2":15,"3":0,"4":0,"5":0,"6":0,"7":15,"8":15,"9":5,"10":3,"11":1,"12":1,"13":15,"14":35,"15":1,"16":1,"17":0,"18":0,"19":0,"20":0,"21":0,"22":0,"23":0,"24":0,"25":0,"26":0,"27":1,"28":37,"29":37,"30":9,"31":1,"32":0,"33":0,"34":0,"35":0},"b":{"0":[0],"1":[15,15],"2":[15,15],"3":[15,15],"4":[0],"5":[0],"6":[3],"7":[0,35],"8":[18,17],"9":[3,32],"10":[0],"11":[1],"12":[37]}}
,"/home/ben/datapartition_backup/Downloads/pawfectmatch-premium/apps/web/src/components/ThemeSwitch.tsx": {"path":"/home/ben/datapartition_backup/Downloads/pawfectmatch-premium/apps/web/src/components/ThemeSwitch.tsx","statementMap":{"0":{"start":{"line":8,"column":0},"end":{"line":8,"column":16}},"1":{"start":{"line":45,"column":0},"end":{"line":45,"column":16}},"2":{"start":{"line":3,"column":0},"end":{"line":3,"column":38}},"3":{"start":{"line":4,"column":0},"end":{"line":4,"column":38}},"4":{"start":{"line":5,"column":0},"end":{"line":5,"column":82}},"5":{"start":{"line":6,"column":0},"end":{"line":6,"column":43}},"6":{"start":{"line":9,"column":43},"end":{"line":9,"column":53}},"7":{"start":{"line":10,"column":32},"end":{"line":10,"column":47}},"8":{"start":{"line":13,"column":2},"end":{"line":15,"column":null}},"9":{"start":{"line":14,"column":4},"end":{"line":14,"column":null}},"10":{"start":{"line":17,"column":2},"end":{"line":21,"column":3}},"11":{"start":{"line":18,"column":4},"end":{"line":20,"column":null}},"12":{"start":{"line":23,"column":23},"end":{"line":23,"column":63}},"13":{"start":{"line":24,"column":20},"end":{"line":24,"column":62}},"14":{"start":{"line":26,"column":2},"end":{"line":41,"column":null}},"15":{"start":{"line":31,"column":21},"end":{"line":31,"column":40}},"16":{"start":{"line":46,"column":30},"end":{"line":46,"column":40}},"17":{"start":{"line":47,"column":32},"end":{"line":47,"column":47}},"18":{"start":{"line":49,"column":2},"end":{"line":51,"column":null}},"19":{"start":{"line":50,"column":4},"end":{"line":50,"column":null}},"20":{"start":{"line":53,"column":2},"end":{"line":61,"column":3}},"21":{"start":{"line":54,"column":4},"end":{"line":60,"column":null}},"22":{"start":{"line":63,"column":17},"end":{"line":67,"column":null}},"23":{"start":{"line":69,"column":2},"end":{"line":89,"column":null}},"24":{"start":{"line":72,"column":8},"end":{"line":73,"column":null}},"25":{"start":{"line":81,"column":25},"end":{"line":81,"column":40}}},"fnMap":{"0":{"name":"ThemeSwitch","decl":{"start":{"line":8,"column":16},"end":{"line":8,"column":27}},"loc":{"start":{"line":8,"column":27},"end":{"line":42,"column":1}}},"1":{"name":"(anonymous_1)","decl":{"start":{"line":13,"column":12},"end":{"line":13,"column":15}},"loc":{"start":{"line":13,"column":17},"end":{"line":15,"column":3}}},"2":{"name":"(anonymous_2)","decl":{"start":{"line":31,"column":15},"end":{"line":31,"column":18}},"loc":{"start":{"line":31,"column":21},"end":{"line":31,"column":40}}},"3":{"name":"ThemeSelector","decl":{"start":{"line":45,"column":16},"end":{"line":45,"column":29}},"loc":{"start":{"line":45,"column":29},"end":{"line":90,"column":1}}},"4":{"name":"(anonymous_4)","decl":{"start":{"line":49,"column":12},"end":{"line":49,"column":15}},"loc":{"start":{"line":49,"column":17},"end":{"line":51,"column":3}}},"5":{"name":"(anonymous_5)","decl":{"start":{"line":71,"column":18},"end":{"line":71,"column":19}},"loc":{"start":{"line":72,"column":8},"end":{"line":73,"column":null}}},"6":{"name":"(anonymous_6)","decl":{"start":{"line":81,"column":19},"end":{"line":81,"column":22}},"loc":{"start":{"line":81,"column":25},"end":{"line":81,"column":40}}}},"branchMap":{"0":{"loc":{"start":{"line":17,"column":2},"end":{"line":21,"column":3}},"type":"if","locations":[{"start":{"line":17,"column":2},"end":{"line":21,"column":3}}]},"1":{"loc":{"start":{"line":23,"column":23},"end":{"line":23,"column":63}},"type":"cond-expr","locations":[{"start":{"line":23,"column":44},"end":{"line":23,"column":55}},{"start":{"line":23,"column":58},"end":{"line":23,"column":63}}]},"2":{"loc":{"start":{"line":24,"column":20},"end":{"line":24,"column":62}},"type":"cond-expr","locations":[{"start":{"line":24,"column":46},"end":{"line":24,"column":53}},{"start":{"line":24,"column":56},"end":{"line":24,"column":62}}]},"3":{"loc":{"start":{"line":35,"column":7},"end":{"line":38,"column":null}},"type":"cond-expr","locations":[{"start":{"line":36,"column":8},"end":{"line":36,"column":55}},{"start":{"line":38,"column":8},"end":{"line":38,"column":54}}]},"4":{"loc":{"start":{"line":53,"column":2},"end":{"line":61,"column":3}},"type":"if","locations":[{"start":{"line":53,"column":2},"end":{"line":61,"column":3}}]},"5":{"loc":{"start":{"line":77,"column":12},"end":{"line":79,"column":null}},"type":"cond-expr","locations":[{"start":{"line":78,"column":16},"end":{"line":78,"column":43}},{"start":{"line":79,"column":16},"end":{"line":79,"column":null}}]}},"s":{"0":2,"1":2,"2":2,"3":2,"4":2,"5":2,"6":19,"7":19,"8":19,"9":9,"10":19,"11":9,"12":10,"13":10,"14":10,"15":1,"16":11,"17":11,"18":11,"19":5,"20":11,"21":5,"22":6,"23":6,"24":18,"25":0},"f":{"0":19,"1":9,"2":1,"3":11,"4":5,"5":18,"6":0},"b":{"0":[9],"1":[0,10],"2":[0,10],"3":[0,10],"4":[5],"5":[6,12]}}
,"/home/ben/datapartition_backup/Downloads/pawfectmatch-premium/apps/web/src/components/UXPackDemo.tsx": {"path":"/home/ben/datapartition_backup/Downloads/pawfectmatch-premium/apps/web/src/components/UXPackDemo.tsx","statementMap":{"0":{"start":{"line":22,"column":0},"end":{"line":22,"column":16}},"1":{"start":{"line":3,"column":0},"end":{"line":3,"column":32}},"2":{"start":{"line":5,"column":0},"end":{"line":5,"column":null}},"3":{"start":{"line":12,"column":0},"end":{"line":12,"column":null}},"4":{"start":{"line":18,"column":0},"end":{"line":18,"column":58}},"5":{"start":{"line":19,"column":0},"end":{"line":19,"column":38}},"6":{"start":{"line":20,"column":0},"end":{"line":20,"column":66}},"7":{"start":{"line":23,"column":36},"end":{"line":23,"column":50}},"8":{"start":{"line":24,"column":44},"end":{"line":24,"column":58}},"9":{"start":{"line":27,"column":24},"end":{"line":30,"column":3}},"10":{"start":{"line":28,"column":4},"end":{"line":28,"column":null}},"11":{"start":{"line":29,"column":4},"end":{"line":29,"column":null}},"12":{"start":{"line":32,"column":2},"end":{"line":378,"column":null}},"13":{"start":{"line":105,"column":20},"end":{"line":105,"column":44}},"14":{"start":{"line":114,"column":20},"end":{"line":114,"column":47}},"15":{"start":{"line":130,"column":20},"end":{"line":130,"column":45}}},"fnMap":{"0":{"name":"UXPackDemo","decl":{"start":{"line":22,"column":16},"end":{"line":22,"column":26}},"loc":{"start":{"line":22,"column":26},"end":{"line":379,"column":1}}},"1":{"name":"(anonymous_2)","decl":{"start":{"line":27,"column":24},"end":{"line":27,"column":27}},"loc":{"start":{"line":27,"column":29},"end":{"line":30,"column":3}}},"2":{"name":"(anonymous_3)","decl":{"start":{"line":104,"column":49},"end":{"line":104,"column":50}},"loc":{"start":{"line":105,"column":20},"end":{"line":105,"column":44}}},"3":{"name":"(anonymous_4)","decl":{"start":{"line":113,"column":49},"end":{"line":113,"column":50}},"loc":{"start":{"line":114,"column":20},"end":{"line":114,"column":47}}},"4":{"name":"(anonymous_5)","decl":{"start":{"line":129,"column":49},"end":{"line":129,"column":50}},"loc":{"start":{"line":130,"column":20},"end":{"line":130,"column":45}}}},"branchMap":{"0":{"loc":{"start":{"line":54,"column":15},"end":{"line":54,"column":60}},"type":"cond-expr","locations":[{"start":{"line":54,"column":27},"end":{"line":54,"column":41}},{"start":{"line":54,"column":44},"end":{"line":54,"column":60}}]},"1":{"loc":{"start":{"line":99,"column":11},"end":{"line":151,"column":null}},"type":"cond-expr","locations":[{"start":{"line":100,"column":12},"end":{"line":122,"column":null}},{"start":{"line":125,"column":12},"end":{"line":150,"column":null}}]}},"s":{"0":1,"1":1,"2":1,"3":1,"4":1,"5":1,"6":1,"7":6,"8":5,"9":5,"10":1,"11":1,"12":5,"13":24,"14":12,"15":6},"f":{"0":6,"1":1,"2":24,"3":12,"4":6},"b":{"0":[4,1],"1":[4,1]}}
,"/home/ben/datapartition_backup/Downloads/pawfectmatch-premium/apps/web/src/components/AI/BioGenerator.tsx": {"path":"/home/ben/datapartition_backup/Downloads/pawfectmatch-premium/apps/web/src/components/AI/BioGenerator.tsx","statementMap":{"0":{"start":{"line":47,"column":0},"end":{"line":47,"column":16}},"1":{"start":{"line":3,"column":0},"end":{"line":3,"column":53}},"2":{"start":{"line":4,"column":0},"end":{"line":4,"column":42}},"3":{"start":{"line":5,"column":0},"end":{"line":5,"column":54}},"4":{"start":{"line":6,"column":0},"end":{"line":6,"column":24}},"5":{"start":{"line":7,"column":0},"end":{"line":7,"column":56}},"6":{"start":{"line":8,"column":0},"end":{"line":8,"column":null}},"7":{"start":{"line":18,"column":0},"end":{"line":18,"column":52}},"8":{"start":{"line":19,"column":0},"end":{"line":19,"column":41}},"9":{"start":{"line":20,"column":0},"end":{"line":20,"column":47}},"10":{"start":{"line":22,"column":18},"end":{"line":31,"column":2}},"11":{"start":{"line":48,"column":19},"end":{"line":48,"column":33}},"12":{"start":{"line":49,"column":42},"end":{"line":49,"column":57}},"13":{"start":{"line":50,"column":42},"end":{"line":50,"column":77}},"14":{"start":{"line":51,"column":48},"end":{"line":51,"column":59}},"15":{"start":{"line":52,"column":38},"end":{"line":52,"column":66}},"16":{"start":{"line":53,"column":44},"end":{"line":53,"column":63}},"17":{"start":{"line":61,"column":6},"end":{"line":69,"column":4}},"18":{"start":{"line":71,"column":28},"end":{"line":82,"column":4}},"19":{"start":{"line":84,"column":20},"end":{"line":95,"column":4}},"20":{"start":{"line":97,"column":28},"end":{"line":132,"column":3}},"21":{"start":{"line":98,"column":17},"end":{"line":98,"column":40}},"22":{"start":{"line":99,"column":4},"end":{"line":99,"column":22}},"23":{"start":{"line":99,"column":15},"end":{"line":99,"column":22}},"24":{"start":{"line":101,"column":21},"end":{"line":101,"column":35}},"25":{"start":{"line":102,"column":4},"end":{"line":102,"column":35}},"26":{"start":{"line":104,"column":4},"end":{"line":131,"column":5}},"27":{"start":{"line":105,"column":23},"end":{"line":111,"column":8}},"28":{"start":{"line":113,"column":6},"end":{"line":128,"column":7}},"29":{"start":{"line":114,"column":25},"end":{"line":114,"column":46}},"30":{"start":{"line":115,"column":8},"end":{"line":115,"column":35}},"31":{"start":{"line":118,"column":8},"end":{"line":118,"column":62}},"32":{"start":{"line":118,"column":28},"end":{"line":118,"column":62}},"33":{"start":{"line":119,"column":8},"end":{"line":119,"column":74}},"34":{"start":{"line":119,"column":35},"end":{"line":119,"column":74}},"35":{"start":{"line":120,"column":8},"end":{"line":125,"column":9}},"36":{"start":{"line":121,"column":25},"end":{"line":122,"column":null}},"37":{"start":{"line":122,"column":12},"end":{"line":122,"column":56}},"38":{"start":{"line":122,"column":41},"end":{"line":122,"column":55}},"39":{"start":{"line":124,"column":10},"end":{"line":124,"column":42}},"40":{"start":{"line":127,"column":8},"end":{"line":127,"column":58}},"41":{"start":{"line":130,"column":6},"end":{"line":130,"column":51}},"42":{"start":{"line":134,"column":22},"end":{"line":171,"column":3}},"43":{"start":{"line":135,"column":4},"end":{"line":135,"column":26}},"44":{"start":{"line":137,"column":4},"end":{"line":170,"column":5}},"45":{"start":{"line":138,"column":23},"end":{"line":150,"column":8}},"46":{"start":{"line":148,"column":44},"end":{"line":148,"column":53}},"47":{"start":{"line":152,"column":6},"end":{"line":165,"column":7}},"48":{"start":{"line":153,"column":23},"end":{"line":153,"column":44}},"49":{"start":{"line":154,"column":37},"end":{"line":160,"column":10}},"50":{"start":{"line":162,"column":8},"end":{"line":162,"column":32}},"51":{"start":{"line":163,"column":8},"end":{"line":163,"column":49}},"52":{"start":{"line":163,"column":30},"end":{"line":163,"column":47}},"53":{"start":{"line":164,"column":8},"end":{"line":164,"column":85}},"54":{"start":{"line":167,"column":6},"end":{"line":167,"column":51}},"55":{"start":{"line":169,"column":6},"end":{"line":169,"column":29}},"56":{"start":{"line":173,"column":24},"end":{"line":175,"column":3}},"57":{"start":{"line":174,"column":4},"end":{"line":174,"column":32}},"58":{"start":{"line":177,"column":18},"end":{"line":194,"column":3}},"59":{"start":{"line":178,"column":4},"end":{"line":178,"column":30}},"60":{"start":{"line":178,"column":23},"end":{"line":178,"column":30}},"61":{"start":{"line":180,"column":4},"end":{"line":193,"column":5}},"62":{"start":{"line":181,"column":6},"end":{"line":188,"column":9}},"63":{"start":{"line":190,"column":6},"end":{"line":190,"column":44}},"64":{"start":{"line":192,"column":6},"end":{"line":192,"column":48}},"65":{"start":{"line":196,"column":2},"end":{"line":530,"column":4}},"66":{"start":{"line":238,"column":20},"end":{"line":238,"column":40}},"67":{"start":{"line":281,"column":35},"end":{"line":281,"column":78}},"68":{"start":{"line":282,"column":16},"end":{"line":304,"column":18}},"69":{"start":{"line":315,"column":35},"end":{"line":315,"column":79}},"70":{"start":{"line":316,"column":16},"end":{"line":338,"column":18}},"71":{"start":{"line":349,"column":16},"end":{"line":350,"column":null}},"72":{"start":{"line":441,"column":22},"end":{"line":441,"column":42}},"73":{"start":{"line":470,"column":22},"end":{"line":470,"column":38}},"74":{"start":{"line":510,"column":16},"end":{"line":511,"column":null}},"75":{"start":{"line":513,"column":20},"end":{"line":513,"column":41}},"76":{"start":{"line":514,"column":20},"end":{"line":514,"column":46}}},"fnMap":{"0":{"name":"BioGenerator","decl":{"start":{"line":47,"column":16},"end":{"line":47,"column":28}},"loc":{"start":{"line":47,"column":28},"end":{"line":531,"column":1}}},"1":{"name":"(anonymous_10)","decl":{"start":{"line":97,"column":28},"end":{"line":97,"column":33}},"loc":{"start":{"line":97,"column":81},"end":{"line":132,"column":3}}},"2":{"name":"(anonymous_11)","decl":{"start":{"line":121,"column":57},"end":{"line":121,"column":58}},"loc":{"start":{"line":122,"column":12},"end":{"line":122,"column":56}}},"3":{"name":"(anonymous_12)","decl":{"start":{"line":122,"column":35},"end":{"line":122,"column":37}},"loc":{"start":{"line":122,"column":41},"end":{"line":122,"column":55}}},"4":{"name":"(anonymous_13)","decl":{"start":{"line":134,"column":22},"end":{"line":134,"column":27}},"loc":{"start":{"line":134,"column":50},"end":{"line":171,"column":3}}},"5":{"name":"(anonymous_14)","decl":{"start":{"line":148,"column":39},"end":{"line":148,"column":40}},"loc":{"start":{"line":148,"column":44},"end":{"line":148,"column":53}}},"6":{"name":"(anonymous_15)","decl":{"start":{"line":163,"column":22},"end":{"line":163,"column":26}},"loc":{"start":{"line":163,"column":30},"end":{"line":163,"column":47}}},"7":{"name":"(anonymous_16)","decl":{"start":{"line":173,"column":24},"end":{"line":173,"column":27}},"loc":{"start":{"line":173,"column":29},"end":{"line":175,"column":3}}},"8":{"name":"(anonymous_17)","decl":{"start":{"line":177,"column":18},"end":{"line":177,"column":23}},"loc":{"start":{"line":177,"column":29},"end":{"line":194,"column":3}}},"9":{"name":"(anonymous_18)","decl":{"start":{"line":237,"column":55},"end":{"line":237,"column":56}},"loc":{"start":{"line":238,"column":20},"end":{"line":238,"column":40}}},"10":{"name":"(anonymous_19)","decl":{"start":{"line":280,"column":37},"end":{"line":280,"column":42}},"loc":{"start":{"line":280,"column":45},"end":{"line":305,"column":15}}},"11":{"name":"(anonymous_20)","decl":{"start":{"line":314,"column":29},"end":{"line":314,"column":37}},"loc":{"start":{"line":314,"column":40},"end":{"line":339,"column":15}}},"12":{"name":"(anonymous_21)","decl":{"start":{"line":348,"column":77},"end":{"line":348,"column":81}},"loc":{"start":{"line":349,"column":16},"end":{"line":350,"column":null}}},"13":{"name":"(anonymous_22)","decl":{"start":{"line":440,"column":47},"end":{"line":440,"column":54}},"loc":{"start":{"line":441,"column":22},"end":{"line":441,"column":42}}},"14":{"name":"(anonymous_23)","decl":{"start":{"line":469,"column":50},"end":{"line":469,"column":51}},"loc":{"start":{"line":470,"column":22},"end":{"line":470,"column":38}}},"15":{"name":"(anonymous_24)","decl":{"start":{"line":509,"column":30},"end":{"line":509,"column":31}},"loc":{"start":{"line":510,"column":16},"end":{"line":511,"column":null}}},"16":{"name":"(anonymous_25)","decl":{"start":{"line":512,"column":27},"end":{"line":512,"column":30}},"loc":{"start":{"line":512,"column":32},"end":{"line":515,"column":19}}}},"branchMap":{"0":{"loc":{"start":{"line":98,"column":17},"end":{"line":98,"column":40}},"type":"cond-expr","locations":[{"start":{"line":98,"column":35},"end":{"line":98,"column":38}},{"start":{"line":98,"column":35},"end":{"line":98,"column":40}}]},"1":{"loc":{"start":{"line":98,"column":17},"end":{"line":98,"column":38}},"type":"binary-expr","locations":[{"start":{"line":98,"column":17},"end":{"line":98,"column":38}},{"start":{"line":98,"column":35},"end":{"line":98,"column":38}}]},"2":{"loc":{"start":{"line":99,"column":4},"end":{"line":99,"column":22}},"type":"if","locations":[{"start":{"line":99,"column":4},"end":{"line":99,"column":22}}]},"3":{"loc":{"start":{"line":113,"column":6},"end":{"line":128,"column":7}},"type":"if","locations":[{"start":{"line":113,"column":6},"end":{"line":128,"column":7}}]},"4":{"loc":{"start":{"line":118,"column":8},"end":{"line":118,"column":62}},"type":"if","locations":[{"start":{"line":118,"column":8},"end":{"line":118,"column":62}}]},"5":{"loc":{"start":{"line":119,"column":8},"end":{"line":119,"column":74}},"type":"if","locations":[{"start":{"line":119,"column":8},"end":{"line":119,"column":74}}]},"6":{"loc":{"start":{"line":120,"column":8},"end":{"line":125,"column":9}},"type":"if","locations":[{"start":{"line":120,"column":8},"end":{"line":125,"column":9}}]},"7":{"loc":{"start":{"line":147,"column":18},"end":{"line":147,"column":26}},"type":"cond-expr","locations":[{"start":{"line":147,"column":22},"end":{"line":147,"column":24}},{"start":{"line":147,"column":18},"end":{"line":147,"column":26}}]},"8":{"loc":{"start":{"line":147,"column":18},"end":{"line":147,"column":24}},"type":"binary-expr","locations":[{"start":{"line":147,"column":18},"end":{"line":147,"column":24}},{"start":{"line":147,"column":18},"end":{"line":147,"column":24}}]},"9":{"loc":{"start":{"line":152,"column":6},"end":{"line":165,"column":7}},"type":"if","locations":[{"start":{"line":152,"column":6},"end":{"line":165,"column":7}}]},"10":{"loc":{"start":{"line":156,"column":22},"end":{"line":156,"column":45}},"type":"binary-expr","locations":[{"start":{"line":156,"column":22},"end":{"line":156,"column":39}},{"start":{"line":156,"column":43},"end":{"line":156,"column":45}}]},"11":{"loc":{"start":{"line":157,"column":20},"end":{"line":157,"column":41}},"type":"binary-expr","locations":[{"start":{"line":157,"column":20},"end":{"line":157,"column":35}},{"start":{"line":157,"column":39},"end":{"line":157,"column":41}}]},"12":{"loc":{"start":{"line":158,"column":21},"end":{"line":158,"column":89}},"type":"binary-expr","locations":[{"start":{"line":158,"column":21},"end":{"line":158,"column":37}},{"start":{"line":158,"column":41},"end":{"line":158,"column":89}}]},"13":{"loc":{"start":{"line":159,"column":23},"end":{"line":159,"column":47}},"type":"binary-expr","locations":[{"start":{"line":159,"column":23},"end":{"line":159,"column":41}},{"start":{"line":159,"column":45},"end":{"line":159,"column":47}}]},"14":{"loc":{"start":{"line":178,"column":4},"end":{"line":178,"column":30}},"type":"if","locations":[{"start":{"line":178,"column":4},"end":{"line":178,"column":30}}]},"15":{"loc":{"start":{"line":229,"column":13},"end":{"line":243,"column":null}},"type":"binary-expr","locations":[{"start":{"line":229,"column":13},"end":{"line":229,"column":26}},{"start":{"line":230,"column":14},"end":{"line":242,"column":null}}]},"16":{"loc":{"start":{"line":237,"column":19},"end":{"line":241,"column":20}},"type":"cond-expr","locations":[{"start":{"line":237,"column":49},"end":{"line":237,"column":51}},{"start":{"line":237,"column":49},"end":{"line":241,"column":20}}]},"17":{"loc":{"start":{"line":237,"column":19},"end":{"line":237,"column":51}},"type":"binary-expr","locations":[{"start":{"line":237,"column":19},"end":{"line":237,"column":51}},{"start":{"line":237,"column":49},"end":{"line":237,"column":51}}]},"18":{"loc":{"start":{"line":256,"column":15},"end":{"line":256,"column":102}},"type":"binary-expr","locations":[{"start":{"line":256,"column":15},"end":{"line":256,"column":29}},{"start":{"line":256,"column":33},"end":{"line":256,"column":102}}]},"19":{"loc":{"start":{"line":272,"column":15},"end":{"line":272,"column":102}},"type":"binary-expr","locations":[{"start":{"line":272,"column":15},"end":{"line":272,"column":29}},{"start":{"line":272,"column":33},"end":{"line":272,"column":102}}]},"20":{"loc":{"start":{"line":281,"column":35},"end":{"line":281,"column":78}},"type":"cond-expr","locations":[{"start":{"line":281,"column":55},"end":{"line":281,"column":57}},{"start":{"line":281,"column":55},"end":{"line":281,"column":78}}]},"21":{"loc":{"start":{"line":281,"column":35},"end":{"line":281,"column":57}},"type":"binary-expr","locations":[{"start":{"line":281,"column":35},"end":{"line":281,"column":57}},{"start":{"line":281,"column":55},"end":{"line":281,"column":57}}]},"22":{"loc":{"start":{"line":288,"column":22},"end":{"line":290,"column":null}},"type":"cond-expr","locations":[{"start":{"line":289,"column":26},"end":{"line":289,"column":58}},{"start":{"line":290,"column":26},"end":{"line":290,"column":null}}]},"23":{"loc":{"start":{"line":307,"column":13},"end":{"line":307,"column":108}},"type":"binary-expr","locations":[{"start":{"line":307,"column":13},"end":{"line":307,"column":31}},{"start":{"line":307,"column":35},"end":{"line":307,"column":108}}]},"24":{"loc":{"start":{"line":315,"column":35},"end":{"line":315,"column":79}},"type":"cond-expr","locations":[{"start":{"line":315,"column":53},"end":{"line":315,"column":55}},{"start":{"line":315,"column":53},"end":{"line":315,"column":79}}]},"25":{"loc":{"start":{"line":315,"column":35},"end":{"line":315,"column":55}},"type":"binary-expr","locations":[{"start":{"line":315,"column":35},"end":{"line":315,"column":55}},{"start":{"line":315,"column":53},"end":{"line":315,"column":55}}]},"26":{"loc":{"start":{"line":322,"column":22},"end":{"line":324,"column":null}},"type":"cond-expr","locations":[{"start":{"line":323,"column":26},"end":{"line":323,"column":54}},{"start":{"line":324,"column":26},"end":{"line":324,"column":null}}]},"27":{"loc":{"start":{"line":341,"column":13},"end":{"line":341,"column":104}},"type":"binary-expr","locations":[{"start":{"line":341,"column":13},"end":{"line":341,"column":29}},{"start":{"line":341,"column":33},"end":{"line":341,"column":104}}]},"28":{"loc":{"start":{"line":354,"column":20},"end":{"line":356,"column":null}},"type":"cond-expr","locations":[{"start":{"line":355,"column":24},"end":{"line":355,"column":56}},{"start":{"line":356,"column":24},"end":{"line":356,"column":null}}]},"29":{"loc":{"start":{"line":379,"column":13},"end":{"line":379,"column":106}},"type":"binary-expr","locations":[{"start":{"line":379,"column":13},"end":{"line":379,"column":30}},{"start":{"line":379,"column":34},"end":{"line":379,"column":106}}]},"30":{"loc":{"start":{"line":385,"column":22},"end":{"line":385,"column":46}},"type":"binary-expr","locations":[{"start":{"line":385,"column":22},"end":{"line":385,"column":30}},{"start":{"line":385,"column":34},"end":{"line":385,"column":46}}]},"31":{"loc":{"start":{"line":389,"column":14},"end":{"line":391,"column":null}},"type":"cond-expr","locations":[{"start":{"line":390,"column":18},"end":{"line":390,"column":104}},{"start":{"line":391,"column":18},"end":{"line":391,"column":null}}]},"32":{"loc":{"start":{"line":394,"column":13},"end":{"line":403,"column":null}},"type":"cond-expr","locations":[{"start":{"line":395,"column":14},"end":{"line":396,"column":null}},{"start":{"line":400,"column":14},"end":{"line":401,"column":null}}]},"33":{"loc":{"start":{"line":410,"column":11},"end":{"line":500,"column":null}},"type":"binary-expr","locations":[{"start":{"line":410,"column":11},"end":{"line":410,"column":23}},{"start":{"line":411,"column":12},"end":{"line":499,"column":null}}]},"34":{"loc":{"start":{"line":436,"column":15},"end":{"line":446,"column":null}},"type":"binary-expr","locations":[{"start":{"line":436,"column":15},"end":{"line":436,"column":47}},{"start":{"line":437,"column":16},"end":{"line":445,"column":null}}]},"35":{"loc":{"start":{"line":465,"column":15},"end":{"line":476,"column":null}},"type":"binary-expr","locations":[{"start":{"line":465,"column":15},"end":{"line":465,"column":50}},{"start":{"line":466,"column":16},"end":{"line":475,"column":null}}]},"36":{"loc":{"start":{"line":505,"column":9},"end":{"line":526,"column":null}},"type":"binary-expr","locations":[{"start":{"line":505,"column":9},"end":{"line":505,"column":30}},{"start":{"line":506,"column":10},"end":{"line":525,"column":null}}]},"37":{"loc":{"start":{"line":517,"column":20},"end":{"line":519,"column":null}},"type":"cond-expr","locations":[{"start":{"line":518,"column":24},"end":{"line":518,"column":50}},{"start":{"line":519,"column":24},"end":{"line":519,"column":null}}]}},"s":{"0":2,"1":2,"2":2,"3":2,"4":2,"5":2,"6":2,"7":2,"8":2,"9":2,"10":2,"11":4,"12":4,"13":4,"14":4,"15":4,"16":4,"17":4,"18":4,"19":4,"20":4,"21":0,"22":0,"23":0,"24":0,"25":0,"26":0,"27":0,"28":0,"29":0,"30":0,"31":0,"32":0,"33":0,"34":0,"35":0,"36":0,"37":0,"38":0,"39":0,"40":0,"41":0,"42":4,"43":0,"44":0,"45":0,"46":0,"47":0,"48":0,"49":0,"50":0,"51":0,"52":0,"53":0,"54":0,"55":0,"56":4,"57":0,"58":4,"59":0,"60":0,"61":0,"62":0,"63":0,"64":0,"65":4,"66":0,"67":40,"68":40,"69":40,"70":40,"71":20,"72":0,"73":0,"74":0,"75":0,"76":0},"f":{"0":4,"1":0,"2":0,"3":0,"4":0,"5":0,"6":0,"7":0,"8":0,"9":0,"10":40,"11":40,"12":20,"13":0,"14":0,"15":0,"16":0},"b":{"0":[0,0],"1":[0,0],"2":[0],"3":[0],"4":[0],"5":[0],"6":[0],"7":[0,0],"8":[0,0],"9":[0],"10":[0,0],"11":[0,0],"12":[0,0],"13":[0,0],"14":[0],"15":[4,0],"16":[0,0],"17":[0,0],"18":[4,0],"19":[4,0],"20":[0,40],"21":[40,40],"22":[0,40],"23":[4,0],"24":[0,40],"25":[40,40],"26":[0,40],"27":[4,0],"28":[4,16],"29":[4,0],"30":[4,0],"31":[0,4],"32":[0,4],"33":[4,0],"34":[0,0],"35":[0,0],"36":[4,0],"37":[0,0]}}
,"/home/ben/datapartition_backup/Downloads/pawfectmatch-premium/apps/web/src/components/AI/CompatibilityAnalyzer.tsx": {"path":"/home/ben/datapartition_backup/Downloads/pawfectmatch-premium/apps/web/src/components/AI/CompatibilityAnalyzer.tsx","statementMap":{"0":{"start":{"line":103,"column":0},"end":{"line":103,"column":16}},"1":{"start":{"line":3,"column":0},"end":{"line":3,"column":51}},"2":{"start":{"line":4,"column":0},"end":{"line":4,"column":56}},"3":{"start":{"line":5,"column":0},"end":{"line":5,"column":null}},"4":{"start":{"line":19,"column":0},"end":{"line":19,"column":48}},"5":{"start":{"line":21,"column":0},"end":{"line":21,"column":47}},"6":{"start":{"line":109,"column":19},"end":{"line":109,"column":33}},"7":{"start":{"line":110,"column":40},"end":{"line":110,"column":55}},"8":{"start":{"line":111,"column":30},"end":{"line":111,"column":72}},"9":{"start":{"line":112,"column":42},"end":{"line":112,"column":92}},"10":{"start":{"line":113,"column":46},"end":{"line":113,"column":65}},"11":{"start":{"line":114,"column":40},"end":{"line":114,"column":55}},"12":{"start":{"line":115,"column":64},"end":{"line":115,"column":89}},"13":{"start":{"line":116,"column":28},"end":{"line":116,"column":57}},"14":{"start":{"line":118,"column":2},"end":{"line":122,"column":57}},"15":{"start":{"line":119,"column":4},"end":{"line":121,"column":5}},"16":{"start":{"line":120,"column":6},"end":{"line":120,"column":29}},"17":{"start":{"line":124,"column":31},"end":{"line":245,"column":3}},"18":{"start":{"line":125,"column":4},"end":{"line":125,"column":25}},"19":{"start":{"line":126,"column":4},"end":{"line":126,"column":19}},"20":{"start":{"line":128,"column":4},"end":{"line":244,"column":5}},"21":{"start":{"line":130,"column":23},"end":{"line":139,"column":8}},"22":{"start":{"line":141,"column":23},"end":{"line":150,"column":8}},"23":{"start":{"line":152,"column":6},"end":{"line":152,"column":93}},"24":{"start":{"line":154,"column":23},"end":{"line":165,"column":8}},"25":{"start":{"line":167,"column":6},"end":{"line":169,"column":7}},"26":{"start":{"line":168,"column":8},"end":{"line":168,"column":90}},"27":{"start":{"line":171,"column":58},"end":{"line":171,"column":79}},"28":{"start":{"line":172,"column":6},"end":{"line":172,"column":38}},"29":{"start":{"line":175,"column":50},"end":{"line":224,"column":10}},"30":{"start":{"line":204,"column":60},"end":{"line":209,"column":12}},"31":{"start":{"line":226,"column":8},"end":{"line":226,"column":32}},"32":{"start":{"line":227,"column":8},"end":{"line":230,"column":11}},"33":{"start":{"line":233,"column":6},"end":{"line":233,"column":64}},"34":{"start":{"line":236,"column":6},"end":{"line":239,"column":8}},"35":{"start":{"line":240,"column":6},"end":{"line":240,"column":22}},"36":{"start":{"line":241,"column":6},"end":{"line":241,"column":28}},"37":{"start":{"line":243,"column":6},"end":{"line":243,"column":28}},"38":{"start":{"line":250,"column":24},"end":{"line":254,"column":3}},"39":{"start":{"line":251,"column":4},"end":{"line":251,"column":57}},"40":{"start":{"line":251,"column":21},"end":{"line":251,"column":57}},"41":{"start":{"line":252,"column":4},"end":{"line":252,"column":59}},"42":{"start":{"line":252,"column":21},"end":{"line":252,"column":59}},"43":{"start":{"line":253,"column":4},"end":{"line":253,"column":36}},"44":{"start":{"line":256,"column":27},"end":{"line":260,"column":3}},"45":{"start":{"line":257,"column":4},"end":{"line":257,"column":60}},"46":{"start":{"line":257,"column":21},"end":{"line":257,"column":60}},"47":{"start":{"line":258,"column":4},"end":{"line":258,"column":60}},"48":{"start":{"line":258,"column":21},"end":{"line":258,"column":60}},"49":{"start":{"line":259,"column":4},"end":{"line":259,"column":38}},"50":{"start":{"line":262,"column":24},"end":{"line":269,"column":3}},"51":{"start":{"line":263,"column":4},"end":{"line":263,"column":33}},"52":{"start":{"line":263,"column":21},"end":{"line":263,"column":33}},"53":{"start":{"line":264,"column":4},"end":{"line":264,"column":33}},"54":{"start":{"line":264,"column":21},"end":{"line":264,"column":33}},"55":{"start":{"line":265,"column":4},"end":{"line":265,"column":33}},"56":{"start":{"line":265,"column":21},"end":{"line":265,"column":33}},"57":{"start":{"line":266,"column":4},"end":{"line":266,"column":33}},"58":{"start":{"line":266,"column":21},"end":{"line":266,"column":33}},"59":{"start":{"line":267,"column":4},"end":{"line":267,"column":33}},"60":{"start":{"line":267,"column":21},"end":{"line":267,"column":33}},"61":{"start":{"line":268,"column":4},"end":{"line":268,"column":16}},"62":{"start":{"line":271,"column":2},"end":{"line":283,"column":3}},"63":{"start":{"line":272,"column":4},"end":{"line":282,"column":6}},"64":{"start":{"line":286,"column":2},"end":{"line":324,"column":3}},"65":{"start":{"line":287,"column":4},"end":{"line":323,"column":6}},"66":{"start":{"line":326,"column":2},"end":{"line":345,"column":3}},"67":{"start":{"line":327,"column":4},"end":{"line":344,"column":6}},"68":{"start":{"line":347,"column":2},"end":{"line":760,"column":4}},"69":{"start":{"line":364,"column":14},"end":{"line":365,"column":null}},"70":{"start":{"line":366,"column":31},"end":{"line":366,"column":76}},"71":{"start":{"line":402,"column":16},"end":{"line":402,"column":32}},"72":{"start":{"line":511,"column":26},"end":{"line":511,"column":81}},"73":{"start":{"line":512,"column":12},"end":{"line":537,"column":14}},"74":{"start":{"line":550,"column":30},"end":{"line":550,"column":53}},"75":{"start":{"line":551,"column":30},"end":{"line":553,"column":27}},"76":{"start":{"line":552,"column":18},"end":{"line":552,"column":62}},"77":{"start":{"line":555,"column":16},"end":{"line":572,"column":18}},"78":{"start":{"line":584,"column":20},"end":{"line":584,"column":36}},"79":{"start":{"line":605,"column":16},"end":{"line":606,"column":null}},"80":{"start":{"line":640,"column":16},"end":{"line":641,"column":null}},"81":{"start":{"line":654,"column":20},"end":{"line":654,"column":36}},"82":{"start":{"line":678,"column":14},"end":{"line":678,"column":31}},"83":{"start":{"line":691,"column":27},"end":{"line":691,"column":55}},"84":{"start":{"line":729,"column":22},"end":{"line":730,"column":null}},"85":{"start":{"line":748,"column":20},"end":{"line":748,"column":36}}},"fnMap":{"0":{"name":"CompatibilityAnalyzer","decl":{"start":{"line":103,"column":16},"end":{"line":103,"column":37}},"loc":{"start":{"line":108,"column":29},"end":{"line":761,"column":1}}},"1":{"name":"(anonymous_10)","decl":{"start":{"line":118,"column":12},"end":{"line":118,"column":15}},"loc":{"start":{"line":118,"column":17},"end":{"line":122,"column":3}}},"2":{"name":"(anonymous_11)","decl":{"start":{"line":124,"column":31},"end":{"line":124,"column":36}},"loc":{"start":{"line":124,"column":42},"end":{"line":245,"column":3}}},"3":{"name":"(anonymous_12)","decl":{"start":{"line":204,"column":48},"end":{"line":204,"column":55}},"loc":{"start":{"line":204,"column":60},"end":{"line":209,"column":12}}},"4":{"name":"(anonymous_13)","decl":{"start":{"line":250,"column":24},"end":{"line":250,"column":25}},"loc":{"start":{"line":250,"column":42},"end":{"line":254,"column":3}}},"5":{"name":"(anonymous_14)","decl":{"start":{"line":256,"column":27},"end":{"line":256,"column":28}},"loc":{"start":{"line":256,"column":45},"end":{"line":260,"column":3}}},"6":{"name":"(anonymous_15)","decl":{"start":{"line":262,"column":24},"end":{"line":262,"column":25}},"loc":{"start":{"line":262,"column":42},"end":{"line":269,"column":3}}},"7":{"name":"(anonymous_16)","decl":{"start":{"line":363,"column":18},"end":{"line":363,"column":22}},"loc":{"start":{"line":364,"column":14},"end":{"line":365,"column":null}}},"8":{"name":"(anonymous_17)","decl":{"start":{"line":366,"column":25},"end":{"line":366,"column":28}},"loc":{"start":{"line":366,"column":31},"end":{"line":366,"column":76}}},"9":{"name":"(anonymous_18)","decl":{"start":{"line":401,"column":72},"end":{"line":401,"column":73}},"loc":{"start":{"line":402,"column":16},"end":{"line":402,"column":32}}},"10":{"name":"(anonymous_19)","decl":{"start":{"line":510,"column":16},"end":{"line":510,"column":24}},"loc":{"start":{"line":510,"column":27},"end":{"line":538,"column":11}}},"11":{"name":"(anonymous_20)","decl":{"start":{"line":549,"column":58},"end":{"line":549,"column":59}},"loc":{"start":{"line":549,"column":75},"end":{"line":573,"column":15}}},"12":{"name":"(anonymous_21)","decl":{"start":{"line":551,"column":49},"end":{"line":551,"column":53}},"loc":{"start":{"line":552,"column":18},"end":{"line":552,"column":62}}},"13":{"name":"(anonymous_22)","decl":{"start":{"line":583,"column":49},"end":{"line":583,"column":50}},"loc":{"start":{"line":584,"column":20},"end":{"line":584,"column":36}}},"14":{"name":"(anonymous_23)","decl":{"start":{"line":604,"column":47},"end":{"line":604,"column":48}},"loc":{"start":{"line":605,"column":16},"end":{"line":606,"column":null}}},"15":{"name":"(anonymous_24)","decl":{"start":{"line":639,"column":42},"end":{"line":639,"column":50}},"loc":{"start":{"line":640,"column":16},"end":{"line":641,"column":null}}},"16":{"name":"(anonymous_25)","decl":{"start":{"line":653,"column":62},"end":{"line":653,"column":63}},"loc":{"start":{"line":654,"column":20},"end":{"line":654,"column":36}}},"17":{"name":"(anonymous_26)","decl":{"start":{"line":677,"column":36},"end":{"line":677,"column":37}},"loc":{"start":{"line":678,"column":14},"end":{"line":678,"column":31}}},"18":{"name":"(anonymous_27)","decl":{"start":{"line":691,"column":21},"end":{"line":691,"column":24}},"loc":{"start":{"line":691,"column":27},"end":{"line":691,"column":55}}},"19":{"name":"(anonymous_28)","decl":{"start":{"line":728,"column":40},"end":{"line":728,"column":41}},"loc":{"start":{"line":729,"column":22},"end":{"line":730,"column":null}}},"20":{"name":"(anonymous_29)","decl":{"start":{"line":747,"column":46},"end":{"line":747,"column":47}},"loc":{"start":{"line":748,"column":20},"end":{"line":748,"column":36}}}},"branchMap":{"0":{"loc":{"start":{"line":107,"column":2},"end":{"line":107,"column":30}},"type":"default-arg","locations":[{"start":{"line":107,"column":20},"end":{"line":107,"column":30}}]},"1":{"loc":{"start":{"line":119,"column":4},"end":{"line":121,"column":5}},"type":"if","locations":[{"start":{"line":119,"column":4},"end":{"line":121,"column":5}}]},"2":{"loc":{"start":{"line":119,"column":8},"end":{"line":119,"column":69}},"type":"binary-expr","locations":[{"start":{"line":119,"column":9},"end":{"line":119,"column":20}},{"start":{"line":119,"column":25},"end":{"line":119,"column":50}},{"start":{"line":119,"column":56},"end":{"line":119,"column":60}},{"start":{"line":119,"column":64},"end":{"line":119,"column":68}}]},"3":{"loc":{"start":{"line":119,"column":25},"end":{"line":119,"column":50}},"type":"cond-expr","locations":[{"start":{"line":119,"column":29},"end":{"line":119,"column":37}},{"start":{"line":119,"column":25},"end":{"line":119,"column":50}}]},"4":{"loc":{"start":{"line":119,"column":25},"end":{"line":119,"column":37}},"type":"binary-expr","locations":[{"start":{"line":119,"column":25},"end":{"line":119,"column":39}},{"start":{"line":119,"column":25},"end":{"line":119,"column":37}}]},"5":{"loc":{"start":{"line":130,"column":23},"end":{"line":139,"column":8}},"type":"binary-expr","locations":[{"start":{"line":130,"column":23},"end":{"line":130,"column":27}},{"start":{"line":130,"column":31},"end":{"line":139,"column":8}}]},"6":{"loc":{"start":{"line":131,"column":13},"end":{"line":131,"column":38}},"type":"cond-expr","locations":[{"start":{"line":131,"column":17},"end":{"line":131,"column":25}},{"start":{"line":131,"column":13},"end":{"line":131,"column":38}}]},"7":{"loc":{"start":{"line":131,"column":13},"end":{"line":131,"column":25}},"type":"binary-expr","locations":[{"start":{"line":131,"column":13},"end":{"line":131,"column":27}},{"start":{"line":131,"column":13},"end":{"line":131,"column":25}}]},"8":{"loc":{"start":{"line":132,"column":14},"end":{"line":132,"column":56}},"type":"binary-expr","locations":[{"start":{"line":132,"column":15},"end":{"line":132,"column":42}},{"start":{"line":132,"column":46},"end":{"line":132,"column":56}}]},"9":{"loc":{"start":{"line":132,"column":15},"end":{"line":132,"column":42}},"type":"cond-expr","locations":[{"start":{"line":132,"column":19},"end":{"line":132,"column":27}},{"start":{"line":132,"column":15},"end":{"line":132,"column":42}}]},"10":{"loc":{"start":{"line":132,"column":15},"end":{"line":132,"column":27}},"type":"binary-expr","locations":[{"start":{"line":132,"column":15},"end":{"line":132,"column":29}},{"start":{"line":132,"column":15},"end":{"line":132,"column":27}}]},"11":{"loc":{"start":{"line":141,"column":23},"end":{"line":150,"column":8}},"type":"binary-expr","locations":[{"start":{"line":141,"column":23},"end":{"line":141,"column":27}},{"start":{"line":141,"column":31},"end":{"line":150,"column":8}}]},"12":{"loc":{"start":{"line":167,"column":6},"end":{"line":169,"column":7}},"type":"if","locations":[{"start":{"line":167,"column":6},"end":{"line":169,"column":7}}]},"13":{"loc":{"start":{"line":237,"column":8},"end":{"line":238,"column":86}},"type":"binary-expr","locations":[{"start":{"line":237,"column":8},"end":{"line":237,"column":21}},{"start":{"line":238,"column":8},"end":{"line":238,"column":86}}]},"14":{"loc":{"start":{"line":251,"column":4},"end":{"line":251,"column":57}},"type":"if","locations":[{"start":{"line":251,"column":4},"end":{"line":251,"column":57}}]},"15":{"loc":{"start":{"line":252,"column":4},"end":{"line":252,"column":59}},"type":"if","locations":[{"start":{"line":252,"column":4},"end":{"line":252,"column":59}}]},"16":{"loc":{"start":{"line":257,"column":4},"end":{"line":257,"column":60}},"type":"if","locations":[{"start":{"line":257,"column":4},"end":{"line":257,"column":60}}]},"17":{"loc":{"start":{"line":258,"column":4},"end":{"line":258,"column":60}},"type":"if","locations":[{"start":{"line":258,"column":4},"end":{"line":258,"column":60}}]},"18":{"loc":{"start":{"line":263,"column":4},"end":{"line":263,"column":33}},"type":"if","locations":[{"start":{"line":263,"column":4},"end":{"line":263,"column":33}}]},"19":{"loc":{"start":{"line":264,"column":4},"end":{"line":264,"column":33}},"type":"if","locations":[{"start":{"line":264,"column":4},"end":{"line":264,"column":33}}]},"20":{"loc":{"start":{"line":265,"column":4},"end":{"line":265,"column":33}},"type":"if","locations":[{"start":{"line":265,"column":4},"end":{"line":265,"column":33}}]},"21":{"loc":{"start":{"line":266,"column":4},"end":{"line":266,"column":33}},"type":"if","locations":[{"start":{"line":266,"column":4},"end":{"line":266,"column":33}}]},"22":{"loc":{"start":{"line":267,"column":4},"end":{"line":267,"column":33}},"type":"if","locations":[{"start":{"line":267,"column":4},"end":{"line":267,"column":33}}]},"23":{"loc":{"start":{"line":271,"column":2},"end":{"line":283,"column":3}},"type":"if","locations":[{"start":{"line":271,"column":2},"end":{"line":283,"column":3}}]},"24":{"loc":{"start":{"line":286,"column":2},"end":{"line":324,"column":3}},"type":"if","locations":[{"start":{"line":286,"column":2},"end":{"line":324,"column":3}}]},"25":{"loc":{"start":{"line":317,"column":17},"end":{"line":317,"column":63}},"type":"cond-expr","locations":[{"start":{"line":317,"column":31},"end":{"line":317,"column":44}},{"start":{"line":317,"column":47},"end":{"line":317,"column":63}}]},"26":{"loc":{"start":{"line":326,"column":2},"end":{"line":345,"column":3}},"type":"if","locations":[{"start":{"line":326,"column":2},"end":{"line":345,"column":3}}]},"27":{"loc":{"start":{"line":332,"column":9},"end":{"line":341,"column":null}},"type":"binary-expr","locations":[{"start":{"line":332,"column":9},"end":{"line":332,"column":13}},{"start":{"line":332,"column":17},"end":{"line":332,"column":21}},{"start":{"line":333,"column":10},"end":{"line":340,"column":null}}]},"28":{"loc":{"start":{"line":340,"column":13},"end":{"line":340,"column":67}},"type":"cond-expr","locations":[{"start":{"line":340,"column":27},"end":{"line":340,"column":41}},{"start":{"line":340,"column":44},"end":{"line":340,"column":67}}]},"29":{"loc":{"start":{"line":370,"column":18},"end":{"line":372,"column":null}},"type":"cond-expr","locations":[{"start":{"line":371,"column":22},"end":{"line":371,"column":89}},{"start":{"line":372,"column":22},"end":{"line":372,"column":null}}]},"30":{"loc":{"start":{"line":382,"column":9},"end":{"line":410,"column":null}},"type":"binary-expr","locations":[{"start":{"line":382,"column":9},"end":{"line":382,"column":21}},{"start":{"line":383,"column":10},"end":{"line":409,"column":null}}]},"31":{"loc":{"start":{"line":542,"column":9},"end":{"line":592,"column":null}},"type":"binary-expr","locations":[{"start":{"line":542,"column":9},"end":{"line":542,"column":21}},{"start":{"line":543,"column":10},"end":{"line":591,"column":null}}]},"32":{"loc":{"start":{"line":576,"column":13},"end":{"line":590,"column":null}},"type":"binary-expr","locations":[{"start":{"line":576,"column":13},"end":{"line":576,"column":38}},{"start":{"line":576,"column":42},"end":{"line":576,"column":78}},{"start":{"line":577,"column":14},"end":{"line":589,"column":null}}]},"33":{"loc":{"start":{"line":612,"column":19},"end":{"line":617,"column":null}},"type":"cond-expr","locations":[{"start":{"line":613,"column":20},"end":{"line":613,"column":100}},{"start":{"line":614,"column":22},"end":{"line":617,"column":null}}]},"34":{"loc":{"start":{"line":614,"column":22},"end":{"line":617,"column":null}},"type":"cond-expr","locations":[{"start":{"line":615,"column":20},"end":{"line":615,"column":94}},{"start":{"line":617,"column":20},"end":{"line":617,"column":107}}]},"35":{"loc":{"start":{"line":621,"column":21},"end":{"line":624,"column":null}},"type":"binary-expr","locations":[{"start":{"line":621,"column":21},"end":{"line":621,"column":50}},{"start":{"line":622,"column":22},"end":{"line":622,"column":null}}]},"36":{"loc":{"start":{"line":649,"column":13},"end":{"line":660,"column":null}},"type":"binary-expr","locations":[{"start":{"line":649,"column":13},"end":{"line":649,"column":50}},{"start":{"line":650,"column":14},"end":{"line":659,"column":null}}]},"37":{"loc":{"start":{"line":680,"column":51},"end":{"line":680,"column":96}},"type":"cond-expr","locations":[{"start":{"line":680,"column":65},"end":{"line":680,"column":69}},{"start":{"line":680,"column":72},"end":{"line":680,"column":96}}]},"38":{"loc":{"start":{"line":680,"column":72},"end":{"line":680,"column":96}},"type":"cond-expr","locations":[{"start":{"line":680,"column":86},"end":{"line":680,"column":89}},{"start":{"line":680,"column":92},"end":{"line":680,"column":96}}]},"39":{"loc":{"start":{"line":697,"column":13},"end":{"line":697,"column":42}},"type":"cond-expr","locations":[{"start":{"line":697,"column":27},"end":{"line":697,"column":33}},{"start":{"line":697,"column":36},"end":{"line":697,"column":42}}]},"40":{"loc":{"start":{"line":700,"column":11},"end":{"line":708,"column":null}},"type":"binary-expr","locations":[{"start":{"line":700,"column":11},"end":{"line":700,"column":38}},{"start":{"line":701,"column":12},"end":{"line":706,"column":null}}]},"41":{"loc":{"start":{"line":714,"column":11},"end":{"line":755,"column":null}},"type":"binary-expr","locations":[{"start":{"line":714,"column":11},"end":{"line":714,"column":22}},{"start":{"line":715,"column":12},"end":{"line":754,"column":null}}]},"42":{"loc":{"start":{"line":724,"column":15},"end":{"line":740,"column":null}},"type":"binary-expr","locations":[{"start":{"line":724,"column":15},"end":{"line":724,"column":40}},{"start":{"line":725,"column":16},"end":{"line":739,"column":null}}]}},"s":{"0":1,"1":1,"2":1,"3":1,"4":1,"5":1,"6":1,"7":1,"8":1,"9":1,"10":1,"11":1,"12":1,"13":1,"14":1,"15":1,"16":0,"17":1,"18":0,"19":0,"20":0,"21":0,"22":0,"23":0,"24":0,"25":0,"26":0,"27":0,"28":0,"29":0,"30":0,"31":0,"32":0,"33":0,"34":0,"35":0,"36":0,"37":0,"38":1,"39":0,"40":0,"41":0,"42":0,"43":0,"44":1,"45":0,"46":0,"47":0,"48":0,"49":0,"50":1,"51":0,"52":0,"53":0,"54":0,"55":0,"56":0,"57":0,"58":0,"59":0,"60":0,"61":0,"62":1,"63":0,"64":1,"65":0,"66":1,"67":1,"68":0,"69":0,"70":0,"71":0,"72":0,"73":0,"74":0,"75":0,"76":0,"77":0,"78":0,"79":0,"80":0,"81":0,"82":0,"83":0,"84":0,"85":0},"f":{"0":1,"1":1,"2":0,"3":0,"4":0,"5":0,"6":0,"7":0,"8":0,"9":0,"10":0,"11":0,"12":0,"13":0,"14":0,"15":0,"16":0,"17":0,"18":0,"19":0,"20":0},"b":{"0":[1],"1":[0],"2":[1,0,1,0],"3":[0,0],"4":[0,0],"5":[0,0],"6":[0,0],"7":[0,0],"8":[0,0],"9":[0,0],"10":[0,0],"11":[0,0],"12":[0],"13":[0,0],"14":[0],"15":[0],"16":[0],"17":[0],"18":[0],"19":[0],"20":[0],"21":[0],"22":[0],"23":[0],"24":[0],"25":[0,0],"26":[1],"27":[1,0,0],"28":[0,0],"29":[0,0],"30":[0,0],"31":[0,0],"32":[0,0,0],"33":[0,0],"34":[0,0],"35":[0,0],"36":[0,0],"37":[0,0],"38":[0,0],"39":[0,0],"40":[0,0],"41":[0,0],"42":[0,0]}}
,"/home/ben/datapartition_backup/Downloads/pawfectmatch-premium/apps/web/src/components/AI/PhotoAnalyzer.tsx": {"path":"/home/ben/datapartition_backup/Downloads/pawfectmatch-premium/apps/web/src/components/AI/PhotoAnalyzer.tsx","statementMap":{"0":{"start":{"line":3,"column":0},"end":{"line":3,"column":53}},"1":{"start":{"line":4,"column":0},"end":{"line":4,"column":39}},"2":{"start":{"line":5,"column":0},"end":{"line":5,"column":88}},"3":{"start":{"line":6,"column":0},"end":{"line":6,"column":45}},"4":{"start":{"line":17,"column":39},"end":{"line":199,"column":1}},"5":{"start":{"line":18,"column":28},"end":{"line":18,"column":57}},"6":{"start":{"line":19,"column":36},"end":{"line":19,"column":51}},"7":{"start":{"line":20,"column":30},"end":{"line":20,"column":67}},"8":{"start":{"line":22,"column":17},"end":{"line":32,"column":8}},"9":{"start":{"line":23,"column":17},"end":{"line":23,"column":33}},"10":{"start":{"line":24,"column":4},"end":{"line":24,"column":22}},"11":{"start":{"line":24,"column":15},"end":{"line":24,"column":22}},"12":{"start":{"line":26,"column":19},"end":{"line":26,"column":35}},"13":{"start":{"line":27,"column":4},"end":{"line":30,"column":6}},"14":{"start":{"line":28,"column":6},"end":{"line":28,"column":40}},"15":{"start":{"line":29,"column":6},"end":{"line":29,"column":25}},"16":{"start":{"line":31,"column":4},"end":{"line":31,"column":31}},"17":{"start":{"line":34,"column":56},"end":{"line":40,"column":4}},"18":{"start":{"line":42,"column":23},"end":{"line":68,"column":3}},"19":{"start":{"line":43,"column":4},"end":{"line":43,"column":23}},"20":{"start":{"line":44,"column":4},"end":{"line":44,"column":20}},"21":{"start":{"line":46,"column":4},"end":{"line":67,"column":5}},"22":{"start":{"line":48,"column":6},"end":{"line":48,"column":62}},"23":{"start":{"line":48,"column":35},"end":{"line":48,"column":60}},"24":{"start":{"line":51,"column":6},"end":{"line":62,"column":9}},"25":{"start":{"line":64,"column":6},"end":{"line":64,"column":47}},"26":{"start":{"line":66,"column":6},"end":{"line":66,"column":26}},"27":{"start":{"line":70,"column":2},"end":{"line":198,"column":4}},"28":{"start":{"line":169,"column":22},"end":{"line":170,"column":null}},"29":{"start":{"line":185,"column":22},"end":{"line":185,"column":38}},"30":{"start":{"line":17,"column":13},"end":{"line":17,"column":39}}},"fnMap":{"0":{"name":"(anonymous_9)","decl":{"start":{"line":17,"column":39},"end":{"line":17,"column":42}},"loc":{"start":{"line":17,"column":44},"end":{"line":199,"column":1}}},"1":{"name":"(anonymous_10)","decl":{"start":{"line":22,"column":29},"end":{"line":22,"column":34}},"loc":{"start":{"line":22,"column":61},"end":{"line":32,"column":3}}},"2":{"name":"(anonymous_11)","decl":{"start":{"line":27,"column":20},"end":{"line":27,"column":23}},"loc":{"start":{"line":27,"column":25},"end":{"line":30,"column":5}}},"3":{"name":"(anonymous_12)","decl":{"start":{"line":42,"column":23},"end":{"line":42,"column":28}},"loc":{"start":{"line":42,"column":44},"end":{"line":68,"column":3}}},"4":{"name":"(anonymous_13)","decl":{"start":{"line":48,"column":24},"end":{"line":48,"column":31}},"loc":{"start":{"line":48,"column":35},"end":{"line":48,"column":60}}},"5":{"name":"(anonymous_14)","decl":{"start":{"line":168,"column":44},"end":{"line":168,"column":45}},"loc":{"start":{"line":169,"column":22},"end":{"line":170,"column":null}}},"6":{"name":"(anonymous_15)","decl":{"start":{"line":184,"column":44},"end":{"line":184,"column":45}},"loc":{"start":{"line":185,"column":22},"end":{"line":185,"column":38}}}},"branchMap":{"0":{"loc":{"start":{"line":24,"column":4},"end":{"line":24,"column":22}},"type":"if","locations":[{"start":{"line":24,"column":4},"end":{"line":24,"column":22}}]},"1":{"loc":{"start":{"line":88,"column":12},"end":{"line":90,"column":null}},"type":"cond-expr","locations":[{"start":{"line":89,"column":16},"end":{"line":89,"column":48}},{"start":{"line":90,"column":16},"end":{"line":90,"column":null}}]},"2":{"loc":{"start":{"line":94,"column":11},"end":{"line":108,"column":null}},"type":"cond-expr","locations":[{"start":{"line":95,"column":12},"end":{"line":98,"column":null}},{"start":{"line":101,"column":12},"end":{"line":107,"column":null}}]},"3":{"loc":{"start":{"line":104,"column":17},"end":{"line":106,"column":61}},"type":"cond-expr","locations":[{"start":{"line":105,"column":20},"end":{"line":105,"column":41}},{"start":{"line":106,"column":20},"end":{"line":106,"column":61}}]},"4":{"loc":{"start":{"line":112,"column":9},"end":{"line":122,"column":null}},"type":"binary-expr","locations":[{"start":{"line":112,"column":9},"end":{"line":112,"column":18}},{"start":{"line":113,"column":10},"end":{"line":121,"column":null}}]},"5":{"loc":{"start":{"line":125,"column":9},"end":{"line":194,"column":null}},"type":"binary-expr","locations":[{"start":{"line":125,"column":9},"end":{"line":125,"column":15}},{"start":{"line":125,"column":19},"end":{"line":125,"column":29}},{"start":{"line":126,"column":10},"end":{"line":193,"column":null}}]},"6":{"loc":{"start":{"line":138,"column":17},"end":{"line":142,"column":null}},"type":"binary-expr","locations":[{"start":{"line":138,"column":17},"end":{"line":138,"column":29}},{"start":{"line":139,"column":18},"end":{"line":141,"column":null}}]},"7":{"loc":{"start":{"line":144,"column":17},"end":{"line":148,"column":null}},"type":"binary-expr","locations":[{"start":{"line":144,"column":17},"end":{"line":144,"column":27}},{"start":{"line":145,"column":18},"end":{"line":147,"column":null}}]},"8":{"loc":{"start":{"line":150,"column":17},"end":{"line":154,"column":null}},"type":"binary-expr","locations":[{"start":{"line":150,"column":17},"end":{"line":150,"column":35}},{"start":{"line":151,"column":18},"end":{"line":153,"column":null}}]},"9":{"loc":{"start":{"line":156,"column":17},"end":{"line":160,"column":null}},"type":"binary-expr","locations":[{"start":{"line":156,"column":17},"end":{"line":156,"column":34}},{"start":{"line":157,"column":18},"end":{"line":159,"column":null}}]},"10":{"loc":{"start":{"line":164,"column":15},"end":{"line":177,"column":null}},"type":"binary-expr","locations":[{"start":{"line":164,"column":15},"end":{"line":164,"column":33}},{"start":{"line":164,"column":37},"end":{"line":164,"column":66}},{"start":{"line":165,"column":16},"end":{"line":176,"column":null}}]},"11":{"loc":{"start":{"line":180,"column":15},"end":{"line":191,"column":null}},"type":"binary-expr","locations":[{"start":{"line":180,"column":15},"end":{"line":180,"column":33}},{"start":{"line":180,"column":37},"end":{"line":180,"column":66}},{"start":{"line":181,"column":16},"end":{"line":190,"column":null}}]}},"s":{"0":1,"1":1,"2":1,"3":1,"4":1,"5":1,"6":1,"7":1,"8":1,"9":0,"10":0,"11":0,"12":0,"13":0,"14":0,"15":0,"16":0,"17":1,"18":1,"19":0,"20":0,"21":0,"22":0,"23":0,"24":0,"25":0,"26":0,"27":1,"28":0,"29":0,"30":1},"f":{"0":1,"1":0,"2":0,"3":0,"4":0,"5":0,"6":0},"b":{"0":[0],"1":[0,1],"2":[0,1],"3":[0,1],"4":[1,0],"5":[1,0,0],"6":[0,0],"7":[0,0],"8":[0,0],"9":[0,0],"10":[0,0,0],"11":[0,0,0]}}
,"/home/ben/datapartition_backup/Downloads/pawfectmatch-premium/apps/web/src/components/Chat/ChatHeader.tsx": {"path":"/home/ben/datapartition_backup/Downloads/pawfectmatch-premium/apps/web/src/components/Chat/ChatHeader.tsx","statementMap":{"0":{"start":{"line":1,"column":0},"end":{"line":1,"column":26}},"1":{"start":{"line":2,"column":0},"end":{"line":2,"column":44}},"2":{"start":{"line":3,"column":0},"end":{"line":3,"column":39}},"3":{"start":{"line":4,"column":0},"end":{"line":4,"column":31}},"4":{"start":{"line":5,"column":0},"end":{"line":5,"column":null}},"5":{"start":{"line":20,"column":46},"end":{"line":79,"column":1}},"6":{"start":{"line":25,"column":17},"end":{"line":25,"column":28}},"7":{"start":{"line":27,"column":2},"end":{"line":78,"column":4}},"8":{"start":{"line":35,"column":25},"end":{"line":35,"column":48}},"9":{"start":{"line":81,"column":0},"end":{"line":81,"column":26}}},"fnMap":{"0":{"name":"(anonymous_1)","decl":{"start":{"line":20,"column":46},"end":{"line":20,"column":47}},"loc":{"start":{"line":24,"column":5},"end":{"line":79,"column":1}}},"1":{"name":"(anonymous_2)","decl":{"start":{"line":35,"column":19},"end":{"line":35,"column":22}},"loc":{"start":{"line":35,"column":25},"end":{"line":35,"column":48}}}},"branchMap":{"0":{"loc":{"start":{"line":44,"column":14},"end":{"line":47,"column":null}},"type":"cond-expr","locations":[{"start":{"line":45,"column":14},"end":{"line":45,"column":152}},{"start":{"line":47,"column":14},"end":{"line":47,"column":69}}]},"1":{"loc":{"start":{"line":47,"column":21},"end":{"line":47,"column":61}},"type":"binary-expr","locations":[{"start":{"line":47,"column":21},"end":{"line":47,"column":54}},{"start":{"line":47,"column":58},"end":{"line":47,"column":61}}]},"2":{"loc":{"start":{"line":47,"column":21},"end":{"line":47,"column":54}},"type":"cond-expr","locations":[{"start":{"line":47,"column":49},"end":{"line":47,"column":52}},{"start":{"line":47,"column":49},"end":{"line":47,"column":54}}]},"3":{"loc":{"start":{"line":47,"column":21},"end":{"line":47,"column":52}},"type":"binary-expr","locations":[{"start":{"line":47,"column":21},"end":{"line":47,"column":52}},{"start":{"line":47,"column":49},"end":{"line":47,"column":52}}]},"4":{"loc":{"start":{"line":53,"column":16},"end":{"line":53,"column":53}},"type":"binary-expr","locations":[{"start":{"line":53,"column":16},"end":{"line":53,"column":43}},{"start":{"line":53,"column":47},"end":{"line":53,"column":53}}]}},"s":{"0":1,"1":1,"2":1,"3":1,"4":1,"5":1,"6":0,"7":0,"8":0,"9":1},"f":{"0":0,"1":0},"b":{"0":[0,0],"1":[0,0],"2":[0,0],"3":[0,0],"4":[0,0]}}
,"/home/ben/datapartition_backup/Downloads/pawfectmatch-premium/apps/web/src/components/Chat/MessageBubble.tsx": {"path":"/home/ben/datapartition_backup/Downloads/pawfectmatch-premium/apps/web/src/components/Chat/MessageBubble.tsx","statementMap":{"0":{"start":{"line":1,"column":0},"end":{"line":1,"column":26}},"1":{"start":{"line":2,"column":0},"end":{"line":2,"column":39}},"2":{"start":{"line":3,"column":0},"end":{"line":3,"column":31}},"3":{"start":{"line":4,"column":0},"end":{"line":4,"column":56}},"4":{"start":{"line":5,"column":0},"end":{"line":5,"column":72}},"5":{"start":{"line":16,"column":52},"end":{"line":151,"column":1}},"6":{"start":{"line":23,"column":14},"end":{"line":23,"column":28}},"7":{"start":{"line":25,"column":17},"end":{"line":25,"column":33}},"8":{"start":{"line":26,"column":21},"end":{"line":26,"column":90}},"9":{"start":{"line":27,"column":23},"end":{"line":27,"column":36}},"10":{"start":{"line":29,"column":21},"end":{"line":36,"column":3}},"11":{"start":{"line":30,"column":17},"end":{"line":30,"column":37}},"12":{"start":{"line":31,"column":4},"end":{"line":35,"column":7}},"13":{"start":{"line":38,"column":17},"end":{"line":38,"column":103}},"14":{"start":{"line":38,"column":52},"end":{"line":38,"column":93}},"15":{"start":{"line":40,"column":2},"end":{"line":150,"column":4}},"16":{"start":{"line":82,"column":16},"end":{"line":82,"column":33}},"17":{"start":{"line":91,"column":22},"end":{"line":91,"column":60}},"18":{"start":{"line":153,"column":0},"end":{"line":153,"column":29}}},"fnMap":{"0":{"name":"(anonymous_1)","decl":{"start":{"line":16,"column":52},"end":{"line":16,"column":53}},"loc":{"start":{"line":22,"column":5},"end":{"line":151,"column":1}}},"1":{"name":"(anonymous_2)","decl":{"start":{"line":29,"column":21},"end":{"line":29,"column":22}},"loc":{"start":{"line":29,"column":44},"end":{"line":36,"column":3}}},"2":{"name":"(anonymous_3)","decl":{"start":{"line":38,"column":34},"end":{"line":38,"column":35}},"loc":{"start":{"line":38,"column":52},"end":{"line":38,"column":93}}},"3":{"name":"(anonymous_4)","decl":{"start":{"line":81,"column":35},"end":{"line":81,"column":36}},"loc":{"start":{"line":82,"column":16},"end":{"line":82,"column":33}}},"4":{"name":"(anonymous_5)","decl":{"start":{"line":89,"column":29},"end":{"line":89,"column":32}},"loc":{"start":{"line":89,"column":34},"end":{"line":92,"column":21}}}},"branchMap":{"0":{"loc":{"start":{"line":20,"column":2},"end":{"line":20,"column":19}},"type":"default-arg","locations":[{"start":{"line":20,"column":15},"end":{"line":20,"column":19}}]},"1":{"loc":{"start":{"line":21,"column":2},"end":{"line":21,"column":22}},"type":"default-arg","locations":[{"start":{"line":21,"column":18},"end":{"line":21,"column":22}}]},"2":{"loc":{"start":{"line":25,"column":17},"end":{"line":25,"column":33}},"type":"binary-expr","locations":[{"start":{"line":25,"column":17},"end":{"line":25,"column":27}},{"start":{"line":25,"column":31},"end":{"line":25,"column":33}}]},"3":{"loc":{"start":{"line":26,"column":21},"end":{"line":26,"column":90}},"type":"binary-expr","locations":[{"start":{"line":26,"column":21},"end":{"line":26,"column":80}},{"start":{"line":26,"column":84},"end":{"line":26,"column":90}}]},"4":{"loc":{"start":{"line":26,"column":24},"end":{"line":26,"column":46}},"type":"binary-expr","locations":[{"start":{"line":26,"column":24},"end":{"line":26,"column":40}},{"start":{"line":26,"column":44},"end":{"line":26,"column":46}}]},"5":{"loc":{"start":{"line":26,"column":50},"end":{"line":26,"column":71}},"type":"binary-expr","locations":[{"start":{"line":26,"column":50},"end":{"line":26,"column":65}},{"start":{"line":26,"column":69},"end":{"line":26,"column":71}}]},"6":{"loc":{"start":{"line":38,"column":17},"end":{"line":38,"column":103}},"type":"binary-expr","locations":[{"start":{"line":38,"column":17},"end":{"line":38,"column":94}},{"start":{"line":38,"column":98},"end":{"line":38,"column"
[...]
125,"column":36}},"loc":{"start":{"line":125,"column":68},"end":{"line":127,"column":5}}},"15":{"name":"(anonymous_15)","decl":{"start":{"line":130,"column":36},"end":{"line":130,"column":37}},"loc":{"start":{"line":130,"column":61},"end":{"line":132,"column":5}}},"16":{"name":"(anonymous_16)","decl":{"start":{"line":134,"column":36},"end":{"line":134,"column":37}},"loc":{"start":{"line":134,"column":61},"end":{"line":136,"column":5}}},"17":{"name":"(anonymous_17)","decl":{"start":{"line":138,"column":36},"end":{"line":138,"column":37}},"loc":{"start":{"line":138,"column":61},"end":{"line":140,"column":5}}},"18":{"name":"(anonymous_18)","decl":{"start":{"line":142,"column":33},"end":{"line":142,"column":34}},"loc":{"start":{"line":142,"column":58},"end":{"line":144,"column":5}}},"19":{"name":"(anonymous_19)","decl":{"start":{"line":147,"column":28},"end":{"line":147,"column":29}},"loc":{"start":{"line":147,"column":51},"end":{"line":150,"column":5}}},"20":{"name":"(anonymous_20)","decl":{"start":{"line":153,"column":10},"end":{"line":153,"column":25}},"loc":{"start":{"line":153,"column":25},"end":{"line":167,"column":3}}},"21":{"name":"(anonymous_21)","decl":{"start":{"line":164,"column":15},"end":{"line":164,"column":18}},"loc":{"start":{"line":164,"column":20},"end":{"line":166,"column":5}}},"22":{"name":"(anonymous_22)","decl":{"start":{"line":170,"column":2},"end":{"line":170,"column":4}},"loc":{"start":{"line":170,"column":38},"end":{"line":175,"column":3}}},"23":{"name":"(anonymous_23)","decl":{"start":{"line":177,"column":2},"end":{"line":177,"column":5}},"loc":{"start":{"line":177,"column":40},"end":{"line":190,"column":3}}},"24":{"name":"(anonymous_24)","decl":{"start":{"line":192,"column":2},"end":{"line":192,"column":6}},"loc":{"start":{"line":192,"column":36},"end":{"line":197,"column":3}}},"25":{"name":"(anonymous_25)","decl":{"start":{"line":195,"column":23},"end":{"line":195,"column":30}},"loc":{"start":{"line":195,"column":34},"end":{"line":195,"column":50}}},"26":{"name":"(anonymous_26)","decl":{"start":{"line":200,"column":2},"end":{"line":200,"column":12}},"loc":{"start":{"line":200,"column":38},"end":{"line":204,"column":3}}},"27":{"name":"(anonymous_27)","decl":{"start":{"line":206,"column":10},"end":{"line":206,"column":19}},"loc":{"start":{"line":206,"column":49},"end":{"line":211,"column":3}}},"28":{"name":"(anonymous_28)","decl":{"start":{"line":209,"column":23},"end":{"line":209,"column":30}},"loc":{"start":{"line":209,"column":34},"end":{"line":209,"column":47}}},"29":{"name":"(anonymous_29)","decl":{"start":{"line":214,"column":2},"end":{"line":214,"column":11}},"loc":{"start":{"line":214,"column":27},"end":{"line":218,"column":3}}},"30":{"name":"(anonymous_30)","decl":{"start":{"line":220,"column":2},"end":{"line":220,"column":12}},"loc":{"start":{"line":220,"column":28},"end":{"line":224,"column":3}}},"31":{"name":"(anonymous_31)","decl":{"start":{"line":226,"column":2},"end":{"line":226,"column":13}},"loc":{"start":{"line":226,"column":81},"end":{"line":235,"column":3}}},"32":{"name":"(anonymous_32)","decl":{"start":{"line":237,"column":2},"end":{"line":237,"column":13}},"loc":{"start":{"line":237,"column":29},"end":{"line":241,"column":3}}},"33":{"name":"(anonymous_33)","decl":{"start":{"line":243,"column":2},"end":{"line":243,"column":12}},"loc":{"start":{"line":243,"column":28},"end":{"line":247,"column":3}}},"34":{"name":"(anonymous_34)","decl":{"start":{"line":250,"column":2},"end":{"line":250,"column":10}},"loc":{"start":{"line":250,"column":63},"end":{"line":254,"column":3}}},"35":{"name":"(anonymous_35)","decl":{"start":{"line":257,"column":2},"end":{"line":257,"column":14}},"loc":{"start":{"line":257,"column":55},"end":{"line":261,"column":3}}},"36":{"name":"(anonymous_36)","decl":{"start":{"line":263,"column":2},"end":{"line":263,"column":12}},"loc":{"start":{"line":263,"column":27},"end":{"line":267,"column":3}}},"37":{"name":"(anonymous_37)","decl":{"start":{"line":269,"column":2},"end":{"line":269,"column":12}},"loc":{"start":{"line":269,"column":27},"end":{"line":273,"column":3}}},"38":{"name":"(anonymous_38)","decl":{"start":{"line":275,"column":2},"end":{"line":275,"column":9}},"loc":{"start":{"line":275,"column":24},"end":{"line":279,"column":3}}},"39":{"name":"(anonymous_39)","decl":{"start":{"line":282,"column":2},"end":{"line":282,"column":14}},"loc":{"start":{"line":282,"column":52},"end":{"line":286,"column":3}}},"40":{"name":"(anonymous_40)","decl":{"start":{"line":289,"column":2},"end":{"line":289,"column":19}},"loc":{"start":{"line":289,"column":19},"end":{"line":291,"column":3}}},"41":{"name":"(anonymous_41)","decl":{"start":{"line":293,"column":2},"end":{"line":293,"column":13}},"loc":{"start":{"line":293,"column":13},"end":{"line":295,"column":3}}},"42":{"name":"(anonymous_42)","decl":{"start":{"line":297,"column":2},"end":{"line":297,"column":13}},"loc":{"start":{"line":297,"column":27},"end":{"line":302,"column":3}}},"43":{"name":"(anonymous_43)","decl":{"start":{"line":305,"column":2},"end":{"line":305,"column":9}},"loc":{"start":{"line":305,"column":9},"end":{"line":308,"column":3}}},"44":{"name":"(anonymous_44)","decl":{"start":{"line":314,"column":35},"end":{"line":314,"column":36}},"loc":{"start":{"line":314,"column":82},"end":{"line":320,"column":1}}},"45":{"name":"(anonymous_45)","decl":{"start":{"line":322,"column":32},"end":{"line":322,"column":57}},"loc":{"start":{"line":322,"column":59},"end":{"line":324,"column":1}}}},"branchMap":{"0":{"loc":{"start":{"line":31,"column":4},"end":{"line":33,"column":5}},"type":"if","locations":[{"start":{"line":31,"column":4},"end":{"line":33,"column":5}}]},"1":{"loc":{"start":{"line":37,"column":4},"end":{"line":39,"column":5}},"type":"if","locations":[{"start":{"line":37,"column":4},"end":{"line":39,"column":5}}]},"2":{"loc":{"start":{"line":37,"column":8},"end":{"line":37,"column":30}},"type":"cond-expr","locations":[{"start":{"line":37,"column":19},"end":{"line":37,"column":21}},{"start":{"line":37,"column":19},"end":{"line":37,"column":30}}]},"3":{"loc":{"start":{"line":37,"column":8},"end":{"line":37,"column":21}},"type":"binary-expr","locations":[{"start":{"line":37,"column":8},"end":{"line":37,"column":21}},{"start":{"line":37,"column":19},"end":{"line":37,"column":21}}]},"4":{"loc":{"start":{"line":59,"column":4},"end":{"line":63,"column":5}},"type":"if","locations":[{"start":{"line":59,"column":4},"end":{"line":63,"column":5}}]},"5":{"loc":{"start":{"line":67,"column":4},"end":{"line":67,"column":29}},"type":"if","locations":[{"start":{"line":67,"column":4},"end":{"line":67,"column":29}}]},"6":{"loc":{"start":{"line":81,"column":6},"end":{"line":84,"column":7}},"type":"if","locations":[{"start":{"line":81,"column":6},"end":{"line":84,"column":7}}]},"7":{"loc":{"start":{"line":154,"column":4},"end":{"line":158,"column":5}},"type":"if","locations":[{"start":{"line":154,"column":4},"end":{"line":158,"column":5}}]},"8":{"loc":{"start":{"line":171,"column":4},"end":{"line":173,"column":5}},"type":"if","locations":[{"start":{"line":171,"column":4},"end":{"line":173,"column":5}}]},"9":{"loc":{"start":{"line":178,"column":4},"end":{"line":181,"column":5}},"type":"if","locations":[{"start":{"line":178,"column":4},"end":{"line":181,"column":5}}]},"10":{"loc":{"start":{"line":184,"column":4},"end":{"line":189,"column":5}},"type":"if","locations":[{"start":{"line":184,"column":4},"end":{"line":189,"column":5}}]},"11":{"loc":{"start":{"line":186,"column":6},"end":{"line":188,"column":7}},"type":"if","locations":[{"start":{"line":186,"column":6},"end":{"line":188,"column":7}}]},"12":{"loc":{"start":{"line":194,"column":4},"end":{"line":196,"column":5}},"type":"if","locations":[{"start":{"line":194,"column":4},"end":{"line":196,"column":5}}]},"13":{"loc":{"start":{"line":201,"column":4},"end":{"line":203,"column":5}},"type":"if","locations":[{"start":{"line":201,"column":4},"end":{"line":203,"column":5}}]},"14":{"loc":{"start":{"line":201,"column":8},"end":{"line":201,"column":30}},"type":"cond-expr","locations":[{"start":{"line":201,"column":19},"end":{"line":201,"column":21}},{"start":{"line":201,"column":19},"end":{"line":201,"column":30}}]},"15":{"loc":{"start":{"line":201,"column":8},"end":{"line":201,"column":21}},"type":"binary-expr","locations":[{"start":{"line":201,"column":8},"end":{"line":201,"column":21}},{"start":{"line":201,"column":19},"end":{"line":201,"column":21}}]},"16":{"loc":{"start":{"line":208,"column":4},"end":{"line":210,"column":5}},"type":"if","locations":[{"start":{"line":208,"column":4},"end":{"line":210,"column":5}}]},"17":{"loc":{"start":{"line":215,"column":4},"end":{"line":217,"column":5}},"type":"if","locations":[{"start":{"line":215,"column":4},"end":{"line":217,"column":5}}]},"18":{"loc":{"start":{"line":215,"column":8},"end":{"line":215,"column":30}},"type":"cond-expr","locations":[{"start":{"line":215,"column":19},"end":{"line":215,"column":21}},{"start":{"line":215,"column":19},"end":{"line":215,"column":30}}]},"19":{"loc":{"start":{"line":215,"column":8},"end":{"line":215,"column":21}},"type":"binary-expr","locations":[{"start":{"line":215,"column":8},"end":{"line":215,"column":21}},{"start":{"line":215,"column":19},"end":{"line":215,"column":21}}]},"20":{"loc":{"start":{"line":221,"column":4},"end":{"line":223,"column":5}},"type":"if","locations":[{"start":{"line":221,"column":4},"end":{"line":223,"column":5}}]},"21":{"loc":{"start":{"line":221,"column":8},"end":{"line":221,"column":30}},"type":"cond-expr","locations":[{"start":{"line":221,"column":19},"end":{"line":221,"column":21}},{"start":{"line":221,"column":19},"end":{"line":221,"column":30}}]},"22":{"loc":{"start":{"line":221,"column":8},"end":{"line":221,"column":21}},"type":"binary-expr","locations":[{"start":{"line":221,"column":8},"end":{"line":221,"column":21}},{"start":{"line":221,"column":19},"end":{"line":221,"column":21}}]},"23":{"loc":{"start":{"line":227,"column":4},"end":{"line":234,"column":5}},"type":"if","locations":[{"start":{"line":227,"column":4},"end":{"line":234,"column":5}}]},"24":{"loc":{"start":{"line":227,"column":8},"end":{"line":227,"column":30}},"type":"cond-expr","locations":[{"start":{"line":227,"column":19},"end":{"line":227,"column":21}},{"start":{"line":227,"column":19},"end":{"line":227,"column":30}}]},"25":{"loc":{"start":{"line":227,"column":8},"end":{"line":227,"column":21}},"type":"binary-expr","locations":[{"start":{"line":227,"column":8},"end":{"line":227,"column":21}},{"start":{"line":227,"column":19},"end":{"line":227,"column":21}}]},"26":{"loc":{"start":{"line":232,"column":21},"end":{"line":232,"column":38}},"type":"binary-expr","locations":[{"start":{"line":232,"column":21},"end":{"line":232,"column":32}},{"start":{"line":232,"column":36},"end":{"line":232,"column":38}}]},"27":{"loc":{"start":{"line":238,"column":4},"end":{"line":240,"column":5}},"type":"if","locations":[{"start":{"line":238,"column":4},"end":{"line":240,"column":5}}]},"28":{"loc":{"start":{"line":238,"column":8},"end":{"line":238,"column":30}},"type":"cond-expr","locations":[{"start":{"line":238,"column":19},"end":{"line":238,"column":21}},{"start":{"line":238,"column":19},"end":{"line":238,"column":30}}]},"29":{"loc":{"start":{"line":238,"column":8},"end":{"line":238,"column":21}},"type":"binary-expr","locations":[{"start":{"line":238,"column":8},"end":{"line":238,"column":21}},{"start":{"line":238,"column":19},"end":{"line":238,"column":21}}]},"30":{"loc":{"start":{"line":244,"column":4},"end":{"line":246,"column":5}},"type":"if","locations":[{"start":{"line":244,"column":4},"end":{"line":246,"column":5}}]},"31":{"loc":{"start":{"line":244,"column":8},"end":{"line":244,"column":30}},"type":"cond-expr","locations":[{"start":{"line":244,"column":19},"end":{"line":244,"column":21}},{"start":{"line":244,"column":19},"end":{"line":244,"column":30}}]},"32":{"loc":{"start":{"line":244,"column":8},"end":{"line":244,"column":21}},"type":"binary-expr","locations":[{"start":{"line":244,"column":8},"end":{"line":244,"column":21}},{"start":{"line":244,"column":19},"end":{"line":244,"column":21}}]},"33":{"loc":{"start":{"line":251,"column":4},"end":{"line":253,"column":5}},"type":"if","locations":[{"start":{"line":251,"column":4},"end":{"line":253,"column":5}}]},"34":{"loc":{"start":{"line":251,"column":8},"end":{"line":251,"column":30}},"type":"cond-expr","locations":[{"start":{"line":251,"column":19},"end":{"line":251,"column":21}},{"start":{"line":251,"column":19},"end":{"line":251,"column":30}}]},"35":{"loc":{"start":{"line":251,"column":8},"end":{"line":251,"column":21}},"type":"binary-expr","locations":[{"start":{"line":251,"column":8},"end":{"line":251,"column":21}},{"start":{"line":251,"column":19},"end":{"line":251,"column":21}}]},"36":{"loc":{"start":{"line":258,"column":4},"end":{"line":260,"column":5}},"type":"if","locations":[{"start":{"line":258,"column":4},"end":{"line":260,"column":5}}]},"37":{"loc":{"start":{"line":258,"column":8},"end":{"line":258,"column":30}},"type":"cond-expr","locations":[{"start":{"line":258,"column":19},"end":{"line":258,"column":21}},{"start":{"line":258,"column":19},"end":{"line":258,"column":30}}]},"38":{"loc":{"start":{"line":258,"column":8},"end":{"line":258,"column":21}},"type":"binary-expr","locations":[{"start":{"line":258,"column":8},"end":{"line":258,"column":21}},{"start":{"line":258,"column":19},"end":{"line":258,"column":21}}]},"39":{"loc":{"start":{"line":264,"column":4},"end":{"line":266,"column":5}},"type":"if","locations":[{"start":{"line":264,"column":4},"end":{"line":266,"column":5}}]},"40":{"loc":{"start":{"line":264,"column":8},"end":{"line":264,"column":30}},"type":"cond-expr","locations":[{"start":{"line":264,"column":19},"end":{"line":264,"column":21}},{"start":{"line":264,"column":19},"end":{"line":264,"column":30}}]},"41":{"loc":{"start":{"line":264,"column":8},"end":{"line":264,"column":21}},"type":"binary-expr","locations":[{"start":{"line":264,"column":8},"end":{"line":264,"column":21}},{"start":{"line":264,"column":19},"end":{"line":264,"column":21}}]},"42":{"loc":{"start":{"line":270,"column":4},"end":{"line":272,"column":5}},"type":"if","locations":[{"start":{"line":270,"column":4},"end":{"line":272,"column":5}}]},"43":{"loc":{"start":{"line":270,"column":8},"end":{"line":270,"column":30}},"type":"cond-expr","locations":[{"start":{"line":270,"column":19},"end":{"line":270,"column":21}},{"start":{"line":270,"column":19},"end":{"line":270,"column":30}}]},"44":{"loc":{"start":{"line":270,"column":8},"end":{"line":270,"column":21}},"type":"binary-expr","locations":[{"start":{"line":270,"column":8},"end":{"line":270,"column":21}},{"start":{"line":270,"column":19},"end":{"line":270,"column":21}}]},"45":{"loc":{"start":{"line":276,"column":4},"end":{"line":278,"column":5}},"type":"if","locations":[{"start":{"line":276,"column":4},"end":{"line":278,"column":5}}]},"46":{"loc":{"start":{"line":276,"column":8},"end":{"line":276,"column":30}},"type":"cond-expr","locations":[{"start":{"line":276,"column":19},"end":{"line":276,"column":21}},{"start":{"line":276,"column":19},"end":{"line":276,"column":30}}]},"47":{"loc":{"start":{"line":276,"column":8},"end":{"line":276,"column":21}},"type":"binary-expr","locations":[{"start":{"line":276,"column":8},"end":{"line":276,"column":21}},{"start":{"line":276,"column":19},"end":{"line":276,"column":21}}]},"48":{"loc":{"start":{"line":283,"column":4},"end":{"line":285,"column":5}},"type":"if","locations":[{"start":{"line":283,"column":4},"end":{"line":285,"column":5}}]},"49":{"loc":{"start":{"line":283,"column":8},"end":{"line":283,"column":30}},"type":"cond-expr","locations":[{"start":{"line":283,"column":19},"end":{"line":283,"column":21}},{"start":{"line":283,"column":19},"end":{"line":283,"column":30}}]},"50":{"loc":{"start":{"line":283,"column":8},"end":{"line":283,"column":21}},"type":"binary-expr","locations":[{"start":{"line":283,"column":8},"end":{"line":283,"column":21}},{"start":{"line":283,"column":19},"end":{"line":283,"column":21}}]},"51":{"loc":{"start":{"line":290,"column":11},"end":{"line":290,"column":62}},"type":"binary-expr","locations":[{"start":{"line":290,"column":11},"end":{"line":290,"column":27}},{"start":{"line":290,"column":31},"end":{"line":290,"column":62}}]},"52":{"loc":{"start":{"line":290,"column":31},"end":{"line":290,"column":53}},"type":"cond-expr","locations":[{"start":{"line":290,"column":42},"end":{"line":290,"column":44}},{"start":{"line":290,"column":42},"end":{"line":290,"column":53}}]},"53":{"loc":{"start":{"line":290,"column":31},"end":{"line":290,"column":44}},"type":"binary-expr","locations":[{"start":{"line":290,"column":31},"end":{"line":290,"column":44}},{"start":{"line":290,"column":42},"end":{"line":290,"column":44}}]},"54":{"loc":{"start":{"line":294,"column":11},"end":{"line":294,"column":26}},"type":"cond-expr","locations":[{"start":{"line":294,"column":22},"end":{"line":294,"column":24}},{"start":{"line":294,"column":22},"end":{"line":294,"column":26}}]},"55":{"loc":{"start":{"line":294,"column":11},"end":{"line":294,"column":24}},"type":"binary-expr","locations":[{"start":{"line":294,"column":11},"end":{"line":294,"column":24}},{"start":{"line":294,"column":22},"end":{"line":294,"column":24}}]},"56":{"loc":{"start":{"line":299,"column":4},"end":{"line":301,"column":5}},"type":"if","locations":[{"start":{"line":299,"column":4},"end":{"line":301,"column":5}}]},"57":{"loc":{"start":{"line":299,"column":8},"end":{"line":299,"column":30}},"type":"cond-expr","locations":[{"start":{"line":299,"column":19},"end":{"line":299,"column":21}},{"start":{"line":299,"column":19},"end":{"line":299,"column":30}}]},"58":{"loc":{"start":{"line":299,"column":8},"end":{"line":299,"column":21}},"type":"binary-expr","locations":[{"start":{"line":299,"column":8},"end":{"line":299,"column":21}},{"start":{"line":299,"column":19},"end":{"line":299,"column":21}}]},"59":{"loc":{"start":{"line":315,"column":2},"end":{"line":317,"column":3}},"type":"if","locations":[{"start":{"line":315,"column":2},"end":{"line":317,"column":3}}]}},"s":{"0":1,"1":0,"2":0,"3":0,"4":0,"5":0,"6":0,"7":0,"8":0,"9":0,"10":0,"11":0,"12":0,"13":0,"14":0,"15":0,"16":0,"17":0,"18":0,"19":0,"20":0,"21":0,"22":0,"23":0,"24":0,"25":0,"26":0,"27":0,"28":0,"29":0,"30":0,"31":0,"32":0,"33":0,"34":0,"35":0,"36":0,"37":0,"38":0,"39":0,"40":0,"41":0,"42":0,"43":0,"44":0,"45":0,"46":0,"47":0,"48":0,"49":0,"50":0,"51":0,"52":0,"53":0,"54":0,"55":0,"56":0,"57":0,"58":0,"59":0,"60":0,"61":0,"62":0,"63":0,"64":0,"65":0,"66":0,"67":0,"68":0,"69":0,"70":0,"71":0,"72":0,"73":0,"74":0,"75":0,"76":0,"77":0,"78":0,"79":0,"80":0,"81":0,"82":0,"83":0,"84":0,"85":0,"86":0,"87":0,"88":0,"89":0,"90":0,"91":0,"92":0,"93":0,"94":0,"95":0,"96":0,"97":0,"98":0,"99":0,"100":0,"101":0,"102":0,"103":0,"104":0,"105":0,"106":0,"107":0,"108":0,"109":0,"110":0,"111":0,"112":0,"113":0,"114":0,"115":0,"116":0,"117":0,"118":0,"119":0,"120":0,"121":0,"122":0,"123":0,"124":1,"125":1,"126":0,"127":0,"128":0,"129":0,"130":1,"131":1,"132":0,"133":1,"134":1},"f":{"0":0,"1":0,"2":0,"3":0,"4":0,"5":0,"6":0,"7":0,"8":0,"9":0,"10":0,"11":0,"12":0,"13":0,"14":0,"15":0,"16":0,"17":0,"18":0,"19":0,"20":0,"21":0,"22":0,"23":0,"24":0,"25":0,"26":0,"27":0,"28":0,"29":0,"30":0,"31":0,"32":0,"33":0,"34":0,"35":0,"36":0,"37":0,"38":0,"39":0,"40":0,"41":0,"42":0,"43":0,"44":0,"45":0},"b":{"0":[0],"1":[0],"2":[0,0],"3":[0,0],"4":[0],"5":[0],"6":[0],"7":[0],"8":[0],"9":[0],"10":[0],"11":[0],"12":[0],"13":[0],"14":[0,0],"15":[0,0],"16":[0],"17":[0],"18":[0,0],"19":[0,0],"20":[0],"21":[0,0],"22":[0,0],"23":[0],"24":[0,0],"25":[0,0],"26":[0,0],"27":[0],"28":[0,0],"29":[0,0],"30":[0],"31":[0,0],"32":[0,0],"33":[0],"34":[0,0],"35":[0,0],"36":[0],"37":[0,0],"38":[0,0],"39":[0],"40":[0,0],"41":[0,0],"42":[0],"43":[0,0],"44":[0,0],"45":[0],"46":[0,0],"47":[0,0],"48":[0],"49":[0,0],"50":[0,0],"51":[0,0],"52":[0,0],"53":[0,0],"54":[0,0],"55":[0,0],"56":[0],"57":[0,0],"58":[0,0],"59":[0]}}
}
