TN:
SF:src/app/App.css
FNF:0
FNH:0
LF:0
LH:0
BRF:0
BRH:0
end_of_record
TN:
SF:src/app/App.tsx
FN:18,App
FNF:1
FNH:0
FNDA:0,App
DA:1,1
DA:2,1
DA:3,1
DA:4,1
DA:5,1
DA:6,1
DA:9,1
DA:19,0
DA:39,1
LF:9
LH:8
BRF:0
BRH:0
end_of_record
TN:
SF:src/components/AccessibilityProvider.tsx
FN:27,useAccessibility
FN:39,AccessibilityProvider
FN:50,(anonymous_11)
FN:72,(anonymous_12)
FN:74,(anonymous_13)
FN:78,(anonymous_14)
FN:80,(anonymous_15)
FN:87,(anonymous_16)
FN:94,(anonymous_17)
FN:95,(anonymous_18)
FN:97,(anonymous_19)
FN:101,(anonymous_20)
FN:102,(anonymous_21)
FN:108,(anonymous_22)
FN:115,(anonymous_23)
FN:149,(anonymous_24)
FN:150,(anonymous_25)
FN:154,(anonymous_26)
FN:155,(anonymous_27)
FN:159,(anonymous_28)
FN:160,(anonymous_29)
FN:164,(anonymous_30)
FN:165,(anonymous_31)
FN:169,(anonymous_32)
FN:170,(anonymous_33)
FN:174,(anonymous_34)
FN:184,(anonymous_35)
FN:189,(anonymous_36)
FN:218,ScreenReaderAnnouncements
FN:234,SkipToContentButton
FN:254,AccessibilitySettings
FN:278,(anonymous_40)
FN:289,(anonymous_41)
FN:300,(anonymous_42)
FN:315,(anonymous_43)
FN:326,(anonymous_44)
FNF:36
FNH:18
FNDA:83,useAccessibility
FNDA:37,AccessibilityProvider
FNDA:15,(anonymous_11)
FNDA:0,(anonymous_12)
FNDA:0,(anonymous_13)
FNDA:0,(anonymous_14)
FNDA:0,(anonymous_15)
FNDA:15,(anonymous_16)
FNDA:15,(anonymous_17)
FNDA:5,(anonymous_18)
FNDA:3,(anonymous_19)
FNDA:1,(anonymous_20)
FNDA:1,(anonymous_21)
FNDA:15,(anonymous_22)
FNDA:35,(anonymous_23)
FNDA:1,(anonymous_24)
FNDA:1,(anonymous_25)
FNDA:0,(anonymous_26)
FNDA:0,(anonymous_27)
FNDA:0,(anonymous_28)
FNDA:0,(anonymous_29)
FNDA:0,(anonymous_30)
FNDA:0,(anonymous_31)
FNDA:0,(anonymous_32)
FNDA:0,(anonymous_33)
FNDA:0,(anonymous_34)
FNDA:0,(anonymous_35)
FNDA:1,(anonymous_36)
FNDA:37,ScreenReaderAnnouncements
FNDA:37,SkipToContentButton
FNDA:9,AccessibilitySettings
FNDA:1,(anonymous_40)
FNDA:0,(anonymous_41)
FNDA:0,(anonymous_42)
FNDA:0,(anonymous_43)
FNDA:0,(anonymous_44)
DA:3,1
DA:4,1
DA:25,1
DA:27,1
DA:28,83
DA:29,83
DA:30,0
DA:32,83
DA:39,1
DA:40,37
DA:50,37
DA:52,15
DA:53,15
DA:56,15
DA:57,15
DA:58,15
DA:59,15
DA:60,15
DA:62,15
DA:72,15
DA:73,0
DA:74,0
DA:78,15
DA:79,0
DA:80,0
DA:84,15
DA:85,15
DA:87,15
DA:88,15
DA:89,15
DA:94,37
DA:95,15
DA:96,5
DA:97,3
DA:101,15
DA:102,1
DA:105,15
DA:106,15
DA:108,15
DA:109,15
DA:110,15
DA:115,37
DA:116,35
DA:119,35
DA:125,35
DA:128,35
DA:129,0
DA:131,35
DA:135,35
DA:136,18
DA:138,17
DA:142,35
DA:143,3
DA:145,32
DA:149,37
DA:150,1
DA:151,1
DA:154,37
DA:155,0
DA:156,0
DA:159,37
DA:160,0
DA:161,0
DA:164,37
DA:165,0
DA:166,0
DA:169,37
DA:170,0
DA:171,0
DA:174,37
DA:175,0
DA:176,0
DA:177,0
DA:178,0
DA:179,0
DA:181,0
DA:184,0
DA:185,0
DA:189,37
DA:190,1
DA:191,1
DA:192,1
DA:193,1
DA:197,37
DA:208,37
DA:219,37
DA:221,37
DA:223,0
DA:235,37
DA:237,37
DA:254,1
DA:266,9
DA:268,9
DA:278,1
DA:289,0
DA:300,0
DA:315,0
DA:326,0
DA:336,1
LF:99
LH:72
BRDA:29,0,0,0
BRDA:58,1,0,15
BRDA:58,1,1,15
BRDA:63,2,0,15
BRDA:63,2,1,15
BRDA:64,3,0,15
BRDA:64,3,1,15
BRDA:73,4,0,0
BRDA:79,5,0,0
BRDA:96,6,0,3
BRDA:128,7,0,0
BRDA:128,7,1,35
BRDA:135,8,0,18
BRDA:135,8,1,17
BRDA:142,9,0,3
BRDA:142,9,1,32
BRDA:174,10,0,0
BRDA:191,11,0,1
BRDA:221,12,0,37
BRF:19
BRH:14
end_of_record
TN:
SF:src/components/ThemeSwitch.tsx
FN:8,ThemeSwitch
FN:13,(anonymous_1)
FN:31,(anonymous_2)
FN:45,ThemeSelector
FN:49,(anonymous_4)
FN:71,(anonymous_5)
FN:81,(anonymous_6)
FNF:7
FNH:6
FNDA:19,ThemeSwitch
FNDA:9,(anonymous_1)
FNDA:1,(anonymous_2)
FNDA:11,ThemeSelector
FNDA:5,(anonymous_4)
FNDA:18,(anonymous_5)
FNDA:0,(anonymous_6)
DA:3,2
DA:4,2
DA:5,2
DA:6,2
DA:8,2
DA:9,19
DA:10,19
DA:13,19
DA:14,9
DA:17,19
DA:18,9
DA:23,10
DA:24,10
DA:26,10
DA:31,1
DA:45,2
DA:46,11
DA:47,11
DA:49,11
DA:50,5
DA:53,11
DA:54,5
DA:63,6
DA:69,6
DA:72,18
DA:81,0
LF:26
LH:25
BRDA:17,0,0,9
BRDA:23,1,0,0
BRDA:23,1,1,10
BRDA:24,2,0,0
BRDA:24,2,1,10
BRDA:35,3,0,0
BRDA:35,3,1,10
BRDA:53,4,0,5
BRDA:77,5,0,6
BRDA:77,5,1,12
BRF:10
BRH:7
end_of_record
TN:
SF:src/components/UXPackDemo.tsx
FN:22,UXPackDemo
FN:27,(anonymous_2)
FN:104,(anonymous_3)
FN:113,(anonymous_4)
FN:129,(anonymous_5)
FNF:5
FNH:5
FNDA:6,UXPackDemo
FNDA:1,(anonymous_2)
FNDA:24,(anonymous_3)
FNDA:12,(anonymous_4)
FNDA:6,(anonymous_5)
DA:3,1
DA:5,1
DA:12,1
DA:18,1
DA:19,1
DA:20,1
DA:22,1
DA:23,6
DA:24,5
DA:27,5
DA:28,1
DA:29,1
DA:32,5
DA:105,24
DA:114,12
DA:130,6
LF:16
LH:16
BRDA:54,0,0,4
BRDA:54,0,1,1
BRDA:99,1,0,4
BRDA:99,1,1,1
BRF:4
BRH:4
end_of_record
TN:
SF:src/components/AI/BioGenerator.tsx
FN:47,BioGenerator
FN:97,(anonymous_10)
FN:121,(anonymous_11)
FN:122,(anonymous_12)
FN:134,(anonymous_13)
FN:148,(anonymous_14)
FN:163,(anonymous_15)
FN:173,(anonymous_16)
FN:177,(anonymous_17)
FN:237,(anonymous_18)
FN:280,(anonymous_19)
FN:314,(anonymous_20)
FN:348,(anonymous_21)
FN:440,(anonymous_22)
FN:469,(anonymous_23)
FN:509,(anonymous_24)
FN:512,(anonymous_25)
FNF:17
FNH:4
FNDA:4,BioGenerator
FNDA:0,(anonymous_10)
FNDA:0,(anonymous_11)
FNDA:0,(anonymous_12)
FNDA:0,(anonymous_13)
FNDA:0,(anonymous_14)
FNDA:0,(anonymous_15)
FNDA:0,(anonymous_16)
FNDA:0,(anonymous_17)
FNDA:0,(anonymous_18)
FNDA:40,(anonymous_19)
FNDA:40,(anonymous_20)
FNDA:20,(anonymous_21)
FNDA:0,(anonymous_22)
FNDA:0,(anonymous_23)
FNDA:0,(anonymous_24)
FNDA:0,(anonymous_25)
DA:3,2
DA:4,2
DA:5,2
DA:6,2
DA:7,2
DA:8,2
DA:18,2
DA:19,2
DA:20,2
DA:22,2
DA:47,2
DA:48,4
DA:49,4
DA:50,4
DA:51,4
DA:52,4
DA:53,4
DA:61,4
DA:71,4
DA:84,4
DA:97,4
DA:98,0
DA:99,0
DA:101,0
DA:102,0
DA:104,0
DA:105,0
DA:113,0
DA:114,0
DA:115,0
DA:118,0
DA:119,0
DA:120,0
DA:121,0
DA:122,0
DA:124,0
DA:127,0
DA:130,0
DA:134,4
DA:135,0
DA:137,0
DA:138,0
DA:148,0
DA:152,0
DA:153,0
DA:154,0
DA:162,0
DA:163,0
DA:164,0
DA:167,0
DA:169,0
DA:173,4
DA:174,0
DA:177,4
DA:178,0
DA:180,0
DA:181,0
DA:190,0
DA:192,0
DA:196,4
DA:238,0
DA:281,40
DA:282,40
DA:315,40
DA:316,40
DA:349,20
DA:441,0
DA:470,0
DA:510,0
DA:513,0
DA:514,0
LF:71
LH:30
BRDA:98,0,0,0
BRDA:98,0,1,0
BRDA:98,1,0,0
BRDA:98,1,1,0
BRDA:99,2,0,0
BRDA:113,3,0,0
BRDA:118,4,0,0
BRDA:119,5,0,0
BRDA:120,6,0,0
BRDA:147,7,0,0
BRDA:147,7,1,0
BRDA:147,8,0,0
BRDA:147,8,1,0
BRDA:152,9,0,0
BRDA:156,10,0,0
BRDA:156,10,1,0
BRDA:157,11,0,0
BRDA:157,11,1,0
BRDA:158,12,0,0
BRDA:158,12,1,0
BRDA:159,13,0,0
BRDA:159,13,1,0
BRDA:178,14,0,0
BRDA:229,15,0,4
BRDA:229,15,1,0
BRDA:237,16,0,0
BRDA:237,16,1,0
BRDA:237,17,0,0
BRDA:237,17,1,0
BRDA:256,18,0,4
BRDA:256,18,1,0
BRDA:272,19,0,4
BRDA:272,19,1,0
BRDA:281,20,0,0
BRDA:281,20,1,40
BRDA:281,21,0,40
BRDA:281,21,1,40
BRDA:288,22,0,0
BRDA:288,22,1,40
BRDA:307,23,0,4
BRDA:307,23,1,0
BRDA:315,24,0,0
BRDA:315,24,1,40
BRDA:315,25,0,40
BRDA:315,25,1,40
BRDA:322,26,0,0
BRDA:322,26,1,40
BRDA:341,27,0,4
BRDA:341,27,1,0
BRDA:354,28,0,4
BRDA:354,28,1,16
BRDA:379,29,0,4
BRDA:379,29,1,0
BRDA:385,30,0,4
BRDA:385,30,1,0
BRDA:389,31,0,0
BRDA:389,31,1,4
BRDA:394,32,0,0
BRDA:394,32,1,4
BRDA:410,33,0,4
BRDA:410,33,1,0
BRDA:436,34,0,0
BRDA:436,34,1,0
BRDA:465,35,0,0
BRDA:465,35,1,0
BRDA:505,36,0,4
BRDA:505,36,1,0
BRDA:517,37,0,0
BRDA:517,37,1,0
BRF:69
BRH:21
end_of_record
TN:
SF:src/components/AI/CompatibilityAnalyzer.tsx
FN:103,CompatibilityAnalyzer
FN:118,(anonymous_10)
FN:124,(anonymous_11)
FN:204,(anonymous_12)
FN:250,(anonymous_13)
FN:256,(anonymous_14)
FN:262,(anonymous_15)
FN:363,(anonymous_16)
FN:366,(anonymous_17)
FN:401,(anonymous_18)
FN:510,(anonymous_19)
FN:549,(anonymous_20)
FN:551,(anonymous_21)
FN:583,(anonymous_22)
FN:604,(anonymous_23)
FN:639,(anonymous_24)
FN:653,(anonymous_25)
FN:677,(anonymous_26)
FN:691,(anonymous_27)
FN:728,(anonymous_28)
FN:747,(anonymous_29)
FNF:21
FNH:2
FNDA:1,CompatibilityAnalyzer
FNDA:1,(anonymous_10)
FNDA:0,(anonymous_11)
FNDA:0,(anonymous_12)
FNDA:0,(anonymous_13)
FNDA:0,(anonymous_14)
FNDA:0,(anonymous_15)
FNDA:0,(anonymous_16)
FNDA:0,(anonymous_17)
FNDA:0,(anonymous_18)
FNDA:0,(anonymous_19)
FNDA:0,(anonymous_20)
FNDA:0,(anonymous_21)
FNDA:0,(anonymous_22)
FNDA:0,(anonymous_23)
FNDA:0,(anonymous_24)
FNDA:0,(anonymous_25)
FNDA:0,(anonymous_26)
FNDA:0,(anonymous_27)
FNDA:0,(anonymous_28)
FNDA:0,(anonymous_29)
DA:3,1
DA:4,1
DA:5,1
DA:19,1
DA:21,1
DA:103,1
DA:109,1
DA:110,1
DA:111,1
DA:112,1
DA:113,1
DA:114,1
DA:115,1
DA:116,1
DA:118,1
DA:119,1
DA:120,0
DA:124,1
DA:125,0
DA:126,0
DA:128,0
DA:130,0
DA:141,0
DA:152,0
DA:154,0
DA:167,0
DA:168,0
DA:171,0
DA:172,0
DA:175,0
DA:204,0
DA:226,0
DA:227,0
DA:233,0
DA:236,0
DA:240,0
DA:241,0
DA:243,0
DA:250,1
DA:251,0
DA:252,0
DA:253,0
DA:256,1
DA:257,0
DA:258,0
DA:259,0
DA:262,1
DA:263,0
DA:264,0
DA:265,0
DA:266,0
DA:267,0
DA:268,0
DA:271,1
DA:272,0
DA:286,1
DA:287,0
DA:326,1
DA:327,1
DA:347,0
DA:364,0
DA:366,0
DA:402,0
DA:511,0
DA:512,0
DA:550,0
DA:551,0
DA:552,0
DA:555,0
DA:584,0
DA:605,0
DA:640,0
DA:654,0
DA:678,0
DA:691,0
DA:729,0
DA:748,0
LF:77
LH:24
BRDA:107,0,0,1
BRDA:119,1,0,0
BRDA:119,2,0,1
BRDA:119,2,1,0
BRDA:119,2,2,1
BRDA:119,2,3,0
BRDA:119,3,0,0
BRDA:119,3,1,0
BRDA:119,4,0,0
BRDA:119,4,1,0
BRDA:130,5,0,0
BRDA:130,5,1,0
BRDA:131,6,0,0
BRDA:131,6,1,0
BRDA:131,7,0,0
BRDA:131,7,1,0
BRDA:132,8,0,0
BRDA:132,8,1,0
BRDA:132,9,0,0
BRDA:132,9,1,0
BRDA:132,10,0,0
BRDA:132,10,1,0
BRDA:141,11,0,0
BRDA:141,11,1,0
BRDA:167,12,0,0
BRDA:237,13,0,0
BRDA:237,13,1,0
BRDA:251,14,0,0
BRDA:252,15,0,0
BRDA:257,16,0,0
BRDA:258,17,0,0
BRDA:263,18,0,0
BRDA:264,19,0,0
BRDA:265,20,0,0
BRDA:266,21,0,0
BRDA:267,22,0,0
BRDA:271,23,0,0
BRDA:286,24,0,0
BRDA:317,25,0,0
BRDA:317,25,1,0
BRDA:326,26,0,1
BRDA:332,27,0,1
BRDA:332,27,1,0
BRDA:332,27,2,0
BRDA:340,28,0,0
BRDA:340,28,1,0
BRDA:370,29,0,0
BRDA:370,29,1,0
BRDA:382,30,0,0
BRDA:382,30,1,0
BRDA:542,31,0,0
BRDA:542,31,1,0
BRDA:576,32,0,0
BRDA:576,32,1,0
BRDA:576,32,2,0
BRDA:612,33,0,0
BRDA:612,33,1,0
BRDA:614,34,0,0
BRDA:614,34,1,0
BRDA:621,35,0,0
BRDA:621,35,1,0
BRDA:649,36,0,0
BRDA:649,36,1,0
BRDA:680,37,0,0
BRDA:680,37,1,0
BRDA:680,38,0,0
BRDA:680,38,1,0
BRDA:697,39,0,0
BRDA:697,39,1,0
BRDA:700,40,0,0
BRDA:700,40,1,0
BRDA:714,41,0,0
BRDA:714,41,1,0
BRDA:724,42,0,0
BRDA:724,42,1,0
BRF:75
BRH:5
end_of_record
TN:
SF:src/components/AI/PhotoAnalyzer.tsx
FN:17,(anonymous_9)
FN:22,(anonymous_10)
FN:27,(anonymous_11)
FN:42,(anonymous_12)
FN:48,(anonymous_13)
FN:168,(anonymous_14)
FN:184,(anonymous_15)
FNF:7
FNH:1
FNDA:1,(anonymous_9)
FNDA:0,(anonymous_10)
FNDA:0,(anonymous_11)
FNDA:0,(anonymous_12)
FNDA:0,(anonymous_13)
FNDA:0,(anonymous_14)
FNDA:0,(anonymous_15)
DA:3,1
DA:4,1
DA:5,1
DA:6,1
DA:17,1
DA:18,1
DA:19,1
DA:20,1
DA:22,1
DA:23,0
DA:24,0
DA:26,0
DA:27,0
DA:28,0
DA:29,0
DA:31,0
DA:34,1
DA:42,1
DA:43,0
DA:44,0
DA:46,0
DA:48,0
DA:51,0
DA:64,0
DA:66,0
DA:70,1
DA:169,0
DA:185,0
LF:28
LH:12
BRDA:24,0,0,0
BRDA:88,1,0,0
BRDA:88,1,1,1
BRDA:94,2,0,0
BRDA:94,2,1,1
BRDA:104,3,0,0
BRDA:104,3,1,1
BRDA:112,4,0,1
BRDA:112,4,1,0
BRDA:125,5,0,1
BRDA:125,5,1,0
BRDA:125,5,2,0
BRDA:138,6,0,0
BRDA:138,6,1,0
BRDA:144,7,0,0
BRDA:144,7,1,0
BRDA:150,8,0,0
BRDA:150,8,1,0
BRDA:156,9,0,0
BRDA:156,9,1,0
BRDA:164,10,0,0
BRDA:164,10,1,0
BRDA:164,10,2,0
BRDA:180,11,0,0
BRDA:180,11,1,0
BRDA:180,11,2,0
BRF:26
BRH:5
end_of_record
TN:
SF:src/components/Chat/ChatHeader.tsx
FN:20,(anonymous_1)
FN:35,(anonymous_2)
FNF:2
FNH:0
FNDA:0,(anonymous_1)
FNDA:0,(anonymous_2)
DA:1,1
DA:2,1
DA:3,1
DA:4,1
DA:5,1
DA:20,1
DA:25,0
DA:27,0
DA:35,0
DA:81,1
LF:10
LH:7
BRDA:44,0,0,0
BRDA:44,0,1,0
BRDA:47,1,0,0
BRDA:47,1,1,0
BRDA:47,2,0,0
BRDA:47,2,1,0
BRDA:47,3,0,0
BRDA:47,3,1,0
BRDA:53,4,0,0
BRDA:53,4,1,0
BRF:10
BRH:0
end_of_record
TN:
SF:src/components/Chat/MessageBubble.tsx
FN:16,(anonymous_1)
FN:29,(anonymous_2)
FN:38,(anonymous_3)
FN:81,(anonymous_4)
FN:89,(anonymous_5)
FNF:5
FNH:4
FNDA:7,(anonymous_1)
FNDA:7,(anonymous_2)
FNDA:7,(anonymous_3)
FNDA:1,(anonymous_4)
FNDA:0,(anonymous_5)
DA:1,1
DA:2,1
DA:3,1
DA:4,1
DA:5,1
DA:16,1
DA:23,7
DA:25,7
DA:26,7
DA:27,7
DA:29,7
DA:30,7
DA:31,7
DA:38,7
DA:40,7
DA:82,1
DA:91,0
DA:153,1
LF:18
LH:17
BRDA:20,0,0,7
BRDA:21,1,0,7
BRDA:25,2,0,7
BRDA:25,2,1,0
BRDA:26,3,0,7
BRDA:26,3,1,0
BRDA:26,4,0,7
BRDA:26,4,1,0
BRDA:26,5,0,7
BRDA:26,5,1,0
BRDA:38,6,0,7
BRDA:38,6,1,0
BRDA:38,7,0,0
BRDA:38,7,1,7
BRDA:38,8,0,7
BRDA:38,8,1,7
BRDA:45,9,0,2
BRDA:45,9,1,5
BRDA:48,10,0,7
BRDA:48,10,1,7
BRDA:48,10,2,5
BRDA:50,11,0,0
BRDA:50,11,1,5
BRDA:59,12,0,2
BRDA:59,12,1,5
BRDA:61,13,0,7
BRDA:61,13,1,5
BRDA:61,13,2,5
BRDA:67,14,0,2
BRDA:67,14,1,5
BRDA:70,15,0,2
BRDA:70,15,1,5
BRDA:73,16,0,7
BRDA:73,16,1,5
BRDA:79,17,0,7
BRDA:79,17,1,1
BRDA:79,17,2,1
BRDA:85,18,0,1
BRDA:85,18,1,0
BRDA:96,19,0,1
BRDA:96,19,1,1
BRDA:102,20,0,7
BRDA:102,20,1,1
BRDA:108,21,0,1
BRDA:108,21,1,1
BRDA:114,22,0,7
BRDA:114,22,1,0
BRDA:119,23,0,7
BRDA:119,23,1,0
BRDA:120,24,0,0
BRDA:120,24,1,0
BRDA:127,25,0,7
BRDA:127,25,1,7
BRDA:128,26,0,2
BRDA:128,26,1,5
BRDA:130,27,0,7
BRDA:130,27,1,0
BRDA:134,28,0,7
BRDA:134,28,1,2
BRDA:136,29,0,2
BRDA:136,29,1,0
BRDA:148,30,0,7
BRDA:148,30,1,2
BRF:63
BRH:49
end_of_record
TN:
SF:src/components/Chat/TypingIndicator.tsx
FN:9,(anonymous_1)
FN:15,(anonymous_2)
FN:41,(anonymous_3)
FNF:3
FNH:3
FNDA:7,(anonymous_1)
FNDA:5,(anonymous_2)
FNDA:15,(anonymous_3)
DA:1,1
DA:2,1
DA:9,1
DA:13,7
DA:15,5
DA:16,5
DA:17,3
DA:18,2
DA:19,1
DA:21,1
DA:25,5
DA:42,15
DA:68,1
LF:13
LH:13
BRDA:13,0,0,2
BRDA:13,1,0,7
BRDA:13,1,1,6
BRDA:16,2,0,3
BRDA:16,2,1,2
BRDA:18,3,0,1
BRDA:18,3,1,1
BRDA:35,4,0,5
BRDA:35,4,1,0
BRDA:35,5,0,0
BRDA:35,5,1,5
BRDA:35,6,0,5
BRDA:35,6,1,5
BRF:13
BRH:11
end_of_record
TN:
SF:src/components/ErrorBoundary/GlobalErrorBoundary.tsx
FN:21,(anonymous_9)
FN:60,(anonymous_10)
FN:79,(anonymous_11)
FN:84,(anonymous_12)
FN:93,(anonymous_13)
FN:97,(anonymous_14)
FN:31,(anonymous_15)
FN:40,(anonymous_16)
FN:101,(anonymous_17)
FN:209,useErrorHandler
FN:210,(anonymous_19)
FN:217,withErrorBoundary
FN:221,(anonymous_21)
FNF:13
FNH:5
FNDA:8,(anonymous_9)
FNDA:0,(anonymous_10)
FNDA:0,(anonymous_11)
FNDA:1,(anonymous_12)
FNDA:0,(anonymous_13)
FNDA:0,(anonymous_14)
FNDA:8,(anonymous_15)
FNDA:4,(anonymous_16)
FNDA:21,(anonymous_17)
FNDA:0,useErrorHandler
FNDA:0,(anonymous_19)
FNDA:0,withErrorBoundary
FNDA:0,(anonymous_21)
DA:3,1
DA:4,1
DA:5,1
DA:20,1
DA:22,8
DA:23,7
DA:33,8
DA:42,4
DA:43,0
DA:47,4
DA:49,0
DA:52,4
DA:57,4
DA:60,7
DA:62,0
DA:73,0
DA:84,7
DA:85,1
DA:93,7
DA:94,0
DA:97,7
DA:98,0
DA:102,21
DA:104,12
DA:105,0
DA:109,12
DA:204,9
DA:209,1
DA:210,0
DA:212,0
DA:217,1
DA:221,0
DA:222,0
DA:227,0
DA:229,0
DA:232,1
LF:36
LH:23
BRDA:42,0,0,0
BRDA:47,1,0,0
BRDA:57,2,0,4
BRDA:57,2,1,0
BRDA:57,3,0,4
BRDA:57,3,1,4
BRDA:102,4,0,12
BRDA:104,5,0,0
BRDA:135,6,0,12
BRDA:135,6,1,12
BRDA:182,7,0,12
BRDA:182,7,1,0
BRDA:182,7,2,0
BRDA:191,8,0,0
BRDA:191,8,1,0
BRDA:227,9,0,0
BRDA:227,9,1,0
BRF:17
BRH:7
end_of_record
TN:
SF:src/components/Layout/PageTransition.tsx
FN:34,(anonymous_1)
FNF:1
FNH:1
FNDA:4,(anonymous_1)
DA:1,1
DA:2,1
DA:3,1
DA:9,1
DA:27,1
DA:34,1
DA:35,4
DA:37,4
DA:54,1
LF:9
LH:9
BRF:0
BRH:0
end_of_record
TN:
SF:src/components/PWA/InstallPrompt.tsx
FN:27,InstallPrompt
FN:34,(anonymous_1)
FN:52,(anonymous_2)
FN:57,(anonymous_3)
FN:63,(anonymous_4)
FN:72,(anonymous_5)
FN:78,(anonymous_6)
FN:101,(anonymous_7)
FN:243,usePWAInstall
FN:248,(anonymous_9)
FN:255,(anonymous_10)
FN:261,(anonymous_11)
FN:270,(anonymous_12)
FN:276,(anonymous_13)
FNF:14
FNH:7
FNDA:10,InstallPrompt
FNDA:4,(anonymous_1)
FNDA:4,(anonymous_2)
FNDA:0,(anonymous_3)
FNDA:0,(anonymous_4)
FNDA:4,(anonymous_5)
FNDA:0,(anonymous_6)
FNDA:0,(anonymous_7)
FNDA:22,usePWAInstall
FNDA:8,(anonymous_9)
FNDA:0,(anonymous_10)
FNDA:0,(anonymous_11)
FNDA:4,(anonymous_12)
FNDA:0,(anonymous_13)
DA:3,2
DA:4,2
DA:5,2
DA:12,2
DA:27,2
DA:28,10
DA:29,10
DA:30,10
DA:31,10
DA:32,10
DA:34,10
DA:36,4
DA:37,0
DA:38,0
DA:42,4
DA:43,4
DA:44,1
DA:45,3
DA:46,0
DA:48,3
DA:52,4
DA:53,4
DA:54,4
DA:57,4
DA:58,0
DA:63,4
DA:64,0
DA:65,0
DA:66,0
DA:69,4
DA:70,4
DA:72,4
DA:73,4
DA:74,4
DA:78,10
DA:79,0
DA:81,0
DA:83,0
DA:84,0
DA:85,0
DA:87,0
DA:88,0
DA:90,0
DA:93,0
DA:95,0
DA:96,0
DA:97,0
DA:101,10
DA:102,0
DA:104,0
DA:108,10
DA:109,10
DA:113,0
DA:114,0
DA:117,0
DA:243,2
DA:244,22
DA:245,22
DA:246,22
DA:248,22
DA:250,8
DA:251,4
DA:252,4
DA:255,4
DA:256,0
DA:257,0
DA:258,0
DA:261,4
DA:262,0
DA:263,0
DA:264,0
DA:267,4
DA:268,4
DA:270,4
DA:271,4
DA:272,4
DA:276,22
DA:277,0
DA:279,0
DA:280,0
DA:281,0
DA:282,0
DA:284,0
DA:285,0
DA:289,22
LF:85
LH:48
BRDA:27,0,0,10
BRDA:36,1,0,0
BRDA:43,2,0,1
BRDA:43,2,1,3
BRDA:45,3,0,0
BRDA:45,3,1,3
BRDA:79,4,0,0
BRDA:87,5,0,0
BRDA:87,5,1,0
BRDA:108,6,0,10
BRDA:108,7,0,10
BRDA:108,7,1,10
BRDA:108,7,2,0
BRDA:113,8,0,0
BRDA:181,9,0,0
BRDA:181,9,1,0
BRDA:195,10,0,0
BRDA:195,10,1,0
BRDA:209,11,0,0
BRDA:209,11,1,0
BRDA:223,12,0,0
BRDA:223,12,1,0
BRDA:250,13,0,4
BRDA:277,14,0,0
BRF:24
BRH:8
end_of_record
TN:
SF:src/components/PWA/PWAManager.tsx
FN:11,PWAManager
FN:17,(anonymous_1)
FN:26,(anonymous_2)
FN:31,(anonymous_3)
FN:41,(anonymous_4)
FN:47,(anonymous_5)
FN:51,(anonymous_6)
FN:54,(anonymous_7)
FN:62,(anonymous_8)
FN:67,(anonymous_9)
FN:73,(anonymous_10)
FN:77,(anonymous_11)
FN:101,(anonymous_12)
FN:118,UpdateBanner
FN:147,OfflineIndicator
FN:160,usePWAStatus
FN:166,(anonymous_16)
FN:174,(anonymous_17)
FN:178,(anonymous_18)
FN:183,(anonymous_19)
FN:184,(anonymous_20)
FN:188,(anonymous_21)
FN:189,(anonymous_22)
FN:190,(anonymous_23)
FN:207,(anonymous_24)
FN:212,(anonymous_25)
FN:226,(anonymous_26)
FN:231,(anonymous_27)
FN:242,(anonymous_28)
FN:251,(anonymous_29)
FN:262,(anonymous_30)
FN:269,(anonymous_31)
FNF:32
FNH:16
FNDA:21,PWAManager
FNDA:7,(anonymous_1)
FNDA:0,(anonymous_2)
FNDA:0,(anonymous_3)
FNDA:0,(anonymous_4)
FNDA:6,(anonymous_5)
FNDA:0,(anonymous_6)
FNDA:0,(anonymous_7)
FNDA:1,(anonymous_8)
FNDA:7,(anonymous_9)
FNDA:0,(anonymous_10)
FNDA:0,(anonymous_11)
FNDA:0,(anonymous_12)
FNDA:0,UpdateBanner
FNDA:0,OfflineIndicator
FNDA:1,usePWAStatus
FNDA:1,(anonymous_16)
FNDA:0,(anonymous_17)
FNDA:0,(anonymous_18)
FNDA:0,(anonymous_19)
FNDA:0,(anonymous_20)
FNDA:1,(anonymous_21)
FNDA:0,(anonymous_22)
FNDA:0,(anonymous_23)
FNDA:3,(anonymous_24)
FNDA:3,(anonymous_25)
FNDA:3,(anonymous_26)
FNDA:3,(anonymous_27)
FNDA:2,(anonymous_28)
FNDA:1,(anonymous_29)
FNDA:1,(anonymous_30)
FNDA:2,(anonymous_31)
DA:3,2
DA:4,2
DA:5,2
DA:11,2
DA:12,21
DA:13,21
DA:14,21
DA:15,21
DA:17,21
DA:19,7
DA:20,7
DA:21,7
DA:22,7
DA:26,7
DA:27,0
DA:28,0
DA:31,7
DA:32,0
DA:33,0
DA:36,7
DA:37,7
DA:40,7
DA:41,7
DA:42,0
DA:46,7
DA:48,6
DA:51,6
DA:52,0
DA:53,0
DA:54,0
DA:55,0
DA:56,0
DA:63,1
DA:67,7
DA:68,7
DA:69,7
DA:73,21
DA:74,0
DA:77,21
DA:78,0
DA:79,0
DA:80,0
DA:84,21
DA:101,0
DA:119,0
DA:148,0
DA:160,2
DA:161,1
DA:162,1
DA:163,1
DA:164,1
DA:166,1
DA:168,1
DA:171,1
DA:174,1
DA:175,0
DA:178,1
DA:179,0
DA:180,0
DA:183,1
DA:184,1
DA:185,1
DA:186,1
DA:188,1
DA:189,1
DA:190,1
DA:191,1
DA:192,1
DA:196,1
DA:205,2
DA:208,3
DA:213,3
DA:214,2
DA:216,1
DA:217,0
DA:219,1
DA:220,0
DA:222,1
DA:227,3
DA:232,3
DA:233,3
DA:234,1
DA:235,1
DA:236,1
DA:237,1
DA:238,0
DA:243,2
DA:244,2
DA:245,2
DA:247,0
DA:252,1
DA:253,1
DA:263,1
DA:264,1
DA:270,2
DA:271,2
DA:272,2
DA:273,1
DA:275,1
DA:276,1
DA:279,0
LF:101
LH:76
BRDA:20,0,0,7
BRDA:40,1,0,7
BRDA:53,2,0,0
BRDA:55,3,0,0
BRDA:55,4,0,0
BRDA:55,4,1,0
BRDA:78,5,0,0
BRDA:78,6,0,0
BRDA:78,6,1,0
BRDA:87,7,0,21
BRDA:87,7,1,14
BRDA:92,8,0,21
BRDA:92,8,1,7
BRDA:95,9,0,21
BRDA:95,9,1,0
BRDA:95,9,2,0
BRDA:100,10,0,21
BRDA:100,10,1,0
BRDA:105,11,0,21
BRDA:105,11,1,0
BRDA:208,12,0,3
BRDA:208,12,1,3
BRDA:213,13,0,2
BRDA:216,14,0,0
BRDA:219,15,0,0
BRDA:233,16,0,2
BRDA:234,17,0,0
BRDA:235,18,0,0
BRDA:236,19,0,0
BRDA:237,20,0,1
BRDA:243,21,0,2
BRDA:252,22,0,1
BRDA:252,23,0,1
BRDA:252,23,1,1
BRDA:263,24,0,1
BRDA:270,25,0,2
BRF:36
BRH:20
end_of_record
TN:
SF:src/components/PWA/SplashScreen.tsx
FN:12,SplashScreen
FN:16,(anonymous_1)
FN:18,(anonymous_2)
FN:19,(anonymous_3)
FN:27,(anonymous_4)
FN:38,(anonymous_5)
FN:170,(anonymous_6)
FN:196,IOSSplashScreen
FN:206,AndroidSplashScreen
FN:216,DesktopSplashScreen
FNF:10
FNH:2
FNDA:20,SplashScreen
FNDA:0,(anonymous_1)
FNDA:0,(anonymous_2)
FNDA:0,(anonymous_3)
FNDA:0,(anonymous_4)
FNDA:0,(anonymous_5)
FNDA:120,(anonymous_6)
FNDA:0,IOSSplashScreen
FNDA:0,AndroidSplashScreen
FNDA:0,DesktopSplashScreen
DA:3,2
DA:4,2
DA:5,2
DA:12,2
DA:13,20
DA:14,20
DA:16,20
DA:18,0
DA:19,0
DA:20,0
DA:22,0
DA:23,0
DA:24,0
DA:27,0
DA:28,0
DA:31,0
DA:34,0
DA:38,0
DA:41,20
DA:171,120
DA:196,2
DA:197,0
DA:206,2
DA:207,0
DA:216,2
DA:217,0
LF:26
LH:12
BRDA:12,0,0,20
BRDA:22,1,0,0
BRDA:130,2,0,0
BRDA:130,2,1,20
BRDA:138,3,0,20
BRDA:138,3,1,0
BRF:6
BRH:3
end_of_record
TN:
SF:src/components/Pet/MatchModal.tsx
FN:16,(anonymous_1)
FN:26,(anonymous_2)
FN:31,(anonymous_3)
FN:36,(anonymous_4)
FN:37,(anonymous_5)
FN:78,(anonymous_6)
FNF:6
FNH:6
FNDA:8,(anonymous_1)
FNDA:1,(anonymous_2)
FNDA:1,(anonymous_3)
FNDA:4,(anonymous_4)
FNDA:4,(anonymous_5)
FNDA:18,(anonymous_6)
DA:1,2
DA:2,2
DA:3,2
DA:4,2
DA:16,2
DA:24,8
DA:26,8
DA:27,1
DA:28,1
DA:31,8
DA:32,1
DA:36,8
DA:37,4
DA:39,4
DA:79,18
DA:226,2
LF:16
LH:16
BRDA:36,0,0,8
BRDA:36,0,1,0
BRDA:36,1,0,0
BRDA:36,1,1,4
BRDA:36,2,0,8
BRDA:36,2,1,4
BRDA:36,3,0,0
BRDA:36,3,1,0
BRDA:36,4,0,0
BRDA:36,4,1,0
BRDA:37,5,0,4
BRDA:37,5,1,0
BRDA:37,6,0,0
BRDA:37,6,1,4
BRDA:37,7,0,4
BRDA:37,7,1,4
BRDA:37,8,0,0
BRDA:37,8,1,0
BRDA:37,9,0,0
BRDA:37,9,1,0
BRDA:41,10,0,4
BRDA:41,10,1,3
BRDA:144,11,0,3
BRDA:144,11,1,0
BRDA:172,12,0,3
BRDA:172,12,1,0
BRDA:189,13,0,0
BRDA:189,13,1,3
BRF:28
BRH:13
end_of_record
TN:
SF:src/components/Pet/SwipeCard.tsx
FN:23,(anonymous_10)
FN:48,(anonymous_11)
FN:56,(anonymous_12)
FN:71,(anonymous_13)
FN:79,(anonymous_14)
FN:81,(anonymous_15)
FN:91,(anonymous_16)
FN:93,(anonymous_17)
FN:112,(anonymous_18)
FN:118,(anonymous_19)
FN:133,(anonymous_20)
FN:257,(anonymous_21)
FN:317,(anonymous_22)
FN:359,(anonymous_23)
FN:377,(anonymous_24)
FN:395,(anonymous_25)
FNF:16
FNH:9
FNDA:64,(anonymous_10)
FNDA:0,(anonymous_11)
FNDA:0,(anonymous_12)
FNDA:0,(anonymous_13)
FNDA:0,(anonymous_14)
FNDA:0,(anonymous_15)
FNDA:3,(anonymous_16)
FNDA:3,(anonymous_17)
FNDA:3,(anonymous_18)
FNDA:111,(anonymous_19)
FNDA:0,(anonymous_20)
FNDA:100,(anonymous_21)
FNDA:31,(anonymous_22)
FNDA:1,(anonymous_23)
FNDA:0,(anonymous_24)
FNDA:2,(anonymous_25)
DA:2,3
DA:3,3
DA:4,3
DA:5,3
DA:6,3
DA:7,3
DA:23,3
DA:31,64
DA:32,64
DA:33,64
DA:36,64
DA:37,64
DA:38,64
DA:39,64
DA:42,64
DA:43,64
DA:48,64
DA:49,0
DA:50,0
DA:51,0
DA:52,0
DA:53,0
DA:56,0
DA:57,0
DA:58,0
DA:63,0
DA:68,0
DA:69,0
DA:70,0
DA:71,0
DA:74,0
DA:75,0
DA:76,0
DA:78,0
DA:79,0
DA:81,0
DA:85,0
DA:86,0
DA:87,0
DA:91,64
DA:93,3
DA:94,3
DA:95,0
DA:100,0
DA:105,3
DA:106,0
DA:108,3
DA:111,3
DA:112,3
DA:118,111
DA:119,64
DA:122,64
DA:125,64
DA:126,64
DA:128,64
DA:134,0
DA:258,100
DA:318,31
DA:360,1
DA:361,1
DA:378,0
DA:379,0
DA:396,2
DA:397,2
DA:416,3
LF:65
LH:37
BRDA:29,0,0,64
BRDA:56,1,0,0
BRDA:57,2,0,0
BRDA:68,3,0,0
BRDA:68,3,1,0
BRDA:68,4,0,0
BRDA:68,4,1,0
BRDA:74,5,0,0
BRDA:74,5,1,0
BRDA:74,6,0,0
BRDA:74,6,1,0
BRDA:78,7,0,0
BRDA:78,7,1,0
BRDA:78,8,0,0
BRDA:78,8,1,0
BRDA:93,9,0,0
BRDA:94,10,0,0
BRDA:105,11,0,0
BRDA:105,11,1,3
BRDA:118,12,0,64
BRDA:118,12,1,53
BRDA:119,13,0,64
BRDA:119,13,1,53
BRDA:119,14,0,3
BRDA:119,14,1,61
BRDA:119,15,0,64
BRDA:119,15,1,64
BRDA:122,16,0,0
BRDA:122,16,1,64
BRDA:125,17,0,57
BRDA:125,17,1,7
BRDA:126,18,0,7
BRDA:126,18,1,57
BRDA:126,19,0,7
BRDA:126,19,1,57
BRDA:126,20,0,64
BRDA:126,20,1,57
BRDA:131,21,0,64
BRDA:131,21,1,64
BRDA:131,21,2,0
BRDA:178,22,0,3
BRDA:178,22,1,61
BRDA:179,23,0,3
BRDA:179,23,1,61
BRDA:183,24,0,64
BRDA:183,24,1,0
BRDA:247,25,0,64
BRDA:247,25,1,0
BRDA:247,26,0,52
BRDA:247,26,1,12
BRDA:247,27,0,64
BRDA:247,27,1,64
BRDA:255,28,0,64
BRDA:255,28,1,50
BRDA:261,29,0,50
BRDA:261,29,1,50
BRDA:276,30,0,64
BRDA:276,30,1,0
BRDA:276,31,0,0
BRDA:276,31,1,0
BRDA:289,32,0,64
BRDA:289,32,1,0
BRDA:293,33,0,64
BRDA:293,33,1,0
BRDA:304,34,0,64
BRDA:304,34,1,2
BRDA:304,34,2,62
BRDA:307,35,0,62
BRDA:307,35,1,0
BRDA:313,36,0,64
BRDA:313,36,1,12
BRDA:313,37,0,52
BRDA:313,37,1,12
BRDA:313,38,0,64
BRDA:313,38,1,64
BRDA:325,39,0,12
BRDA:325,39,1,0
BRDA:335,40,0,64
BRDA:335,40,1,12
BRDA:337,41,0,12
BRDA:337,41,1,12
BRDA:343,42,0,12
BRDA:343,42,1,12
BRF:83
BRH:55
end_of_record
TN:
SF:src/components/Pet/SwipeCardV2.tsx
FN:42,(anonymous_10)
FN:49,(anonymous_11)
FN:56,(anonymous_12)
FN:60,(anonymous_13)
FN:71,(anonymous_14)
FN:83,(anonymous_15)
FN:118,(anonymous_16)
FN:141,(anonymous_17)
FN:153,(anonymous_18)
FN:162,(anonymous_19)
FN:164,(anonymous_20)
FN:175,(anonymous_21)
FN:184,(anonymous_22)
FN:187,(anonymous_23)
FN:192,(anonymous_24)
FN:197,(anonymous_25)
FN:202,(anonymous_26)
FN:207,(anonymous_27)
FN:208,(anonymous_28)
FN:309,(anonymous_29)
FNF:20
FNH:12
FNDA:20,(anonymous_10)
FNDA:20,(anonymous_11)
FNDA:20,(anonymous_12)
FNDA:0,(anonymous_13)
FNDA:4,(anonymous_14)
FNDA:0,(anonymous_15)
FNDA:20,(anonymous_16)
FNDA:0,(anonymous_17)
FNDA:0,(anonymous_18)
FNDA:0,(anonymous_19)
FNDA:0,(anonymous_20)
FNDA:5,(anonymous_21)
FNDA:3,(anonymous_22)
FNDA:1,(anonymous_23)
FNDA:1,(anonymous_24)
FNDA:3,(anonymous_25)
FNDA:0,(anonymous_26)
FNDA:36,(anonymous_27)
FNDA:0,(anonymous_28)
FNDA:36,(anonymous_29)
DA:9,1
DA:10,1
DA:11,1
DA:12,1
DA:13,1
DA:42,1
DA:43,20
DA:44,1
DA:46,19
DA:49,1
DA:50,20
DA:51,1
DA:53,19
DA:56,1
DA:57,20
DA:60,1
DA:61,0
DA:62,0
DA:63,0
DA:64,0
DA:65,0
DA:66,0
DA:71,1
DA:72,4
DA:73,4
DA:78,4
DA:83,1
DA:84,0
DA:85,0
DA:87,0
DA:88,0
DA:90,0
DA:91,0
DA:92,0
DA:94,0
DA:95,0
DA:97,0
DA:103,0
DA:104,0
DA:105,0
DA:107,0
DA:108,0
DA:112,0
DA:118,1
DA:126,20
DA:127,20
DA:130,20
DA:131,20
DA:132,20
DA:133,20
DA:136,20
DA:137,20
DA:138,20
DA:141,20
DA:142,0
DA:143,0
DA:144,0
DA:145,0
DA:146,0
DA:149,0
DA:150,0
DA:151,0
DA:152,0
DA:153,0
DA:156,0
DA:157,0
DA:158,0
DA:159,0
DA:161,0
DA:162,0
DA:164,0
DA:168,0
DA:169,0
DA:170,0
DA:175,20
DA:176,5
DA:177,4
DA:179,5
DA:180,0
DA:183,5
DA:184,5
DA:187,20
DA:188,1
DA:189,1
DA:192,20
DA:193,1
DA:194,1
DA:197,20
DA:198,3
DA:199,3
DA:202,20
DA:203,0
DA:204,0
DA:207,20
DA:208,36
DA:212,20
DA:214,20
DA:310,36
DA:403,1
LF:99
LH:54
BRDA:43,0,0,1
BRDA:50,1,0,1
BRDA:57,2,0,19
BRDA:57,2,1,1
BRDA:57,3,0,1
BRDA:57,3,1,0
BRDA:61,4,0,0
BRDA:61,4,1,0
BRDA:61,4,2,0
BRDA:61,4,3,0
BRDA:61,4,4,0
BRDA:71,5,0,0
BRDA:72,6,0,4
BRDA:72,7,0,4
BRDA:72,7,1,4
BRDA:83,8,0,0
BRDA:84,9,0,0
BRDA:87,10,0,0
BRDA:87,10,1,0
BRDA:87,11,0,0
BRDA:87,11,1,0
BRDA:88,12,0,0
BRDA:122,13,0,19
BRDA:123,14,0,13
BRDA:124,15,0,20
BRDA:149,16,0,0
BRDA:149,16,1,0
BRDA:149,17,0,0
BRDA:149,17,1,0
BRDA:150,18,0,0
BRDA:151,19,0,0
BRDA:156,20,0,0
BRDA:156,20,1,0
BRDA:156,21,0,0
BRDA:156,21,1,0
BRDA:157,22,0,0
BRDA:158,23,0,0
BRDA:161,24,0,0
BRDA:161,24,1,0
BRDA:161,25,0,0
BRDA:161,25,1,0
BRDA:168,26,0,0
BRDA:176,27,0,4
BRDA:177,28,0,1
BRDA:177,28,1,3
BRDA:179,29,0,0
BRDA:180,30,0,0
BRDA:180,30,1,0
BRDA:212,31,0,19
BRDA:212,31,1,1
BRDA:212,32,0,20
BRDA:212,32,1,20
BRDA:212,33,0,19
BRDA:212,33,1,1
BRDA:212,34,0,20
BRDA:212,34,1,20
BRDA:276,35,0,4
BRDA:276,35,1,16
BRDA:277,36,0,4
BRDA:277,36,1,16
BRDA:307,37,0,20
BRDA:307,37,1,18
BRDA:314,38,0,18
BRDA:314,38,1,18
BRDA:329,39,0,20
BRDA:329,39,1,20
BRDA:352,40,0,20
BRDA:352,40,1,19
BRDA:352,40,2,18
BRF:69
BRH:35
end_of_record
TN:
SF:src/components/Premium/SubscriptionManager.tsx
FN:43,SubscriptionManager
FN:121,(anonymous_10)
FN:127,(anonymous_11)
FN:137,(anonymous_12)
FN:146,(anonymous_13)
FN:178,(anonymous_14)
FN:199,(anonymous_15)
FN:220,(anonymous_16)
FN:228,(anonymous_17)
FN:287,(anonymous_18)
FN:374,(anonymous_19)
FN:384,(anonymous_20)
FN:399,(anonymous_21)
FN:432,(anonymous_22)
FN:441,(anonymous_23)
FN:532,(anonymous_24)
FN:539,(anonymous_25)
FN:555,(anonymous_26)
FNF:18
FNH:6
FNDA:6,SubscriptionManager
FNDA:2,(anonymous_10)
FNDA:2,(anonymous_11)
FNDA:2,(anonymous_12)
FNDA:0,(anonymous_13)
FNDA:0,(anonymous_14)
FNDA:0,(anonymous_15)
FNDA:0,(anonymous_16)
FNDA:0,(anonymous_17)
FNDA:0,(anonymous_18)
FNDA:0,(anonymous_19)
FNDA:0,(anonymous_20)
FNDA:9,(anonymous_21)
FNDA:96,(anonymous_22)
FNDA:0,(anonymous_23)
FNDA:0,(anonymous_24)
FNDA:0,(anonymous_25)
FNDA:0,(anonymous_26)
DA:3,1
DA:4,1
DA:5,1
DA:18,1
DA:19,1
DA:20,1
DA:43,1
DA:44,6
DA:45,5
DA:46,5
DA:47,5
DA:48,5
DA:49,5
DA:50,5
DA:51,5
DA:53,5
DA:121,5
DA:122,2
DA:123,2
DA:124,2
DA:127,5
DA:128,2
DA:129,2
DA:130,2
DA:131,2
DA:133,0
DA:137,5
DA:138,2
DA:139,2
DA:140,2
DA:142,0
DA:146,5
DA:147,0
DA:149,0
DA:150,0
DA:152,0
DA:154,0
DA:160,0
DA:161,0
DA:162,0
DA:164,0
DA:165,0
DA:166,0
DA:170,0
DA:172,0
DA:174,0
DA:178,5
DA:179,0
DA:181,0
DA:183,0
DA:184,0
DA:186,0
DA:191,0
DA:193,0
DA:195,0
DA:199,5
DA:200,0
DA:202,0
DA:204,0
DA:205,0
DA:207,0
DA:212,0
DA:214,0
DA:216,0
DA:220,5
DA:221,0
DA:222,0
DA:223,0
DA:224,0
DA:228,0
DA:229,0
DA:232,5
DA:287,0
DA:374,0
DA:384,0
DA:400,9
DA:433,96
DA:441,0
DA:532,0
DA:539,0
DA:555,0
LF:81
LH:36
BRDA:72,0,0,5
BRDA:72,0,1,0
BRDA:76,1,0,0
BRDA:76,1,1,5
BRDA:77,2,0,5
BRDA:77,2,1,0
BRDA:97,3,0,5
BRDA:97,3,1,0
BRDA:100,4,0,0
BRDA:100,4,1,5
BRDA:101,5,0,5
BRDA:101,5,1,0
BRDA:131,6,0,2
BRDA:131,6,1,0
BRDA:131,7,0,2
BRDA:131,7,1,0
BRDA:147,8,0,0
BRDA:156,9,0,0
BRDA:156,9,1,0
BRDA:160,10,0,0
BRDA:160,10,1,0
BRDA:162,11,0,0
BRDA:165,12,0,0
BRDA:179,13,0,0
BRDA:200,14,0,0
BRDA:222,15,0,0
BRDA:254,16,0,5
BRDA:254,16,1,0
BRDA:254,16,2,0
BRDA:269,17,0,0
BRDA:269,17,1,0
BRDA:276,18,0,0
BRDA:276,18,1,0
BRDA:307,19,0,5
BRDA:307,19,1,1
BRDA:316,20,0,1
BRDA:316,20,1,1
BRDA:330,21,0,1
BRDA:330,21,1,1
BRDA:344,22,0,1
BRDA:344,22,1,1
BRDA:358,23,0,1
BRDA:358,23,1,1
BRDA:362,24,0,0
BRDA:362,24,1,1
BRDA:362,25,0,1
BRDA:362,25,1,1
BRDA:362,26,0,1
BRDA:362,26,1,0
BRDA:362,27,0,1
BRDA:362,27,1,0
BRDA:362,28,0,1
BRDA:362,28,1,0
BRDA:362,29,0,1
BRDA:362,29,1,0
BRDA:376,30,0,5
BRDA:376,30,1,0
BRDA:386,31,0,0
BRDA:386,31,1,5
BRDA:406,32,0,3
BRDA:406,32,1,6
BRDA:409,33,0,9
BRDA:409,33,1,3
BRDA:415,34,0,9
BRDA:415,34,1,0
BRDA:442,35,0,9
BRDA:442,35,1,9
BRDA:442,36,0,9
BRDA:442,36,1,0
BRDA:442,37,0,9
BRDA:442,37,1,0
BRDA:444,38,0,0
BRDA:444,38,1,9
BRDA:444,39,0,9
BRDA:444,39,1,0
BRDA:444,40,0,9
BRDA:444,40,1,0
BRDA:446,41,0,3
BRDA:446,41,1,6
BRDA:448,42,0,3
BRDA:448,42,1,3
BRDA:453,43,0,0
BRDA:453,43,1,9
BRDA:453,44,0,9
BRDA:453,44,1,0
BRDA:453,45,0,9
BRDA:453,45,1,0
BRDA:458,46,0,0
BRDA:458,46,1,9
BRDA:458,47,0,9
BRDA:458,47,1,0
BRDA:458,48,0,0
BRDA:458,48,1,0
BRDA:458,49,0,0
BRDA:458,49,1,0
BRDA:468,50,0,3
BRDA:468,50,1,6
BRDA:526,51,0,5
BRDA:526,51,1,0
BRF:99
BRH:52
end_of_record
TN:
SF:src/components/UI/LoadingSpinner.tsx
FN:12,LoadingSpinner
FN:39,(anonymous_2)
FNF:2
FNH:2
FNDA:38,LoadingSpinner
FNDA:114,(anonymous_2)
DA:1,3
DA:2,3
DA:3,3
DA:12,3
DA:18,38
DA:27,38
DA:34,38
DA:35,38
DA:36,38
DA:39,38
DA:40,114
DA:92,38
LF:12
LH:12
BRDA:13,0,0,25
BRDA:14,1,0,38
BRDA:15,2,0,34
BRDA:39,3,0,0
BRDA:39,4,0,0
BRDA:62,5,0,0
BRDA:62,5,1,114
BRDA:94,6,0,2
BRDA:94,6,1,36
BRF:9
BRH:6
end_of_record
TN:
SF:src/components/UI/MobileSwipeCard.tsx
FN:32,MobileSwipeCard
FN:63,(anonymous_10)
FN:70,(anonymous_11)
FN:89,(anonymous_12)
FN:140,(anonymous_13)
FN:181,(anonymous_14)
FN:183,(anonymous_15)
FN:187,(anonymous_16)
FN:189,(anonymous_17)
FN:197,(anonymous_18)
FN:245,(anonymous_19)
FN:297,(anonymous_20)
FN:303,(anonymous_21)
FN:360,(anonymous_22)
FN:377,(anonymous_23)
FN:385,(anonymous_24)
FN:393,(anonymous_25)
FNF:17
FNH:8
FNDA:8,MobileSwipeCard
FNDA:0,(anonymous_10)
FNDA:0,(anonymous_11)
FNDA:0,(anonymous_12)
FNDA:0,(anonymous_13)
FNDA:1,(anonymous_14)
FNDA:1,(anonymous_15)
FNDA:0,(anonymous_16)
FNDA:0,(anonymous_17)
FNDA:0,(anonymous_18)
FNDA:0,(anonymous_19)
FNDA:16,(anonymous_20)
FNDA:0,(anonymous_21)
FNDA:24,(anonymous_22)
FNDA:1,(anonymous_23)
FNDA:1,(anonymous_24)
FNDA:1,(anonymous_25)
DA:8,1
DA:9,1
DA:10,1
DA:12,1
DA:13,1
DA:29,1
DA:30,1
DA:32,1
DA:44,8
DA:45,8
DA:46,8
DA:47,8
DA:49,8
DA:50,8
DA:53,8
DA:54,8
DA:55,8
DA:58,8
DA:59,8
DA:60,8
DA:63,8
DA:64,0
DA:65,0
DA:66,0
DA:70,8
DA:71,0
DA:73,0
DA:74,0
DA:75,0
DA:78,0
DA:79,0
DA:81,0
DA:85,0
DA:89,8
DA:90,0
DA:92,0
DA:93,0
DA:94,0
DA:95,0
DA:96,0
DA:99,0
DA:100,0
DA:102,0
DA:104,0
DA:106,0
DA:107,0
DA:108,0
DA:111,0
DA:112,0
DA:113,0
DA:115,0
DA:117,0
DA:119,0
DA:120,0
DA:121,0
DA:122,0
DA:124,0
DA:125,0
DA:126,0
DA:130,0
DA:131,0
DA:132,0
DA:135,0
DA:136,0
DA:140,8
DA:141,0
DA:143,0
DA:145,0
DA:146,0
DA:147,0
DA:148,0
DA:149,0
DA:151,0
DA:152,0
DA:153,0
DA:154,0
DA:155,0
DA:157,0
DA:158,0
DA:159,0
DA:160,0
DA:161,0
DA:163,0
DA:164,0
DA:165,0
DA:166,0
DA:167,0
DA:169,0
DA:172,0
DA:173,0
DA:174,0
DA:175,0
DA:176,0
DA:181,8
DA:182,1
DA:183,1
DA:187,8
DA:188,0
DA:189,0
DA:194,8
DA:197,8
DA:198,0
DA:200,0
DA:215,0
DA:217,0
DA:223,0
DA:229,0
DA:235,0
DA:241,0
DA:245,8
DA:246,0
DA:247,0
DA:248,0
DA:249,0
DA:250,0
DA:251,0
DA:255,8
DA:298,16
DA:303,0
DA:361,24
DA:377,1
DA:385,1
DA:393,1
LF:123
LH:37
BRDA:38,0,0,8
BRDA:39,1,0,8
BRDA:40,2,0,8
BRDA:41,3,0,8
BRDA:42,4,0,8
BRDA:64,5,0,0
BRDA:66,6,0,0
BRDA:71,7,0,0
BRDA:78,8,0,0
BRDA:78,8,1,0
BRDA:79,9,0,0
BRDA:79,9,1,0
BRDA:81,10,0,0
BRDA:81,10,1,0
BRDA:90,11,0,0
BRDA:99,12,0,0
BRDA:99,12,1,0
BRDA:100,13,0,0
BRDA:100,13,1,0
BRDA:102,14,0,0
BRDA:102,14,1,0
BRDA:102,15,0,0
BRDA:102,15,1,0
BRDA:104,16,0,0
BRDA:104,16,1,0
BRDA:115,17,0,0
BRDA:115,17,1,0
BRDA:115,18,0,0
BRDA:115,18,1,0
BRDA:117,19,0,0
BRDA:117,19,1,0
BRDA:122,20,0,0
BRDA:141,21,0,0
BRDA:143,22,0,0
BRDA:143,22,1,0
BRDA:143,22,2,0
BRDA:143,22,3,0
BRDA:143,22,4,0
BRDA:143,22,5,0
BRDA:163,23,0,0
BRDA:182,24,0,1
BRDA:182,25,0,1
BRDA:182,25,1,1
BRDA:188,26,0,0
BRDA:194,27,0,0
BRDA:194,27,1,8
BRDA:194,28,0,8
BRDA:194,28,1,8
BRDA:198,29,0,0
BRDA:215,30,0,0
BRDA:215,30,1,0
BRDA:215,30,2,0
BRDA:215,30,3,0
BRDA:215,30,4,0
BRDA:246,31,0,0
BRDA:246,31,1,0
BRDA:246,31,2,0
BRDA:246,31,3,0
BRDA:246,31,4,0
BRDA:272,32,0,0
BRDA:272,32,1,8
BRDA:281,33,0,8
BRDA:281,33,1,0
BRDA:295,34,0,8
BRDA:295,34,1,8
BRDA:295,34,2,8
BRDA:301,35,0,8
BRDA:301,35,1,8
BRDA:311,36,0,8
BRDA:311,36,1,0
BRDA:324,37,0,8
BRDA:324,37,1,8
BRDA:324,37,2,8
BRDA:353,38,0,8
BRDA:353,38,1,8
BRDA:358,39,0,8
BRDA:358,39,1,8
BRDA:358,39,2,8
BRDA:373,40,0,8
BRDA:373,40,1,8
BRDA:408,41,0,0
BRDA:408,41,1,8
BRDA:408,42,0,8
BRDA:408,42,1,8
BRF:84
BRH:32
end_of_record
TN:
SF:src/components/UI/PremiumButton.tsx
FN:44,(anonymous_10)
FN:169,(anonymous_11)
FN:183,(anonymous_12)
FN:211,(anonymous_13)
FN:231,(anonymous_14)
FN:238,(anonymous_15)
FN:242,(anonymous_16)
FN:248,(anonymous_17)
FN:253,(anonymous_18)
FN:387,(anonymous_19)
FNF:10
FNH:8
FNDA:132,(anonymous_10)
FNDA:4,(anonymous_11)
FNDA:5,(anonymous_12)
FNDA:1,(anonymous_13)
FNDA:0,(anonymous_14)
FNDA:0,(anonymous_15)
FNDA:4,(anonymous_16)
FNDA:3,(anonymous_17)
FNDA:2,(anonymous_18)
FNDA:1,(anonymous_19)
DA:3,3
DA:4,3
DA:6,3
DA:44,3
DA:68,132
DA:69,132
DA:71,132
DA:72,132
DA:75,132
DA:76,132
DA:77,132
DA:78,132
DA:80,132
DA:82,132
DA:160,132
DA:166,132
DA:169,132
DA:170,4
DA:172,4
DA:173,0
DA:178,0
DA:183,132
DA:184,5
DA:186,5
DA:187,5
DA:188,5
DA:190,0
DA:191,0
DA:192,0
DA:194,0
DA:195,0
DA:197,0
DA:198,0
DA:200,0
DA:201,0
DA:203,0
DA:204,0
DA:211,132
DA:212,1
DA:214,0
DA:215,0
DA:216,0
DA:218,0
DA:219,0
DA:221,0
DA:222,0
DA:224,0
DA:225,0
DA:226,0
DA:227,0
DA:231,132
DA:232,0
DA:233,0
DA:234,0
DA:238,132
DA:239,0
DA:242,132
DA:243,4
DA:245,4
DA:246,4
DA:247,4
DA:248,4
DA:250,4
DA:253,132
DA:254,2
DA:255,2
DA:256,2
DA:260,132
DA:263,132
DA:264,0
DA:265,0
DA:365,132
DA:387,1
DA:517,3
LF:74
LH:44
BRDA:47,0,0,126
BRDA:48,1,0,129
BRDA:49,2,0,131
BRDA:50,3,0,122
BRDA:51,4,0,132
BRDA:52,5,0,132
BRDA:53,6,0,132
BRDA:55,7,0,132
BRDA:56,8,0,132
BRDA:57,9,0,132
BRDA:58,10,0,132
BRDA:59,11,0,131
BRDA:61,12,0,132
BRDA:86,13,0,0
BRDA:86,13,1,132
BRDA:93,14,0,0
BRDA:93,14,1,132
BRDA:100,15,0,0
BRDA:100,15,1,132
BRDA:154,16,0,0
BRDA:154,16,1,132
BRDA:169,17,0,0
BRDA:170,18,0,0
BRDA:170,19,0,4
BRDA:170,19,1,4
BRDA:172,20,0,0
BRDA:183,21,0,0
BRDA:184,22,0,0
BRDA:184,23,0,5
BRDA:184,23,1,5
BRDA:187,24,0,5
BRDA:187,24,1,5
BRDA:188,25,0,5
BRDA:212,26,0,1
BRDA:212,27,0,1
BRDA:212,27,1,0
BRDA:212,27,2,0
BRDA:224,28,0,0
BRDA:232,29,0,0
BRDA:243,30,0,0
BRDA:243,31,0,4
BRDA:243,31,1,4
BRDA:250,32,0,0
BRDA:250,32,1,4
BRDA:250,33,0,4
BRDA:250,33,1,4
BRDA:254,34,0,2
BRDA:254,35,0,2
BRDA:254,35,1,1
BRDA:260,36,0,0
BRDA:260,36,1,132
BRDA:263,37,0,0
BRDA:274,38,0,0
BRDA:274,38,1,0
BRDA:275,39,0,0
BRDA:275,39,1,0
BRDA:283,40,0,0
BRDA:283,40,1,0
BRDA:283,41,0,0
BRDA:283,41,1,0
BRDA:288,42,0,0
BRDA:288,42,1,0
BRDA:288,43,0,0
BRDA:288,43,1,0
BRDA:304,44,0,0
BRDA:304,44,1,0
BRDA:305,45,0,0
BRDA:305,45,1,0
BRDA:312,46,0,0
BRDA:312,46,1,0
BRDA:313,47,0,0
BRDA:313,47,1,0
BRDA:317,48,0,0
BRDA:317,48,1,0
BRDA:317,48,2,0
BRDA:329,49,0,0
BRDA:329,49,1,0
BRDA:329,49,2,0
BRDA:344,50,0,0
BRDA:344,50,1,0
BRDA:349,51,0,0
BRDA:349,51,1,0
BRDA:373,52,0,1
BRDA:373,52,1,131
BRDA:374,53,0,0
BRDA:374,53,1,132
BRDA:379,54,0,0
BRDA:379,54,1,132
BRDA:380,55,0,0
BRDA:380,55,1,132
BRDA:384,56,0,132
BRDA:384,56,1,131
BRDA:393,57,0,132
BRDA:393,57,1,131
BRDA:398,58,0,124
BRDA:398,58,1,8
BRDA:398,59,0,132
BRDA:398,59,1,131
BRDA:414,60,0,1
BRDA:414,60,1,131
BRDA:418,61,0,132
BRDA:418,61,1,0
BRDA:425,62,0,132
BRDA:425,62,1,0
BRDA:425,62,2,0
BRDA:441,63,0,132
BRDA:441,63,1,7
BRDA:465,64,0,4
BRDA:465,64,1,128
BRDA:466,65,0,7
BRDA:466,65,1,125
BRDA:470,66,0,132
BRDA:470,66,1,0
BRDA:470,66,2,0
BRDA:482,67,0,132
BRDA:482,67,1,0
BRDA:482,67,2,0
BRDA:497,68,0,4
BRDA:497,68,1,128
BRDA:502,69,0,4
BRDA:502,69,1,128
BRF:121
BRH:64
end_of_record
TN:
SF:src/components/UI/PremiumCard.tsx
FN:52,PremiumCard
FN:92,(anonymous_10)
FN:110,(anonymous_11)
FN:125,(anonymous_12)
FN:162,(anonymous_13)
FN:173,(anonymous_14)
FN:181,(anonymous_15)
FN:187,(anonymous_16)
FN:194,(anonymous_17)
FN:202,(anonymous_18)
FN:216,(anonymous_19)
FN:262,(anonymous_20)
FNF:12
FNH:10
FNDA:7,PremiumCard
FNDA:1,(anonymous_10)
FNDA:2,(anonymous_11)
FNDA:2,(anonymous_12)
FNDA:1,(anonymous_13)
FNDA:0,(anonymous_14)
FNDA:1,(anonymous_15)
FNDA:1,(anonymous_16)
FNDA:0,(anonymous_17)
FNDA:7,(anonymous_18)
FNDA:7,(anonymous_19)
FNDA:7,(anonymous_20)
DA:9,1
DA:10,1
DA:12,1
DA:13,1
DA:52,1
DA:82,7
DA:83,7
DA:86,7
DA:87,7
DA:88,7
DA:89,7
DA:92,7
DA:93,1
DA:95,1
DA:96,0
DA:101,0
DA:106,7
DA:107,7
DA:110,7
DA:111,2
DA:113,2
DA:114,2
DA:115,2
DA:117,0
DA:118,0
DA:119,0
DA:125,7
DA:126,2
DA:129,2
DA:130,2
DA:131,2
DA:134,0
DA:136,0
DA:138,0
DA:139,0
DA:142,0
DA:143,0
DA:145,0
DA:146,0
DA:148,0
DA:149,0
DA:151,0
DA:152,0
DA:154,0
DA:155,0
DA:162,7
DA:163,1
DA:165,0
DA:166,0
DA:167,0
DA:169,0
DA:170,0
DA:173,7
DA:174,0
DA:175,0
DA:176,0
DA:177,0
DA:181,7
DA:182,1
DA:183,1
DA:184,1
DA:187,7
DA:188,1
DA:189,1
DA:190,1
DA:191,1
DA:194,7
DA:195,0
DA:196,0
DA:197,0
DA:202,7
DA:203,7
DA:212,7
DA:216,7
DA:217,7
DA:258,7
DA:262,7
DA:263,7
DA:271,7
DA:274,7
DA:275,7
DA:276,7
DA:278,7
LF:83
LH:52
BRDA:54,0,0,5
BRDA:55,1,0,7
BRDA:56,2,0,7
BRDA:57,3,0,7
BRDA:58,4,0,7
BRDA:59,5,0,7
BRDA:60,6,0,7
BRDA:61,7,0,7
BRDA:62,8,0,6
BRDA:64,9,0,7
BRDA:65,10,0,7
BRDA:66,11,0,7
BRDA:67,12,0,7
BRDA:68,13,0,7
BRDA:92,14,0,0
BRDA:93,15,0,0
BRDA:93,16,0,1
BRDA:93,16,1,1
BRDA:93,16,2,1
BRDA:95,17,0,0
BRDA:111,18,0,0
BRDA:111,19,0,2
BRDA:111,19,1,2
BRDA:114,20,0,2
BRDA:114,20,1,2
BRDA:115,21,0,2
BRDA:125,22,0,0
BRDA:126,23,0,0
BRDA:126,24,0,2
BRDA:126,24,1,2
BRDA:126,24,2,2
BRDA:129,25,0,2
BRDA:134,26,0,0
BRDA:138,27,0,0
BRDA:163,28,0,1
BRDA:163,29,0,1
BRDA:163,29,1,0
BRDA:175,30,0,0
BRDA:182,31,0,0
BRDA:188,32,0,0
BRDA:188,33,0,1
BRDA:188,33,1,1
BRDA:195,34,0,0
BRDA:195,35,0,0
BRDA:195,35,1,0
BRDA:286,36,0,3
BRDA:286,36,1,4
BRDA:286,37,0,7
BRDA:286,37,1,3
BRDA:286,38,0,0
BRDA:286,38,1,4
BRDA:287,39,0,0
BRDA:287,39,1,7
BRDA:294,40,0,0
BRDA:294,40,1,7
BRDA:295,41,0,0
BRDA:295,41,1,7
BRDA:299,42,0,0
BRDA:299,42,1,7
BRDA:301,43,0,0
BRDA:301,43,1,7
BRDA:301,44,0,7
BRDA:301,44,1,0
BRDA:302,45,0,3
BRDA:302,45,1,4
BRDA:302,46,0,7
BRDA:302,46,1,3
BRDA:318,47,0,3
BRDA:318,47,1,4
BRDA:318,48,0,1
BRDA:318,48,1,2
BRDA:318,49,0,3
BRDA:318,49,1,3
BRDA:323,50,0,7
BRDA:323,50,1,0
BRDA:323,50,2,0
BRDA:323,50,3,0
BRDA:337,51,0,7
BRDA:337,51,1,0
BRDA:353,52,0,7
BRDA:353,52,1,0
BRDA:353,52,2,0
BRDA:353,52,3,0
BRDA:370,53,0,7
BRDA:370,53,1,0
BRDA:393,54,0,7
BRDA:393,54,1,0
BRDA:393,54,2,0
BRDA:393,54,3,0
BRDA:407,55,0,7
BRDA:407,55,1,0
BRF:91
BRH:57
end_of_record
TN:
SF:src/components/UI/PremiumInput.tsx
FN:35,(anonymous_9)
FN:65,(anonymous_10)
FN:70,(anonymous_11)
FN:75,(anonymous_12)
FN:175,(anonymous_13)
FNF:5
FNH:4
FNDA:24,(anonymous_9)
FNDA:1,(anonymous_10)
FNDA:0,(anonymous_11)
FNDA:16,(anonymous_12)
FNDA:1,(anonymous_13)
DA:8,1
DA:9,1
DA:10,1
DA:35,1
DA:57,24
DA:58,24
DA:59,24
DA:61,24
DA:62,24
DA:63,24
DA:65,24
DA:66,1
DA:67,1
DA:70,24
DA:71,0
DA:72,0
DA:75,24
DA:76,16
DA:77,16
DA:79,16
DA:80,16
DA:84,24
DA:136,24
DA:160,24
DA:161,24
DA:163,24
DA:175,1
DA:286,1
LF:28
LH:26
BRDA:38,0,0,24
BRDA:42,1,0,23
BRDA:43,2,0,22
BRDA:44,3,0,24
BRDA:45,4,0,24
BRDA:49,5,0,24
BRDA:52,6,0,23
BRDA:53,7,0,24
BRDA:61,8,0,24
BRDA:61,8,1,24
BRDA:63,9,0,24
BRDA:63,9,1,7
BRDA:67,10,0,1
BRDA:67,10,1,0
BRDA:67,11,0,1
BRDA:67,11,1,1
BRDA:72,12,0,0
BRDA:72,12,1,0
BRDA:72,13,0,0
BRDA:72,13,1,0
BRDA:77,14,0,0
BRDA:77,15,0,16
BRDA:77,15,1,0
BRDA:80,16,0,0
BRDA:80,16,1,16
BRDA:80,17,0,16
BRDA:80,17,1,16
BRDA:87,18,0,1
BRDA:87,18,1,23
BRDA:87,19,0,17
BRDA:87,19,1,6
BRDA:90,20,0,1
BRDA:90,20,1,23
BRDA:90,21,0,17
BRDA:90,21,1,6
BRDA:94,22,0,1
BRDA:94,22,1,23
BRDA:94,23,0,17
BRDA:94,23,1,6
BRDA:97,24,0,1
BRDA:97,24,1,23
BRDA:97,25,0,17
BRDA:97,25,1,6
BRDA:101,26,0,1
BRDA:101,26,1,23
BRDA:101,27,0,17
BRDA:101,27,1,6
BRDA:104,28,0,1
BRDA:104,28,1,23
BRDA:104,29,0,17
BRDA:104,29,1,6
BRDA:108,30,0,1
BRDA:108,30,1,23
BRDA:108,31,0,17
BRDA:108,31,1,6
BRDA:109,32,0,17
BRDA:109,32,1,7
BRDA:111,33,0,1
BRDA:111,33,1,23
BRDA:115,34,0,1
BRDA:115,34,1,23
BRDA:115,35,0,17
BRDA:115,35,1,6
BRDA:116,36,0,17
BRDA:116,36,1,7
BRDA:118,37,0,1
BRDA:118,37,1,23
BRDA:118,38,0,17
BRDA:118,38,1,6
BRDA:122,39,0,1
BRDA:122,39,1,23
BRDA:122,40,0,17
BRDA:122,40,1,6
BRDA:123,41,0,17
BRDA:123,41,1,7
BRDA:125,42,0,1
BRDA:125,42,1,23
BRDA:125,43,0,17
BRDA:125,43,1,6
BRDA:129,44,0,1
BRDA:129,44,1,23
BRDA:129,45,0,17
BRDA:129,45,1,6
BRDA:130,46,0,17
BRDA:130,46,1,7
BRDA:132,47,0,1
BRDA:132,47,1,23
BRDA:132,48,0,17
BRDA:132,48,1,6
BRDA:141,49,0,0
BRDA:141,49,1,24
BRDA:141,50,0,0
BRDA:141,50,1,24
BRDA:148,51,0,0
BRDA:148,51,1,24
BRDA:148,52,0,0
BRDA:148,52,1,24
BRDA:155,53,0,0
BRDA:155,53,1,24
BRDA:155,54,0,0
BRDA:155,54,1,24
BRDA:170,55,0,0
BRDA:170,55,1,24
BRDA:173,56,0,24
BRDA:173,56,1,0
BRDA:175,57,0,0
BRDA:175,57,1,1
BRDA:175,58,0,1
BRDA:175,58,1,1
BRDA:178,59,0,24
BRDA:178,59,1,0
BRDA:185,60,0,24
BRDA:185,60,1,4
BRDA:193,61,0,0
BRDA:193,61,1,4
BRDA:194,62,0,0
BRDA:194,62,1,4
BRDA:195,63,0,0
BRDA:195,63,1,4
BRDA:195,64,0,0
BRDA:195,64,1,0
BRDA:195,65,0,0
BRDA:195,65,1,4
BRDA:205,66,0,4
BRDA:205,66,1,1
BRDA:219,67,0,20
BRDA:219,67,1,4
BRDA:219,68,0,24
BRDA:219,68,1,4
BRDA:226,69,0,4
BRDA:226,69,1,20
BRDA:231,70,0,24
BRDA:231,70,1,0
BRDA:239,71,0,24
BRDA:239,71,1,17
BRDA:239,71,2,17
BRDA:247,72,0,0
BRDA:247,72,1,17
BRDA:258,73,0,24
BRDA:258,73,1,23
BRDA:258,73,2,23
BRDA:258,73,3,1
BRDA:267,74,0,1
BRDA:267,74,1,0
BRDA:267,74,2,1
BRDA:268,75,0,1
BRDA:268,75,1,0
BRDA:269,76,0,1
BRDA:269,76,1,0
BRDA:274,77,0,1
BRDA:274,77,1,0
BRDA:274,77,2,0
BRF:152
BRH:121
end_of_record
TN:
SF:src/components/UI/SafeImage.tsx
FN:36,SafeImage
FN:53,(anonymous_12)
FN:62,(anonymous_13)
FN:82,(anonymous_14)
FN:89,(anonymous_15)
FNF:5
FNH:3
FNDA:32,SafeImage
FNDA:19,(anonymous_12)
FNDA:18,(anonymous_13)
FNDA:0,(anonymous_14)
FNDA:0,(anonymous_15)
DA:13,1
DA:14,1
DA:15,1
DA:16,1
DA:30,1
DA:36,1
DA:45,32
DA:46,31
DA:48,31
DA:49,31
DA:50,31
DA:51,31
DA:53,31
DA:55,19
DA:56,18
DA:57,18
DA:58,18
DA:61,18
DA:62,18
DA:63,18
DA:64,18
DA:67,18
DA:69,0
DA:72,18
DA:75,1
DA:76,1
DA:77,1
DA:78,1
DA:82,31
DA:83,0
DA:84,0
DA:85,0
DA:86,0
DA:89,31
DA:90,0
DA:91,0
DA:94,31
LF:37
LH:30
BRDA:39,0,0,22
BRDA:40,1,0,16
BRDA:41,2,0,12
BRDA:43,3,0,31
BRDA:45,4,0,5
BRDA:48,5,0,31
BRDA:48,5,1,1
BRDA:55,6,0,18
BRDA:55,6,1,1
BRDA:61,7,0,18
BRDA:61,8,0,18
BRDA:61,8,1,18
BRDA:61,8,2,18
BRDA:64,9,0,17
BRDA:64,9,1,1
BRDA:96,10,0,31
BRDA:96,10,1,15
BRDA:96,10,2,15
BRDA:96,10,3,15
BRDA:115,11,0,8
BRDA:115,11,1,23
BRDA:117,12,0,30
BRDA:117,12,1,1
BRDA:117,13,0,31
BRDA:117,13,1,30
BRF:25
BRH:25
end_of_record
TN:
SF:src/components/UI/SkeletonLoader.tsx
FN:11,(anonymous_1)
FNF:1
FNH:1
FNDA:8,(anonymous_1)
DA:1,1
DA:2,1
DA:11,1
DA:17,8
DA:26,8
DA:27,1
DA:58,7
DA:59,1
DA:73,6
DA:74,1
DA:83,5
DA:84,1
DA:94,4
DA:103,1
LF:14
LH:14
BRDA:12,0,0,4
BRDA:13,1,0,5
BRDA:14,2,0,5
BRDA:15,3,0,7
BRDA:26,4,0,1
BRDA:58,5,0,1
BRDA:73,6,0,1
BRDA:83,7,0,1
BRF:8
BRH:8
end_of_record
TN:
SF:src/components/providers/AuthProvider.tsx
FN:19,AuthProvider
FN:23,(anonymous_1)
FN:29,(anonymous_2)
FN:70,(anonymous_3)
FN:122,(anonymous_4)
FN:146,useAuthContext
FN:156,(anonymous_6)
FN:157,(anonymous_7)
FN:158,(anonymous_8)
FNF:9
FNH:0
FNDA:0,AuthProvider
FNDA:0,(anonymous_1)
FNDA:0,(anonymous_2)
FNDA:0,(anonymous_3)
FNDA:0,(anonymous_4)
FNDA:0,useAuthContext
FNDA:0,(anonymous_6)
FNDA:0,(anonymous_7)
FNDA:0,(anonymous_8)
DA:3,1
DA:4,1
DA:17,1
DA:19,1
DA:20,0
DA:23,0
DA:24,0
DA:29,0
DA:30,0
DA:31,0
DA:32,0
DA:33,0
DA:35,0
DA:36,0
DA:42,0
DA:44,0
DA:45,0
DA:46,0
DA:49,0
DA:50,0
DA:51,0
DA:54,0
DA:56,0
DA:59,0
DA:60,0
DA:62,0
DA:63,0
DA:65,0
DA:70,0
DA:71,0
DA:72,0
DA:73,0
DA:75,0
DA:76,0
DA:77,0
DA:79,0
DA:81,0
DA:82,0
DA:94,0
DA:96,0
DA:97,0
DA:98,0
DA:101,0
DA:102,0
DA:103,0
DA:106,0
DA:108,0
DA:111,0
DA:112,0
DA:114,0
DA:115,0
DA:117,0
DA:122,0
DA:123,0
DA:125,0
DA:128,0
DA:139,0
DA:146,1
DA:147,0
DA:148,0
DA:150,0
DA:156,0
DA:157,0
DA:161,0
DA:165,1
LF:65
LH:6
BRDA:33,0,0,0
BRDA:33,0,1,0
BRDA:35,1,0,0
BRDA:35,1,1,0
BRDA:44,2,0,0
BRDA:44,3,0,0
BRDA:44,3,1,0
BRDA:45,4,0,0
BRDA:45,4,1,0
BRDA:49,5,0,0
BRDA:49,6,0,0
BRDA:49,6,1,0
BRDA:49,7,0,0
BRDA:49,7,1,0
BRDA:49,8,0,0
BRDA:49,8,1,0
BRDA:49,9,0,0
BRDA:49,9,1,0
BRDA:49,10,0,0
BRDA:49,10,1,0
BRDA:51,11,0,0
BRDA:51,11,1,0
BRDA:62,12,0,0
BRDA:62,12,1,0
BRDA:76,13,0,0
BRDA:76,13,1,0
BRDA:77,14,0,0
BRDA:77,14,1,0
BRDA:79,15,0,0
BRDA:79,15,1,0
BRDA:81,16,0,0
BRDA:81,16,1,0
BRDA:90,17,0,0
BRDA:90,17,1,0
BRDA:96,18,0,0
BRDA:96,19,0,0
BRDA:96,19,1,0
BRDA:97,20,0,0
BRDA:97,20,1,0
BRDA:101,21,0,0
BRDA:101,22,0,0
BRDA:101,22,1,0
BRDA:101,23,0,0
BRDA:101,23,1,0
BRDA:101,24,0,0
BRDA:101,24,1,0
BRDA:101,25,0,0
BRDA:101,25,1,0
BRDA:101,26,0,0
BRDA:101,26,1,0
BRDA:103,27,0,0
BRDA:103,27,1,0
BRDA:114,28,0,0
BRDA:114,28,1,0
BRDA:148,29,0,0
BRF:55
BRH:0
end_of_record
TN:
SF:src/components/ui/Interactive.tsx
FN:19,(anonymous_2)
FN:67,(anonymous_3)
FN:122,(anonymous_4)
FN:172,(anonymous_5)
FN:186,(anonymous_6)
FN:214,(anonymous_7)
FN:241,(anonymous_8)
FNF:7
FNH:3
FNDA:3,(anonymous_2)
FNDA:88,(anonymous_3)
FNDA:72,(anonymous_4)
FNDA:0,(anonymous_5)
FNDA:0,(anonymous_6)
FNDA:0,(anonymous_7)
FNDA:0,(anonymous_8)
DA:1,4
DA:2,4
DA:3,4
DA:19,4
DA:26,3
DA:27,2
DA:29,2
DA:36,2
DA:58,4
DA:67,4
DA:74,88
DA:75,87
DA:77,87
DA:79,87
DA:86,87
DA:92,87
DA:94,87
DA:115,4
DA:122,4
DA:129,72
DA:130,72
DA:132,72
DA:134,72
DA:140,72
DA:163,4
DA:172,4
DA:177,0
DA:178,0
DA:180,0
DA:187,0
DA:189,0
DA:190,0
DA:191,0
DA:192,0
DA:206,4
DA:214,4
DA:218,0
DA:219,0
DA:221,0
DA:223,0
DA:241,0
DA:250,4
DA:253,4
LF:43
LH:30
BRDA:22,0,0,2
BRDA:23,1,0,2
BRDA:24,2,0,2
BRDA:25,3,0,2
BRDA:26,4,0,2
BRDA:70,5,0,1
BRDA:71,6,0,56
BRDA:72,7,0,86
BRDA:73,8,0,87
BRDA:74,9,0,87
BRDA:92,10,0,0
BRDA:92,10,1,87
BRDA:97,11,0,87
BRDA:97,11,1,0
BRDA:98,12,0,87
BRDA:98,12,1,0
BRDA:125,13,0,71
BRDA:126,14,0,72
BRDA:127,15,0,72
BRDA:128,16,0,72
BRDA:129,17,0,72
BRDA:189,18,0,0
BRDA:189,18,1,0
BRDA:190,19,0,0
BRDA:190,19,1,0
BRDA:190,20,0,0
BRDA:190,20,1,0
BRDA:191,21,0,0
BRDA:192,22,0,0
BRDA:192,22,1,0
BRDA:192,23,0,0
BRDA:192,23,1,0
BRDA:221,24,0,0
BRF:33
BRH:18
end_of_record
TN:
SF:src/components/ui/Skeleton.tsx
FN:5,(anonymous_2)
FN:18,(anonymous_3)
FN:43,(anonymous_4)
FN:68,(anonymous_5)
FN:83,(anonymous_6)
FN:94,(anonymous_7)
FN:112,(anonymous_8)
FN:134,(anonymous_9)
FN:143,(anonymous_10)
FN:164,(anonymous_11)
FN:189,(anonymous_12)
FN:206,(anonymous_13)
FN:213,(anonymous_14)
FNF:13
FNH:7
FNDA:0,(anonymous_2)
FNDA:69,(anonymous_3)
FNDA:13,(anonymous_4)
FNDA:1,(anonymous_5)
FNDA:1,(anonymous_6)
FNDA:5,(anonymous_7)
FNDA:0,(anonymous_8)
FNDA:0,(anonymous_9)
FNDA:0,(anonymous_10)
FNDA:0,(anonymous_11)
FNDA:6,(anonymous_12)
FNDA:42,(anonymous_13)
FNDA:0,(anonymous_14)
DA:1,2
DA:2,2
DA:5,2
DA:6,0
DA:18,2
DA:19,69
DA:43,2
DA:44,13
DA:68,2
DA:83,2
DA:86,1
DA:87,1
DA:92,1
DA:95,5
DA:112,2
DA:114,0
DA:115,0
DA:119,0
DA:134,2
DA:136,0
DA:137,0
DA:141,0
DA:144,0
DA:164,2
DA:165,0
DA:189,2
DA:192,6
DA:193,6
DA:198,6
DA:207,42
DA:213,2
DA:221,2
LF:32
LH:23
BRDA:68,0,0,0
BRDA:84,1,0,0
BRDA:85,2,0,1
BRDA:86,3,0,1
BRDA:105,4,0,1
BRDA:105,4,1,4
BRDA:113,5,0,0
BRDA:114,6,0,0
BRDA:135,7,0,0
BRDA:136,8,0,0
BRDA:190,9,0,0
BRDA:191,10,0,0
BRDA:192,11,0,6
BRDA:213,12,0,0
BRF:14
BRH:5
end_of_record
TN:
SF:src/constants/animations.ts
FNF:0
FNH:0
DA:7,7
DA:82,7
DA:100,7
DA:124,7
DA:141,7
DA:277,7
DA:296,7
DA:338,7
DA:386,7
DA:413,7
DA:460,7
DA:489,7
DA:520,7
DA:521,7
DA:539,7
DA:540,7
DA:541,7
DA:547,7
DA:573,7
DA:589,7
LF:20
LH:20
BRF:0
BRH:0
end_of_record
TN:
SF:src/constants/design-tokens.ts
FNF:0
FNH:0
DA:7,1
DA:92,1
DA:120,1
DA:148,1
DA:159,1
DA:171,1
DA:189,1
DA:197,1
LF:8
LH:8
BRF:0
BRH:0
end_of_record
TN:
SF:src/contexts/AuthContext.tsx
FN:22,AuthProvider
FN:37,(anonymous_1)
FN:42,(anonymous_2)
FN:70,(anonymous_3)
FN:87,(anonymous_4)
FN:104,(anonymous_5)
FN:132,useAuth
FNF:7
FNH:6
FNDA:4,AuthProvider
FNDA:1,(anonymous_1)
FNDA:3,(anonymous_2)
FNDA:1,(anonymous_3)
FNDA:0,(anonymous_4)
FNDA:1,(anonymous_5)
FNDA:4,useAuth
DA:4,1
DA:6,1
DA:7,1
DA:20,1
DA:22,1
DA:34,4
DA:37,4
DA:38,1
DA:42,4
DA:43,3
DA:44,0
DA:45,0
DA:47,0
DA:52,0
DA:62,0
DA:63,0
DA:64,0
DA:70,4
DA:71,1
DA:72,1
DA:73,1
DA:75,1
DA:77,1
DA:78,1
DA:80,0
DA:81,0
DA:83,1
DA:87,4
DA:88,0
DA:89,0
DA:90,0
DA:92,0
DA:94,0
DA:95,0
DA:97,0
DA:98,0
DA:100,0
DA:104,4
DA:105,1
DA:106,1
DA:107,1
DA:111,1
DA:112,1
DA:113,1
DA:117,4
DA:132,1
DA:133,4
DA:134,4
DA:135,0
DA:137,4
LF:50
LH:31
BRDA:43,0,0,0
BRDA:43,1,0,3
BRDA:43,1,1,0
BRDA:45,2,0,0
BRDA:80,3,0,0
BRDA:80,3,1,0
BRDA:97,4,0,0
BRDA:97,4,1,0
BRDA:134,5,0,0
BRF:9
BRH:1
end_of_record
TN:
SF:src/contexts/SocketContext.tsx
FN:14,SocketProvider
FN:25,useSocketContext
FNF:2
FNH:0
FNDA:0,SocketProvider
FNDA:0,useSocketContext
DA:3,1
DA:4,1
DA:12,1
DA:14,1
DA:15,0
DA:16,0
DA:18,0
DA:25,1
DA:26,0
DA:27,0
DA:28,0
DA:30,0
LF:12
LH:5
BRDA:16,0,0,0
BRDA:16,0,1,0
BRDA:16,1,0,0
BRDA:16,1,1,0
BRDA:16,2,0,0
BRDA:16,2,1,0
BRDA:27,3,0,0
BRF:7
BRH:0
end_of_record
TN:
SF:src/hooks/useChat.ts
FN:26,(anonymous_0)
FN:39,(anonymous_1)
FN:65,(anonymous_2)
FN:75,(anonymous_3)
FN:84,(anonymous_4)
FN:98,(anonymous_5)
FN:114,(anonymous_6)
FN:125,(anonymous_7)
FN:135,(anonymous_8)
FN:139,(anonymous_9)
FN:141,(anonymous_10)
FN:143,(anonymous_11)
FN:151,(anonymous_12)
FN:153,(anonymous_13)
FN:165,(anonymous_14)
FN:166,(anonymous_15)
FN:186,(anonymous_16)
FN:188,(anonymous_17)
FN:188,(anonymous_18)
FN:206,(anonymous_19)
FN:213,(anonymous_20)
FN:221,(anonymous_21)
FN:226,(anonymous_22)
FN:239,(anonymous_23)
FN:240,(anonymous_24)
FNF:25
FNH:1
FNDA:100,(anonymous_0)
FNDA:0,(anonymous_1)
FNDA:0,(anonymous_2)
FNDA:0,(anonymous_3)
FNDA:0,(anonymous_4)
FNDA:0,(anonymous_5)
FNDA:0,(anonymous_6)
FNDA:0,(anonymous_7)
FNDA:0,(anonymous_8)
FNDA:0,(anonymous_9)
FNDA:0,(anonymous_10)
FNDA:0,(anonymous_11)
FNDA:0,(anonymous_12)
FNDA:0,(anonymous_13)
FNDA:0,(anonymous_14)
FNDA:0,(anonymous_15)
FNDA:0,(anonymous_16)
FNDA:0,(anonymous_17)
FNDA:0,(anonymous_18)
FNDA:0,(anonymous_19)
FNDA:0,(anonymous_20)
FNDA:0,(anonymous_21)
FNDA:0,(anonymous_22)
FNDA:0,(anonymous_23)
FNDA:0,(anonymous_24)
DA:2,1
DA:3,1
DA:4,1
DA:6,1
DA:26,1
DA:27,100
DA:28,0
DA:29,0
DA:30,0
DA:31,0
DA:32,0
DA:33,0
DA:34,0
DA:36,0
DA:39,0
DA:40,0
DA:42,0
DA:43,0
DA:44,0
DA:46,0
DA:47,0
DA:49,0
DA:50,0
DA:53,0
DA:54,0
DA:57,0
DA:58,0
DA:60,0
DA:65,0
DA:66,0
DA:68,0
DA:69,0
DA:74,0
DA:75,0
DA:77,0
DA:79,0
DA:84,0
DA:85,0
DA:87,0
DA:88,0
DA:94,0
DA:95,0
DA:98,0
DA:101,0
DA:102,0
DA:108,0
DA:114,0
DA:115,0
DA:117,0
DA:125,0
DA:126,0
DA:128,0
DA:135,0
DA:136,0
DA:139,0
DA:140,0
DA:141,0
DA:143,0
DA:144,0
DA:145,0
DA:151,0
DA:152,0
DA:153,0
DA:154,0
DA:156,0
DA:157,0
DA:160,0
DA:161,0
DA:165,0
DA:166,0
DA:167,0
DA:168,0
DA:169,0
DA:173,0
DA:174,0
DA:175,0
DA:176,0
DA:180,0
DA:186,0
DA:187,0
DA:188,0
DA:189,0
DA:190,0
DA:195,0
DA:201,0
DA:202,0
DA:203,0
DA:206,0
DA:208,0
DA:209,0
DA:210,0
DA:213,0
DA:214,0
DA:216,0
DA:221,0
DA:222,0
DA:226,0
DA:227,0
DA:228,0
DA:233,0
DA:234,0
DA:235,0
DA:238,0
DA:239,0
DA:241,0
DA:242,0
DA:244,0
DA:247,0
LF:108
LH:6
BRDA:40,0,0,0
BRDA:50,1,0,0
BRDA:50,1,1,0
BRDA:53,2,0,0
BRDA:53,3,0,0
BRDA:53,3,1,0
BRDA:66,4,0,0
BRDA:66,5,0,0
BRDA:66,5,1,0
BRDA:66,5,2,0
BRDA:84,6,0,0
BRDA:85,7,0,0
BRDA:85,8,0,0
BRDA:85,8,1,0
BRDA:91,9,0,0
BRDA:91,9,1,0
BRDA:101,10,0,0
BRDA:101,11,0,0
BRDA:101,11,1,0
BRDA:115,12,0,0
BRDA:115,13,0,0
BRDA:115,13,1,0
BRDA:115,13,2,0
BRDA:126,14,0,0
BRDA:126,15,0,0
BRDA:126,15,1,0
BRDA:126,15,2,0
BRDA:136,16,0,0
BRDA:136,17,0,0
BRDA:136,17,1,0
BRDA:140,18,0,0
BRDA:144,19,0,0
BRDA:152,20,0,0
BRDA:152,21,0,0
BRDA:152,21,1,0
BRDA:156,22,0,0
BRDA:156,22,1,0
BRDA:160,23,0,0
BRDA:174,24,0,0
BRDA:187,25,0,0
BRDA:189,26,0,0
BRDA:189,27,0,0
BRDA:189,27,1,0
BRDA:192,28,0,0
BRDA:192,28,1,0
BRDA:214,29,0,0
BRDA:227,30,0,0
BRDA:227,31,0,0
BRDA:227,31,1,0
BRDA:233,32,0,0
BRDA:233,32,1,0
BRDA:233,33,0,0
BRDA:233,33,1,0
BRDA:234,34,0,0
BRDA:234,34,1,0
BRDA:234,35,0,0
BRDA:234,35,1,0
BRDA:235,36,0,0
BRDA:235,36,1,0
BRDA:235,37,0,0
BRDA:235,37,1,0
BRDA:239,38,0,0
BRDA:239,38,1,0
BRDA:241,39,0,0
BRDA:241,40,0,0
BRDA:241,40,1,0
BRDA:241,41,0,0
BRDA:241,41,1,0
BRF:68
BRH:0
end_of_record
TN:
SF:src/hooks/useSocket.ts
FN:17,(anonymous_0)
FN:33,(anonymous_1)
FN:37,(anonymous_2)
FN:54,(anonymous_3)
FN:60,(anonymous_4)
FN:65,(anonymous_5)
FN:70,(anonymous_6)
FN:74,(anonymous_7)
FN:78,(anonymous_8)
FN:82,(anonymous_9)
FN:86,(anonymous_10)
FN:90,(anonymous_11)
FN:94,(anonymous_12)
FN:98,(anonymous_13)
FN:102,(anonymous_14)
FN:106,(anonymous_15)
FN:111,(anonymous_16)
FN:120,(anonymous_17)
FN:130,(anonymous_18)
FN:136,(anonymous_19)
FN:142,(anonymous_20)
FN:148,(anonymous_21)
FN:154,(anonymous_22)
FN:160,(anonymous_23)
FN:166,(anonymous_24)
FN:172,(anonymous_25)
FN:178,(anonymous_26)
FN:184,(anonymous_27)
FN:190,(anonymous_28)
FN:196,(anonymous_29)
FN:202,(anonymous_30)
FNF:31
FNH:0
FNDA:0,(anonymous_0)
FNDA:0,(anonymous_1)
FNDA:0,(anonymous_2)
FNDA:0,(anonymous_3)
FNDA:0,(anonymous_4)
FNDA:0,(anonymous_5)
FNDA:0,(anonymous_6)
FNDA:0,(anonymous_7)
FNDA:0,(anonymous_8)
FNDA:0,(anonymous_9)
FNDA:0,(anonymous_10)
FNDA:0,(anonymous_11)
FNDA:0,(anonymous_12)
FNDA:0,(anonymous_13)
FNDA:0,(anonymous_14)
FNDA:0,(anonymous_15)
FNDA:0,(anonymous_16)
FNDA:0,(anonymous_17)
FNDA:0,(anonymous_18)
FNDA:0,(anonymous_19)
FNDA:0,(anonymous_20)
FNDA:0,(anonymous_21)
FNDA:0,(anonymous_22)
FNDA:0,(anonymous_23)
FNDA:0,(anonymous_24)
FNDA:0,(anonymous_25)
FNDA:0,(anonymous_26)
FNDA:0,(anonymous_27)
FNDA:0,(anonymous_28)
FNDA:0,(anonymous_29)
FNDA:0,(anonymous_30)
DA:6,1
DA:7,1
DA:8,1
DA:17,1
DA:21,0
DA:22,0
DA:23,0
DA:24,0
DA:25,0
DA:30,0
DA:33,0
DA:37,0
DA:38,0
DA:39,0
DA:41,0
DA:45,0
DA:46,0
DA:47,0
DA:50,0
DA:53,0
DA:54,0
DA:55,0
DA:56,0
DA:57,0
DA:60,0
DA:61,0
DA:62,0
DA:65,0
DA:66,0
DA:67,0
DA:70,0
DA:71,0
DA:74,0
DA:75,0
DA:78,0
DA:79,0
DA:82,0
DA:83,0
DA:86,0
DA:87,0
DA:90,0
DA:91,0
DA:94,0
DA:95,0
DA:98,0
DA:99,0
DA:102,0
DA:103,0
DA:106,0
DA:107,0
DA:111,0
DA:112,0
DA:113,0
DA:114,0
DA:120,0
DA:121,0
DA:122,0
DA:123,0
DA:124,0
DA:130,0
DA:131,0
DA:132,0
DA:136,0
DA:137,0
DA:138,0
DA:142,0
DA:143,0
DA:144,0
DA:148,0
DA:149,0
DA:150,0
DA:154,0
DA:155,0
DA:156,0
DA:160,0
DA:161,0
DA:162,0
DA:166,0
DA:167,0
DA:168,0
DA:172,0
DA:173,0
DA:174,0
DA:178,0
DA:179,0
DA:180,0
DA:184,0
DA:185,0
DA:186,0
DA:190,0
DA:191,0
DA:192,0
DA:196,0
DA:197,0
DA:198,0
DA:202,0
DA:203,0
DA:204,0
DA:208,0
DA:247,1
LF:100
LH:5
BRDA:18,0,0,0
BRDA:19,1,0,0
BRDA:28,2,0,0
BRDA:29,3,0,0
BRDA:38,4,0,0
BRDA:38,5,0,0
BRDA:38,5,1,0
BRDA:38,5,2,0
BRDA:38,6,0,0
BRDA:38,6,1,0
BRDA:38,7,0,0
BRDA:38,7,1,0
BRDA:39,8,0,0
BRDA:39,8,1,0
BRDA:39,9,0,0
BRDA:39,9,1,0
BRDA:39,10,0,0
BRDA:39,10,1,0
BRDA:45,11,0,0
BRDA:45,11,1,0
BRDA:46,12,0,0
BRDA:57,13,0,0
BRDA:57,13,1,0
BRDA:57,14,0,0
BRDA:57,14,1,0
BRDA:62,15,0,0
BRDA:62,15,1,0
BRDA:62,16,0,0
BRDA:62,16,1,0
BRDA:66,17,0,0
BRDA:66,17,1,0
BRDA:67,18,0,0
BRDA:67,18,1,0
BRDA:67,19,0,0
BRDA:67,19,1,0
BRDA:71,20,0,0
BRDA:71,20,1,0
BRDA:71,21,0,0
BRDA:71,21,1,0
BRDA:75,22,0,0
BRDA:75,22,1,0
BRDA:75,23,0,0
BRDA:75,23,1,0
BRDA:79,24,0,0
BRDA:79,24,1,0
BRDA:79,25,0,0
BRDA:79,25,1,0
BRDA:83,26,0,0
BRDA:83,26,1,0
BRDA:83,27,0,0
BRDA:83,27,1,0
BRDA:87,28,0,0
BRDA:87,28,1,0
BRDA:87,29,0,0
BRDA:87,29,1,0
BRDA:91,30,0,0
BRDA:91,30,1,0
BRDA:91,31,0,0
BRDA:91,31,1,0
BRDA:95,32,0,0
BRDA:95,32,1,0
BRDA:95,33,0,0
BRDA:95,33,1,0
BRDA:99,34,0,0
BRDA:99,34,1,0
BRDA:99,35,0,0
BRDA:99,35,1,0
BRDA:103,36,0,0
BRDA:103,36,1,0
BRDA:103,37,0,0
BRDA:103,37,1,0
BRDA:107,38,0,0
BRDA:107,38,1,0
BRDA:107,39,0,0
BRDA:107,39,1,0
BRDA:112,40,0,0
BRDA:117,41,0,0
BRDA:117,41,1,0
BRDA:117,42,0,0
BRDA:117,42,1,0
BRDA:121,43,0,0
BRDA:121,44,0,0
BRDA:121,44,1,0
BRDA:121,44,2,0
BRDA:121,44,3,0
BRDA:121,45,0,0
BRDA:121,45,1,0
BRDA:121,46,0,0
BRDA:121,46,1,0
BRDA:122,47,0,0
BRDA:122,47,1,0
BRDA:122,47,2,0
BRDA:123,48,0,0
BRDA:127,49,0,0
BRDA:127,49,1,0
BRDA:127,50,0,0
BRDA:127,50,1,0
BRDA:131,51,0,0
BRDA:137,52,0,0
BRDA:143,53,0,0
BRDA:149,54,0,0
BRDA:155,55,0,0
BRDA:161,56,0,0
BRDA:167,57,0,0
BRDA:173,58,0,0
BRDA:179,59,0,0
BRDA:185,60,0,0
BRDA:191,61,0,0
BRDA:197,62,0,0
BRDA:203,63,0,0
BRDA:212,64,0,0
BRDA:212,64,1,0
BRDA:212,65,0,0
BRDA:212,65,1,0
BRDA:241,66,0,0
BRDA:241,66,1,0
BRDA:241,67,0,0
BRDA:241,67,1,0
BRDA:241,68,0,0
BRDA:241,68,1,0
BRDA:241,69,0,0
BRDA:241,69,1,0
BRDA:242,70,0,0
BRDA:242,70,1,0
BRDA:242,71,0,0
BRDA:242,71,1,0
BRDA:242,72,0,0
BRDA:242,72,1,0
BRDA:242,73,0,0
BRDA:242,73,1,0
BRDA:243,74,0,0
BRDA:243,74,1,0
BRDA:243,75,0,0
BRDA:243,75,1,0
BRDA:243,76,0,0
BRDA:243,76,1,0
BRDA:243,77,0,0
BRDA:243,77,1,0
BRF:138
BRH:0
end_of_record
TN:
SF:src/hooks/useSwipe.ts
FN:17,(anonymous_0)
FN:24,(anonymous_1)
FN:39,(anonymous_2)
FN:41,(anonymous_3)
FN:42,(anonymous_4)
FN:47,(anonymous_5)
FN:59,(anonymous_6)
FN:64,(anonymous_7)
FN:64,(anonymous_8)
FN:73,(anonymous_9)
FNF:10
FNH:9
FNDA:8,(anonymous_0)
FNDA:4,(anonymous_1)
FNDA:4,(anonymous_2)
FNDA:1,(anonymous_3)
FNDA:6,(anonymous_4)
FNDA:4,(anonymous_5)
FNDA:1,(anonymous_6)
FNDA:1,(anonymous_7)
FNDA:2,(anonymous_8)
FNDA:0,(anonymous_9)
DA:2,1
DA:3,1
DA:5,1
DA:17,1
DA:18,8
DA:19,8
DA:20,8
DA:21,8
DA:22,8
DA:24,8
DA:25,4
DA:27,4
DA:28,4
DA:29,4
DA:31,4
DA:36,4
DA:37,4
DA:39,4
DA:41,4
DA:42,6
DA:43,4
DA:46,4
DA:47,4
DA:49,0
DA:52,0
DA:53,0
DA:55,4
DA:59,8
DA:60,1
DA:61,1
DA:64,2
DA:66,1
DA:68,0
DA:69,0
DA:73,8
DA:74,0
DA:75,0
DA:76,0
DA:77,0
DA:78,0
DA:81,8
LF:41
LH:31
BRDA:25,0,0,0
BRDA:25,1,0,4
BRDA:25,1,1,4
BRDA:36,2,0,4
BRDA:36,2,1,0
BRDA:36,3,0,0
BRDA:36,3,1,4
BRDA:36,4,0,4
BRDA:36,4,1,4
BRDA:46,5,0,4
BRDA:46,5,1,0
BRDA:46,6,0,4
BRDA:46,6,1,4
BRDA:46,7,0,0
BRDA:46,7,1,4
BRDA:46,8,0,4
BRDA:46,8,1,4
BRDA:66,9,0,1
BRDA:66,9,1,0
BRF:19
BRH:13
end_of_record
TN:
SF:src/lib/auth-store.ts
FN:26,(anonymous_0)
FN:36,(anonymous_1)
FN:46,(anonymous_2)
FN:52,(anonymous_3)
FN:61,(anonymous_4)
FN:67,(anonymous_5)
FN:76,(anonymous_6)
FN:93,(anonymous_7)
FN:102,(anonymous_8)
FN:110,(anonymous_9)
FN:138,(anonymous_10)
FN:142,(anonymous_11)
FN:146,(anonymous_12)
FN:155,(anonymous_13)
FN:169,(anonymous_14)
FN:221,(anonymous_15)
FNF:16
FNH:15
FNDA:1,(anonymous_0)
FNDA:1,(anonymous_1)
FNDA:1,(anonymous_2)
FNDA:1,(anonymous_3)
FNDA:1,(anonymous_4)
FNDA:1,(anonymous_5)
FNDA:1,(anonymous_6)
FNDA:4,(anonymous_7)
FNDA:2,(anonymous_8)
FNDA:1,(anonymous_9)
FNDA:4,(anonymous_10)
FNDA:1,(anonymous_11)
FNDA:0,(anonymous_12)
FNDA:1,(anonymous_13)
FNDA:1,(anonymous_14)
FNDA:11,(anonymous_15)
DA:1,4
DA:2,4
DA:25,4
DA:27,1
DA:29,1
DA:32,1
DA:37,1
DA:39,1
DA:42,1
DA:47,1
DA:50,1
DA:52,1
DA:55,1
DA:58,1
DA:62,1
DA:65,1
DA:67,1
DA:70,1
DA:73,1
DA:77,1
DA:80,1
DA:81,1
DA:84,1
DA:85,1
DA:86,1
DA:87,1
DA:91,4
DA:93,4
DA:103,2
DA:112,1
DA:120,1
DA:121,1
DA:122,1
DA:126,1
DA:127,1
DA:128,1
DA:129,1
DA:130,0
DA:133,0
DA:139,4
DA:143,1
DA:147,0
DA:148,0
DA:157,1
DA:166,1
DA:171,1
DA:172,1
DA:173,0
DA:176,1
DA:178,1
DA:180,1
DA:181,1
DA:182,1
DA:184,1
DA:186,0
DA:193,0
DA:194,0
DA:195,0
DA:196,0
DA:200,0
DA:201,0
DA:202,0
DA:203,0
DA:207,0
DA:212,0
DA:213,0
DA:215,1
DA:221,11
LF:68
LH:51
BRDA:27,0,0,1
BRDA:37,1,0,1
BRDA:47,2,0,0
BRDA:50,3,0,1
BRDA:50,3,1,0
BRDA:50,4,0,1
BRDA:50,4,1,1
BRDA:55,5,0,0
BRDA:62,6,0,0
BRDA:65,7,0,1
BRDA:65,7,1,0
BRDA:65,8,0,1
BRDA:65,8,1,1
BRDA:70,9,0,0
BRDA:77,10,0,0
BRDA:84,11,0,0
BRDA:84,11,1,1
BRDA:114,12,0,1
BRDA:114,12,1,0
BRDA:121,13,0,1
BRDA:126,14,0,1
BRDA:129,15,0,0
BRDA:129,16,0,1
BRDA:129,16,1,0
BRDA:172,17,0,0
BRDA:172,18,0,1
BRDA:172,18,1,1
BRDA:180,19,0,1
BRDA:184,20,0,0
BRDA:195,21,0,0
BRDA:195,22,0,0
BRDA:195,22,1,0
BRDA:200,23,0,0
BRDA:200,24,0,0
BRDA:200,24,1,0
BRDA:202,25,0,0
BRF:36
BRH:16
end_of_record
TN:
SF:src/lib/getBlur.ts
FN:4,getBlurData
FN:18,getBlurDataBatch
FN:25,(anonymous_2)
FN:36,(anonymous_3)
FN:45,generateSVGPlaceholder
FN:63,getPetPhotoBlur
FN:77,generatePetPhotoPlaceholder
FN:99,validateImageUrl
FN:109,getValidatedBlurData
FN:122,getCachedBlurData
FN:133,clearBlurCache
FN:138,getBlurCacheSize
FNF:12
FNH:2
FNDA:1,getBlurData
FNDA:0,getBlurDataBatch
FNDA:0,(anonymous_2)
FNDA:0,(anonymous_3)
FNDA:0,generateSVGPlaceholder
FNDA:17,getPetPhotoBlur
FNDA:0,generatePetPhotoPlaceholder
FNDA:0,validateImageUrl
FNDA:0,getValidatedBlurData
FNDA:0,getCachedBlurData
FNDA:0,clearBlurCache
FNDA:0,getBlurCacheSize
DA:1,1
DA:4,1
DA:5,1
DA:6,1
DA:9,1
DA:11,0
DA:13,0
DA:18,1
DA:19,0
DA:22,0
DA:23,0
DA:24,0
DA:25,0
DA:26,0
DA:27,0
DA:28,0
DA:30,0
DA:31,0
DA:35,0
DA:36,0
DA:37,0
DA:41,0
DA:46,0
DA:59,0
DA:63,1
DA:64,17
DA:65,17
DA:69,17
DA:71,0
DA:72,0
DA:78,0
DA:95,0
DA:99,1
DA:100,0
DA:101,0
DA:102,0
DA:104,0
DA:109,1
DA:110,0
DA:111,0
DA:112,0
DA:113,0
DA:116,0
DA:120,1
DA:122,1
DA:123,0
DA:124,0
DA:127,0
DA:128,0
DA:129,0
DA:133,1
DA:134,0
DA:138,1
DA:139,0
LF:54
LH:16
BRDA:63,0,0,17
BRDA:63,1,0,17
BRDA:102,2,0,0
BRDA:102,2,1,0
BRDA:102,3,0,0
BRDA:102,3,1,0
BRDA:102,4,0,0
BRDA:102,4,1,0
BRDA:111,5,0,0
BRDA:123,6,0,0
BRF:10
BRH:2
end_of_record
TN:
SF:src/lib/stores/useAuthStore.ts
FN:29,(anonymous_0)
FN:38,(anonymous_1)
FN:38,(anonymous_2)
FN:45,(anonymous_3)
FN:45,(anonymous_4)
FN:53,(anonymous_5)
FN:53,(anonymous_6)
FN:61,(anonymous_7)
FN:61,(anonymous_8)
FN:70,(anonymous_9)
FN:70,(anonymous_10)
FN:76,(anonymous_11)
FN:76,(anonymous_12)
FN:83,(anonymous_13)
FNF:14
FNH:6
FNDA:1,(anonymous_0)
FNDA:0,(anonymous_1)
FNDA:0,(anonymous_2)
FNDA:2,(anonymous_3)
FNDA:2,(anonymous_4)
FNDA:0,(anonymous_5)
FNDA:0,(anonymous_6)
FNDA:1,(anonymous_7)
FNDA:1,(anonymous_8)
FNDA:0,(anonymous_9)
FNDA:0,(anonymous_10)
FNDA:0,(anonymous_11)
FNDA:0,(anonymous_12)
FNDA:3,(anonymous_13)
DA:1,1
DA:2,1
DA:3,1
DA:27,1
DA:29,1
DA:38,0
DA:39,0
DA:40,0
DA:41,0
DA:45,2
DA:46,2
DA:47,2
DA:48,2
DA:49,2
DA:53,0
DA:54,0
DA:55,0
DA:56,0
DA:57,0
DA:61,1
DA:62,1
DA:63,1
DA:64,1
DA:65,1
DA:66,1
DA:70,0
DA:71,0
DA:72,0
DA:76,0
DA:77,0
DA:78,0
DA:83,3
LF:32
LH:17
BRF:0
BRH:0
end_of_record
TN:
SF:src/lib/stores/useMatchStore.ts
FN:50,(anonymous_0)
FN:67,(anonymous_1)
FN:67,(anonymous_2)
FN:73,(anonymous_3)
FN:73,(anonymous_4)
FN:79,(anonymous_5)
FN:79,(anonymous_6)
FN:85,(anonymous_7)
FN:85,(anonymous_8)
FN:91,(anonymous_9)
FN:91,(anonymous_10)
FN:97,(anonymous_11)
FN:97,(anonymous_12)
FN:98,(anonymous_13)
FN:106,(anonymous_14)
FN:106,(anonymous_15)
FN:107,(anonymous_16)
FN:112,(anonymous_17)
FN:112,(anonymous_18)
FN:118,(anonymous_19)
FN:118,(anonymous_20)
FN:124,(anonymous_21)
FN:124,(anonymous_22)
FN:136,(anonymous_23)
FN:136,(anonymous_24)
FNF:25
FNH:9
FNDA:1,(anonymous_0)
FNDA:1,(anonymous_1)
FNDA:1,(anonymous_2)
FNDA:0,(anonymous_3)
FNDA:0,(anonymous_4)
FNDA:0,(anonymous_5)
FNDA:0,(anonymous_6)
FNDA:0,(anonymous_7)
FNDA:0,(anonymous_8)
FNDA:0,(anonymous_9)
FNDA:0,(anonymous_10)
FNDA:0,(anonymous_11)
FNDA:0,(anonymous_12)
FNDA:0,(anonymous_13)
FNDA:0,(anonymous_14)
FNDA:0,(anonymous_15)
FNDA:0,(anonymous_16)
FNDA:0,(anonymous_17)
FNDA:0,(anonymous_18)
FNDA:1,(anonymous_19)
FNDA:1,(anonymous_20)
FNDA:3,(anonymous_21)
FNDA:3,(anonymous_22)
FNDA:1,(anonymous_23)
FNDA:1,(anonymous_24)
DA:1,1
DA:2,1
DA:49,1
DA:50,1
DA:67,1
DA:68,1
DA:69,1
DA:73,0
DA:74,0
DA:75,0
DA:79,0
DA:80,0
DA:81,0
DA:85,0
DA:86,0
DA:87,0
DA:91,0
DA:92,0
DA:93,0
DA:97,0
DA:98,0
DA:99,0
DA:100,0
DA:102,0
DA:106,0
DA:107,0
DA:108,0
DA:112,0
DA:113,0
DA:114,0
DA:118,1
DA:119,1
DA:120,1
DA:124,3
DA:125,3
DA:126,1
DA:127,2
DA:128,1
DA:129,1
DA:130,1
DA:132,3
DA:136,1
DA:137,1
DA:142,1
LF:44
LH:21
BRDA:99,0,0,0
BRDA:125,1,0,1
BRDA:125,1,1,2
BRDA:127,2,0,1
BRDA:127,2,1,1
BRDA:129,3,0,1
BRF:6
BRH:5
end_of_record
TN:
SF:src/lib/stores/useUIStore.ts
FN:48,(anonymous_0)
FN:56,(anonymous_1)
FN:56,(anonymous_2)
FN:63,(anonymous_3)
FN:63,(anonymous_4)
FN:64,(anonymous_5)
FN:69,(anonymous_6)
FN:69,(anonymous_7)
FN:75,(anonymous_8)
FN:75,(anonymous_9)
FN:81,(anonymous_10)
FN:81,(anonymous_11)
FN:87,(anonymous_12)
FN:87,(anonymous_13)
FN:93,(anonymous_14)
FN:93,(anonymous_15)
FN:99,(anonymous_16)
FN:99,(anonymous_17)
FNF:18
FNH:10
FNDA:1,(anonymous_0)
FNDA:1,(anonymous_1)
FNDA:1,(anonymous_2)
FNDA:1,(anonymous_3)
FNDA:1,(anonymous_4)
FNDA:1,(anonymous_5)
FNDA:0,(anonymous_6)
FNDA:0,(anonymous_7)
FNDA:1,(anonymous_8)
FNDA:1,(anonymous_9)
FNDA:1,(anonymous_10)
FNDA:1,(anonymous_11)
FNDA:0,(anonymous_12)
FNDA:0,(anonymous_13)
FNDA:0,(anonymous_14)
FNDA:0,(anonymous_15)
FNDA:0,(anonymous_16)
FNDA:0,(anonymous_17)
DA:1,1
DA:2,1
DA:47,1
DA:48,1
DA:56,1
DA:57,1
DA:58,1
DA:59,1
DA:63,1
DA:64,1
DA:65,1
DA:69,0
DA:70,0
DA:71,0
DA:75,1
DA:76,1
DA:77,1
DA:81,1
DA:82,1
DA:83,1
DA:87,0
DA:88,0
DA:89,0
DA:93,0
DA:94,0
DA:95,0
DA:99,0
DA:100,0
DA:101,0
LF:29
LH:17
BRDA:75,0,0,0
BRF:1
BRH:0
end_of_record
TN:
SF:src/providers/CommandPalette.tsx
FN:26,useActions
FN:38,(anonymous_1)
FN:46,(anonymous_2)
FN:54,(anonymous_3)
FN:62,(anonymous_4)
FN:70,(anonymous_5)
FN:78,(anonymous_6)
FN:86,(anonymous_7)
FN:94,(anonymous_8)
FN:110,(anonymous_9)
FN:120,(anonymous_10)
FN:130,(anonymous_11)
FN:140,RenderResults
FN:146,(anonymous_13)
FN:171,(anonymous_14)
FN:187,CommandPalette
FN:191,(anonymous_16)
FN:192,(anonymous_17)
FN:193,(anonymous_18)
FN:200,(anonymous_19)
FN:249,useCommandPalette
FN:250,(anonymous_21)
FN:260,triggerCommandPalette
FNF:23
FNH:0
FNDA:0,useActions
FNDA:0,(anonymous_1)
FNDA:0,(anonymous_2)
FNDA:0,(anonymous_3)
FNDA:0,(anonymous_4)
FNDA:0,(anonymous_5)
FNDA:0,(anonymous_6)
FNDA:0,(anonymous_7)
FNDA:0,(anonymous_8)
FNDA:0,(anonymous_9)
FNDA:0,(anonymous_10)
FNDA:0,(anonymous_11)
FNDA:0,RenderResults
FNDA:0,(anonymous_13)
FNDA:0,(anonymous_14)
FNDA:0,CommandPalette
FNDA:0,(anonymous_16)
FNDA:0,(anonymous_17)
FNDA:0,(anonymous_18)
FNDA:0,(anonymous_19)
FNDA:0,useCommandPalette
FNDA:0,(anonymous_21)
FNDA:0,triggerCommandPalette
DA:3,1
DA:4,1
DA:5,1
DA:6,1
DA:7,1
DA:27,0
DA:28,0
DA:30,0
DA:38,0
DA:46,0
DA:54,0
DA:62,0
DA:70,0
DA:78,0
DA:86,0
DA:96,0
DA:97,0
DA:98,0
DA:110,0
DA:120,0
DA:132,0
DA:141,0
DA:143,0
DA:147,0
DA:172,0
DA:187,1
DA:188,0
DA:191,0
DA:192,0
DA:193,0
DA:194,0
DA:195,0
DA:199,0
DA:200,0
DA:203,0
DA:249,1
DA:250,0
DA:253,0
DA:256,0
DA:260,1
DA:263,0
LF:41
LH:8
BRDA:97,0,0,0
BRDA:109,1,0,0
BRDA:109,1,1,0
BRDA:110,2,0,0
BRDA:110,2,1,0
BRDA:149,3,0,0
BRDA:149,3,1,0
BRDA:155,4,0,0
BRDA:155,4,1,0
BRDA:163,5,0,0
BRDA:163,5,1,0
BRDA:169,6,0,0
BRDA:169,6,1,0
BRDA:194,7,0,0
BRF:14
BRH:0
end_of_record
TN:
SF:src/services/NotificationService.ts
FN:58,(anonymous_9)
FN:65,(anonymous_10)
FN:92,(anonymous_11)
FN:98,(anonymous_12)
FN:106,(anonymous_13)
FN:110,(anonymous_14)
FN:129,(anonymous_15)
FN:130,(anonymous_16)
FN:135,(anonymous_17)
FN:140,(anonymous_18)
FN:164,(anonymous_19)
FN:192,(anonymous_20)
FN:207,(anonymous_21)
FN:230,(anonymous_22)
FN:237,(anonymous_23)
FN:248,(anonymous_24)
FN:282,(anonymous_25)
FN:294,(anonymous_26)
FN:298,(anonymous_27)
FN:303,(anonymous_28)
FN:317,(anonymous_29)
FN:322,(anonymous_30)
FN:331,(anonymous_31)
FN:343,(anonymous_32)
FN:347,(anonymous_33)
FN:362,(anonymous_34)
FN:377,(anonymous_35)
FN:391,(anonymous_36)
FN:404,(anonymous_37)
FN:418,(anonymous_38)
FN:424,(anonymous_39)
FN:426,(anonymous_40)
FN:427,(anonymous_41)
FN:441,(anonymous_42)
FN:443,(anonymous_43)
FN:451,(anonymous_44)
FNF:36
FNH:3
FNDA:1,(anonymous_9)
FNDA:1,(anonymous_10)
FNDA:0,(anonymous_11)
FNDA:0,(anonymous_12)
FNDA:1,(anonymous_13)
FNDA:0,(anonymous_14)
FNDA:0,(anonymous_15)
FNDA:0,(anonymous_16)
FNDA:0,(anonymous_17)
FNDA:0,(anonymous_18)
FNDA:0,(anonymous_19)
FNDA:0,(anonymous_20)
FNDA:0,(anonymous_21)
FNDA:0,(anonymous_22)
FNDA:0,(anonymous_23)
FNDA:0,(anonymous_24)
FNDA:0,(anonymous_25)
FNDA:0,(anonymous_26)
FNDA:0,(anonymous_27)
FNDA:0,(anonymous_28)
FNDA:0,(anonymous_29)
FNDA:0,(anonymous_30)
FNDA:0,(anonymous_31)
FNDA:0,(anonymous_32)
FNDA:0,(anonymous_33)
FNDA:0,(anonymous_34)
FNDA:0,(anonymous_35)
FNDA:0,(anonymous_36)
FNDA:0,(anonymous_37)
FNDA:0,(anonymous_38)
FNDA:0,(anonymous_39)
FNDA:0,(anonymous_40)
FNDA:0,(anonymous_41)
FNDA:0,(anonymous_42)
FNDA:0,(anonymous_43)
FNDA:0,(anonymous_44)
DA:6,1
DA:44,1
DA:45,1
DA:46,1
DA:47,1
DA:48,1
DA:55,1
DA:56,1
DA:59,1
DA:60,1
DA:61,1
DA:66,1
DA:68,1
DA:69,1
DA:70,1
DA:74,0
DA:75,0
DA:79,0
DA:82,0
DA:83,0
DA:84,0
DA:85,0
DA:88,0
DA:93,0
DA:94,0
DA:95,0
DA:98,0
DA:99,0
DA:102,0
DA:107,1
DA:110,0
DA:111,0
DA:113,0
DA:115,0
DA:116,0
DA:118,0
DA:119,0
DA:121,0
DA:122,0
DA:124,0
DA:130,0
DA:131,0
DA:132,0
DA:135,0
DA:136,0
DA:141,0
DA:142,0
DA:145,0
DA:146,0
DA:149,0
DA:150,0
DA:151,0
DA:154,0
DA:155,0
DA:156,0
DA:157,0
DA:159,0
DA:160,0
DA:165,0
DA:167,0
DA:169,0
DA:170,0
DA:171,0
DA:172,0
DA:175,0
DA:178,0
DA:184,0
DA:186,0
DA:188,0
DA:193,0
DA:194,0
DA:198,0
DA:199,0
DA:201,0
DA:202,0
DA:204,0
DA:208,0
DA:209,0
DA:222,0
DA:223,0
DA:226,0
DA:231,0
DA:232,0
DA:233,0
DA:234,0
DA:238,0
DA:250,0
DA:253,0
DA:254,0
DA:255,0
DA:256,0
DA:260,0
DA:261,0
DA:262,0
DA:265,0
DA:266,0
DA:268,0
DA:274,0
DA:277,0
DA:278,0
DA:283,0
DA:292,0
DA:294,0
DA:295,0
DA:298,0
DA:299,0
DA:304,0
DA:305,0
DA:308,0
DA:309,0
DA:310,0
DA:311,0
DA:312,0
DA:313,0
DA:318,0
DA:319,0
DA:323,0
DA:324,0
DA:325,0
DA:326,0
DA:332,0
DA:333,0
DA:334,0
DA:335,0
DA:336,0
DA:339,0
DA:344,0
DA:348,0
DA:363,0
DA:378,0
DA:392,0
DA:405,0
DA:420,0
DA:425,0
DA:426,0
DA:427,0
DA:429,0
DA:430,0
DA:431,0
DA:433,0
DA:434,0
DA:437,0
DA:442,0
DA:443,0
DA:444,0
DA:446,0
DA:447,0
DA:452,0
DA:453,0
DA:462,0
DA:468,1
DA:469,1
LF:152
LH:18
BRDA:59,0,0,1
BRDA:68,1,0,1
BRDA:74,2,0,0
BRDA:83,3,0,0
BRDA:107,4,0,1
BRDA:113,5,0,0
BRDA:113,5,1,0
BRDA:113,5,2,0
BRDA:113,5,3,0
BRDA:141,6,0,0
BRDA:145,7,0,0
BRDA:149,8,0,0
BRDA:165,9,0,0
BRDA:170,10,0,0
BRDA:222,11,0,0
BRDA:232,12,0,0
BRDA:233,13,0,0
BRDA:233,14,0,0
BRDA:233,14,1,0
BRDA:253,15,0,0
BRDA:260,16,0,0
BRDA:266,17,0,0
BRDA:266,17,1,0
BRDA:266,18,0,0
BRDA:266,18,1,0
BRDA:285,19,0,0
BRDA:285,19,1,0
BRDA:286,20,0,0
BRDA:286,20,1,0
BRDA:287,21,0,0
BRDA:287,21,1,0
BRDA:289,22,0,0
BRDA:289,22,1,0
BRDA:308,23,0,0
BRDA:308,23,1,0
BRDA:308,24,0,0
BRDA:308,24,1,0
BRDA:308,25,0,0
BRDA:308,25,1,0
BRDA:310,26,0,0
BRDA:310,26,1,0
BRDA:310,27,0,0
BRDA:310,27,1,0
BRDA:310,28,0,0
BRDA:310,28,1,0
BRDA:312,29,0,0
BRDA:312,30,0,0
BRDA:312,30,1,0
BRDA:312,31,0,0
BRDA:312,31,1,0
BRDA:325,32,0,0
BRDA:333,33,0,0
BRDA:366,34,0,0
BRDA:366,34,1,0
BRDA:381,35,0,0
BRDA:381,35,1,0
BRDA:429,36,0,0
BRDA:431,37,0,0
BRDA:431,37,1,0
BRF:59
BRH:3
end_of_record
TN:
SF:src/services/api.ts
FN:21,(anonymous_0)
FN:52,(anonymous_1)
FN:53,(anonymous_2)
FN:54,(anonymous_3)
FN:67,(anonymous_4)
FN:72,(anonymous_5)
FN:75,(anonymous_6)
FN:85,(anonymous_7)
FN:89,(anonymous_8)
FN:97,(anonymous_9)
FN:109,(anonymous_10)
FN:132,(anonymous_11)
FN:147,(anonymous_12)
FN:157,(anonymous_13)
FN:167,(anonymous_14)
FN:176,(anonymous_15)
FN:181,(anonymous_16)
FN:200,(anonymous_17)
FN:225,(anonymous_18)
FN:240,(anonymous_19)
FN:300,(anonymous_20)
FN:314,(anonymous_21)
FN:323,(anonymous_22)
FN:332,(anonymous_23)
FN:340,(anonymous_24)
FN:347,(anonymous_25)
FN:354,(anonymous_26)
FN:362,(anonymous_27)
FN:366,(anonymous_28)
FN:370,(anonymous_29)
FN:377,(anonymous_30)
FN:384,(anonymous_31)
FN:391,(anonymous_32)
FN:395,(anonymous_33)
FN:399,(anonymous_34)
FN:407,(anonymous_35)
FN:411,(anonymous_36)
FN:419,(anonymous_37)
FN:423,(anonymous_38)
FN:431,(anonymous_39)
FN:437,(anonymous_40)
FN:444,(anonymous_41)
FN:451,(anonymous_42)
FN:456,(anonymous_43)
FN:469,(anonymous_44)
FN:475,(anonymous_45)
FN:481,(anonymous_46)
FN:488,(anonymous_47)
FN:495,(anonymous_48)
FN:502,(anonymous_49)
FN:512,(anonymous_50)
FN:516,(anonymous_51)
FN:520,(anonymous_52)
FN:529,(anonymous_53)
FN:534,(anonymous_54)
FN:538,(anonymous_55)
FN:545,(anonymous_56)
FN:554,(anonymous_57)
FN:561,(anonymous_58)
FN:569,(anonymous_59)
FN:572,(anonymous_60)
FN:579,(anonymous_61)
FN:585,(anonymous_62)
FN:591,(anonymous_63)
FN:601,(anonymous_64)
FN:606,(anonymous_65)
FN:610,(anonymous_66)
FN:620,(anonymous_67)
FN:626,(anonymous_68)
FN:632,(anonymous_69)
FN:636,(anonymous_70)
FNF:71
FNH:4
FNDA:1,(anonymous_0)
FNDA:0,(anonymous_1)
FNDA:0,(anonymous_2)
FNDA:0,(anonymous_3)
FNDA:1,(anonymous_4)
FNDA:1,(anonymous_5)
FNDA:0,(anonymous_6)
FNDA:0,(anonymous_7)
FNDA:0,(anonymous_8)
FNDA:0,(anonymous_9)
FNDA:1,(anonymous_10)
FNDA:0,(anonymous_11)
FNDA:0,(anonymous_12)
FNDA:0,(anonymous_13)
FNDA:0,(anonymous_14)
FNDA:0,(anonymous_15)
FNDA:0,(anonymous_16)
FNDA:0,(anonymous_17)
FNDA:0,(anonymous_18)
FNDA:0,(anonymous_19)
FNDA:0,(anonymous_20)
FNDA:0,(anonymous_21)
FNDA:0,(anonymous_22)
FNDA:0,(anonymous_23)
FNDA:0,(anonymous_24)
FNDA:0,(anonymous_25)
FNDA:0,(anonymous_26)
FNDA:0,(anonymous_27)
FNDA:0,(anonymous_28)
FNDA:0,(anonymous_29)
FNDA:0,(anonymous_30)
FNDA:0,(anonymous_31)
FNDA:0,(anonymous_32)
FNDA:0,(anonymous_33)
FNDA:0,(anonymous_34)
FNDA:0,(anonymous_35)
FNDA:0,(anonymous_36)
FNDA:0,(anonymous_37)
FNDA:0,(anonymous_38)
FNDA:0,(anonymous_39)
FNDA:0,(anonymous_40)
FNDA:0,(anonymous_41)
FNDA:0,(anonymous_42)
FNDA:0,(anonymous_43)
FNDA:0,(anonymous_44)
FNDA:0,(anonymous_45)
FNDA:0,(anonymous_46)
FNDA:0,(anonymous_47)
FNDA:0,(anonymous_48)
FNDA:0,(anonymous_49)
FNDA:0,(anonymous_50)
FNDA:0,(anonymous_51)
FNDA:0,(anonymous_52)
FNDA:0,(anonymous_53)
FNDA:0,(anonymous_54)
FNDA:0,(anonymous_55)
FNDA:0,(anonymous_56)
FNDA:0,(anonymous_57)
FNDA:0,(anonymous_58)
FNDA:0,(anonymous_59)
FNDA:0,(anonymous_60)
FNDA:0,(anonymous_61)
FNDA:0,(anonymous_62)
FNDA:0,(anonymous_63)
FNDA:0,(anonymous_64)
FNDA:0,(anonymous_65)
FNDA:0,(anonymous_66)
FNDA:0,(anonymous_67)
FNDA:0,(anonymous_68)
FNDA:0,(anonymous_69)
FNDA:0,(anonymous_70)
DA:21,1
DA:23,1
DA:24,0
DA:28,1
DA:29,1
DA:33,0
DA:36,1
DA:39,1
DA:40,0
DA:41,0
DA:42,0
DA:43,0
DA:46,0
DA:51,1
DA:52,0
DA:53,0
DA:54,0
DA:61,1
DA:62,1
DA:63,1
DA:64,1
DA:65,1
DA:68,1
DA:69,1
DA:73,1
DA:75,1
DA:76,0
DA:77,0
DA:78,0
DA:79,0
DA:86,0
DA:90,0
DA:98,0
DA:99,0
DA:101,0
DA:102,0
DA:103,0
DA:106,0
DA:110,1
DA:111,1
DA:112,1
DA:115,1
DA:116,1
DA:117,1
DA:118,0
DA:119,0
DA:120,0
DA:122,0
DA:123,0
DA:133,0
DA:134,0
DA:135,0
DA:137,0
DA:139,0
DA:140,0
DA:141,0
DA:142,0
DA:143,0
DA:147,0
DA:148,0
DA:151,0
DA:152,0
DA:154,0
DA:158,0
DA:159,0
DA:160,0
DA:161,0
DA:162,0
DA:163,0
DA:164,0
DA:167,0
DA:168,0
DA:170,0
DA:171,0
DA:173,0
DA:177,0
DA:182,0
DA:183,0
DA:184,0
DA:185,0
DA:186,0
DA:187,0
DA:188,0
DA:190,0
DA:191,0
DA:201,0
DA:203,0
DA:204,0
DA:212,0
DA:213,0
DA:214,0
DA:215,0
DA:216,0
DA:219,0
DA:222,0
DA:231,0
DA:233,0
DA:234,0
DA:237,0
DA:238,0
DA:239,0
DA:240,0
DA:241,0
DA:242,0
DA:245,0
DA:246,0
DA:247,0
DA:251,0
DA:261,0
DA:263,0
DA:264,0
DA:266,0
DA:267,0
DA:269,0
DA:270,0
DA:271,0
DA:274,0
DA:277,0
DA:278,0
DA:279,0
DA:280,0
DA:285,0
DA:292,0
DA:293,0
DA:298,0
DA:299,0
DA:300,0
DA:301,0
DA:304,0
DA:305,0
DA:315,0
DA:319,0
DA:320,0
DA:324,0
DA:328,0
DA:329,0
DA:333,0
DA:334,0
DA:336,0
DA:341,0
DA:348,0
DA:355,0
DA:363,0
DA:367,0
DA:371,0
DA:378,0
DA:385,0
DA:392,0
DA:396,0
DA:400,0
DA:408,0
DA:412,0
DA:420,0
DA:424,0
DA:433,0
DA:438,0
DA:445,0
DA:452,0
DA:457,0
DA:465,1
DA:468,1
DA:470,0
DA:476,0
DA:482,0
DA:489,0
DA:496,0
DA:503,0
DA:511,1
DA:513,0
DA:517,0
DA:521,0
DA:528,1
DA:531,0
DA:535,0
DA:539,0
DA:546,0
DA:553,1
DA:555,0
DA:562,0
DA:563,0
DA:569,0
DA:573,0
DA:580,0
DA:586,0
DA:592,0
DA:600,1
DA:603,0
DA:607,0
DA:614,0
DA:621,0
DA:627,0
DA:633,0
DA:637,0
DA:645,1
DA:676,1
LF:195
LH:30
BRDA:23,0,0,0
BRDA:28,1,0,1
BRDA:39,2,0,0
BRDA:39,3,0,1
BRDA:39,3,1,1
BRDA:42,4,0,0
BRDA:42,5,0,0
BRDA:42,5,1,0
BRDA:73,6,0,0
BRDA:78,7,0,0
BRDA:89,8,0,0
BRDA:99,9,0,0
BRDA:101,10,0,0
BRDA:110,11,0,1
BRDA:111,12,0,1
BRDA:111,12,1,1
BRDA:112,13,0,1
BRDA:112,13,1,1
BRDA:117,14,0,0
BRDA:119,15,0,0
BRDA:119,16,0,0
BRDA:119,16,1,0
BRDA:119,17,0,0
BRDA:119,17,1,0
BRDA:119,18,0,0
BRDA:119,18,1,0
BRDA:122,19,0,0
BRDA:122,20,0,0
BRDA:122,20,1,0
BRDA:122,21,0,0
BRDA:122,21,1,0
BRDA:122,22,0,0
BRDA:122,22,1,0
BRDA:134,23,0,0
BRDA:137,24,0,0
BRDA:141,25,0,0
BRDA:152,26,0,0
BRDA:160,27,0,0
BRDA:182,28,0,0
BRDA:185,29,0,0
BRDA:187,30,0,0
BRDA:187,31,0,0
BRDA:187,31,1,0
BRDA:187,32,0,0
BRDA:187,32,1,0
BRDA:190,33,0,0
BRDA:190,34,0,0
BRDA:190,34,1,0
BRDA:190,35,0,0
BRDA:190,35,1,0
BRDA:201,36,0,0
BRDA:212,37,0,0
BRDA:214,38,0,0
BRDA:214,38,1,0
BRDA:214,39,0,0
BRDA:214,39,1,0
BRDA:214,40,0,0
BRDA:214,40,1,0
BRDA:227,41,0,0
BRDA:228,42,0,0
BRDA:238,43,0,0
BRDA:241,44,0,0
BRDA:241,45,0,0
BRDA:241,45,1,0
BRDA:246,46,0,0
BRDA:255,47,0,0
BRDA:255,47,1,0
BRDA:266,48,0,0
BRDA:267,49,0,0
BRDA:267,50,0,0
BRDA:267,50,1,0
BRDA:270,51,0,0
BRDA:280,52,0,0
BRDA:280,52,1,0
BRDA:295,53,0,0
BRDA:295,53,1,0
BRDA:298,54,0,0
BRDA:308,55,0,0
BRDA:308,55,1,0
BRDA:566,56,0,0
BRDA:566,56,1,0
BRF:81
BRH:8
end_of_record
TN:
SF:src/services/logger.ts
FN:27,(anonymous_0)
FN:33,(anonymous_1)
FN:37,(anonymous_2)
FN:44,(anonymous_3)
FN:55,(anonymous_4)
FN:79,(anonymous_5)
FN:92,(anonymous_6)
FN:96,(anonymous_7)
FN:100,(anonymous_8)
FN:104,(anonymous_9)
FN:109,(anonymous_10)
FN:118,(anonymous_11)
FN:122,(anonymous_12)
FN:130,(anonymous_13)
FN:135,(anonymous_14)
FN:144,(anonymous_15)
FN:149,(anonymous_16)
FN:154,(anonymous_17)
FN:159,(anonymous_18)
FN:169,(anonymous_19)
FN:174,(anonymous_20)
FN:182,(anonymous_21)
FN:190,(anonymous_22)
FN:195,(anonymous_23)
FN:199,(anonymous_24)
FN:204,(anonymous_25)
FN:208,(anonymous_26)
FNF:27
FNH:8
FNDA:4,(anonymous_0)
FNDA:4,(anonymous_1)
FNDA:3,(anonymous_2)
FNDA:3,(anonymous_3)
FNDA:3,(anonymous_4)
FNDA:3,(anonymous_5)
FNDA:0,(anonymous_6)
FNDA:1,(anonymous_7)
FNDA:2,(anonymous_8)
FNDA:0,(anonymous_9)
FNDA:0,(anonymous_10)
FNDA:0,(anonymous_11)
FNDA:0,(anonymous_12)
FNDA:0,(anonymous_13)
FNDA:0,(anonymous_14)
FNDA:0,(anonymous_15)
FNDA:0,(anonymous_16)
FNDA:0,(anonymous_17)
FNDA:0,(anonymous_18)
FNDA:0,(anonymous_19)
FNDA:0,(anonymous_20)
FNDA:0,(anonymous_21)
FNDA:0,(anonymous_22)
FNDA:0,(anonymous_23)
FNDA:0,(anonymous_24)
FNDA:0,(anonymous_25)
FNDA:0,(anonymous_26)
DA:28,4
DA:29,4
DA:30,4
DA:34,4
DA:38,3
DA:39,3
DA:40,3
DA:41,3
DA:45,3
DA:56,3
DA:58,3
DA:61,3
DA:62,0
DA:66,0
DA:67,0
DA:69,0
DA:74,3
DA:75,3
DA:80,3
DA:82,3
DA:84,0
DA:87,0
DA:93,0
DA:97,1
DA:101,2
DA:105,0
DA:110,0
DA:119,0
DA:123,0
DA:131,0
DA:136,0
DA:145,0
DA:150,0
DA:155,0
DA:160,0
DA:170,0
DA:175,0
DA:183,0
DA:191,0
DA:196,0
DA:200,0
DA:205,0
DA:206,0
DA:208,0
DA:209,0
DA:212,0
DA:217,4
DA:220,4
DA:221,4
DA:222,4
LF:50
LH:22
BRDA:28,0,0,0
BRDA:28,0,1,4
BRDA:51,1,0,3
BRDA:51,1,1,0
BRDA:51,2,0,3
BRDA:51,2,1,3
BRDA:56,3,0,0
BRDA:61,4,0,0
BRDA:62,5,0,0
BRDA:62,5,1,0
BRDA:63,6,0,0
BRDA:63,6,1,0
BRDA:64,7,0,0
BRDA:64,7,1,0
BRDA:66,8,0,0
BRDA:66,8,1,0
BRDA:74,9,0,3
BRDA:74,10,0,3
BRDA:74,10,1,3
BRDA:82,11,0,0
BRDA:114,12,0,0
BRDA:114,12,1,0
BRDA:51,13,0,3
BRDA:51,13,1,0
BRF:24
BRH:8
end_of_record
TN:
SF:src/services/socket.ts
FN:25,(anonymous_0)
FN:36,(anonymous_1)
FN:58,(anonymous_2)
FN:66,(anonymous_3)
FN:69,(anonymous_4)
FN:76,(anonymous_5)
FN:87,(anonymous_6)
FN:94,(anonymous_7)
FN:98,(anonymous_8)
FN:102,(anonymous_9)
FN:106,(anonymous_10)
FN:111,(anonymous_11)
FN:115,(anonymous_12)
FN:120,(anonymous_13)
FN:125,(anonymous_14)
FN:130,(anonymous_15)
FN:134,(anonymous_16)
FN:138,(anonymous_17)
FN:142,(anonymous_18)
FN:147,(anonymous_19)
FN:153,(anonymous_20)
FN:164,(anonymous_21)
FN:170,(anonymous_22)
FN:177,(anonymous_23)
FN:192,(anonymous_24)
FN:195,(anonymous_25)
FN:200,(anonymous_26)
FN:206,(anonymous_27)
FN:209,(anonymous_28)
FN:214,(anonymous_29)
FN:220,(anonymous_30)
FN:226,(anonymous_31)
FN:237,(anonymous_32)
FN:243,(anonymous_33)
FN:250,(anonymous_34)
FN:257,(anonymous_35)
FN:263,(anonymous_36)
FN:269,(anonymous_37)
FN:275,(anonymous_38)
FN:282,(anonymous_39)
FN:289,(anonymous_40)
FN:293,(anonymous_41)
FN:297,(anonymous_42)
FN:305,(anonymous_43)
FN:314,(anonymous_44)
FN:322,(anonymous_45)
FNF:46
FNH:0
FNDA:0,(anonymous_0)
FNDA:0,(anonymous_1)
FNDA:0,(anonymous_2)
FNDA:0,(anonymous_3)
FNDA:0,(anonymous_4)
FNDA:0,(anonymous_5)
FNDA:0,(anonymous_6)
FNDA:0,(anonymous_7)
FNDA:0,(anonymous_8)
FNDA:0,(anonymous_9)
FNDA:0,(anonymous_10)
FNDA:0,(anonymous_11)
FNDA:0,(anonymous_12)
FNDA:0,(anonymous_13)
FNDA:0,(anonymous_14)
FNDA:0,(anonymous_15)
FNDA:0,(anonymous_16)
FNDA:0,(anonymous_17)
FNDA:0,(anonymous_18)
FNDA:0,(anonymous_19)
FNDA:0,(anonymous_20)
FNDA:0,(anonymous_21)
FNDA:0,(anonymous_22)
FNDA:0,(anonymous_23)
FNDA:0,(anonymous_24)
FNDA:0,(anonymous_25)
FNDA:0,(anonymous_26)
FNDA:0,(anonymous_27)
FNDA:0,(anonymous_28)
FNDA:0,(anonymous_29)
FNDA:0,(anonymous_30)
FNDA:0,(anonymous_31)
FNDA:0,(anonymous_32)
FNDA:0,(anonymous_33)
FNDA:0,(anonymous_34)
FNDA:0,(anonymous_35)
FNDA:0,(anonymous_36)
FNDA:0,(anonymous_37)
FNDA:0,(anonymous_38)
FNDA:0,(anonymous_39)
FNDA:0,(anonymous_40)
FNDA:0,(anonymous_41)
FNDA:0,(anonymous_42)
FNDA:0,(anonymous_43)
FNDA:0,(anonymous_44)
FNDA:0,(anonymous_45)
DA:6,1
DA:17,0
DA:19,0
DA:20,0
DA:21,0
DA:22,0
DA:23,0
DA:26,0
DA:31,0
DA:32,0
DA:37,0
DA:38,0
DA:41,0
DA:42,0
DA:51,0
DA:53,0
DA:54,0
DA:59,0
DA:60,0
DA:61,0
DA:62,0
DA:67,0
DA:69,0
DA:70,0
DA:71,0
DA:72,0
DA:73,0
DA:76,0
DA:77,0
DA:78,0
DA:79,0
DA:81,0
DA:83,0
DA:87,0
DA:88,0
DA:89,0
DA:90,0
DA:94,0
DA:95,0
DA:98,0
DA:99,0
DA:102,0
DA:103,0
DA:106,0
DA:107,0
DA:111,0
DA:112,0
DA:115,0
DA:116,0
DA:120,0
DA:121,0
DA:125,0
DA:126,0
DA:130,0
DA:131,0
DA:134,0
DA:135,0
DA:138,0
DA:139,0
DA:142,0
DA:143,0
DA:147,0
DA:148,0
DA:149,0
DA:154,0
DA:155,0
DA:156,0
DA:157,0
DA:160,0
DA:161,0
DA:163,0
DA:164,0
DA:165,0
DA:171,0
DA:172,0
DA:174,0
DA:178,0
DA:179,0
DA:180,0
DA:183,0
DA:184,0
DA:185,0
DA:186,0
DA:187,0
DA:193,0
DA:194,0
DA:195,0
DA:201,0
DA:202,0
DA:207,0
DA:208,0
DA:209,0
DA:215,0
DA:216,0
DA:221,0
DA:222,0
DA:227,0
DA:228,0
DA:238,0
DA:239,0
DA:244,0
DA:245,0
DA:251,0
DA:252,0
DA:258,0
DA:259,0
DA:264,0
DA:265,0
DA:270,0
DA:271,0
DA:276,0
DA:277,0
DA:283,0
DA:284,0
DA:290,0
DA:294,0
DA:298,0
DA:299,0
DA:300,0
DA:306,0
DA:307,0
DA:312,1
DA:314,1
DA:315,0
DA:316,0
DA:318,0
DA:319,0
DA:322,1
DA:323,0
DA:326,1
LF:130
LH:5
BRDA:31,0,0,0
BRDA:37,1,0,0
BRDA:37,2,0,0
BRDA:37,2,1,0
BRDA:37,3,0,0
BRDA:37,3,1,0
BRDA:59,4,0,0
BRDA:67,5,0,0
BRDA:81,6,0,0
BRDA:154,7,0,0
BRDA:171,8,0,0
BRDA:178,9,0,0
BRDA:184,10,0,0
BRDA:186,11,0,0
BRDA:194,12,0,0
BRDA:201,13,0,0
BRDA:201,14,0,0
BRDA:201,14,1,0
BRDA:201,15,0,0
BRDA:201,15,1,0
BRDA:208,16,0,0
BRDA:215,17,0,0
BRDA:215,18,0,0
BRDA:215,18,1,0
BRDA:215,19,0,0
BRDA:215,19,1,0
BRDA:221,20,0,0
BRDA:221,21,0,0
BRDA:221,21,1,0
BRDA:221,22,0,0
BRDA:221,22,1,0
BRDA:227,23,0,0
BRDA:227,24,0,0
BRDA:227,24,1,0
BRDA:227,25,0,0
BRDA:227,25,1,0
BRDA:232,26,0,0
BRDA:232,26,1,0
BRDA:238,27,0,0
BRDA:238,28,0,0
BRDA:238,28,1,0
BRDA:238,29,0,0
BRDA:238,29,1,0
BRDA:244,30,0,0
BRDA:244,31,0,0
BRDA:244,31,1,0
BRDA:244,32,0,0
BRDA:244,32,1,0
BRDA:251,33,0,0
BRDA:251,34,0,0
BRDA:251,34,1,0
BRDA:251,35,0,0
BRDA:251,35,1,0
BRDA:258,36,0,0
BRDA:258,37,0,0
BRDA:258,37,1,0
BRDA:258,38,0,0
BRDA:258,38,1,0
BRDA:264,39,0,0
BRDA:264,40,0,0
BRDA:264,40,1,0
BRDA:264,41,0,0
BRDA:264,41,1,0
BRDA:270,42,0,0
BRDA:270,43,0,0
BRDA:270,43,1,0
BRDA:270,44,0,0
BRDA:270,44,1,0
BRDA:276,45,0,0
BRDA:276,46,0,0
BRDA:276,46,1,0
BRDA:276,47,0,0
BRDA:276,47,1,0
BRDA:283,48,0,0
BRDA:283,49,0,0
BRDA:283,49,1,0
BRDA:283,50,0,0
BRDA:283,50,1,0
BRDA:290,51,0,0
BRDA:290,51,1,0
BRDA:290,52,0,0
BRDA:290,52,1,0
BRDA:290,53,0,0
BRDA:290,53,1,0
BRDA:294,54,0,0
BRDA:294,54,1,0
BRDA:294,55,0,0
BRDA:294,55,1,0
BRDA:299,56,0,0
BRDA:299,57,0,0
BRDA:299,57,1,0
BRDA:299,58,0,0
BRDA:299,58,1,0
BRDA:315,59,0,0
BRF:94
BRH:0
end_of_record
