{"numFailedTestSuites":3,"numFailedTests":10,"numPassedTestSuites":7,"numPassedTests":41,"numPendingTestSuites":0,"numPendingTests":0,"numRuntimeErrorTestSuites":0,"numTodoTests":0,"numTotalTestSuites":10,"numTotalTests":51,"openHandles":[],"snapshot":{"added":0,"didUpdate":false,"failure":false,"filesAdded":0,"filesRemoved":0,"filesRemovedList":[],"filesUnmatched":0,"filesUpdated":0,"matched":0,"total":0,"unchecked":0,"uncheckedKeysByFile":[],"unmatched":0,"updated":0},"startTime":1759423099607,"success":false,"testResults":[{"assertionResults":[{"ancestorTitles":["Auth E2E Tests","User Registration Flow"],"duration":639,"failureDetails":[],"failureMessages":[],"fullName":"Auth E2E Tests User Registration Flow should register a new user successfully","invocations":1,"location":null,"numPassingAsserts":5,"retryReasons":[],"status":"passed","title":"should register a new user successfully"},{"ancestorTitles":["Auth E2E Tests","User Registration Flow"],"duration":7,"failureDetails":[],"failureMessages":[],"fullName":"Auth E2E Tests User Registration Flow should not register user with duplicate email","invocations":1,"location":null,"numPassingAsserts":0,"retryReasons":[],"status":"passed","title":"should not register user with duplicate email"},{"ancestorTitles":["Auth E2E Tests","User Registration Flow"],"duration":2,"failureDetails":[],"failureMessages":[],"fullName":"Auth E2E Tests User Registration Flow should not register user with invalid email","invocations":1,"location":null,"numPassingAsserts":1,"retryReasons":[],"status":"passed","title":"should not register user with invalid email"},{"ancestorTitles":["Auth E2E Tests","User Registration Flow"],"duration":2,"failureDetails":[],"failureMessages":[],"fullName":"Auth E2E Tests User Registration Flow should not register user with weak password","invocations":1,"location":null,"numPassingAsserts":1,"retryReasons":[],"status":"passed","title":"should not register user with weak password"},{"ancestorTitles":["Auth E2E Tests","User Login Flow"],"duration":229,"failureDetails":[],"failureMessages":[],"fullName":"Auth E2E Tests User Login Flow should login with correct credentials","invocations":1,"location":null,"numPassingAsserts":4,"retryReasons":[],"status":"passed","title":"should login with correct credentials"},{"ancestorTitles":["Auth E2E Tests","User Login Flow"],"duration":221,"failureDetails":[],"failureMessages":[],"fullName":"Auth E2E Tests User Login Flow should not login with incorrect password","invocations":1,"location":null,"numPassingAsserts":1,"retryReasons":[],"status":"passed","title":"should not login with incorrect password"},{"ancestorTitles":["Auth E2E Tests","User Login Flow"],"duration":2,"failureDetails":[],"failureMessages":[],"fullName":"Auth E2E Tests User Login Flow should not login with non-existent email","invocations":1,"location":null,"numPassingAsserts":1,"retryReasons":[],"status":"passed","title":"should not login with non-existent email"},{"ancestorTitles":["Auth E2E Tests","Protected Routes"],"duration":8,"failureDetails":[{"matcherResult":{"message":"expect(received).toHaveProperty(path)\n\nExpected path: \"_id\"\nReceived path: []\n\nReceived value: {\"user\": {\"__v\": 1, \"_id\": \"68deaa7ec922ee3cf6721283\", \"age\": 35, \"analytics\": {\"lastActive\": \"2025-10-02T16:38:22.981Z\", \"profileViews\": 0, \"totalLikes\": 0, \"totalMatches\": 0, \"totalSwipes\": 0}, \"avatar\": null, \"createdAt\": \"2025-10-02T16:38:22.761Z\", \"dateOfBirth\": \"1990-01-01T00:00:00.000Z\", \"email\": \"protected1759423099996@example.com\", \"firstName\": \"Protected\", \"fullName\": \"Protected User\", \"id\": \"68deaa7ec922ee3cf6721283\", \"isActive\": true, \"isBlocked\": false, \"isEmailVerified\": false, \"isPhoneVerified\": false, \"lastName\": \"User\", \"location\": {\"address\": {\"country\": \"US\"}, \"coordinates\": [0, 0], \"type\": \"Point\"}, \"matches\": [], \"pets\": [], \"preferences\": {\"ageRange\": {\"max\": 20, \"min\": 0}, \"intents\": [], \"maxDistance\": 50, \"notifications\": {\"email\": true, \"matches\": true, \"messages\": true, \"push\": true}, \"species\": []}, \"premium\": {\"features\": {\"advancedFilters\": false, \"boostProfile\": false, \"seeWhoLiked\": false, \"unlimitedLikes\": false}, \"isActive\": false, \"plan\": \"basic\"}, \"swipedPets\": [], \"updatedAt\": \"2025-10-02T16:38:22.981Z\"}}","pass":false}}],"failureMessages":["Error: expect(received).toHaveProperty(path)\n\nExpected path: \"_id\"\nReceived path: []\n\nReceived value: {\"user\": {\"__v\": 1, \"_id\": \"68deaa7ec922ee3cf6721283\", \"age\": 35, \"analytics\": {\"lastActive\": \"2025-10-02T16:38:22.981Z\", \"profileViews\": 0, \"totalLikes\": 0, \"totalMatches\": 0, \"totalSwipes\": 0}, \"avatar\": null, \"createdAt\": \"2025-10-02T16:38:22.761Z\", \"dateOfBirth\": \"1990-01-01T00:00:00.000Z\", \"email\": \"protected1759423099996@example.com\", \"firstName\": \"Protected\", \"fullName\": \"Protected User\", \"id\": \"68deaa7ec922ee3cf6721283\", \"isActive\": true, \"isBlocked\": false, \"isEmailVerified\": false, \"isPhoneVerified\": false, \"lastName\": \"User\", \"location\": {\"address\": {\"country\": \"US\"}, \"coordinates\": [0, 0], \"type\": \"Point\"}, \"matches\": [], \"pets\": [], \"preferences\": {\"ageRange\": {\"max\": 20, \"min\": 0}, \"intents\": [], \"maxDistance\": 50, \"notifications\": {\"email\": true, \"matches\": true, \"messages\": true, \"push\": true}, \"species\": []}, \"premium\": {\"features\": {\"advancedFilters\": false, \"boostProfile\": false, \"seeWhoLiked\": false, \"unlimitedLikes\": false}, \"isActive\": false, \"plan\": \"basic\"}, \"swipedPets\": [], \"updatedAt\": \"2025-10-02T16:38:22.981Z\"}}\n    at Object.toHaveProperty (/Users/elvira/Downloads/pets-pr-1/server/tests/e2e/auth.e2e.test.js:180:34)\n    at processTicksAndRejections (node:internal/process/task_queues:105:5)"],"fullName":"Auth E2E Tests Protected Routes should access /api/auth/me with valid token","invocations":1,"location":null,"numPassingAsserts":1,"retryReasons":[],"status":"failed","title":"should access /api/auth/me with valid token"},{"ancestorTitles":["Auth E2E Tests","Protected Routes"],"duration":1,"failureDetails":[],"failureMessages":[],"fullName":"Auth E2E Tests Protected Routes should not access /api/auth/me without token","invocations":1,"location":null,"numPassingAsserts":0,"retryReasons":[],"status":"passed","title":"should not access /api/auth/me without token"},{"ancestorTitles":["Auth E2E Tests","Protected Routes"],"duration":1,"failureDetails":[],"failureMessages":[],"fullName":"Auth E2E Tests Protected Routes should not access /api/auth/me with invalid token","invocations":1,"location":null,"numPassingAsserts":0,"retryReasons":[],"status":"passed","title":"should not access /api/auth/me with invalid token"},{"ancestorTitles":["Auth E2E Tests","Rate Limiting"],"duration":8,"failureDetails":[],"failureMessages":[],"fullName":"Auth E2E Tests Rate Limiting should block after 5 failed login attempts","invocations":1,"location":null,"numPassingAsserts":1,"retryReasons":[],"status":"passed","title":"should block after 5 failed login attempts"}],"endTime":1759423103425,"message":"  ● Auth E2E Tests › Protected Routes › should access /api/auth/me with valid token\n\n    expect(received).toHaveProperty(path)\n\n    Expected path: \"_id\"\n    Received path: []\n\n    Received value: {\"user\": {\"__v\": 1, \"_id\": \"68deaa7ec922ee3cf6721283\", \"age\": 35, \"analytics\": {\"lastActive\": \"2025-10-02T16:38:22.981Z\", \"profileViews\": 0, \"totalLikes\": 0, \"totalMatches\": 0, \"totalSwipes\": 0}, \"avatar\": null, \"createdAt\": \"2025-10-02T16:38:22.761Z\", \"dateOfBirth\": \"1990-01-01T00:00:00.000Z\", \"email\": \"protected1759423099996@example.com\", \"firstName\": \"Protected\", \"fullName\": \"Protected User\", \"id\": \"68deaa7ec922ee3cf6721283\", \"isActive\": true, \"isBlocked\": false, \"isEmailVerified\": false, \"isPhoneVerified\": false, \"lastName\": \"User\", \"location\": {\"address\": {\"country\": \"US\"}, \"coordinates\": [0, 0], \"type\": \"Point\"}, \"matches\": [], \"pets\": [], \"preferences\": {\"ageRange\": {\"max\": 20, \"min\": 0}, \"intents\": [], \"maxDistance\": 50, \"notifications\": {\"email\": true, \"matches\": true, \"messages\": true, \"push\": true}, \"species\": []}, \"premium\": {\"features\": {\"advancedFilters\": false, \"boostProfile\": false, \"seeWhoLiked\": false, \"unlimitedLikes\": false}, \"isActive\": false, \"plan\": \"basic\"}, \"swipedPets\": [], \"updatedAt\": \"2025-10-02T16:38:22.981Z\"}}\n\n      178 |\n      179 |       expect(response.body.success).toBe(true);\n    > 180 |       expect(response.body.data).toHaveProperty('_id');\n          |                                  ^\n      181 |       expect(response.body.data).toHaveProperty('email');\n      182 |     });\n      183 |\n\n      at Object.toHaveProperty (tests/e2e/auth.e2e.test.js:180:34)\n","name":"/Users/elvira/Downloads/pets-pr-1/server/tests/e2e/auth.e2e.test.js","startTime":1759423099630,"status":"failed","summary":""},{"assertionResults":[{"ancestorTitles":["Pet Swipe E2E Tests","Pet Creation"],"duration":5,"failureDetails":[{}],"failureMessages":["Error: expected 201 \"Created\", got 400 \"Bad Request\"\n    at Object.expect (/Users/elvira/Downloads/pets-pr-1/server/tests/e2e/pet-swipe.e2e.test.js:83:10)\n    at Promise.then.completed (/Users/elvira/Downloads/pets-pr-1/node_modules/.pnpm/jest-circus@29.7.0/node_modules/jest-circus/build/utils.js:298:28)\n    at new Promise (<anonymous>)\n    at callAsyncCircusFn (/Users/elvira/Downloads/pets-pr-1/node_modules/.pnpm/jest-circus@29.7.0/node_modules/jest-circus/build/utils.js:231:10)\n    at _callCircusTest (/Users/elvira/Downloads/pets-pr-1/node_modules/.pnpm/jest-circus@29.7.0/node_modules/jest-circus/build/run.js:316:40)\n    at processTicksAndRejections (node:internal/process/task_queues:105:5)\n    at _runTest (/Users/elvira/Downloads/pets-pr-1/node_modules/.pnpm/jest-circus@29.7.0/node_modules/jest-circus/build/run.js:252:3)\n    at _runTestsForDescribeBlock (/Users/elvira/Downloads/pets-pr-1/node_modules/.pnpm/jest-circus@29.7.0/node_modules/jest-circus/build/run.js:126:9)\n    at _runTestsForDescribeBlock (/Users/elvira/Downloads/pets-pr-1/node_modules/.pnpm/jest-circus@29.7.0/node_modules/jest-circus/build/run.js:121:9)\n    at _runTestsForDescribeBlock (/Users/elvira/Downloads/pets-pr-1/node_modules/.pnpm/jest-circus@29.7.0/node_modules/jest-circus/build/run.js:121:9)\n    at run (/Users/elvira/Downloads/pets-pr-1/node_modules/.pnpm/jest-circus@29.7.0/node_modules/jest-circus/build/run.js:71:3)\n    at runAndTransformResultsToJestFormat (/Users/elvira/Downloads/pets-pr-1/node_modules/.pnpm/jest-circus@29.7.0/node_modules/jest-circus/build/legacy-code-todo-rewrite/jestAdapterInit.js:122:21)\n    at jestAdapter (/Users/elvira/Downloads/pets-pr-1/node_modules/.pnpm/jest-circus@29.7.0/node_modules/jest-circus/build/legacy-code-todo-rewrite/jestAdapter.js:79:19)\n    at runTestInternal (/Users/elvira/Downloads/pets-pr-1/node_modules/.pnpm/jest-runner@29.7.0/node_modules/jest-runner/build/runTest.js:367:16)\n    at runTest (/Users/elvira/Downloads/pets-pr-1/node_modules/.pnpm/jest-runner@29.7.0/node_modules/jest-runner/build/runTest.js:444:34)\n----\n    at Test._assertStatus (/Users/elvira/Downloads/pets-pr-1/node_modules/.pnpm/supertest@7.1.4/node_modules/supertest/lib/test.js:309:14)\n    at /Users/elvira/Downloads/pets-pr-1/node_modules/.pnpm/supertest@7.1.4/node_modules/supertest/lib/test.js:365:13\n    at Test._assertFunction (/Users/elvira/Downloads/pets-pr-1/node_modules/.pnpm/supertest@7.1.4/node_modules/supertest/lib/test.js:342:13)\n    at Test.assert (/Users/elvira/Downloads/pets-pr-1/node_modules/.pnpm/supertest@7.1.4/node_modules/supertest/lib/test.js:195:23)\n    at localAssert (/Users/elvira/Downloads/pets-pr-1/node_modules/.pnpm/supertest@7.1.4/node_modules/supertest/lib/test.js:138:14)\n    at Server.<anonymous> (/Users/elvira/Downloads/pets-pr-1/node_modules/.pnpm/supertest@7.1.4/node_modules/supertest/lib/test.js:152:11)\n    at Object.onceWrapper (node:events:622:28)\n    at Server.emit (node:events:508:28)\n    at emitCloseNT (node:net:2419:8)\n    at processTicksAndRejections (node:internal/process/task_queues:89:21)"],"fullName":"Pet Swipe E2E Tests Pet Creation should create a new pet","invocations":1,"location":null,"numPassingAsserts":0,"retryReasons":[],"status":"failed","title":"should create a new pet"},{"ancestorTitles":["Pet Swipe E2E Tests","Pet Creation"],"duration":1,"failureDetails":[],"failureMessages":[],"fullName":"Pet Swipe E2E Tests Pet Creation should not create pet without authentication","invocations":1,"location":null,"numPassingAsserts":0,"retryReasons":[],"status":"passed","title":"should not create pet without authentication"},{"ancestorTitles":["Pet Swipe E2E Tests","Pet Creation"],"duration":2,"failureDetails":[],"failureMessages":[],"fullName":"Pet Swipe E2E Tests Pet Creation should not create pet with invalid data","invocations":1,"location":null,"numPassingAsserts":1,"retryReasons":[],"status":"passed","title":"should not create pet with invalid data"},{"ancestorTitles":["Pet Swipe E2E Tests","Pet Listing"],"duration":4,"failureDetails":[{}],"failureMessages":["Error: expected 200 \"OK\", got 404 \"Not Found\"\n    at Object.expect (/Users/elvira/Downloads/pets-pr-1/server/tests/e2e/pet-swipe.e2e.test.js:121:10)\n    at Promise.then.completed (/Users/elvira/Downloads/pets-pr-1/node_modules/.pnpm/jest-circus@29.7.0/node_modules/jest-circus/build/utils.js:298:28)\n    at new Promise (<anonymous>)\n    at callAsyncCircusFn (/Users/elvira/Downloads/pets-pr-1/node_modules/.pnpm/jest-circus@29.7.0/node_modules/jest-circus/build/utils.js:231:10)\n    at _callCircusTest (/Users/elvira/Downloads/pets-pr-1/node_modules/.pnpm/jest-circus@29.7.0/node_modules/jest-circus/build/run.js:316:40)\n    at processTicksAndRejections (node:internal/process/task_queues:105:5)\n    at _runTest (/Users/elvira/Downloads/pets-pr-1/node_modules/.pnpm/jest-circus@29.7.0/node_modules/jest-circus/build/run.js:252:3)\n    at _runTestsForDescribeBlock (/Users/elvira/Downloads/pets-pr-1/node_modules/.pnpm/jest-circus@29.7.0/node_modules/jest-circus/build/run.js:126:9)\n    at _runTestsForDescribeBlock (/Users/elvira/Downloads/pets-pr-1/node_modules/.pnpm/jest-circus@29.7.0/node_modules/jest-circus/build/run.js:121:9)\n    at _runTestsForDescribeBlock (/Users/elvira/Downloads/pets-pr-1/node_modules/.pnpm/jest-circus@29.7.0/node_modules/jest-circus/build/run.js:121:9)\n    at run (/Users/elvira/Downloads/pets-pr-1/node_modules/.pnpm/jest-circus@29.7.0/node_modules/jest-circus/build/run.js:71:3)\n    at runAndTransformResultsToJestFormat (/Users/elvira/Downloads/pets-pr-1/node_modules/.pnpm/jest-circus@29.7.0/node_modules/jest-circus/build/legacy-code-todo-rewrite/jestAdapterInit.js:122:21)\n    at jestAdapter (/Users/elvira/Downloads/pets-pr-1/node_modules/.pnpm/jest-circus@29.7.0/node_modules/jest-circus/build/legacy-code-todo-rewrite/jestAdapter.js:79:19)\n    at runTestInternal (/Users/elvira/Downloads/pets-pr-1/node_modules/.pnpm/jest-runner@29.7.0/node_modules/jest-runner/build/runTest.js:367:16)\n    at runTest (/Users/elvira/Downloads/pets-pr-1/node_modules/.pnpm/jest-runner@29.7.0/node_modules/jest-runner/build/runTest.js:444:34)\n----\n    at Test._assertStatus (/Users/elvira/Downloads/pets-pr-1/node_modules/.pnpm/supertest@7.1.4/node_modules/supertest/lib/test.js:309:14)\n    at /Users/elvira/Downloads/pets-pr-1/node_modules/.pnpm/supertest@7.1.4/node_modules/supertest/lib/test.js:365:13\n    at Test._assertFunction (/Users/elvira/Downloads/pets-pr-1/node_modules/.pnpm/supertest@7.1.4/node_modules/supertest/lib/test.js:342:13)\n    at Test.assert (/Users/elvira/Downloads/pets-pr-1/node_modules/.pnpm/supertest@7.1.4/node_modules/supertest/lib/test.js:195:23)\n    at localAssert (/Users/elvira/Downloads/pets-pr-1/node_modules/.pnpm/supertest@7.1.4/node_modules/supertest/lib/test.js:138:14)\n    at Server.<anonymous> (/Users/elvira/Downloads/pets-pr-1/node_modules/.pnpm/supertest@7.1.4/node_modules/supertest/lib/test.js:152:11)\n    at Object.onceWrapper (node:events:622:28)\n    at Server.emit (node:events:508:28)\n    at emitCloseNT (node:net:2419:8)\n    at processTicksAndRejections (node:internal/process/task_queues:89:21)"],"fullName":"Pet Swipe E2E Tests Pet Listing should get list of pets for swiping","invocations":1,"location":null,"numPassingAsserts":0,"retryReasons":[],"status":"failed","title":"should get list of pets for swiping"},{"ancestorTitles":["Pet Swipe E2E Tests","Pet Listing"],"duration":29,"failureDetails":[{}],"failureMessages":["Error: expected 200 \"OK\", got 500 \"Internal Server Error\"\n    at Object.expect (/Users/elvira/Downloads/pets-pr-1/server/tests/e2e/pet-swipe.e2e.test.js:131:10)\n    at Promise.then.completed (/Users/elvira/Downloads/pets-pr-1/node_modules/.pnpm/jest-circus@29.7.0/node_modules/jest-circus/build/utils.js:298:28)\n    at new Promise (<anonymous>)\n    at callAsyncCircusFn (/Users/elvira/Downloads/pets-pr-1/node_modules/.pnpm/jest-circus@29.7.0/node_modules/jest-circus/build/utils.js:231:10)\n    at _callCircusTest (/Users/elvira/Downloads/pets-pr-1/node_modules/.pnpm/jest-circus@29.7.0/node_modules/jest-circus/build/run.js:316:40)\n    at processTicksAndRejections (node:internal/process/task_queues:105:5)\n    at _runTest (/Users/elvira/Downloads/pets-pr-1/node_modules/.pnpm/jest-circus@29.7.0/node_modules/jest-circus/build/run.js:252:3)\n    at _runTestsForDescribeBlock (/Users/elvira/Downloads/pets-pr-1/node_modules/.pnpm/jest-circus@29.7.0/node_modules/jest-circus/build/run.js:126:9)\n    at _runTestsForDescribeBlock (/Users/elvira/Downloads/pets-pr-1/node_modules/.pnpm/jest-circus@29.7.0/node_modules/jest-circus/build/run.js:121:9)\n    at _runTestsForDescribeBlock (/Users/elvira/Downloads/pets-pr-1/node_modules/.pnpm/jest-circus@29.7.0/node_modules/jest-circus/build/run.js:121:9)\n    at run (/Users/elvira/Downloads/pets-pr-1/node_modules/.pnpm/jest-circus@29.7.0/node_modules/jest-circus/build/run.js:71:3)\n    at runAndTransformResultsToJestFormat (/Users/elvira/Downloads/pets-pr-1/node_modules/.pnpm/jest-circus@29.7.0/node_modules/jest-circus/build/legacy-code-todo-rewrite/jestAdapterInit.js:122:21)\n    at jestAdapter (/Users/elvira/Downloads/pets-pr-1/node_modules/.pnpm/jest-circus@29.7.0/node_modules/jest-circus/build/legacy-code-todo-rewrite/jestAdapter.js:79:19)\n    at runTestInternal (/Users/elvira/Downloads/pets-pr-1/node_modules/.pnpm/jest-runner@29.7.0/node_modules/jest-runner/build/runTest.js:367:16)\n    at runTest (/Users/elvira/Downloads/pets-pr-1/node_modules/.pnpm/jest-runner@29.7.0/node_modules/jest-runner/build/runTest.js:444:34)\n----\n    at Test._assertStatus (/Users/elvira/Downloads/pets-pr-1/node_modules/.pnpm/supertest@7.1.4/node_modules/supertest/lib/test.js:309:14)\n    at /Users/elvira/Downloads/pets-pr-1/node_modules/.pnpm/supertest@7.1.4/node_modules/supertest/lib/test.js:365:13\n    at Test._assertFunction (/Users/elvira/Downloads/pets-pr-1/node_modules/.pnpm/supertest@7.1.4/node_modules/supertest/lib/test.js:342:13)\n    at Test.assert (/Users/elvira/Downloads/pets-pr-1/node_modules/.pnpm/supertest@7.1.4/node_modules/supertest/lib/test.js:195:23)\n    at localAssert (/Users/elvira/Downloads/pets-pr-1/node_modules/.pnpm/supertest@7.1.4/node_modules/supertest/lib/test.js:138:14)\n    at Server.<anonymous> (/Users/elvira/Downloads/pets-pr-1/node_modules/.pnpm/supertest@7.1.4/node_modules/supertest/lib/test.js:152:11)\n    at Object.onceWrapper (node:events:622:28)\n    at Server.emit (node:events:508:28)\n    at emitCloseNT (node:net:2419:8)\n    at processTicksAndRejections (node:internal/process/task_queues:89:21)"],"fullName":"Pet Swipe E2E Tests Pet Listing should get single pet by ID","invocations":1,"location":null,"numPassingAsserts":0,"retryReasons":[],"status":"failed","title":"should get single pet by ID"},{"ancestorTitles":["Pet Swipe E2E Tests","Swipe Actions"],"duration":0,"failureDetails":[{}],"failureMessages":["TypeError: Cannot read properties of undefined (reading '_id')\n    at Object._id (/Users/elvira/Downloads/pets-pr-1/server/tests/e2e/pet-swipe.e2e.test.js:175:43)\n    at processTicksAndRejections (node:internal/process/task_queues:105:5)"],"fullName":"Pet Swipe E2E Tests Swipe Actions should record a like swipe","invocations":1,"location":null,"numPassingAsserts":0,"retryReasons":[],"status":"failed","title":"should record a like swipe"},{"ancestorTitles":["Pet Swipe E2E Tests","Swipe Actions"],"duration":0,"failureDetails":[{}],"failureMessages":["TypeError: Cannot read properties of undefined (reading '_id')\n    at Object._id (/Users/elvira/Downloads/pets-pr-1/server/tests/e2e/pet-swipe.e2e.test.js:175:43)\n    at processTicksAndRejections (node:internal/process/task_queues:105:5)"],"fullName":"Pet Swipe E2E Tests Swipe Actions should record a pass swipe","invocations":1,"location":null,"numPassingAsserts":0,"retryReasons":[],"status":"failed","title":"should record a pass swipe"},{"ancestorTitles":["Pet Swipe E2E Tests","Swipe Actions"],"duration":0,"failureDetails":[{}],"failureMessages":["TypeError: Cannot read properties of undefined (reading '_id')\n    at Object._id (/Users/elvira/Downloads/pets-pr-1/server/tests/e2e/pet-swipe.e2e.test.js:175:43)\n    at processTicksAndRejections (node:internal/process/task_queues:105:5)"],"fullName":"Pet Swipe E2E Tests Swipe Actions should create a match when both users like each other","invocations":1,"location":null,"numPassingAsserts":0,"retryReasons":[],"status":"failed","title":"should create a match when both users like each other"},{"ancestorTitles":["Pet Swipe E2E Tests","Matches"],"duration":10,"failureDetails":[{"matcherResult":{"actual":false,"expected":true,"message":"expect(received).toBe(expected) // Object.is equality\n\nExpected: true\nReceived: false","name":"toBe","pass":false}}],"failureMessages":["Error: expect(received).toBe(expected) // Object.is equality\n\nExpected: true\nReceived: false\n    at Object.toBe (/Users/elvira/Downloads/pets-pr-1/server/tests/e2e/pet-swipe.e2e.test.js:236:49)\n    at processTicksAndRejections (node:internal/process/task_queues:105:5)"],"fullName":"Pet Swipe E2E Tests Matches should get list of matches","invocations":1,"location":null,"numPassingAsserts":1,"retryReasons":[],"status":"failed","title":"should get list of matches"},{"ancestorTitles":["Pet Swipe E2E Tests","Matches"],"duration":4,"failureDetails":[{}],"failureMessages":["TypeError: Cannot read properties of undefined (reading '_id')\n    at Object._id (/Users/elvira/Downloads/pets-pr-1/server/tests/e2e/pet-swipe.e2e.test.js:246:52)\n    at processTicksAndRejections (node:internal/process/task_queues:105:5)"],"fullName":"Pet Swipe E2E Tests Matches should get match details","invocations":1,"location":null,"numPassingAsserts":0,"retryReasons":[],"status":"failed","title":"should get match details"}],"endTime":1759423105227,"message":"  ● Pet Swipe E2E Tests › Pet Creation › should create a new pet\n\n    expected 201 \"Created\", got 400 \"Bad Request\"\n\n      81 |           }\n      82 |         })\n    > 83 |         .expect(201);\n         |          ^\n      84 |\n      85 |       expect(response.body.success).toBe(true);\n      86 |       expect(response.body.data).toHaveProperty('_id');\n\n      at Object.expect (tests/e2e/pet-swipe.e2e.test.js:83:10)\n      ----\n      at Test._assertStatus (../node_modules/.pnpm/supertest@7.1.4/node_modules/supertest/lib/test.js:309:14)\n      at ../node_modules/.pnpm/supertest@7.1.4/node_modules/supertest/lib/test.js:365:13\n      at Test._assertFunction (../node_modules/.pnpm/supertest@7.1.4/node_modules/supertest/lib/test.js:342:13)\n      at Test.assert (../node_modules/.pnpm/supertest@7.1.4/node_modules/supertest/lib/test.js:195:23)\n      at localAssert (../node_modules/.pnpm/supertest@7.1.4/node_modules/supertest/lib/test.js:138:14)\n      at Server.<anonymous> (../node_modules/.pnpm/supertest@7.1.4/node_modules/supertest/lib/test.js:152:11)\n\n  ● Pet Swipe E2E Tests › Pet Listing › should get list of pets for swiping\n\n    expected 200 \"OK\", got 404 \"Not Found\"\n\n      119 |         .get('/api/pets')\n      120 |         .set('Authorization', `Bearer ${userToken}`)\n    > 121 |         .expect(200);\n          |          ^\n      122 |\n      123 |       expect(response.body.success).toBe(true);\n      124 |       expect(Array.isArray(response.body.data)).toBe(true);\n\n      at Object.expect (tests/e2e/pet-swipe.e2e.test.js:121:10)\n      ----\n      at Test._assertStatus (../node_modules/.pnpm/supertest@7.1.4/node_modules/supertest/lib/test.js:309:14)\n      at ../node_modules/.pnpm/supertest@7.1.4/node_modules/supertest/lib/test.js:365:13\n      at Test._assertFunction (../node_modules/.pnpm/supertest@7.1.4/node_modules/supertest/lib/test.js:342:13)\n      at Test.assert (../node_modules/.pnpm/supertest@7.1.4/node_modules/supertest/lib/test.js:195:23)\n      at localAssert (../node_modules/.pnpm/supertest@7.1.4/node_modules/supertest/lib/test.js:138:14)\n      at Server.<anonymous> (../node_modules/.pnpm/supertest@7.1.4/node_modules/supertest/lib/test.js:152:11)\n\n  ● Pet Swipe E2E Tests › Pet Listing › should get single pet by ID\n\n    expected 200 \"OK\", got 500 \"Internal Server Error\"\n\n      129 |         .get(`/api/pets/${petId}`)\n      130 |         .set('Authorization', `Bearer ${userToken}`)\n    > 131 |         .expect(200);\n          |          ^\n      132 |\n      133 |       expect(response.body.success).toBe(true);\n      134 |       expect(response.body.data._id).toBe(petId);\n\n      at Object.expect (tests/e2e/pet-swipe.e2e.test.js:131:10)\n      ----\n      at Test._assertStatus (../node_modules/.pnpm/supertest@7.1.4/node_modules/supertest/lib/test.js:309:14)\n      at ../node_modules/.pnpm/supertest@7.1.4/node_modules/supertest/lib/test.js:365:13\n      at Test._assertFunction (../node_modules/.pnpm/supertest@7.1.4/node_modules/supertest/lib/test.js:342:13)\n      at Test.assert (../node_modules/.pnpm/supertest@7.1.4/node_modules/supertest/lib/test.js:195:23)\n      at localAssert (../node_modules/.pnpm/supertest@7.1.4/node_modules/supertest/lib/test.js:138:14)\n      at Server.<anonymous> (../node_modules/.pnpm/supertest@7.1.4/node_modules/supertest/lib/test.js:152:11)\n\n  ● Pet Swipe E2E Tests › Swipe Actions › should record a like swipe\n\n    TypeError: Cannot read properties of undefined (reading '_id')\n\n      173 |         });\n      174 |       \n    > 175 |       secondPetId = petResponse.body.data._id;\n          |                                           ^\n      176 |     });\n      177 |\n      178 |     it('should record a like swipe', async () => {\n\n      at Object._id (tests/e2e/pet-swipe.e2e.test.js:175:43)\n\n  ● Pet Swipe E2E Tests › Swipe Actions › should record a pass swipe\n\n    TypeError: Cannot read properties of undefined (reading '_id')\n\n      173 |         });\n      174 |       \n    > 175 |       secondPetId = petResponse.body.data._id;\n          |                                           ^\n      176 |     });\n      177 |\n      178 |     it('should record a like swipe', async () => {\n\n      at Object._id (tests/e2e/pet-swipe.e2e.test.js:175:43)\n\n  ● Pet Swipe E2E Tests › Swipe Actions › should create a match when both users like each other\n\n    TypeError: Cannot read properties of undefined (reading '_id')\n\n      173 |         });\n      174 |       \n    > 175 |       secondPetId = petResponse.body.data._id;\n          |                                           ^\n      176 |     });\n      177 |\n      178 |     it('should record a like swipe', async () => {\n\n      at Object._id (tests/e2e/pet-swipe.e2e.test.js:175:43)\n\n  ● Pet Swipe E2E Tests › Matches › should get list of matches\n\n    expect(received).toBe(expected) // Object.is equality\n\n    Expected: true\n    Received: false\n\n      234 |\n      235 |       expect(response.body.success).toBe(true);\n    > 236 |       expect(Array.isArray(response.body.data)).toBe(true);\n          |                                                 ^\n      237 |       expect(response.body.data.length).toBeGreaterThan(0);\n      238 |     });\n      239 |\n\n      at Object.toBe (tests/e2e/pet-swipe.e2e.test.js:236:49)\n\n  ● Pet Swipe E2E Tests › Matches › should get match details\n\n    TypeError: Cannot read properties of undefined (reading '_id')\n\n      244 |         .set('Authorization', `Bearer ${userToken}`);\n      245 |\n    > 246 |       const matchId = matchesResponse.body.data[0]._id;\n          |                                                    ^\n      247 |\n      248 |       const response = await request(app)\n      249 |         .get(`/api/matches/${matchId}`)\n\n      at Object._id (tests/e2e/pet-swipe.e2e.test.js:246:52)\n","name":"/Users/elvira/Downloads/pets-pr-1/server/tests/e2e/pet-swipe.e2e.test.js","startTime":1759423103434,"status":"failed","summary":""},{"assertionResults":[{"ancestorTitles":["Premium Routes API Test","POST /api/premium/subscribe"],"duration":6,"failureDetails":[{"matcherResult":{"actual":400,"expected":200,"message":"expect(received).toEqual(expected) // deep equality\n\nExpected: 200\nReceived: 400","name":"toEqual","pass":false}}],"failureMessages":["Error: expect(received).toEqual(expected) // deep equality\n\nExpected: 200\nReceived: 400\n    at Object.toEqual (/Users/elvira/Downloads/pets-pr-1/server/tests/premium.routes.test.js:68:30)\n    at processTicksAndRejections (node:internal/process/task_queues:105:5)"],"fullName":"Premium Routes API Test POST /api/premium/subscribe should create a Stripe checkout session for a subscription","invocations":1,"location":null,"numPassingAsserts":0,"retryReasons":[],"status":"failed","title":"should create a Stripe checkout session for a subscription"},{"ancestorTitles":["Premium Routes API Test","POST /api/premium/cancel"],"duration":11,"failureDetails":[],"failureMessages":[],"fullName":"Premium Routes API Test POST /api/premium/cancel should cancel a user's subscription","invocations":1,"location":null,"numPassingAsserts":4,"retryReasons":[],"status":"passed","title":"should cancel a user's subscription"}],"endTime":1759423106444,"message":"  ● Premium Routes API Test › POST /api/premium/subscribe › should create a Stripe checkout session for a subscription\n\n    expect(received).toEqual(expected) // deep equality\n\n    Expected: 200\n    Received: 400\n\n      66 |         .send({ plan: 'premium', interval: 'month' });\n      67 |\n    > 68 |       expect(res.statusCode).toEqual(200);\n         |                              ^\n      69 |       expect(res.body.success).toBe(true);\n      70 |       expect(res.body.data).toHaveProperty('sessionId');\n      71 |       expect(res.body.data).toHaveProperty('url');\n\n      at Object.toEqual (tests/premium.routes.test.js:68:30)\n","name":"/Users/elvira/Downloads/pets-pr-1/server/tests/premium.routes.test.js","startTime":1759423105231,"status":"failed","summary":""},{"assertionResults":[{"ancestorTitles":["Auth Routes API Test","POST /api/auth/register"],"duration":566,"failureDetails":[],"failureMessages":[],"fullName":"Auth Routes API Test POST /api/auth/register should register a new user and return tokens","invocations":1,"location":null,"numPassingAsserts":6,"retryReasons":[],"status":"passed","title":"should register a new user and return tokens"},{"ancestorTitles":["Auth Routes API Test","POST /api/auth/register"],"duration":519,"failureDetails":[],"failureMessages":[],"fullName":"Auth Routes API Test POST /api/auth/register should fail if user already exists","invocations":1,"location":null,"numPassingAsserts":3,"retryReasons":[],"status":"passed","title":"should fail if user already exists"},{"ancestorTitles":["Auth Routes API Test","POST /api/auth/login"],"duration":480,"failureDetails":[],"failureMessages":[],"fullName":"Auth Routes API Test POST /api/auth/login should log in an existing user and return tokens","invocations":1,"location":null,"numPassingAsserts":5,"retryReasons":[],"status":"passed","title":"should log in an existing user and return tokens"},{"ancestorTitles":["Auth Routes API Test","POST /api/auth/login"],"duration":433,"failureDetails":[],"failureMessages":[],"fullName":"Auth Routes API Test POST /api/auth/login should fail with wrong password","invocations":1,"location":null,"numPassingAsserts":3,"retryReasons":[],"status":"passed","title":"should fail with wrong password"},{"ancestorTitles":["Auth Routes API Test","POST /api/auth/login"],"duration":218,"failureDetails":[],"failureMessages":[],"fullName":"Auth Routes API Test POST /api/auth/login should fail with non-existent email","invocations":1,"location":null,"numPassingAsserts":3,"retryReasons":[],"status":"passed","title":"should fail with non-existent email"}],"endTime":1759423109242,"message":"","name":"/Users/elvira/Downloads/pets-pr-1/server/tests/auth.routes.test.js","startTime":1759423106447,"status":"passed","summary":""},{"assertionResults":[{"ancestorTitles":["User Model Test"],"duration":253,"failureDetails":[],"failureMessages":[],"fullName":"User Model Test should create & save a user successfully","invocations":1,"location":null,"numPassingAsserts":5,"retryReasons":[],"status":"passed","title":"should create & save a user successfully"},{"ancestorTitles":["User Model Test"],"duration":1,"failureDetails":[],"failureMessages":[],"fullName":"User Model Test should fail to create a user without required fields","invocations":1,"location":null,"numPassingAsserts":3,"retryReasons":[],"status":"passed","title":"should fail to create a user without required fields"},{"ancestorTitles":["User Model Test"],"duration":228,"failureDetails":[],"failureMessages":[],"fullName":"User Model Test should hash the password before saving","invocations":1,"location":null,"numPassingAsserts":2,"retryReasons":[],"status":"passed","title":"should hash the password before saving"},{"ancestorTitles":["User Model Test"],"duration":436,"failureDetails":[],"failureMessages":[],"fullName":"User Model Test should correctly compare a valid password","invocations":1,"location":null,"numPassingAsserts":1,"retryReasons":[],"status":"passed","title":"should correctly compare a valid password"},{"ancestorTitles":["User Model Test"],"duration":435,"failureDetails":[],"failureMessages":[],"fullName":"User Model Test should return false for an invalid password","invocations":1,"location":null,"numPassingAsserts":1,"retryReasons":[],"status":"passed","title":"should return false for an invalid password"},{"ancestorTitles":["User Model Test"],"duration":217,"failureDetails":[],"failureMessages":[],"fullName":"User Model Test should calculate the correct age from date of birth","invocations":1,"location":null,"numPassingAsserts":1,"retryReasons":[],"status":"passed","title":"should calculate the correct age from date of birth"}],"endTime":1759423111280,"message":"","name":"/Users/elvira/Downloads/pets-pr-1/server/tests/user.model.test.js","startTime":1759423109245,"status":"passed","summary":""},{"assertionResults":[{"ancestorTitles":["Pet Routes API Test","POST /api/pets"],"duration":29,"failureDetails":[],"failureMessages":[],"fullName":"Pet Routes API Test POST /api/pets should create a new pet for the authenticated user","invocations":1,"location":null,"numPassingAsserts":4,"retryReasons":[],"status":"passed","title":"should create a new pet for the authenticated user"},{"ancestorTitles":["Pet Routes API Test","GET /api/pets/discover"],"duration":229,"failureDetails":[],"failureMessages":[],"fullName":"Pet Routes API Test GET /api/pets/discover should discover pets that do not belong to the current user","invocations":1,"location":null,"numPassingAsserts":4,"retryReasons":[],"status":"passed","title":"should discover pets that do not belong to the current user"},{"ancestorTitles":["Pet Routes API Test","GET /api/pets/discover"],"duration":225,"failureDetails":[],"failureMessages":[],"fullName":"Pet Routes API Test GET /api/pets/discover should filter pets by species","invocations":1,"location":null,"numPassingAsserts":3,"retryReasons":[],"status":"passed","title":"should filter pets by species"}],"endTime":1759423112962,"message":"","name":"/Users/elvira/Downloads/pets-pr-1/server/tests/pet.routes.test.js","startTime":1759423111282,"status":"passed","summary":""},{"assertionResults":[{"ancestorTitles":["Match Routes API Test","GET /api/matches"],"duration":6,"failureDetails":[],"failureMessages":[],"fullName":"Match Routes API Test GET /api/matches should fetch all active matches for the authenticated user","invocations":1,"location":null,"numPassingAsserts":4,"retryReasons":[],"status":"passed","title":"should fetch all active matches for the authenticated user"},{"ancestorTitles":["Match Routes API Test","POST /api/matches/:matchId/messages"],"duration":12,"failureDetails":[],"failureMessages":[],"fullName":"Match Routes API Test POST /api/matches/:matchId/messages should send a message to a match","invocations":1,"location":null,"numPassingAsserts":4,"retryReasons":[],"status":"passed","title":"should send a message to a match"},{"ancestorTitles":["Match Routes API Test","PATCH /api/matches/:matchId/archive"],"duration":5,"failureDetails":[],"failureMessages":[],"fullName":"Match Routes API Test PATCH /api/matches/:matchId/archive should archive a match for the current user","invocations":1,"location":null,"numPassingAsserts":3,"retryReasons":[],"status":"passed","title":"should archive a match for the current user"}],"endTime":1759423114440,"message":"","name":"/Users/elvira/Downloads/pets-pr-1/server/tests/match.routes.test.js","startTime":1759423112967,"status":"passed","summary":""},{"assertionResults":[{"ancestorTitles":["User Routes API Test","GET /api/users/profile"],"duration":3,"failureDetails":[],"failureMessages":[],"fullName":"User Routes API Test GET /api/users/profile should fetch the profile of the authenticated user","invocations":1,"location":null,"numPassingAsserts":4,"retryReasons":[],"status":"passed","title":"should fetch the profile of the authenticated user"},{"ancestorTitles":["User Routes API Test","PUT /api/users/profile"],"duration":21,"failureDetails":[],"failureMessages":[],"fullName":"User Routes API Test PUT /api/users/profile should update the profile of the authenticated user","invocations":1,"location":null,"numPassingAsserts":6,"retryReasons":[],"status":"passed","title":"should update the profile of the authenticated user"},{"ancestorTitles":["User Routes API Test","PUT /api/users/profile"],"duration":5,"failureDetails":[],"failureMessages":[],"fullName":"User Routes API Test PUT /api/users/profile should not allow updating the email or password via the profile route","invocations":1,"location":null,"numPassingAsserts":2,"retryReasons":[],"status":"passed","title":"should not allow updating the email or password via the profile route"}],"endTime":1759423115770,"message":"","name":"/Users/elvira/Downloads/pets-pr-1/server/tests/user.routes.test.js","startTime":1759423114443,"status":"passed","summary":""},{"assertionResults":[{"ancestorTitles":["Match Model Test"],"duration":11,"failureDetails":[],"failureMessages":[],"fullName":"Match Model Test should create & save a match successfully","invocations":1,"location":null,"numPassingAsserts":4,"retryReasons":[],"status":"passed","title":"should create & save a match successfully"},{"ancestorTitles":["Match Model Test"],"duration":10,"failureDetails":[],"failureMessages":[],"fullName":"Match Model Test should add a message to a match","invocations":1,"location":null,"numPassingAsserts":4,"retryReasons":[],"status":"passed","title":"should add a message to a match"},{"ancestorTitles":["Match Model Test"],"duration":6,"failureDetails":[],"failureMessages":[],"fullName":"Match Model Test should mark messages as read","invocations":1,"location":null,"numPassingAsserts":2,"retryReasons":[],"status":"passed","title":"should mark messages as read"},{"ancestorTitles":["Match Model Test"],"duration":3,"failureDetails":[],"failureMessages":[],"fullName":"Match Model Test should toggle archive status for a user","invocations":1,"location":null,"numPassingAsserts":2,"retryReasons":[],"status":"passed","title":"should toggle archive status for a user"}],"endTime":1759423118015,"message":"","name":"/Users/elvira/Downloads/pets-pr-1/server/tests/match.model.test.js","startTime":1759423115774,"status":"passed","summary":""},{"assertionResults":[{"ancestorTitles":["Pet Model Test"],"duration":44,"failureDetails":[],"failureMessages":[],"fullName":"Pet Model Test should create & save a pet successfully","invocations":1,"location":null,"numPassingAsserts":4,"retryReasons":[],"status":"passed","title":"should create & save a pet successfully"},{"ancestorTitles":["Pet Model Test"],"duration":2,"failureDetails":[],"failureMessages":[],"fullName":"Pet Model Test should fail to create a pet without required fields","invocations":1,"location":null,"numPassingAsserts":4,"retryReasons":[],"status":"passed","title":"should fail to create a pet without required fields"},{"ancestorTitles":["Pet Model Test"],"duration":1,"failureDetails":[],"failureMessages":[],"fullName":"Pet Model Test should enforce enum values for fields like species and gender","invocations":1,"location":null,"numPassingAsserts":3,"retryReasons":[],"status":"passed","title":"should enforce enum values for fields like species and gender"},{"ancestorTitles":["Pet Model Test"],"duration":2,"failureDetails":[],"failureMessages":[],"fullName":"Pet Model Test should correctly update analytics when instance method is called","invocations":1,"location":null,"numPassingAsserts":4,"retryReasons":[],"status":"passed","title":"should correctly update analytics when instance method is called"}],"endTime":1759423118820,"message":"","name":"/Users/elvira/Downloads/pets-pr-1/server/tests/pet.model.test.js","startTime":1759423118019,"status":"passed","summary":""}],"wasInterrupted":false}
