{"/home/ben/datapartition_backup/Downloads/pawfectmatch-premium/server/server.js": {"path":"/home/ben/datapartition_backup/Downloads/pawfectmatch-premium/server/server.js","statementMap":{"0":{"start":{"line":1,"column":25},"end":{"line":1,"column":40}},"1":{"start":{"line":2,"column":13},"end":{"line":2,"column":28}},"2":{"start":{"line":4,"column":20},"end":{"line":4,"column":42}},"3":{"start":{"line":5,"column":13},"end":{"line":5,"column":28}},"4":{"start":{"line":6,"column":16},"end":{"line":6,"column":34}},"5":{"start":{"line":7,"column":18},"end":{"line":7,"column":47}},"6":{"start":{"line":8,"column":15},"end":{"line":8,"column":32}},"7":{"start":{"line":9,"column":17},"end":{"line":9,"column":36}},"8":{"start":{"line":10,"column":15},"end":{"line":10,"column":32}},"9":{"start":{"line":11,"column":15},"end":{"line":11,"column":32}},"10":{"start":{"line":12,"column":19},"end":{"line":12,"column":39}},"11":{"start":{"line":16,"column":0},"end":{"line":20,"column":1}},"12":{"start":{"line":17,"column":2},"end":{"line":17,"column":79}},"13":{"start":{"line":19,"column":2},"end":{"line":19,"column":29}},"14":{"start":{"line":23,"column":0},"end":{"line":23,"column":37}},"15":{"start":{"line":26,"column":55},"end":{"line":26,"column":89}},"16":{"start":{"line":27,"column":0},"end":{"line":27,"column":24}},"17":{"start":{"line":35,"column":4},"end":{"line":35,"column":34}},"18":{"start":{"line":36,"column":15},"end":{"line":36,"column":44}},"19":{"start":{"line":40,"column":12},"end":{"line":40,"column":21}},"20":{"start":{"line":52,"column":19},"end":{"line":52,"column":47}},"21":{"start":{"line":53,"column":19},"end":{"line":53,"column":48}},"22":{"start":{"line":54,"column":18},"end":{"line":54,"column":46}},"23":{"start":{"line":55,"column":20},"end":{"line":55,"column":51}},"24":{"start":{"line":56,"column":19},"end":{"line":56,"column":47}},"25":{"start":{"line":57,"column":17},"end":{"line":57,"column":43}},"26":{"start":{"line":58,"column":22},"end":{"line":58,"column":53}},"27":{"start":{"line":59,"column":20},"end":{"line":59,"column":50}},"28":{"start":{"line":60,"column":20},"end":{"line":60,"column":49}},"29":{"start":{"line":61,"column":28},"end":{"line":61,"column":66}},"30":{"start":{"line":62,"column":22},"end":{"line":62,"column":53}},"31":{"start":{"line":63,"column":20},"end":{"line":63,"column":49}},"32":{"start":{"line":66,"column":21},"end":{"line":66,"column":61}},"33":{"start":{"line":67,"column":30},"end":{"line":67,"column":62}},"34":{"start":{"line":69,"column":19},"end":{"line":69,"column":36}},"35":{"start":{"line":72,"column":11},"end":{"line":78,"column":2}},"36":{"start":{"line":81,"column":0},"end":{"line":105,"column":4}},"37":{"start":{"line":108,"column":0},"end":{"line":116,"column":3}},"38":{"start":{"line":109,"column":2},"end":{"line":109,"column":43}},"39":{"start":{"line":110,"column":2},"end":{"line":110,"column":53}},"40":{"start":{"line":111,"column":2},"end":{"line":111,"column":53}},"41":{"start":{"line":112,"column":2},"end":{"line":112,"column":98}},"42":{"start":{"line":113,"column":2},"end":{"line":113,"column":61}},"43":{"start":{"line":114,"column":2},"end":{"line":114,"column":63}},"44":{"start":{"line":115,"column":2},"end":{"line":115,"column":9}},"45":{"start":{"line":119,"column":18},"end":{"line":119,"column":49}},"46":{"start":{"line":120,"column":15},"end":{"line":120,"column":52}},"47":{"start":{"line":121,"column":19},"end":{"line":121,"column":40}},"48":{"start":{"line":123,"column":20},"end":{"line":140,"column":2}},"49":{"start":{"line":130,"column":4},"end":{"line":133,"column":7}},"50":{"start":{"line":134,"column":4},"end":{"line":138,"column":7}},"51":{"start":{"line":142,"column":19},"end":{"line":162,"column":2}},"52":{"start":{"line":148,"column":17},"end":{"line":148,"column":69}},"53":{"start":{"line":151,"column":4},"end":{"line":155,"column":7}},"54":{"start":{"line":156,"column":4},"end":{"line":160,"column":7}},"55":{"start":{"line":165,"column":0},"end":{"line":170,"column":1}},"56":{"start":{"line":166,"column":2},"end":{"line":166,"column":36}},"57":{"start":{"line":167,"column":2},"end":{"line":169,"column":3}},"58":{"start":{"line":168,"column":4},"end":{"line":168,"column":33}},"59":{"start":{"line":173,"column":26},"end":{"line":180,"column":1}},"60":{"start":{"line":183,"column":27},"end":{"line":185,"column":6}},"61":{"start":{"line":184,"column":52},"end":{"line":184,"column":60}},"62":{"start":{"line":187,"column":0},"end":{"line":222,"column":4}},"63":{"start":{"line":190,"column":4},"end":{"line":190,"column":45}},"64":{"start":{"line":190,"column":17},"end":{"line":190,"column":45}},"65":{"start":{"line":193,"column":4},"end":{"line":197,"column":5}},"66":{"start":{"line":194,"column":6},"end":{"line":196,"column":7}},"67":{"start":{"line":195,"column":8},"end":{"line":195,"column":36}},"68":{"start":{"line":200,"column":4},"end":{"line":200,"column":72}},"69":{"start":{"line":200,"column":44},"end":{"line":200,"column":72}},"70":{"start":{"line":201,"column":4},"end":{"line":203,"column":5}},"71":{"start":{"line":202,"column":6},"end":{"line":202,"column":34}},"72":{"start":{"line":206,"column":4},"end":{"line":212,"column":5}},"73":{"start":{"line":207,"column":6},"end":{"line":209,"column":7}},"74":{"start":{"line":208,"column":8},"end":{"line":208,"column":36}},"75":{"start":{"line":210,"column":6},"end":{"line":210,"column":52}},"76":{"start":{"line":211,"column":6},"end":{"line":211,"column":56}},"77":{"start":{"line":215,"column":4},"end":{"line":215,"column":32}},"78":{"start":{"line":225,"column":0},"end":{"line":225,"column":23}},"79":{"start":{"line":226,"column":0},"end":{"line":226,"column":41}},"80":{"start":{"line":227,"column":0},"end":{"line":227,"column":63}},"81":{"start":{"line":230,"column":51},"end":{"line":230,"column":94}},"82":{"start":{"line":231,"column":0},"end":{"line":231,"column":29}},"83":{"start":{"line":232,"column":0},"end":{"line":232,"column":27}},"84":{"start":{"line":235,"column":0},"end":{"line":235,"column":28}},"85":{"start":{"line":238,"column":34},"end":{"line":238,"column":63}},"86":{"start":{"line":241,"column":27},"end":{"line":241,"column":59}},"87":{"start":{"line":244,"column":21},"end":{"line":244,"column":51}},"88":{"start":{"line":245,"column":0},"end":{"line":245,"column":33}},"89":{"start":{"line":246,"column":0},"end":{"line":246,"column":37}},"90":{"start":{"line":249,"column":50},"end":{"line":249,"column":85}},"91":{"start":{"line":252,"column":0},"end":{"line":252,"column":39}},"92":{"start":{"line":253,"column":0},"end":{"line":253,"column":44}},"93":{"start":{"line":256,"column":0},"end":{"line":256,"column":33}},"94":{"start":{"line":257,"column":0},"end":{"line":257,"column":53}},"95":{"start":{"line":258,"column":0},"end":{"line":258,"column":67}},"96":{"start":{"line":259,"column":0},"end":{"line":259,"column":56}},"97":{"start":{"line":260,"column":0},"end":{"line":260,"column":52}},"98":{"start":{"line":261,"column":0},"end":{"line":261,"column":48}},"99":{"start":{"line":262,"column":0},"end":{"line":262,"column":58}},"100":{"start":{"line":263,"column":0},"end":{"line":263,"column":54}},"101":{"start":{"line":264,"column":0},"end":{"line":264,"column":39}},"102":{"start":{"line":265,"column":0},"end":{"line":265,"column":35}},"103":{"start":{"line":268,"column":31},"end":{"line":268,"column":74}},"104":{"start":{"line":270,"column":15},"end":{"line":282,"column":2}},"105":{"start":{"line":276,"column":4},"end":{"line":280,"column":5}},"106":{"start":{"line":277,"column":6},"end":{"line":277,"column":21}},"107":{"start":{"line":279,"column":6},"end":{"line":279,"column":59}},"108":{"start":{"line":284,"column":0},"end":{"line":304,"column":3}},"109":{"start":{"line":285,"column":2},"end":{"line":303,"column":3}},"110":{"start":{"line":286,"column":4},"end":{"line":288,"column":5}},"111":{"start":{"line":287,"column":6},"end":{"line":287,"column":89}},"112":{"start":{"line":290,"column":19},"end":{"line":290,"column":75}},"113":{"start":{"line":292,"column":4},"end":{"line":299,"column":7}},"114":{"start":{"line":301,"column":4},"end":{"line":301,"column":42}},"115":{"start":{"line":302,"column":4},"end":{"line":302,"column":80}},"116":{"start":{"line":307,"column":0},"end":{"line":307,"column":60}},"117":{"start":{"line":310,"column":0},"end":{"line":310,"column":70}},"118":{"start":{"line":313,"column":0},"end":{"line":313,"column":54}},"119":{"start":{"line":316,"column":0},"end":{"line":323,"column":3}},"120":{"start":{"line":317,"column":2},"end":{"line":322,"column":5}},"121":{"start":{"line":326,"column":19},"end":{"line":326,"column":55}},"122":{"start":{"line":327,"column":0},"end":{"line":327,"column":15}},"123":{"start":{"line":330,"column":20},"end":{"line":330,"column":50}},"124":{"start":{"line":331,"column":0},"end":{"line":331,"column":16}},"125":{"start":{"line":334,"column":0},"end":{"line":339,"column":1}},"126":{"start":{"line":335,"column":28},"end":{"line":335,"column":64}},"127":{"start":{"line":336,"column":2},"end":{"line":336,"column":24}},"128":{"start":{"line":338,"column":2},"end":{"line":338,"column":74}},"129":{"start":{"line":342,"column":0},"end":{"line":351,"column":1}},"130":{"start":{"line":343,"column":23},"end":{"line":343,"column":54}},"131":{"start":{"line":344,"column":24},"end":{"line":344,"column":40}},"132":{"start":{"line":345,"column":2},"end":{"line":345,"column":56}},"133":{"start":{"line":348,"column":2},"end":{"line":348,"column":39}},"134":{"start":{"line":350,"column":2},"end":{"line":350,"column":85}},"135":{"start":{"line":354,"column":0},"end":{"line":363,"column":1}},"136":{"start":{"line":355,"column":26},"end":{"line":355,"column":60}},"137":{"start":{"line":356,"column":26},"end":{"line":356,"column":57}},"138":{"start":{"line":357,"column":2},"end":{"line":357,"column":51}},"139":{"start":{"line":360,"column":2},"end":{"line":360,"column":43}},"140":{"start":{"line":362,"column":2},"end":{"line":362,"column":82}},"141":{"start":{"line":366,"column":0},"end":{"line":368,"column":1}},"142":{"start":{"line":371,"column":0},"end":{"line":371,"column":22}},"143":{"start":{"line":374,"column":0},"end":{"line":379,"column":3}},"144":{"start":{"line":375,"column":2},"end":{"line":378,"column":5}},"145":{"start":{"line":382,"column":20},"end":{"line":404,"column":3}},"146":{"start":{"line":384,"column":2},"end":{"line":384,"column":37}},"147":{"start":{"line":387,"column":2},"end":{"line":389,"column":5}},"148":{"start":{"line":388,"column":4},"end":{"line":388,"column":62}},"149":{"start":{"line":391,"column":15},"end":{"line":391,"column":39}},"150":{"start":{"line":393,"column":2},"end":{"line":403,"column":7}},"151":{"start":{"line":395,"column":6},"end":{"line":395,"column":76}},"152":{"start":{"line":396,"column":6},"end":{"line":396,"column":78}},"153":{"start":{"line":397,"column":6},"end":{"line":397,"column":59}},"154":{"start":{"line":398,"column":6},"end":{"line":398,"column":83}},"155":{"start":{"line":401,"column":6},"end":{"line":401,"column":51}},"156":{"start":{"line":402,"column":6},"end":{"line":402,"column":22}},"157":{"start":{"line":407,"column":2},"end":{"line":412,"column":3}},"158":{"start":{"line":408,"column":4},"end":{"line":411,"column":7}},"159":{"start":{"line":409,"column":6},"end":{"line":409,"column":51}},"160":{"start":{"line":410,"column":6},"end":{"line":410,"column":22}},"161":{"start":{"line":415,"column":0},"end":{"line":415,"column":37}}},"fnMap":{"0":{"name":"(anonymous_0)","decl":{"start":{"line":108,"column":8},"end":{"line":108,"column":9}},"loc":{"start":{"line":108,"column":28},"end":{"line":116,"column":1}},"line":108},"1":{"name":"(anonymous_1)","decl":{"start":{"line":129,"column":11},"end":{"line":129,"column":12}},"loc":{"start":{"line":129,"column":25},"end":{"line":139,"column":3}},"line":129},"2":{"name":"(anonymous_2)","decl":{"start":{"line":148,"column":8},"end":{"line":148,"column":9}},"loc":{"start":{"line":148,"column":17},"end":{"line":148,"column":69}},"line":148},"3":{"name":"(anonymous_3)","decl":{"start":{"line":150,"column":11},"end":{"line":150,"column":12}},"loc":{"start":{"line":150,"column":25},"end":{"line":161,"column":3}},"line":150},"4":{"name":"(anonymous_4)","decl":{"start":{"line":184,"column":47},"end":{"line":184,"column":48}},"loc":{"start":{"line":184,"column":52},"end":{"line":184,"column":60}},"line":184},"5":{"name":"(anonymous_5)","decl":{"start":{"line":188,"column":10},"end":{"line":188,"column":11}},"loc":{"start":{"line":188,"column":32},"end":{"line":216,"column":3}},"line":188},"6":{"name":"(anonymous_6)","decl":{"start":{"line":275,"column":14},"end":{"line":275,"column":15}},"loc":{"start":{"line":275,"column":33},"end":{"line":281,"column":3}},"line":275},"7":{"name":"(anonymous_7)","decl":{"start":{"line":284,"column":67},"end":{"line":284,"column":68}},"loc":{"start":{"line":284,"column":87},"end":{"line":304,"column":1}},"line":284},"8":{"name":"(anonymous_8)","decl":{"start":{"line":316,"column":30},"end":{"line":316,"column":31}},"loc":{"start":{"line":316,"column":44},"end":{"line":323,"column":1}},"line":316},"9":{"name":"(anonymous_9)","decl":{"start":{"line":374,"column":8},"end":{"line":374,"column":9}},"loc":{"start":{"line":374,"column":22},"end":{"line":379,"column":1}},"line":374},"10":{"name":"(anonymous_10)","decl":{"start":{"line":382,"column":20},"end":{"line":382,"column":21}},"loc":{"start":{"line":382,"column":32},"end":{"line":404,"column":3}},"line":382},"11":{"name":"(anonymous_11)","decl":{"start":{"line":387,"column":26},"end":{"line":387,"column":27}},"loc":{"start":{"line":387,"column":33},"end":{"line":389,"column":3}},"line":387},"12":{"name":"(anonymous_12)","decl":{"start":{"line":394,"column":18},"end":{"line":394,"column":19}},"loc":{"start":{"line":394,"column":24},"end":{"line":399,"column":5}},"line":394},"13":{"name":"(anonymous_13)","decl":{"start":{"line":400,"column":17},"end":{"line":400,"column":18}},"loc":{"start":{"line":400,"column":26},"end":{"line":403,"column":5}},"line":400},"14":{"name":"(anonymous_14)","decl":{"start":{"line":408,"column":24},"end":{"line":408,"column":25}},"loc":{"start":{"line":408,"column":31},"end":{"line":411,"column":5}},"line":408}},"branchMap":{"0":{"loc":{"start":{"line":16,"column":0},"end":{"line":20,"column":1}},"type":"if","locations":[{"start":{"line":16,"column":0},"end":{"line":20,"column":1}},{"start":{"line":18,"column":7},"end":{"line":20,"column":1}}],"line":16},"1":{"loc":{"start":{"line":74,"column":12},"end":{"line":74,"column":61}},"type":"binary-expr","locations":[{"start":{"line":74,"column":12},"end":{"line":74,"column":34}},{"start":{"line":74,"column":38},"end":{"line":74,"column":61}}],"line":74},"2":{"loc":{"start":{"line":89,"column":29},"end":{"line":89,"column":78}},"type":"binary-expr","locations":[{"start":{"line":89,"column":29},"end":{"line":89,"column":51}},{"start":{"line":89,"column":55},"end":{"line":89,"column":78}}],"line":89},"3":{"loc":{"start":{"line":148,"column":17},"end":{"line":148,"column":69}},"type":"binary-expr","locations":[{"start":{"line":148,"column":17},"end":{"line":148,"column":43}},{"start":{"line":148,"column":47},"end":{"line":148,"column":69}}],"line":148},"4":{"loc":{"start":{"line":165,"column":0},"end":{"line":170,"column":1}},"type":"if","locations":[{"start":{"line":165,"column":0},"end":{"line":170,"column":1}},{"start":{},"end":{}}],"line":165},"5":{"loc":{"start":{"line":167,"column":2},"end":{"line":169,"column":3}},"type":"if","locations":[{"start":{"line":167,"column":2},"end":{"line":169,"column":3}},{"start":{},"end":{}}],"line":167},"6":{"loc":{"start":{"line":174,"column":2},"end":{"line":174,"column":51}},"type":"binary-expr","locations":[{"start":{"line":174,"column":2},"end":{"line":174,"column":24}},{"start":{"line":174,"column":28},"end":{"line":174,"column":51}}],"line":174},"7":{"loc":{"start":{"line":183,"column":27},"end":{"line":185,"column":6}},"type":"cond-expr","locations":[{"start":{"line":184,"column":4},"end":{"line":184,"column":61}},{"start":{"line":185,"column":4},"end":{"line":185,"column":6}}],"line":183},"8":{"loc":{"start":{"line":190,"column":4},"end":{"line":190,"column":45}},"type":"if","locations":[{"start":{"line":190,"column":4},"end":{"line":190,"column":45}},{"start":{},"end":{}}],"line":190},"9":{"loc":{"start":{"line":193,"column":4},"end":{"line":197,"column":5}},"type":"if","locations":[{"start":{"line":193,"column":4},"end":{"line":197,"column":5}},{"start":{},"end":{}}],"line":193},"10":{"loc":{"start":{"line":194,"column":6},"end":{"line":196,"column":7}},"type":"if","locations":[{"start":{"line":194,"column":6},"end":{"line":196,"column":7}},{"start":{},"end":{}}],"line":194},"11":{"loc":{"start":{"line":194,"column":10},"end":{"line":194,"column":70}},"type":"binary-expr","locations":[{"start":{"line":194,"column":10},"end":{"line":194,"column":38}},{"start":{"line":194,"column":42},"end":{"line":194,"column":70}}],"line":194},"12":{"loc":{"start":{"line":200,"column":4},"end":{"line":200,"column":72}},"type":"if","locations":[{"start":{"line":200,"column":4},"end":{"line":200,"column":72}},{"start":{},"end":{}}],"line":200},"13":{"loc":{"start":{"line":201,"column":4},"end":{"line":203,"column":5}},"type":"if","locations":[{"start":{"line":201,"column":4},"end":{"line":203,"column":5}},{"start":{},"end":{}}],"line":201},"14":{"loc":{"start":{"line":201,"column":8},"end":{"line":201,"column":99}},"type":"binary-expr","locations":[{"start":{"line":201,"column":8},"end":{"line":201,"column":50}},{"start":{"line":201,"column":54},"end":{"line":201,"column":99}}],"line":201},"15":{"loc":{"start":{"line":206,"column":4},"end":{"line":212,"column":5}},"type":"if","locations":[{"start":{"line":206,"column":4},"end":{"line":212,"column":5}},{"start":{},"end":{}}],"line":206},"16":{"loc":{"start":{"line":207,"column":6},"end":{"line":209,"column":7}},"type":"if","locations":[{"start":{"line":207,"column":6},"end":{"line":209,"column":7}},{"start":{},"end":{}}],"line":207},"17":{"loc":{"start":{"line":276,"column":4},"end":{"line":280,"column":5}},"type":"if","locations":[{"start":{"line":276,"column":4},"end":{"line":280,"column":5}},{"start":{"line":278,"column":11},"end":{"line":280,"column":5}}],"line":276},"18":{"loc":{"start":{"line":286,"column":4},"end":{"line":288,"column":5}},"type":"if","locations":[{"start":{"line":286,"column":4},"end":{"line":288,"column":5}},{"start":{},"end":{}}],"line":286},"19":{"loc":{"start":{"line":366,"column":0},"end":{"line":368,"column":1}},"type":"if","locations":[{"start":{"line":366,"column":0},"end":{"line":368,"column":1}},{"start":{},"end":{}}],"line":366},"20":{"loc":{"start":{"line":391,"column":15},"end":{"line":391,"column":39}},"type":"binary-expr","locations":[{"start":{"line":391,"column":15},"end":{"line":391,"column":31}},{"start":{"line":391,"column":35},"end":{"line":391,"column":39}}],"line":391},"21":{"loc":{"start":{"line":396,"column":37},"end":{"line":396,"column":74}},"type":"binary-expr","locations":[{"start":{"line":396,"column":37},"end":{"line":396,"column":57}},{"start":{"line":396,"column":61},"end":{"line":396,"column":74}}],"line":396},"22":{"loc":{"start":{"line":407,"column":2},"end":{"line":412,"column":3}},"type":"if","locations":[{"start":{"line":407,"column":2},"end":{"line":412,"column":3}},{"start":{},"end":{}}],"line":407}},"s":{"0":19,"1":19,"2":19,"3":19,"4":19,"5":19,"6":19,"7":19,"8":19,"9":19,"10":19,"11":19,"12":0,"13":19,"14":19,"15":19,"16":19,"17":19,"18":19,"19":19,"20":19,"21":19,"22":19,"23":19,"24":19,"25":19,"26":19,"27":19,"28":19,"29":19,"30":19,"31":19,"32":19,"33":19,"34":19,"35":19,"36":19,"37":19,"38":681,"39":681,"40":681,"41":681,"42":681,"43":681,"44":681,"45":19,"46":19,"47":19,"48":19,"49":0,"50":0,"51":19,"52":0,"53":0,"54":0,"55":19,"56":0,"57":0,"58":0,"59":19,"60":19,"61":0,"62":19,"63":681,"64":681,"65":0,"66":0,"67":0,"68":0,"69":0,"70":0,"71":0,"72":0,"73":0,"74":0,"75":0,"76":0,"77":0,"78":19,"79":19,"80":19,"81":19,"82":19,"83":19,"84":19,"85":19,"86":19,"87":19,"88":19,"89":19,"90":19,"91":19,"92":19,"93":19,"94":19,"95":19,"96":19,"97":19,"98":19,"99":19,"100":19,"101":19,"102":19,"103":19,"104":19,"105":0,"106":0,"107":0,"108":19,"109":0,"110":0,"111":0,"112":0,"113":0,"114":0,"115":0,"116":19,"117":19,"118":19,"119":19,"120":0,"121":19,"122":19,"123":19,"124":19,"125":19,"126":19,"127":19,"128":0,"129":19,"130":19,"131":19,"132":19,"133":19,"134":0,"135":19,"136":19,"137":19,"138":19,"139":19,"140":0,"141":19,"142":19,"143":19,"144":32,"145":19,"146":0,"147":0,"148":0,"149":0,"150":0,"151":0,"152":0,"153":0,"154":0,"155":0,"156":0,"157":19,"158":0,"159":0,"160":0,"161":19},"f":{"0":681,"1":0,"2":0,"3":0,"4":0,"5":681,"6":0,"7":0,"8":0,"9":32,"10":0,"11":0,"12":0,"13":0,"14":0},"b":{"0":[0,19],"1":[19,0],"2":[19,0],"3":[0,0],"4":[0,19],"5":[0,0],"6":[19,0],"7":[0,19],"8":[681,0],"9":[0,0],"10":[0,0],"11":[0,0],"12":[0,0],"13":[0,0],"14":[0,0],"15":[0,0],"16":[0,0],"17":[0,0],"18":[0,0],"19":[0,19],"20":[0,0],"21":[0,0],"22":[0,19]},"_coverageSchema":"1a1c01bbd47fc00a2c39e90264f33305004495a9","hash":"f99fce43de18e4c9691c052394c9221486cfa8f9"}
,"/home/ben/datapartition_backup/Downloads/pawfectmatch-premium/server/src/config/database.js": {"path":"/home/ben/datapartition_backup/Downloads/pawfectmatch-premium/server/src/config/database.js","statementMap":{"0":{"start":{"line":1,"column":17},"end":{"line":1,"column":36}},"1":{"start":{"line":2,"column":15},"end":{"line":2,"column":41}},"2":{"start":{"line":7,"column":4},"end":{"line":7,"column":29}},"3":{"start":{"line":8,"column":4},"end":{"line":8,"column":31}},"4":{"start":{"line":9,"column":4},"end":{"line":9,"column":24}},"5":{"start":{"line":10,"column":4},"end":{"line":10,"column":27}},"6":{"start":{"line":11,"column":4},"end":{"line":11,"column":34}},"7":{"start":{"line":16,"column":4},"end":{"line":19,"column":5}},"8":{"start":{"line":17,"column":6},"end":{"line":17,"column":50}},"9":{"start":{"line":18,"column":6},"end":{"line":18,"column":13}},"10":{"start":{"line":21,"column":21},"end":{"line":21,"column":44}},"11":{"start":{"line":23,"column":4},"end":{"line":26,"column":5}},"12":{"start":{"line":24,"column":6},"end":{"line":24,"column":74}},"13":{"start":{"line":25,"column":6},"end":{"line":25,"column":49}},"14":{"start":{"line":29,"column":4},"end":{"line":34,"column":5}},"15":{"start":{"line":30,"column":6},"end":{"line":30,"column":24}},"16":{"start":{"line":32,"column":6},"end":{"line":32,"column":62}},"17":{"start":{"line":33,"column":6},"end":{"line":33,"column":52}},"18":{"start":{"line":37,"column":28},"end":{"line":45,"column":5}},"19":{"start":{"line":47,"column":4},"end":{"line":54,"column":5}},"20":{"start":{"line":48,"column":6},"end":{"line":48,"column":62}},"21":{"start":{"line":49,"column":6},"end":{"line":49,"column":32}},"22":{"start":{"line":50,"column":6},"end":{"line":50,"column":30}},"23":{"start":{"line":51,"column":6},"end":{"line":51,"column":33}},"24":{"start":{"line":53,"column":6},"end":{"line":53,"column":73}},"25":{"start":{"line":58,"column":4},"end":{"line":58,"column":55}},"26":{"start":{"line":60,"column":17},"end":{"line":60,"column":53}},"27":{"start":{"line":62,"column":4},"end":{"line":62,"column":52}},"28":{"start":{"line":63,"column":4},"end":{"line":63,"column":52}},"29":{"start":{"line":64,"column":4},"end":{"line":64,"column":56}},"30":{"start":{"line":65,"column":4},"end":{"line":65,"column":52}},"31":{"start":{"line":67,"column":4},"end":{"line":67,"column":16}},"32":{"start":{"line":71,"column":4},"end":{"line":71,"column":29}},"33":{"start":{"line":73,"column":4},"end":{"line":73,"column":101}},"34":{"start":{"line":74,"column":4},"end":{"line":74,"column":47}},"35":{"start":{"line":76,"column":4},"end":{"line":79,"column":5}},"36":{"start":{"line":77,"column":6},"end":{"line":77,"column":66}},"37":{"start":{"line":78,"column":6},"end":{"line":78,"column":76}},"38":{"start":{"line":81,"column":4},"end":{"line":81,"column":81}},"39":{"start":{"line":83,"column":4},"end":{"line":83,"column":71}},"40":{"start":{"line":83,"column":33},"end":{"line":83,"column":69}},"41":{"start":{"line":86,"column":4},"end":{"line":86,"column":61}},"42":{"start":{"line":89,"column":4},"end":{"line":89,"column":25}},"43":{"start":{"line":94,"column":4},"end":{"line":98,"column":7}},"44":{"start":{"line":95,"column":6},"end":{"line":95,"column":53}},"45":{"start":{"line":96,"column":6},"end":{"line":96,"column":30}},"46":{"start":{"line":97,"column":6},"end":{"line":97,"column":36}},"47":{"start":{"line":100,"column":4},"end":{"line":103,"column":7}},"48":{"start":{"line":101,"column":6},"end":{"line":101,"column":56}},"49":{"start":{"line":102,"column":6},"end":{"line":102,"column":31}},"50":{"start":{"line":105,"column":4},"end":{"line":109,"column":7}},"51":{"start":{"line":106,"column":6},"end":{"line":106,"column":60}},"52":{"start":{"line":107,"column":6},"end":{"line":107,"column":31}},"53":{"start":{"line":108,"column":6},"end":{"line":108,"column":31}},"54":{"start":{"line":111,"column":4},"end":{"line":115,"column":7}},"55":{"start":{"line":112,"column":6},"end":{"line":112,"column":55}},"56":{"start":{"line":113,"column":6},"end":{"line":113,"column":30}},"57":{"start":{"line":114,"column":6},"end":{"line":114,"column":36}},"58":{"start":{"line":118,"column":4},"end":{"line":120,"column":7}},"59":{"start":{"line":119,"column":6},"end":{"line":119,"column":44}},"60":{"start":{"line":122,"column":4},"end":{"line":124,"column":7}},"61":{"start":{"line":123,"column":6},"end":{"line":123,"column":45}},"62":{"start":{"line":128,"column":4},"end":{"line":128,"column":39}},"63":{"start":{"line":128,"column":32},"end":{"line":128,"column":39}},"64":{"start":{"line":130,"column":4},"end":{"line":139,"column":14}},"65":{"start":{"line":131,"column":6},"end":{"line":138,"column":7}},"66":{"start":{"line":132,"column":8},"end":{"line":132,"column":64}},"67":{"start":{"line":133,"column":8},"end":{"line":137,"column":9}},"68":{"start":{"line":134,"column":10},"end":{"line":134,"column":31}},"69":{"start":{"line":136,"column":10},"end":{"line":136,"column":64}},"70":{"start":{"line":143,"column":4},"end":{"line":146,"column":5}},"71":{"start":{"line":144,"column":6},"end":{"line":144,"column":44}},"72":{"start":{"line":145,"column":6},"end":{"line":145,"column":36}},"73":{"start":{"line":150,"column":4},"end":{"line":150,"column":69}},"74":{"start":{"line":152,"column":4},"end":{"line":152,"column":34}},"75":{"start":{"line":154,"column":4},"end":{"line":161,"column":5}},"76":{"start":{"line":155,"column":6},"end":{"line":155,"column":40}},"77":{"start":{"line":156,"column":6},"end":{"line":156,"column":60}},"78":{"start":{"line":157,"column":6},"end":{"line":157,"column":22}},"79":{"start":{"line":159,"column":6},"end":{"line":159,"column":63}},"80":{"start":{"line":160,"column":6},"end":{"line":160,"column":22}},"81":{"start":{"line":165,"column":4},"end":{"line":169,"column":5}},"82":{"start":{"line":166,"column":6},"end":{"line":166,"column":40}},"83":{"start":{"line":167,"column":6},"end":{"line":167,"column":31}},"84":{"start":{"line":168,"column":6},"end":{"line":168,"column":45}},"85":{"start":{"line":173,"column":4},"end":{"line":180,"column":6}},"86":{"start":{"line":185,"column":4},"end":{"line":187,"column":5}},"87":{"start":{"line":186,"column":6},"end":{"line":186,"column":48}},"88":{"start":{"line":189,"column":4},"end":{"line":200,"column":5}},"89":{"start":{"line":191,"column":6},"end":{"line":191,"column":50}},"90":{"start":{"line":193,"column":6},"end":{"line":197,"column":8}},"91":{"start":{"line":199,"column":6},"end":{"line":199,"column":72}},"92":{"start":{"line":205,"column":27},"end":{"line":205,"column":51}},"93":{"start":{"line":207,"column":0},"end":{"line":207,"column":36}}},"fnMap":{"0":{"name":"(anonymous_0)","decl":{"start":{"line":6,"column":2},"end":{"line":6,"column":3}},"loc":{"start":{"line":6,"column":16},"end":{"line":12,"column":3}},"line":6},"1":{"name":"(anonymous_1)","decl":{"start":{"line":14,"column":2},"end":{"line":14,"column":3}},"loc":{"start":{"line":14,"column":18},"end":{"line":55,"column":3}},"line":14},"2":{"name":"(anonymous_2)","decl":{"start":{"line":57,"column":2},"end":{"line":57,"column":3}},"loc":{"start":{"line":57,"column":40},"end":{"line":68,"column":3}},"line":57},"3":{"name":"(anonymous_3)","decl":{"start":{"line":70,"column":2},"end":{"line":70,"column":3}},"loc":{"start":{"line":70,"column":51},"end":{"line":90,"column":3}},"line":70},"4":{"name":"(anonymous_4)","decl":{"start":{"line":83,"column":22},"end":{"line":83,"column":23}},"loc":{"start":{"line":83,"column":33},"end":{"line":83,"column":69}},"line":83},"5":{"name":"(anonymous_5)","decl":{"start":{"line":92,"column":2},"end":{"line":92,"column":3}},"loc":{"start":{"line":92,"column":23},"end":{"line":125,"column":3}},"line":92},"6":{"name":"(anonymous_6)","decl":{"start":{"line":94,"column":40},"end":{"line":94,"column":41}},"loc":{"start":{"line":94,"column":46},"end":{"line":98,"column":5}},"line":94},"7":{"name":"(anonymous_7)","decl":{"start":{"line":100,"column":36},"end":{"line":100,"column":37}},"loc":{"start":{"line":100,"column":45},"end":{"line":103,"column":5}},"line":100},"8":{"name":"(anonymous_8)","decl":{"start":{"line":105,"column":43},"end":{"line":105,"column":44}},"loc":{"start":{"line":105,"column":49},"end":{"line":109,"column":5}},"line":105},"9":{"name":"(anonymous_9)","decl":{"start":{"line":111,"column":42},"end":{"line":111,"column":43}},"loc":{"start":{"line":111,"column":48},"end":{"line":115,"column":5}},"line":111},"10":{"name":"(anonymous_10)","decl":{"start":{"line":118,"column":25},"end":{"line":118,"column":26}},"loc":{"start":{"line":118,"column":37},"end":{"line":120,"column":5}},"line":118},"11":{"name":"(anonymous_11)","decl":{"start":{"line":122,"column":26},"end":{"line":122,"column":27}},"loc":{"start":{"line":122,"column":38},"end":{"line":124,"column":5}},"line":122},"12":{"name":"(anonymous_12)","decl":{"start":{"line":127,"column":2},"end":{"line":127,"column":3}},"loc":{"start":{"line":127,"column":22},"end":{"line":140,"column":3}},"line":127},"13":{"name":"(anonymous_13)","decl":{"start":{"line":130,"column":41},"end":{"line":130,"column":42}},"loc":{"start":{"line":130,"column":53},"end":{"line":139,"column":5}},"line":130},"14":{"name":"(anonymous_14)","decl":{"start":{"line":142,"column":2},"end":{"line":142,"column":3}},"loc":{"start":{"line":142,"column":27},"end":{"line":147,"column":3}},"line":142},"15":{"name":"(anonymous_15)","decl":{"start":{"line":149,"column":2},"end":{"line":149,"column":3}},"loc":{"start":{"line":149,"column":33},"end":{"line":162,"column":3}},"line":149},"16":{"name":"(anonymous_16)","decl":{"start":{"line":164,"column":2},"end":{"line":164,"column":3}},"loc":{"start":{"line":164,"column":21},"end":{"line":170,"column":3}},"line":164},"17":{"name":"(anonymous_17)","decl":{"start":{"line":172,"column":2},"end":{"line":172,"column":3}},"loc":{"start":{"line":172,"column":24},"end":{"line":181,"column":3}},"line":172},"18":{"name":"(anonymous_18)","decl":{"start":{"line":184,"column":2},"end":{"line":184,"column":3}},"loc":{"start":{"line":184,"column":22},"end":{"line":201,"column":3}},"line":184}},"branchMap":{"0":{"loc":{"start":{"line":16,"column":4},"end":{"line":19,"column":5}},"type":"if","locations":[{"start":{"line":16,"column":4},"end":{"line":19,"column":5}},{"start":{},"end":{}}],"line":16},"1":{"loc":{"start":{"line":23,"column":4},"end":{"line":26,"column":5}},"type":"if","locations":[{"start":{"line":23,"column":4},"end":{"line":26,"column":5}},{"start":{},"end":{}}],"line":23},"2":{"loc":{"start":{"line":76,"column":4},"end":{"line":79,"column":5}},"type":"if","locations":[{"start":{"line":76,"column":4},"end":{"line":79,"column":5}},{"start":{},"end":{}}],"line":76},"3":{"loc":{"start":{"line":128,"column":4},"end":{"line":128,"column":39}},"type":"if","locations":[{"start":{"line":128,"column":4},"end":{"line":128,"column":39}},{"start":{},"end":{}}],"line":128},"4":{"loc":{"start":{"line":131,"column":6},"end":{"line":138,"column":7}},"type":"if","locations":[{"start":{"line":131,"column":6},"end":{"line":138,"column":7}},{"start":{},"end":{}}],"line":131},"5":{"loc":{"start":{"line":143,"column":4},"end":{"line":146,"column":5}},"type":"if","locations":[{"start":{"line":143,"column":4},"end":{"line":146,"column":5}},{"start":{},"end":{}}],"line":143},"6":{"loc":{"start":{"line":165,"column":4},"end":{"line":169,"column":5}},"type":"if","locations":[{"start":{"line":165,"column":4},"end":{"line":169,"column":5}},{"start":{},"end":{}}],"line":165},"7":{"loc":{"start":{"line":185,"column":4},"end":{"line":187,"column":5}},"type":"if","locations":[{"start":{"line":185,"column":4},"end":{"line":187,"column":5}},{"start":{},"end":{}}],"line":185}},"s":{"0":19,"1":19,"2":19,"3":19,"4":19,"5":19,"6":19,"7":0,"8":0,"9":0,"10":0,"11":0,"12":0,"13":0,"14":0,"15":0,"16":0,"17":0,"18":0,"19":0,"20":0,"21":0,"22":0,"23":0,"24":0,"25":0,"26":0,"27":0,"28":0,"29":0,"30":0,"31":0,"32":0,"33":0,"34":0,"35":0,"36":0,"37":0,"38":0,"39":0,"40":0,"41":0,"42":0,"43":0,"44":0,"45":0,"46":0,"47":0,"48":0,"49":0,"50":0,"51":0,"52":0,"53":0,"54":0,"55":0,"56":0,"57":0,"58":0,"59":0,"60":0,"61":0,"62":0,"63":0,"64":0,"65":0,"66":0,"67":0,"68":0,"69":0,"70":0,"71":0,"72":0,"73":0,"74":0,"75":0,"76":0,"77":0,"78":0,"79":0,"80":0,"81":0,"82":0,"83":0,"84":0,"85":0,"86":0,"87":0,"88":0,"89":0,"90":0,"91":0,"92":19,"93":19},"f":{"0":19,"1":0,"2":0,"3":0,"4":0,"5":0,"6":0,"7":0,"8":0,"9":0,"10":0,"11":0,"12":0,"13":0,"14":0,"15":0,"16":0,"17":0,"18":0},"b":{"0":[0,0],"1":[0,0],"2":[0,0],"3":[0,0],"4":[0,0],"5":[0,0],"6":[0,0],"7":[0,0]},"_coverageSchema":"1a1c01bbd47fc00a2c39e90264f33305004495a9","hash":"21ddfe64ae455c909350e39ce82dcb18ea77eef1"}
,"/home/ben/datapartition_backup/Downloads/pawfectmatch-premium/server/src/config/production.js": {"path":"/home/ben/datapartition_backup/Downloads/pawfectmatch-premium/server/src/config/production.js","statementMap":{"0":{"start":{"line":1,"column":15},"end":{"line":1,"column":41}},"1":{"start":{"line":6,"column":24},"end":{"line":16,"column":1}},"2":{"start":{"line":21,"column":27},"end":{"line":27,"column":1}},"3":{"start":{"line":34,"column":2},"end":{"line":37,"column":3}},"4":{"start":{"line":35,"column":4},"end":{"line":35,"column":79}},"5":{"start":{"line":36,"column":4},"end":{"line":36,"column":11}},"6":{"start":{"line":39,"column":2},"end":{"line":39,"column":67}},"7":{"start":{"line":41,"column":18},"end":{"line":41,"column":66}},"8":{"start":{"line":41,"column":48},"end":{"line":41,"column":65}},"9":{"start":{"line":43,"column":2},"end":{"line":47,"column":3}},"10":{"start":{"line":44,"column":18},"end":{"line":44,"column":83}},"11":{"start":{"line":45,"column":4},"end":{"line":45,"column":24}},"12":{"start":{"line":46,"column":4},"end":{"line":46,"column":27}},"13":{"start":{"line":50,"column":2},"end":{"line":52,"column":3}},"14":{"start":{"line":51,"column":4},"end":{"line":51,"column":79}},"15":{"start":{"line":55,"column":22},"end":{"line":60,"column":3}},"16":{"start":{"line":62,"column":2},"end":{"line":64,"column":3}},"17":{"start":{"line":63,"column":4},"end":{"line":63,"column":91}},"18":{"start":{"line":66,"column":2},"end":{"line":68,"column":3}},"19":{"start":{"line":67,"column":4},"end":{"line":67,"column":99}},"20":{"start":{"line":71,"column":2},"end":{"line":74,"column":3}},"21":{"start":{"line":73,"column":4},"end":{"line":73,"column":52}},"22":{"start":{"line":77,"column":2},"end":{"line":80,"column":3}},"23":{"start":{"line":79,"column":4},"end":{"line":79,"column":65}},"24":{"start":{"line":83,"column":29},"end":{"line":83,"column":80}},"25":{"start":{"line":83,"column":62},"end":{"line":83,"column":79}},"26":{"start":{"line":84,"column":2},"end":{"line":86,"column":3}},"27":{"start":{"line":85,"column":4},"end":{"line":85,"column":99}},"28":{"start":{"line":88,"column":2},"end":{"line":88,"column":62}},"29":{"start":{"line":95,"column":17},"end":{"line":95,"column":34}},"30":{"start":{"line":97,"column":2},"end":{"line":100,"column":4}},"31":{"start":{"line":107,"column":2},"end":{"line":156,"column":4}},"32":{"start":{"line":139,"column":86},"end":{"line":139,"column":94}},"33":{"start":{"line":159,"column":0},"end":{"line":165,"column":2}}},"fnMap":{"0":{"name":"validateProductionEnv","decl":{"start":{"line":32,"column":9},"end":{"line":32,"column":30}},"loc":{"start":{"line":32,"column":33},"end":{"line":89,"column":1}},"line":32},"1":{"name":"(anonymous_1)","decl":{"start":{"line":41,"column":41},"end":{"line":41,"column":42}},"loc":{"start":{"line":41,"column":48},"end":{"line":41,"column":65}},"line":41},"2":{"name":"(anonymous_2)","decl":{"start":{"line":83,"column":55},"end":{"line":83,"column":56}},"loc":{"start":{"line":83,"column":62},"end":{"line":83,"column":79}},"line":83},"3":{"name":"generateSecrets","decl":{"start":{"line":94,"column":9},"end":{"line":94,"column":24}},"loc":{"start":{"line":94,"column":27},"end":{"line":101,"column":1}},"line":94},"4":{"name":"getProductionConfig","decl":{"start":{"line":106,"column":9},"end":{"line":106,"column":28}},"loc":{"start":{"line":106,"column":31},"end":{"line":157,"column":1}},"line":106},"5":{"name":"(anonymous_5)","decl":{"start":{"line":139,"column":81},"end":{"line":139,"column":82}},"loc":{"start":{"line":139,"column":86},"end":{"line":139,"column":94}},"line":139}},"branchMap":{"0":{"loc":{"start":{"line":34,"column":2},"end":{"line":37,"column":3}},"type":"if","locations":[{"start":{"line":34,"column":2},"end":{"line":37,"column":3}},{"start":{},"end":{}}],"line":34},"1":{"loc":{"start":{"line":43,"column":2},"end":{"line":47,"column":3}},"type":"if","locations":[{"start":{"line":43,"column":2},"end":{"line":47,"column":3}},{"start":{},"end":{}}],"line":43},"2":{"loc":{"start":{"line":50,"column":2},"end":{"line":52,"column":3}},"type":"if","locations":[{"start":{"line":50,"column":2},"end":{"line":52,"column":3}},{"start":{},"end":{}}],"line":50},"3":{"loc":{"start":{"line":50,"column":6},"end":{"line":50,"column":67}},"type":"binary-expr","locations":[{"start":{"line":50,"column":6},"end":{"line":50,"column":29}},{"start":{"line":50,"column":33},"end":{"line":50,"column":67}}],"line":50},"4":{"loc":{"start":{"line":62,"column":2},"end":{"line":64,"column":3}},"type":"if","locations":[{"start":{"line":62,"column":2},"end":{"line":64,"column":3}},{"start":{},"end":{}}],"line":62},"5":{"loc":{"start":{"line":66,"column":2},"end":{"line":68,"column":3}},"type":"if","locations":[{"start":{"line":66,"column":2},"end":{"line":68,"column":3}},{"start":{},"end":{}}],"line":66},"6":{"loc":{"start":{"line":71,"column":2},"end":{"line":74,"column":3}},"type":"if","locations":[{"start":{"line":71,"column":2},"end":{"line":74,"column":3}},{"start":{},"end":{}}],"line":71},"7":{"loc":{"start":{"line":71,"column":6},"end":{"line":72,"column":57}},"type":"binary-expr","locations":[{"start":{"line":71,"column":6},"end":{"line":71,"column":53}},{"start":{"line":72,"column":6},"end":{"line":72,"column":57}}],"line":71},"8":{"loc":{"start":{"line":77,"column":2},"end":{"line":80,"column":3}},"type":"if","locations":[{"start":{"line":77,"column":2},"end":{"line":80,"column":3}},{"start":{},"end":{}}],"line":77},"9":{"loc":{"start":{"line":77,"column":6},"end":{"line":78,"column":52}},"type":"binary-expr","locations":[{"start":{"line":77,"column":6},"end":{"line":77,"column":28}},{"start":{"line":78,"column":6},"end":{"line":78,"column":52}}],"line":77},"10":{"loc":{"start":{"line":84,"column":2},"end":{"line":86,"column":3}},"type":"if","locations":[{"start":{"line":84,"column":2},"end":{"line":86,"column":3}},{"start":{},"end":{}}],"line":84},"11":{"loc":{"start":{"line":124,"column":13},"end":{"line":124,"column":60}},"type":"cond-expr","locations":[{"start":{"line":124,"column":53},"end":{"line":124,"column":54}},{"start":{"line":124,"column":57},"end":{"line":124,"column":60}}],"line":124},"12":{"loc":{"start":{"line":128,"column":13},"end":{"line":128,"column":63}},"type":"cond-expr","locations":[{"start":{"line":128,"column":53},"end":{"line":128,"column":56}},{"start":{"line":128,"column":59},"end":{"line":128,"column":63}}],"line":128},"13":{"loc":{"start":{"line":132,"column":13},"end":{"line":132,"column":61}},"type":"cond-expr","locations":[{"start":{"line":132,"column":53},"end":{"line":132,"column":55}},{"start":{"line":132,"column":58},"end":{"line":132,"column":61}}],"line":132},"14":{"loc":{"start":{"line":138,"column":14},"end":{"line":140,"column":60}},"type":"cond-expr","locations":[{"start":{"line":139,"column":10},"end":{"line":139,"column":95}},{"start":{"line":140,"column":10},"end":{"line":140,"column":60}}],"line":138},"15":{"loc":{"start":{"line":139,"column":11},"end":{"line":139,"column":64}},"type":"binary-expr","locations":[{"start":{"line":139,"column":11},"end":{"line":139,"column":38}},{"start":{"line":139,"column":42},"end":{"line":139,"column":64}}],"line":139},"16":{"loc":{"start":{"line":147,"column":25},"end":{"line":147,"column":63}},"type":"binary-expr","locations":[{"start":{"line":147,"column":25},"end":{"line":147,"column":54}},{"start":{"line":147,"column":58},"end":{"line":147,"column":63}}],"line":147},"17":{"loc":{"start":{"line":148,"column":26},"end":{"line":148,"column":64}},"type":"binary-expr","locations":[{"start":{"line":148,"column":26},"end":{"line":148,"column":56}},{"start":{"line":148,"column":60},"end":{"line":148,"column":64}}],"line":148}},"s":{"0":19,"1":19,"2":19,"3":19,"4":19,"5":19,"6":0,"7":0,"8":0,"9":0,"10":0,"11":0,"12":0,"13":0,"14":0,"15":0,"16":0,"17":0,"18":0,"19":0,"20":0,"21":0,"22":0,"23":0,"24":0,"25":0,"26":0,"27":0,"28":0,"29":0,"30":0,"31":19,"32":0,"33":19},"f":{"0":19,"1":0,"2":0,"3":0,"4":19,"5":0},"b":{"0":[19,0],"1":[0,0],"2":[0,0],"3":[0,0],"4":[0,0],"5":[0,0],"6":[0,0],"7":[0,0],"8":[0,0],"9":[0,0],"10":[0,0],"11":[0,19],"12":[0,19],"13":[0,19],"14":[0,19],"15":[0,0],"16":[19,0],"17":[19,0]},"_coverageSchema":"1a1c01bbd47fc00a2c39e90264f33305004495a9","hash":"9c5d024bdbc819a3e0be003f82778d9b50721547"}
,"/home/ben/datapartition_backup/Downloads/pawfectmatch-premium/server/src/config/redis.js": {"path":"/home/ben/datapartition_backup/Downloads/pawfectmatch-premium/server/src/config/redis.js","statementMap":{"0":{"start":{"line":1,"column":15},"end":{"line":1,"column":41}},"1":{"start":{"line":3,"column":18},"end":{"line":3,"column":22}},"2":{"start":{"line":4,"column":23},"end":{"line":4,"column":28}},"3":{"start":{"line":11,"column":2},"end":{"line":14,"column":3}},"4":{"start":{"line":12,"column":4},"end":{"line":12,"column":80}},"5":{"start":{"line":13,"column":4},"end":{"line":13,"column":16}},"6":{"start":{"line":16,"column":2},"end":{"line":73,"column":3}},"7":{"start":{"line":17,"column":18},"end":{"line":17,"column":34}},"8":{"start":{"line":19,"column":4},"end":{"line":34,"column":7}},"9":{"start":{"line":23,"column":10},"end":{"line":26,"column":11}},"10":{"start":{"line":24,"column":12},"end":{"line":24,"column":58}},"11":{"start":{"line":25,"column":12},"end":{"line":25,"column":62}},"12":{"start":{"line":28,"column":10},"end":{"line":28,"column":47}},"13":{"start":{"line":37,"column":4},"end":{"line":40,"column":7}},"14":{"start":{"line":38,"column":6},"end":{"line":38,"column":40}},"15":{"start":{"line":39,"column":6},"end":{"line":39,"column":31}},"16":{"start":{"line":42,"column":4},"end":{"line":44,"column":7}},"17":{"start":{"line":43,"column":6},"end":{"line":43,"column":44}},"18":{"start":{"line":46,"column":4},"end":{"line":49,"column":7}},"19":{"start":{"line":47,"column":6},"end":{"line":47,"column":49}},"20":{"start":{"line":48,"column":6},"end":{"line":48,"column":30}},"21":{"start":{"line":51,"column":4},"end":{"line":54,"column":7}},"22":{"start":{"line":52,"column":6},"end":{"line":52,"column":47}},"23":{"start":{"line":53,"column":6},"end":{"line":53,"column":31}},"24":{"start":{"line":56,"column":4},"end":{"line":59,"column":7}},"25":{"start":{"line":57,"column":6},"end":{"line":57,"column":44}},"26":{"start":{"line":58,"column":6},"end":{"line":58,"column":31}},"27":{"start":{"line":62,"column":4},"end":{"line":62,"column":32}},"28":{"start":{"line":65,"column":4},"end":{"line":65,"column":29}},"29":{"start":{"line":67,"column":4},"end":{"line":67,"column":23}},"30":{"start":{"line":70,"column":4},"end":{"line":70,"column":63}},"31":{"start":{"line":71,"column":4},"end":{"line":71,"column":78}},"32":{"start":{"line":72,"column":4},"end":{"line":72,"column":16}},"33":{"start":{"line":80,"column":2},"end":{"line":80,"column":21}},"34":{"start":{"line":87,"column":2},"end":{"line":87,"column":64}},"35":{"start":{"line":94,"column":2},"end":{"line":94,"column":35}},"36":{"start":{"line":94,"column":23},"end":{"line":94,"column":35}},"37":{"start":{"line":96,"column":2},"end":{"line":102,"column":3}},"38":{"start":{"line":97,"column":18},"end":{"line":97,"column":44}},"39":{"start":{"line":98,"column":4},"end":{"line":98,"column":44}},"40":{"start":{"line":100,"column":4},"end":{"line":100,"column":52}},"41":{"start":{"line":101,"column":4},"end":{"line":101,"column":16}},"42":{"start":{"line":109,"column":2},"end":{"line":109,"column":36}},"43":{"start":{"line":109,"column":23},"end":{"line":109,"column":36}},"44":{"start":{"line":111,"column":2},"end":{"line":117,"column":3}},"45":{"start":{"line":112,"column":4},"end":{"line":112,"column":68}},"46":{"start":{"line":113,"column":4},"end":{"line":113,"column":16}},"47":{"start":{"line":115,"column":4},"end":{"line":115,"column":52}},"48":{"start":{"line":116,"column":4},"end":{"line":116,"column":17}},"49":{"start":{"line":124,"column":2},"end":{"line":124,"column":36}},"50":{"start":{"line":124,"column":23},"end":{"line":124,"column":36}},"51":{"start":{"line":126,"column":2},"end":{"line":132,"column":3}},"52":{"start":{"line":127,"column":4},"end":{"line":127,"column":31}},"53":{"start":{"line":128,"column":4},"end":{"line":128,"column":16}},"54":{"start":{"line":130,"column":4},"end":{"line":130,"column":52}},"55":{"start":{"line":131,"column":4},"end":{"line":131,"column":17}},"56":{"start":{"line":139,"column":2},"end":{"line":139,"column":32}},"57":{"start":{"line":139,"column":23},"end":{"line":139,"column":32}},"58":{"start":{"line":141,"column":2},"end":{"line":150,"column":3}},"59":{"start":{"line":142,"column":17},"end":{"line":142,"column":48}},"60":{"start":{"line":143,"column":4},"end":{"line":145,"column":5}},"61":{"start":{"line":144,"column":6},"end":{"line":144,"column":34}},"62":{"start":{"line":146,"column":4},"end":{"line":146,"column":23}},"63":{"start":{"line":148,"column":4},"end":{"line":148,"column":60}},"64":{"start":{"line":149,"column":4},"end":{"line":149,"column":13}},"65":{"start":{"line":157,"column":2},"end":{"line":163,"column":3}},"66":{"start":{"line":158,"column":4},"end":{"line":162,"column":6}},"67":{"start":{"line":165,"column":2},"end":{"line":181,"column":3}},"68":{"start":{"line":166,"column":17},"end":{"line":166,"column":48}},"69":{"start":{"line":167,"column":19},"end":{"line":167,"column":45}},"70":{"start":{"line":169,"column":4},"end":{"line":174,"column":6}},"71":{"start":{"line":176,"column":4},"end":{"line":176,"column":54}},"72":{"start":{"line":177,"column":4},"end":{"line":180,"column":6}},"73":{"start":{"line":188,"column":2},"end":{"line":188,"column":32}},"74":{"start":{"line":188,"column":23},"end":{"line":188,"column":32}},"75":{"start":{"line":190,"column":2},"end":{"line":197,"column":3}},"76":{"start":{"line":191,"column":4},"end":{"line":191,"column":32}},"77":{"start":{"line":192,"column":4},"end":{"line":192,"column":39}},"78":{"start":{"line":193,"column":4},"end":{"line":193,"column":13}},"79":{"start":{"line":195,"column":4},"end":{"line":195,"column":56}},"80":{"start":{"line":196,"column":4},"end":{"line":196,"column":13}},"81":{"start":{"line":204,"column":2},"end":{"line":212,"column":3}},"82":{"start":{"line":205,"column":4},"end":{"line":211,"column":5}},"83":{"start":{"line":206,"column":6},"end":{"line":206,"column":31}},"84":{"start":{"line":207,"column":6},"end":{"line":207,"column":58}},"85":{"start":{"line":209,"column":6},"end":{"line":209,"column":58}},"86":{"start":{"line":210,"column":6},"end":{"line":210,"column":37}},"87":{"start":{"line":215,"column":0},"end":{"line":226,"column":2}}},"fnMap":{"0":{"name":"initRedis","decl":{"start":{"line":9,"column":15},"end":{"line":9,"column":24}},"loc":{"start":{"line":9,"column":27},"end":{"line":74,"column":1}},"line":9},"1":{"name":"(anonymous_1)","decl":{"start":{"line":22,"column":27},"end":{"line":22,"column":28}},"loc":{"start":{"line":22,"column":40},"end":{"line":29,"column":9}},"line":22},"2":{"name":"(anonymous_2)","decl":{"start":{"line":37,"column":28},"end":{"line":37,"column":29}},"loc":{"start":{"line":37,"column":37},"end":{"line":40,"column":5}},"line":37},"3":{"name":"(anonymous_3)","decl":{"start":{"line":42,"column":30},"end":{"line":42,"column":31}},"loc":{"start":{"line":42,"column":36},"end":{"line":44,"column":5}},"line":42},"4":{"name":"(anonymous_4)","decl":{"start":{"line":46,"column":28},"end":{"line":46,"column":29}},"loc":{"start":{"line":46,"column":34},"end":{"line":49,"column":5}},"line":46},"5":{"name":"(anonymous_5)","decl":{"start":{"line":51,"column":35},"end":{"line":51,"column":36}},"loc":{"start":{"line":51,"column":41},"end":{"line":54,"column":5}},"line":51},"6":{"name":"(anonymous_6)","decl":{"start":{"line":56,"column":26},"end":{"line":56,"column":27}},"loc":{"start":{"line":56,"column":32},"end":{"line":59,"column":5}},"line":56},"7":{"name":"getRedisClient","decl":{"start":{"line":79,"column":9},"end":{"line":79,"column":23}},"loc":{"start":{"line":79,"column":26},"end":{"line":81,"column":1}},"line":79},"8":{"name":"isRedisReady","decl":{"start":{"line":86,"column":9},"end":{"line":86,"column":21}},"loc":{"start":{"line":86,"column":24},"end":{"line":88,"column":1}},"line":86},"9":{"name":"cacheGet","decl":{"start":{"line":93,"column":15},"end":{"line":93,"column":23}},"loc":{"start":{"line":93,"column":29},"end":{"line":103,"column":1}},"line":93},"10":{"name":"cacheSet","decl":{"start":{"line":108,"column":15},"end":{"line":108,"column":23}},"loc":{"start":{"line":108,"column":54},"end":{"line":118,"column":1}},"line":108},"11":{"name":"cacheDel","decl":{"start":{"line":123,"column":15},"end":{"line":123,"column":23}},"loc":{"start":{"line":123,"column":29},"end":{"line":133,"column":1}},"line":123},"12":{"name":"cacheDelPattern","decl":{"start":{"line":138,"column":15},"end":{"line":138,"column":30}},"loc":{"start":{"line":138,"column":40},"end":{"line":151,"column":1}},"line":138},"13":{"name":"getCacheStats","decl":{"start":{"line":156,"column":15},"end":{"line":156,"column":28}},"loc":{"start":{"line":156,"column":31},"end":{"line":182,"column":1}},"line":156},"14":{"name":"clearCache","decl":{"start":{"line":187,"column":15},"end":{"line":187,"column":25}},"loc":{"start":{"line":187,"column":28},"end":{"line":198,"column":1}},"line":187},"15":{"name":"closeRedis","decl":{"start":{"line":203,"column":15},"end":{"line":203,"column":25}},"loc":{"start":{"line":203,"column":28},"end":{"line":213,"column":1}},"line":203}},"branchMap":{"0":{"loc":{"start":{"line":11,"column":2},"end":{"line":14,"column":3}},"type":"if","locations":[{"start":{"line":11,"column":2},"end":{"line":14,"column":3}},{"start":{},"end":{}}],"line":11},"1":{"loc":{"start":{"line":11,"column":6},"end":{"line":11,"column":69}},"type":"binary-expr","locations":[{"start":{"line":11,"column":6},"end":{"line":11,"column":43}},{"start":{"line":11,"column":47},"end":{"line":11,"column":69}}],"line":11},"2":{"loc":{"start":{"line":20,"column":11},"end":{"line":20,"column":60}},"type":"binary-expr","locations":[{"start":{"line":20,"column":11},"end":{"line":20,"column":32}},{"start":{"line":20,"column":36},"end":{"line":20,"column":60}}],"line":20},"3":{"loc":{"start":{"line":23,"column":10},"end":{"line":26,"column":11}},"type":"if","locations":[{"start":{"line":23,"column":10},"end":{"line":26,"column":11}},{"start":{},"end":{}}],"line":23},"4":{"loc":{"start":{"line":33,"column":10},"end":{"line":33,"column":80}},"type":"binary-expr","locations":[{"start":{"line":33,"column":10},"end":{"line":33,"column":36}},{"start":{"line":33,"column":40},"end":{"line":33,"column":80}}],"line":33},"5":{"loc":{"start":{"line":87,"column":9},"end":{"line":87,"column":63}},"type":"binary-expr","locations":[{"start":{"line":87,"column":9},"end":{"line":87,"column":25}},{"start":{"line":87,"column":29},"end":{"line":87,"column":40}},{"start":{"line":87,"column":44},"end":{"line":87,"column":63}}],"line":87},"6":{"loc":{"start":{"line":94,"column":2},"end":{"line":94,"column":35}},"type":"if","locations":[{"start":{"line":94,"column":2},"end":{"line":94,"column":35}},{"start":{},"end":{}}],"line":94},"7":{"loc":{"start":{"line":98,"column":11},"end":{"line":98,"column":43}},"type":"cond-expr","locations":[{"start":{"line":98,"column":19},"end":{"line":98,"column":36}},{"start":{"line":98,"column":39},"end":{"line":98,"column":43}}],"line":98},"8":{"loc":{"start":{"line":108,"column":36},"end":{"line":108,"column":52}},"type":"default-arg","locations":[{"start":{"line":108,"column":49},"end":{"line":108,"column":52}}],"line":108},"9":{"loc":{"start":{"line":109,"column":2},"end":{"line":109,"column":36}},"type":"if","locations":[{"start":{"line":109,"column":2},"end":{"line":109,"column":36}},{"start":{},"end":{}}],"line":109},"10":{"loc":{"start":{"line":124,"column":2},"end":{"line":124,"column":36}},"type":"if","locations":[{"start":{"line":124,"column":2},"end":{"line":124,"column":36}},{"start":{},"end":{}}],"line":124},"11":{"loc":{"start":{"line":139,"column":2},"end":{"line":139,"column":32}},"type":"if","locations":[{"start":{"line":139,"column":2},"end":{"line":139,"column":32}},{"start":{},"end":{}}],"line":139},"12":{"loc":{"start":{"line":143,"column":4},"end":{"line":145,"column":5}},"type":"if","locations":[{"start":{"line":143,"column":4},"end":{"line":145,"column":5}},{"start":{},"end":{}}],"line":143},"13":{"loc":{"start":{"line":157,"column":2},"end":{"line":163,"column":3}},"type":"if","locations":[{"start":{"line":157,"column":2},"end":{"line":163,"column":3}},{"start":{},"end":{}}],"line":157},"14":{"loc":{"start":{"line":188,"column":2},"end":{"line":188,"column":32}},"type":"if","locations":[{"start":{"line":188,"column":2},"end":{"line":188,"column":32}},{"start":{},"end":{}}],"line":188},"15":{"loc":{"start":{"line":204,"column":2},"end":{"line":212,"column":3}},"type":"if","locations":[{"start":{"line":204,"column":2},"end":{"line":212,"column":3}},{"start":{},"end":{}}],"line":204}},"s":{"0":19,"1":19,"2":19,"3":0,"4":0,"5":0,"6":0,"7":0,"8":0,"9":0,"10":0,"11":0,"12":0,"13":0,"14":0,"15":0,"16":0,"17":0,"18":0,"19":0,"20":0,"21":0,"22":0,"23":0,"24":0,"25":0,"26":0,"27":0,"28":0,"29":0,"30":0,"31":0,"32":0,"33":0,"34":0,"35":0,"36":0,"37":0,"38":0,"39":0,"40":0,"41":0,"42":0,"43":0,"44":0,"45":0,"46":0,"47":0,"48":0,"49":0,"50":0,"51":0,"52":0,"53":0,"54":0,"55":0,"56":0,"57":0,"58":0,"59":0,"60":0,"61":0,"62":0,"63":0,"64":0,"65":0,"66":0,"67":0,"68":0,"69":0,"70":0,"71":0,"72":0,"73":0,"74":0,"75":0,"76":0,"77":0,"78":0,"79":0,"80":0,"81":0,"82":0,"83":0,"84":0,"85":0,"86":0,"87":19},"f":{"0":0,"1":0,"2":0,"3":0,"4":0,"5":0,"6":0,"7":0,"8":0,"9":0,"10":0,"11":0,"12":0,"13":0,"14":0,"15":0},"b":{"0":[0,0],"1":[0,0],"2":[0,0],"3":[0,0],"4":[0,0],"5":[0,0,0],"6":[0,0],"7":[0,0],"8":[0],"9":[0,0],"10":[0,0],"11":[0,0],"12":[0,0],"13":[0,0],"14":[0,0],"15":[0,0]},"_coverageSchema":"1a1c01bbd47fc00a2c39e90264f33305004495a9","hash":"0fc8203a5892434e41486f5df7e320fdd282802b"}
,"/home/ben/datapartition_backup/Downloads/pawfectmatch-premium/server/src/config/sentry.js": {"path":"/home/ben/datapartition_backup/Downloads/pawfectmatch-premium/server/src/config/sentry.js","statementMap":{"0":{"start":{"line":5,"column":15},"end":{"line":5,"column":38}},"1":{"start":{"line":6,"column":33},"end":{"line":6,"column":66}},"2":{"start":{"line":12,"column":2},"end":{"line":15,"column":3}},"3":{"start":{"line":13,"column":4},"end":{"line":13,"column":75}},"4":{"start":{"line":14,"column":4},"end":{"line":14,"column":11}},"5":{"start":{"line":17,"column":2},"end":{"line":20,"column":3}},"6":{"start":{"line":18,"column":4},"end":{"line":18,"column":58}},"7":{"start":{"line":19,"column":4},"end":{"line":19,"column":11}},"8":{"start":{"line":23,"column":23},"end":{"line":23,"column":25}},"9":{"start":{"line":25,"column":2},"end":{"line":38,"column":3}},"10":{"start":{"line":27,"column":4},"end":{"line":29,"column":5}},"11":{"start":{"line":28,"column":6},"end":{"line":28,"column":73}},"12":{"start":{"line":31,"column":4},"end":{"line":33,"column":5}},"13":{"start":{"line":32,"column":6},"end":{"line":32,"column":66}},"14":{"start":{"line":35,"column":4},"end":{"line":35,"column":50}},"15":{"start":{"line":37,"column":4},"end":{"line":37,"column":77}},"16":{"start":{"line":40,"column":2},"end":{"line":97,"column":5}},"17":{"start":{"line":58,"column":6},"end":{"line":60,"column":7}},"18":{"start":{"line":59,"column":8},"end":{"line":59,"column":20}},"19":{"start":{"line":63,"column":6},"end":{"line":69,"column":7}},"20":{"start":{"line":64,"column":8},"end":{"line":64,"column":37}},"21":{"start":{"line":65,"column":8},"end":{"line":68,"column":9}},"22":{"start":{"line":66,"column":10},"end":{"line":66,"column":53}},"23":{"start":{"line":67,"column":10},"end":{"line":67,"column":46}},"24":{"start":{"line":72,"column":6},"end":{"line":76,"column":7}},"25":{"start":{"line":73,"column":8},"end":{"line":73,"column":36}},"26":{"start":{"line":74,"column":8},"end":{"line":74,"column":33}},"27":{"start":{"line":75,"column":8},"end":{"line":75,"column":34}},"28":{"start":{"line":78,"column":6},"end":{"line":78,"column":19}},"29":{"start":{"line":99,"column":2},"end":{"line":99,"column":53}},"30":{"start":{"line":100,"column":2},"end":{"line":100,"column":57}},"31":{"start":{"line":101,"column":2},"end":{"line":101,"column":91}},"32":{"start":{"line":108,"column":2},"end":{"line":110,"column":3}},"33":{"start":{"line":109,"column":4},"end":{"line":109,"column":38}},"34":{"start":{"line":109,"column":31},"end":{"line":109,"column":37}},"35":{"start":{"line":111,"column":2},"end":{"line":111,"column":42}},"36":{"start":{"line":118,"column":2},"end":{"line":120,"column":3}},"37":{"start":{"line":119,"column":4},"end":{"line":119,"column":38}},"38":{"start":{"line":119,"column":31},"end":{"line":119,"column":37}},"39":{"start":{"line":121,"column":2},"end":{"line":121,"column":42}},"40":{"start":{"line":128,"column":2},"end":{"line":130,"column":3}},"41":{"start":{"line":129,"column":4},"end":{"line":129,"column":38}},"42":{"start":{"line":129,"column":31},"end":{"line":129,"column":37}},"43":{"start":{"line":131,"column":2},"end":{"line":143,"column":5}},"44":{"start":{"line":134,"column":6},"end":{"line":136,"column":7}},"45":{"start":{"line":135,"column":8},"end":{"line":135,"column":20}},"46":{"start":{"line":138,"column":6},"end":{"line":140,"column":7}},"47":{"start":{"line":139,"column":8},"end":{"line":139,"column":21}},"48":{"start":{"line":141,"column":6},"end":{"line":141,"column":18}},"49":{"start":{"line":150,"column":2},"end":{"line":152,"column":3}},"50":{"start":{"line":151,"column":4},"end":{"line":151,"column":11}},"51":{"start":{"line":154,"column":2},"end":{"line":157,"column":5}},"52":{"start":{"line":164,"column":2},"end":{"line":166,"column":3}},"53":{"start":{"line":165,"column":4},"end":{"line":165,"column":11}},"54":{"start":{"line":168,"column":2},"end":{"line":171,"column":5}},"55":{"start":{"line":178,"column":2},"end":{"line":180,"column":3}},"56":{"start":{"line":179,"column":4},"end":{"line":179,"column":11}},"57":{"start":{"line":182,"column":2},"end":{"line":186,"column":5}},"58":{"start":{"line":193,"column":2},"end":{"line":195,"column":3}},"59":{"start":{"line":194,"column":4},"end":{"line":194,"column":11}},"60":{"start":{"line":197,"column":2},"end":{"line":197,"column":23}},"61":{"start":{"line":204,"column":2},"end":{"line":206,"column":3}},"62":{"start":{"line":205,"column":4},"end":{"line":205,"column":11}},"63":{"start":{"line":208,"column":2},"end":{"line":213,"column":5}},"64":{"start":{"line":216,"column":0},"end":{"line":227,"column":2}}},"fnMap":{"0":{"name":"initSentry","decl":{"start":{"line":11,"column":9},"end":{"line":11,"column":19}},"loc":{"start":{"line":11,"column":25},"end":{"line":102,"column":1}},"line":11},"1":{"name":"(anonymous_1)","decl":{"start":{"line":56,"column":4},"end":{"line":56,"column":5}},"loc":{"start":{"line":56,"column":28},"end":{"line":79,"column":5}},"line":56},"2":{"name":"sentryRequestHandler","decl":{"start":{"line":107,"column":9},"end":{"line":107,"column":29}},"loc":{"start":{"line":107,"column":32},"end":{"line":112,"column":1}},"line":107},"3":{"name":"(anonymous_3)","decl":{"start":{"line":109,"column":11},"end":{"line":109,"column":12}},"loc":{"start":{"line":109,"column":31},"end":{"line":109,"column":37}},"line":109},"4":{"name":"sentryTracingHandler","decl":{"start":{"line":117,"column":9},"end":{"line":117,"column":29}},"loc":{"start":{"line":117,"column":32},"end":{"line":122,"column":1}},"line":117},"5":{"name":"(anonymous_5)","decl":{"start":{"line":119,"column":11},"end":{"line":119,"column":12}},"loc":{"start":{"line":119,"column":31},"end":{"line":119,"column":37}},"line":119},"6":{"name":"sentryErrorHandler","decl":{"start":{"line":127,"column":9},"end":{"line":127,"column":27}},"loc":{"start":{"line":127,"column":30},"end":{"line":144,"column":1}},"line":127},"7":{"name":"(anonymous_7)","decl":{"start":{"line":129,"column":11},"end":{"line":129,"column":12}},"loc":{"start":{"line":129,"column":31},"end":{"line":129,"column":37}},"line":129},"8":{"name":"(anonymous_8)","decl":{"start":{"line":132,"column":4},"end":{"line":132,"column":5}},"loc":{"start":{"line":132,"column":29},"end":{"line":142,"column":5}},"line":132},"9":{"name":"captureException","decl":{"start":{"line":149,"column":9},"end":{"line":149,"column":25}},"loc":{"start":{"line":149,"column":47},"end":{"line":158,"column":1}},"line":149},"10":{"name":"captureMessage","decl":{"start":{"line":163,"column":9},"end":{"line":163,"column":23}},"loc":{"start":{"line":163,"column":63},"end":{"line":172,"column":1}},"line":163},"11":{"name":"setUser","decl":{"start":{"line":177,"column":9},"end":{"line":177,"column":16}},"loc":{"start":{"line":177,"column":23},"end":{"line":187,"column":1}},"line":177},"12":{"name":"clearUser","decl":{"start":{"line":192,"column":9},"end":{"line":192,"column":18}},"loc":{"start":{"line":192,"column":21},"end":{"line":198,"column":1}},"line":192},"13":{"name":"addBreadcrumb","decl":{"start":{"line":203,"column":9},"end":{"line":203,"column":22}},"loc":{"start":{"line":203,"column":59},"end":{"line":214,"column":1}},"line":203}},"branchMap":{"0":{"loc":{"start":{"line":12,"column":2},"end":{"line":15,"column":3}},"type":"if","locations":[{"start":{"line":12,"column":2},"end":{"line":15,"column":3}},{"start":{},"end":{}}],"line":12},"1":{"loc":{"start":{"line":17,"column":2},"end":{"line":20,"column":3}},"type":"if","locations":[{"start":{"line":17,"column":2},"end":{"line":20,"column":3}},{"start":{},"end":{}}],"line":17},"2":{"loc":{"start":{"line":27,"column":4},"end":{"line":29,"column":5}},"type":"if","locations":[{"start":{"line":27,"column":4},"end":{"line":29,"column":5}},{"start":{},"end":{}}],"line":27},"3":{"loc":{"start":{"line":27,"column":8},"end":{"line":27,"column":55}},"type":"binary-expr","locations":[{"start":{"line":27,"column":8},"end":{"line":27,"column":27}},{"start":{"line":27,"column":31},"end":{"line":27,"column":55}}],"line":27},"4":{"loc":{"start":{"line":31,"column":4},"end":{"line":33,"column":5}},"type":"if","locations":[{"start":{"line":31,"column":4},"end":{"line":33,"column":5}},{"start":{},"end":{}}],"line":31},"5":{"loc":{"start":{"line":31,"column":8},"end":{"line":31,"column":58}},"type":"binary-expr","locations":[{"start":{"line":31,"column":8},"end":{"line":31,"column":27}},{"start":{"line":31,"column":31},"end":{"line":31,"column":58}}],"line":31},"6":{"loc":{"start":{"line":42,"column":17},"end":{"line":42,"column":54}},"type":"binary-expr","locations":[{"start":{"line":42,"column":17},"end":{"line":42,"column":37}},{"start":{"line":42,"column":41},"end":{"line":42,"column":54}}],"line":42},"7":{"loc":{"start":{"line":46,"column":22},"end":{"line":46,"column":71}},"type":"cond-expr","locations":[{"start":{"line":46,"column":62},"end":{"line":46,"column":65}},{"start":{"line":46,"column":68},"end":{"line":46,"column":71}}],"line":46},"8":{"loc":{"start":{"line":50,"column":24},"end":{"line":50,"column":73}},"type":"cond-expr","locations":[{"start":{"line":50,"column":64},"end":{"line":50,"column":67}},{"start":{"line":50,"column":70},"end":{"line":50,"column":73}}],"line":50},"9":{"loc":{"start":{"line":58,"column":6},"end":{"line":60,"column":7}},"type":"if","locations":[{"start":{"line":58,"column":6},"end":{"line":60,"column":7}},{"start":{},"end":{}}],"line":58},"10":{"loc":{"start":{"line":63,"column":6},"end":{"line":69,"column":7}},"type":"if","locations":[{"start":{"line":63,"column":6},"end":{"line":69,"column":7}},{"start":{},"end":{}}],"line":63},"11":{"loc":{"start":{"line":65,"column":8},"end":{"line":68,"column":9}},"type":"if","locations":[{"start":{"line":65,"column":8},"end":{"line":68,"column":9}},{"start":{},"end":{}}],"line":65},"12":{"loc":{"start":{"line":72,"column":6},"end":{"line":76,"column":7}},"type":"if","locations":[{"start":{"line":72,"column":6},"end":{"line":76,"column":7}},{"start":{},"end":{}}],"line":72},"13":{"loc":{"start":{"line":101,"column":33},"end":{"line":101,"column":87}},"type":"cond-expr","locations":[{"start":{"line":101,"column":73},"end":{"line":101,"column":78}},{"start":{"line":101,"column":81},"end":{"line":101,"column":87}}],"line":101},"14":{"loc":{"start":{"line":108,"column":2},"end":{"line":110,"column":3}},"type":"if","locations":[{"start":{"line":108,"column":2},"end":{"line":110,"column":3}},{"start":{},"end":{}}],"line":108},"15":{"loc":{"start":{"line":108,"column":6},"end":{"line":108,"column":84}},"type":"binary-expr","locations":[{"start":{"line":108,"column":6},"end":{"line":108,"column":37}},{"start":{"line":108,"column":41},"end":{"line":108,"column":64}},{"start":{"line":108,"column":68},"end":{"line":108,"column":84}}],"line":108},"16":{"loc":{"start":{"line":118,"column":2},"end":{"line":120,"column":3}},"type":"if","locations":[{"start":{"line":118,"column":2},"end":{"line":120,"column":3}},{"start":{},"end":{}}],"line":118},"17":{"loc":{"start":{"line":118,"column":6},"end":{"line":118,"column":84}},"type":"binary-expr","locations":[{"start":{"line":118,"column":6},"end":{"line":118,"column":37}},{"start":{"line":118,"column":41},"end":{"line":118,"column":64}},{"start":{"line":118,"column":68},"end":{"line":118,"column":84}}],"line":118},"18":{"loc":{"start":{"line":128,"column":2},"end":{"line":130,"column":3}},"type":"if","locations":[{"start":{"line":128,"column":2},"end":{"line":130,"column":3}},{"start":{},"end":{}}],"line":128},"19":{"loc":{"start":{"line":128,"column":6},"end":{"line":128,"column":84}},"type":"binary-expr","locations":[{"start":{"line":128,"column":6},"end":{"line":128,"column":37}},{"start":{"line":128,"column":41},"end":{"line":128,"column":64}},{"start":{"line":128,"column":68},"end":{"line":128,"column":84}}],"line":128},"20":{"loc":{"start":{"line":134,"column":6},"end":{"line":136,"column":7}},"type":"if","locations":[{"start":{"line":134,"column":6},"end":{"line":136,"column":7}},{"start":{},"end":{}}],"line":134},"21":{"loc":{"start":{"line":138,"column":6},"end":{"line":140,"column":7}},"type":"if","locations":[{"start":{"line":138,"column":6},"end":{"line":140,"column":7}},{"start":{},"end":{}}],"line":138},"22":{"loc":{"start":{"line":138,"column":10},"end":{"line":138,"column":51}},"type":"binary-expr","locations":[{"start":{"line":138,"column":10},"end":{"line":138,"column":29}},{"start":{"line":138,"column":33},"end":{"line":138,"column":51}}],"line":138},"23":{"loc":{"start":{"line":149,"column":33},"end":{"line":149,"column":45}},"type":"default-arg","locations":[{"start":{"line":149,"column":43},"end":{"line":149,"column":45}}],"line":149},"24":{"loc":{"start":{"line":150,"column":2},"end":{"line":152,"column":3}},"type":"if","locations":[{"start":{"line":150,"column":2},"end":{"line":152,"column":3}},{"start":{},"end":{}}],"line":150},"25":{"loc":{"start":{"line":163,"column":33},"end":{"line":163,"column":47}},"type":"default-arg","locations":[{"start":{"line":163,"column":41},"end":{"line":163,"column":47}}],"line":163},"26":{"loc":{"start":{"line":163,"column":49},"end":{"line":163,"column":61}},"type":"default-arg","locations":[{"start":{"line":163,"column":59},"end":{"line":163,"column":61}}],"line":163},"27":{"loc":{"start":{"line":164,"column":2},"end":{"line":166,"column":3}},"type":"if","locations":[{"start":{"line":164,"column":2},"end":{"line":166,"column":3}},{"start":{},"end":{}}],"line":164},"28":{"loc":{"start":{"line":178,"column":2},"end":{"line":180,"column":3}},"type":"if","locations":[{"start":{"line":178,"column":2},"end":{"line":180,"column":3}},{"start":{},"end":{}}],"line":178},"29":{"loc":{"start":{"line":183,"column":8},"end":{"line":183,"column":27}},"type":"binary-expr","locations":[{"start":{"line":183,"column":8},"end":{"line":183,"column":15}},{"start":{"line":183,"column":19},"end":{"line":183,"column":27}}],"line":183},"30":{"loc":{"start":{"line":185,"column":14},"end":{"line":185,"column":40}},"type":"binary-expr","locations":[{"start":{"line":185,"column":14},"end":{"line":185,"column":23}},{"start":{"line":185,"column":27},"end":{"line":185,"column":40}}],"line":185},"31":{"loc":{"start":{"line":193,"column":2},"end":{"line":195,"column":3}},"type":"if","locations":[{"start":{"line":193,"column":2},"end":{"line":195,"column":3}},{"start":{},"end":{}}],"line":193},"32":{"loc":{"start":{"line":203,"column":32},"end":{"line":203,"column":41}},"type":"default-arg","locations":[{"start":{"line":203,"column":39},"end":{"line":203,"column":41}}],"line":203},"33":{"loc":{"start":{"line":203,"column":43},"end":{"line":203,"column":57}},"type":"default-arg","locations":[{"start":{"line":203,"column":51},"end":{"line":203,"column":57}}],"line":203},"34":{"loc":{"start":{"line":204,"column":2},"end":{"line":206,"column":3}},"type":"if","locations":[{"start":{"line":204,"column":2},"end":{"line":206,"column":3}},{"start":{},"end":{}}],"line":204}},"s":{"0":19,"1":19,"2":0,"3":0,"4":0,"5":0,"6":0,"7":0,"8":0,"9":0,"10":0,"11":0,"12":0,"13":0,"14":0,"15":0,"16":0,"17":0,"18":0,"19":0,"20":0,"21":0,"22":0,"23":0,"24":0,"25":0,"26":0,"27":0,"28":0,"29":0,"30":0,"31":0,"32":0,"33":0,"34":0,"35":0,"36":0,"37":0,"38":0,"39":0,"40":0,"41":0,"42":0,"43":0,"44":0,"45":0,"46":0,"47":0,"48":0,"49":0,"50":0,"51":0,"52":0,"53":0,"54":0,"55":0,"56":0,"57":0,"58":0,"59":0,"60":0,"61":0,"62":0,"63":0,"64":19},"f":{"0":0,"1":0,"2":0,"3":0,"4":0,"5":0,"6":0,"7":0,"8":0,"9":0,"10":0,"11":0,"12":0,"13":0},"b":{"0":[0,0],"1":[0,0],"2":[0,0],"3":[0,0],"4":[0,0],"5":[0,0],"6":[0,0],"7":[0,0],"8":[0,0],"9":[0,0],"10":[0,0],"11":[0,0],"12":[0,0],"13":[0,0],"14":[0,0],"15":[0,0,0],"16":[0,0],"17":[0,0,0],"18":[0,0],"19":[0,0,0],"20":[0,0],"21":[0,0],"22":[0,0],"23":[0],"24":[0,0],"25":[0],"26":[0],"27":[0,0],"28":[0,0],"29":[0,0],"30":[0,0],"31":[0,0],"32":[0],"33":[0],"34":[0,0]},"_coverageSchema":"1a1c01bbd47fc00a2c39e90264f33305004495a9","hash":"cae0cbc616d96c81b252b12f27645fc644f9cd80"}
,"/home/ben/datapartition_backup/Downloads/pawfectmatch-premium/server/src/controllers/advancedPetController.js": {"path":"/home/ben/datapartition_backup/Downloads/pawfectmatch-premium/server/src/controllers/advancedPetController.js","statementMap":{"0":{"start":{"line":1,"column":12},"end":{"line":1,"column":36}},"1":{"start":{"line":2,"column":13},"end":{"line":2,"column":38}},"2":{"start":{"line":3,"column":21},"end":{"line":3,"column":54}},"3":{"start":{"line":4,"column":15},"end":{"line":4,"column":41}},"4":{"start":{"line":9,"column":29},"end":{"line":424,"column":1}},"5":{"start":{"line":10,"column":2},"end":{"line":423,"column":3}},"6":{"start":{"line":64,"column":8},"end":{"line":64,"column":17}},"7":{"start":{"line":66,"column":17},"end":{"line":66,"column":48}},"8":{"start":{"line":69,"column":25},"end":{"line":69,"column":66}},"9":{"start":{"line":69,"column":54},"end":{"line":69,"column":65}},"10":{"start":{"line":72,"column":16},"end":{"line":77,"column":5}},"11":{"start":{"line":80,"column":4},"end":{"line":82,"column":5}},"12":{"start":{"line":81,"column":6},"end":{"line":81,"column":76}},"13":{"start":{"line":84,"column":4},"end":{"line":89,"column":5}},"14":{"start":{"line":85,"column":24},"end":{"line":85,"column":65}},"15":{"start":{"line":86,"column":6},"end":{"line":88,"column":8}},"16":{"start":{"line":87,"column":36},"end":{"line":87,"column":58}},"17":{"start":{"line":91,"column":4},"end":{"line":93,"column":5}},"18":{"start":{"line":92,"column":6},"end":{"line":92,"column":79}},"19":{"start":{"line":96,"column":4},"end":{"line":99,"column":5}},"20":{"start":{"line":97,"column":31},"end":{"line":97,"column":72}},"21":{"start":{"line":97,"column":60},"end":{"line":97,"column":71}},"22":{"start":{"line":98,"column":6},"end":{"line":98,"column":60}},"23":{"start":{"line":101,"column":4},"end":{"line":103,"column":5}},"24":{"start":{"line":102,"column":6},"end":{"line":102,"column":67}},"25":{"start":{"line":105,"column":4},"end":{"line":107,"column":5}},"26":{"start":{"line":106,"column":6},"end":{"line":106,"column":72}},"27":{"start":{"line":111,"column":29},"end":{"line":111,"column":31}},"28":{"start":{"line":113,"column":4},"end":{"line":116,"column":5}},"29":{"start":{"line":114,"column":30},"end":{"line":114,"column":89}},"30":{"start":{"line":115,"column":6},"end":{"line":115,"column":101}},"31":{"start":{"line":118,"column":4},"end":{"line":121,"column":5}},"32":{"start":{"line":119,"column":25},"end":{"line":119,"column":84}},"33":{"start":{"line":120,"column":6},"end":{"line":120,"column":96}},"34":{"start":{"line":123,"column":4},"end":{"line":125,"column":5}},"35":{"start":{"line":124,"column":6},"end":{"line":124,"column":94}},"36":{"start":{"line":127,"column":4},"end":{"line":129,"column":5}},"37":{"start":{"line":128,"column":6},"end":{"line":128,"column":87}},"38":{"start":{"line":132,"column":4},"end":{"line":135,"column":5}},"39":{"start":{"line":133,"column":23},"end":{"line":133,"column":88}},"40":{"start":{"line":134,"column":6},"end":{"line":134,"column":64}},"41":{"start":{"line":138,"column":4},"end":{"line":141,"column":5}},"42":{"start":{"line":139,"column":6},"end":{"line":139,"column":47}},"43":{"start":{"line":140,"column":6},"end":{"line":140,"column":68}},"44":{"start":{"line":144,"column":25},"end":{"line":144,"column":27}},"45":{"start":{"line":147,"column":4},"end":{"line":154,"column":5}},"46":{"start":{"line":148,"column":6},"end":{"line":153,"column":9}},"47":{"start":{"line":157,"column":4},"end":{"line":167,"column":5}},"48":{"start":{"line":158,"column":26},"end":{"line":158,"column":54}},"49":{"start":{"line":159,"column":6},"end":{"line":166,"column":9}},"50":{"start":{"line":170,"column":4},"end":{"line":178,"column":5}},"51":{"start":{"line":171,"column":6},"end":{"line":177,"column":7}},"52":{"start":{"line":173,"column":8},"end":{"line":173,"column":46}},"53":{"start":{"line":176,"column":8},"end":{"line":176,"column":34}},"54":{"start":{"line":181,"column":4},"end":{"line":183,"column":5}},"55":{"start":{"line":182,"column":6},"end":{"line":182,"column":30}},"56":{"start":{"line":185,"column":4},"end":{"line":188,"column":5}},"57":{"start":{"line":186,"column":6},"end":{"line":186,"column":42}},"58":{"start":{"line":187,"column":6},"end":{"line":187,"column":60}},"59":{"start":{"line":191,"column":30},"end":{"line":230,"column":5}},"60":{"start":{"line":233,"column":4},"end":{"line":243,"column":5}},"61":{"start":{"line":234,"column":6},"end":{"line":242,"column":9}},"62":{"start":{"line":246,"column":4},"end":{"line":287,"column":7}},"63":{"start":{"line":290,"column":4},"end":{"line":304,"column":5}},"64":{"start":{"line":291,"column":6},"end":{"line":303,"column":9}},"65":{"start":{"line":307,"column":4},"end":{"line":316,"column":7}},"66":{"start":{"line":319,"column":20},"end":{"line":319,"column":22}},"67":{"start":{"line":320,"column":4},"end":{"line":348,"column":5}},"68":{"start":{"line":322,"column":8},"end":{"line":322,"column":54}},"69":{"start":{"line":323,"column":8},"end":{"line":323,"column":14}},"70":{"start":{"line":325,"column":8},"end":{"line":325,"column":38}},"71":{"start":{"line":326,"column":8},"end":{"line":326,"column":14}},"72":{"start":{"line":328,"column":8},"end":{"line":328,"column":69}},"73":{"start":{"line":329,"column":8},"end":{"line":329,"column":14}},"74":{"start":{"line":331,"column":8},"end":{"line":335,"column":9}},"75":{"start":{"line":332,"column":10},"end":{"line":332,"column":54}},"76":{"start":{"line":334,"column":10},"end":{"line":334,"column":41}},"77":{"start":{"line":336,"column":8},"end":{"line":336,"column":14}},"78":{"start":{"line":338,"column":8},"end":{"line":338,"column":64}},"79":{"start":{"line":339,"column":8},"end":{"line":339,"column":14}},"80":{"start":{"line":341,"column":8},"end":{"line":341,"column":47}},"81":{"start":{"line":342,"column":8},"end":{"line":342,"column":14}},"82":{"start":{"line":344,"column":8},"end":{"line":344,"column":78}},"83":{"start":{"line":345,"column":8},"end":{"line":345,"column":14}},"84":{"start":{"line":347,"column":8},"end":{"line":347,"column":54}},"85":{"start":{"line":350,"column":4},"end":{"line":350,"column":51}},"86":{"start":{"line":353,"column":17},"end":{"line":353,"column":55}},"87":{"start":{"line":354,"column":4},"end":{"line":357,"column":6}},"88":{"start":{"line":360,"column":17},"end":{"line":360,"column":57}},"89":{"start":{"line":363,"column":26},"end":{"line":363,"column":58}},"90":{"start":{"line":364,"column":4},"end":{"line":364,"column":44}},"91":{"start":{"line":365,"column":24},"end":{"line":365,"column":58}},"92":{"start":{"line":366,"column":18},"end":{"line":366,"column":44}},"93":{"start":{"line":369,"column":26},"end":{"line":369,"column":28}},"94":{"start":{"line":370,"column":4},"end":{"line":377,"column":5}},"95":{"start":{"line":371,"column":6},"end":{"line":376,"column":7}},"96":{"start":{"line":372,"column":34},"end":{"line":372,"column":92}},"97":{"start":{"line":372,"column":85},"end":{"line":372,"column":90}},"98":{"start":{"line":373,"column":8},"end":{"line":373,"column":44}},"99":{"start":{"line":375,"column":8},"end":{"line":375,"column":59}},"100":{"start":{"line":380,"column":28},"end":{"line":392,"column":5}},"101":{"start":{"line":394,"column":4},"end":{"line":414,"column":7}},"102":{"start":{"line":411,"column":42},"end":{"line":411,"column":58}},"103":{"start":{"line":417,"column":4},"end":{"line":417,"column":57}},"104":{"start":{"line":418,"column":4},"end":{"line":422,"column":7}},"105":{"start":{"line":429,"column":28},"end":{"line":687,"column":1}},"106":{"start":{"line":430,"column":2},"end":{"line":686,"column":3}},"107":{"start":{"line":436,"column":8},"end":{"line":436,"column":16}},"108":{"start":{"line":438,"column":17},"end":{"line":438,"column":65}},"109":{"start":{"line":441,"column":28},"end":{"line":448,"column":5}},"110":{"start":{"line":451,"column":30},"end":{"line":642,"column":5}},"111":{"start":{"line":644,"column":24},"e
[...]
":78,"column":35}},"29":{"start":{"line":79,"column":4},"end":{"line":82,"column":5}},"30":{"start":{"line":80,"column":6},"end":{"line":80,"column":22}},"31":{"start":{"line":81,"column":6},"end":{"line":81,"column":25}},"32":{"start":{"line":86,"column":2},"end":{"line":88,"column":3}},"33":{"start":{"line":87,"column":4},"end":{"line":87,"column":20}},"34":{"start":{"line":90,"column":2},"end":{"line":94,"column":4}},"35":{"start":{"line":103,"column":25},"end":{"line":111,"column":1}},"36":{"start":{"line":104,"column":22},"end":{"line":104,"column":42}},"37":{"start":{"line":106,"column":2},"end":{"line":108,"column":3}},"38":{"start":{"line":107,"column":4},"end":{"line":107,"column":14}},"39":{"start":{"line":110,"column":2},"end":{"line":110,"column":46}},"40":{"start":{"line":119,"column":28},"end":{"line":131,"column":1}},"41":{"start":{"line":120,"column":2},"end":{"line":122,"column":3}},"42":{"start":{"line":121,"column":4},"end":{"line":121,"column":16}},"43":{"start":{"line":125,"column":18},"end":{"line":125,"column":54}},"44":{"start":{"line":128,"column":2},"end":{"line":128,"column":63}},"45":{"start":{"line":130,"column":2},"end":{"line":130,"column":27}},"46":{"start":{"line":140,"column":21},"end":{"line":143,"column":1}},"47":{"start":{"line":141,"column":2},"end":{"line":141,"column":34}},"48":{"start":{"line":141,"column":14},"end":{"line":141,"column":34}},"49":{"start":{"line":142,"column":2},"end":{"line":142,"column":62}},"50":{"start":{"line":152,"column":27},"end":{"line":167,"column":1}},"51":{"start":{"line":153,"column":2},"end":{"line":153,"column":24}},"52":{"start":{"line":153,"column":14},"end":{"line":153,"column":24}},"53":{"start":{"line":156,"column":12},"end":{"line":156,"column":78}},"54":{"start":{"line":156,"column":69},"end":{"line":156,"column":77}},"55":{"start":{"line":159,"column":2},"end":{"line":159,"column":31}},"56":{"start":{"line":162,"column":2},"end":{"line":164,"column":3}},"57":{"start":{"line":163,"column":4},"end":{"line":163,"column":53}},"58":{"start":{"line":163,"column":26},"end":{"line":163,"column":51}},"59":{"start":{"line":166,"column":2},"end":{"line":166,"column":13}},"60":{"start":{"line":169,"column":0},"end":{"line":177,"column":2}}},"fnMap":{"0":{"name":"(anonymous_0)","decl":{"start":{"line":14,"column":27},"end":{"line":14,"column":28}},"loc":{"start":{"line":14,"column":79},"end":{"line":46,"column":1}},"line":14},"1":{"name":"(anonymous_1)","decl":{"start":{"line":53,"column":24},"end":{"line":53,"column":25}},"loc":{"start":{"line":53,"column":32},"end":{"line":56,"column":1}},"line":53},"2":{"name":"(anonymous_2)","decl":{"start":{"line":64,"column":25},"end":{"line":64,"column":26}},"loc":{"start":{"line":64,"column":45},"end":{"line":95,"column":1}},"line":64},"3":{"name":"(anonymous_3)","decl":{"start":{"line":103,"column":25},"end":{"line":103,"column":26}},"loc":{"start":{"line":103,"column":58},"end":{"line":111,"column":1}},"line":103},"4":{"name":"(anonymous_4)","decl":{"start":{"line":119,"column":28},"end":{"line":119,"column":29}},"loc":{"start":{"line":119,"column":56},"end":{"line":131,"column":1}},"line":119},"5":{"name":"(anonymous_5)","decl":{"start":{"line":140,"column":21},"end":{"line":140,"column":22}},"loc":{"start":{"line":140,"column":68},"end":{"line":143,"column":1}},"line":140},"6":{"name":"(anonymous_6)","decl":{"start":{"line":152,"column":27},"end":{"line":152,"column":28}},"loc":{"start":{"line":152,"column":75},"end":{"line":167,"column":1}},"line":152},"7":{"name":"(anonymous_7)","decl":{"start":{"line":156,"column":64},"end":{"line":156,"column":65}},"loc":{"start":{"line":156,"column":69},"end":{"line":156,"column":77}},"line":156},"8":{"name":"(anonymous_8)","decl":{"start":{"line":163,"column":21},"end":{"line":163,"column":22}},"loc":{"start":{"line":163,"column":26},"end":{"line":163,"column":51}},"line":163}},"branchMap":{"0":{"loc":{"start":{"line":14,"column":41},"end":{"line":14,"column":55}},"type":"default-arg","locations":[{"start":{"line":14,"column":52},"end":{"line":14,"column":55}}],"line":14},"1":{"loc":{"start":{"line":14,"column":57},"end":{"line":14,"column":74}},"type":"default-arg","locations":[{"start":{"line":14,"column":70},"end":{"line":14,"column":74}}],"line":14},"2":{"loc":{"start":{"line":17,"column":2},"end":{"line":19,"column":3}},"type":"if","locations":[{"start":{"line":17,"column":2},"end":{"line":19,"column":3}},{"start":{},"end":{}}],"line":17},"3":{"loc":{"start":{"line":17,"column":6},"end":{"line":17,"column":39}},"type":"binary-expr","locations":[{"start":{"line":17,"column":6},"end":{"line":17,"column":22}},{"start":{"line":17,"column":26},"end":{"line":17,"column":39}}],"line":17},"4":{"loc":{"start":{"line":23,"column":2},"end":{"line":25,"column":3}},"type":"if","locations":[{"start":{"line":23,"column":2},"end":{"line":25,"column":3}},{"start":{},"end":{}}],"line":23},"5":{"loc":{"start":{"line":23,"column":6},"end":{"line":23,"column":41}},"type":"binary-expr","locations":[{"start":{"line":23,"column":6},"end":{"line":23,"column":23}},{"start":{"line":23,"column":27},"end":{"line":23,"column":41}}],"line":23},"6":{"loc":{"start":{"line":32,"column":2},"end":{"line":39,"column":3}},"type":"if","locations":[{"start":{"line":32,"column":2},"end":{"line":39,"column":3}},{"start":{"line":37,"column":9},"end":{"line":39,"column":3}}],"line":32},"7":{"loc":{"start":{"line":32,"column":6},"end":{"line":32,"column":53}},"type":"binary-expr","locations":[{"start":{"line":32,"column":6},"end":{"line":32,"column":25}},{"start":{"line":32,"column":29},"end":{"line":32,"column":53}}],"line":32},"8":{"loc":{"start":{"line":34,"column":4},"end":{"line":36,"column":5}},"type":"if","locations":[{"start":{"line":34,"column":4},"end":{"line":36,"column":5}},{"start":{},"end":{}}],"line":34},"9":{"loc":{"start":{"line":34,"column":8},"end":{"line":34,"column":31}},"type":"binary-expr","locations":[{"start":{"line":34,"column":8},"end":{"line":34,"column":19}},{"start":{"line":34,"column":23},"end":{"line":34,"column":31}}],"line":34},"10":{"loc":{"start":{"line":54,"column":2},"end":{"line":54,"column":24}},"type":"if","locations":[{"start":{"line":54,"column":2},"end":{"line":54,"column":24}},{"start":{},"end":{}}],"line":54},"11":{"loc":{"start":{"line":69,"column":2},"end":{"line":75,"column":3}},"type":"if","locations":[{"start":{"line":69,"column":2},"end":{"line":75,"column":3}},{"start":{},"end":{}}],"line":69},"12":{"loc":{"start":{"line":69,"column":6},"end":{"line":69,"column":62}},"type":"binary-expr","locations":[{"start":{"line":69,"column":6},"end":{"line":69,"column":26}},{"start":{"line":69,"column":30},"end":{"line":69,"column":45}},{"start":{"line":69,"column":49},"end":{"line":69,"column":62}}],"line":69},"13":{"loc":{"start":{"line":71,"column":4},"end":{"line":74,"column":5}},"type":"if","locations":[{"start":{"line":71,"column":4},"end":{"line":74,"column":5}},{"start":{},"end":{}}],"line":71},"14":{"loc":{"start":{"line":71,"column":8},"end":{"line":71,"column":45}},"type":"binary-expr","locations":[{"start":{"line":71,"column":8},"end":{"line":71,"column":26}},{"start":{"line":71,"column":30},"end":{"line":71,"column":45}}],"line":71},"15":{"loc":{"start":{"line":77,"column":2},"end":{"line":83,"column":3}},"type":"if","locations":[{"start":{"line":77,"column":2},"end":{"line":83,"column":3}},{"start":{},"end":{}}],"line":77},"16":{"loc":{"start":{"line":77,"column":6},"end":{"line":77,"column":62}},"type":"binary-expr","locations":[{"start":{"line":77,"column":6},"end":{"line":77,"column":26}},{"start":{"line":77,"column":30},"end":{"line":77,"column":45}},{"start":{"line":77,"column":49},"end":{"line":77,"column":62}}],"line":77},"17":{"loc":{"start":{"line":79,"column":4},"end":{"line":82,"column":5}},"type":"if","locations":[{"start":{"line":79,"column":4},"end":{"line":82,"column":5}},{"start":{},"end":{}}],"line":79},"18":{"loc":{"start":{"line":79,"column":8},"end":{"line":79,"column":45}},"type":"binary-expr","locations":[{"start":{"line":79,"column":8},"end":{"line":79,"column":26}},{"start":{"line":79,"column":30},"end":{"line":79,"column":45}}],"line":79},"19":{"loc":{"start":{"line":86,"column":2},"end":{"line":88,"column":3}},"type":"if","locations":[{"start":{"line":86,"column":2},"end":{"line":88,"column":3}},{"start":{},"end":{}}],"line":86},"20":{"loc":{"start":{"line":86,"column":6},"end":{"line":86,"column":79}},"type":"binary-expr","locations":[{"start":{"line":86,"column":6},"end":{"line":86,"column":26}},{"start":{"line":86,"column":30},"end":{"line":86,"column":50}},{"start":{"line":86,"column":54},"end":{"line":86,"column":79}}],"line":86},"21":{"loc":{"start":{"line":103,"column":36},"end":{"line":103,"column":53}},"type":"default-arg","locations":[{"start":{"line":103,"column":50},"end":{"line":103,"column":53}}],"line":103},"22":{"loc":{"start":{"line":106,"column":2},"end":{"line":108,"column":3}},"type":"if","locations":[{"start":{"line":106,"column":2},"end":{"line":108,"column":3}},{"start":{},"end":{}}],"line":106},"23":{"loc":{"start":{"line":106,"column":6},"end":{"line":106,"column":47}},"type":"binary-expr","locations":[{"start":{"line":106,"column":6},"end":{"line":106,"column":26}},{"start":{"line":106,"column":30},"end":{"line":106,"column":47}}],"line":106},"24":{"loc":{"start":{"line":119,"column":36},"end":{"line":119,"column":51}},"type":"default-arg","locations":[{"start":{"line":119,"column":48},"end":{"line":119,"column":51}}],"line":119},"25":{"loc":{"start":{"line":120,"column":2},"end":{"line":122,"column":3}},"type":"if","locations":[{"start":{"line":120,"column":2},"end":{"line":122,"column":3}},{"start":{},"end":{}}],"line":120},"26":{"loc":{"start":{"line":120,"column":6},"end":{"line":120,"column":41}},"type":"binary-expr","locations":[{"start":{"line":120,"column":6},"end":{"line":120,"column":12}},{"start":{"line":120,"column":16},"end":{"line":120,"column":41}}],"line":120},"27":{"loc":{"start":{"line":130,"column":9},"end":{"line":130,"column":26}},"type":"binary-expr","locations":[{"start":{"line":130,"column":9},"end":{"line":130,"column":18}},{"start":{"line":130,"column":22},"end":{"line":130,"column":26}}],"line":130},"28":{"loc":{"start":{"line":140,"column":44},"end":{"line":140,"column":63}},"type":"default-arg","locations":[{"start":{"line":140,"column":59},"end":{"line":140,"column":63}}],"line":140},"29":{"loc":{"start":{"line":141,"column":2},"end":{"line":141,"column":34}},"type":"if","locations":[{"start":{"line":141,"column":2},"end":{"line":141,"column":34}},{"start":{},"end":{}}],"line":141},"30":{"loc":{"start":{"line":142,"column":9},"end":{"line":142,"column":61}},"type":"cond-expr","locations":[{"start":{"line":142,"column":41},"end":{"line":142,"column":46}},{"start":{"line":142,"column":49},"end":{"line":142,"column":61}}],"line":142},"31":{"loc":{"start":{"line":152,"column":35},"end":{"line":152,"column":55}},"type":"default-arg","locations":[{"start":{"line":152,"column":51},"end":{"line":152,"column":55}}],"line":152},"32":{"loc":{"start":{"line":152,"column":57},"end":{"line":152,"column":70}},"type":"default-arg","locations":[{"start":{"line":152,"column":68},"end":{"line":152,"column":70}}],"line":152},"33":{"loc":{"start":{"line":153,"column":2},"end":{"line":153,"column":24}},"type":"if","locations":[{"start":{"line":153,"column":2},"end":{"line":153,"column":24}},{"start":{},"end":{}}],"line":153},"34":{"loc":{"start":{"line":156,"column":12},"end":{"line":156,"column":78}},"type":"cond-expr","locations":[{"start":{"line":156,"column":35},"end":{"line":156,"column":40}},{"start":{"line":156,"column":43},"end":{"line":156,"column":78}}],"line":156},"35":{"loc":{"start":{"line":162,"column":2},"end":{"line":164,"column":3}},"type":"if","locations":[{"start":{"line":162,"column":2},"end":{"line":164,"column":3}},{"start":{},"end":{}}],"line":162},"36":{"loc":{"start":{"line":162,"column":6},"end":{"line":162,"column":47}},"type":"binary-expr","locations":[{"start":{"line":162,"column":6},"end":{"line":162,"column":19}},{"start":{"line":162,"column":23},"end":{"line":162,"column":47}}],"line":162}},"s":{"0":19,"1":52,"2":52,"3":50,"4":52,"5":52,"6":33,"7":52,"8":52,"9":1,"10":1,"11":0,"12":51,"13":52,"14":19,"15":0,"16":0,"17":0,"18":19,"19":49,"20":49,"21":49,"22":49,"23":1,"24":1,"25":0,"26":0,"27":49,"28":2,"29":2,"30":0,"31":0,"32":49,"33":0,"34":49,"35":19,"36":49,"37":49,"38":0,"39":49,"40":19,"41":3,"42":3,"43":0,"44":0,"45":0,"46":19,"47":0,"48":0,"49":0,"50":19,"51":0,"52":0,"53":0,"54":0,"55":0,"56":0,"57":0,"58":0,"59":0,"60":19},"f":{"0":52,"1":0,"2":49,"3":49,"4":3,"5":0,"6":0,"7":0,"8":0},"b":{"0":[0],"1":[51],"2":[50,2],"3":[52,2],"4":[33,19],"5":[52,19],"6":[1,51],"7":[52,1],"8":[0,1],"9":[1,1],"10":[0,0],"11":[1,48],"12":[49,1,1],"13":[0,1],"14":[1,1],"15":[2,47],"16":[49,2,2],"17":[0,2],"18":[2,2],"19":[0,49],"20":[49,1,1],"21":[49],"22":[0,49],"23":[49,49],"24":[3],"25":[3,0],"26":[3,0],"27":[0,0],"28":[0],"29":[0,0],"30":[0,0],"31":[0],"32":[0],"33":[0,0],"34":[0,0],"35":[0,0],"36":[0,0]},"_coverageSchema":"1a1c01bbd47fc00a2c39e90264f33305004495a9","hash":"a9999804fd61ea454d606de39f0611e62aaf7fb1"}
,"/home/ben/datapartition_backup/Downloads/pawfectmatch-premium/server/tests/test-utils.js": {"path":"/home/ben/datapartition_backup/Downloads/pawfectmatch-premium/server/tests/test-utils.js","statementMap":{"0":{"start":{"line":1,"column":17},"end":{"line":1,"column":36}},"1":{"start":{"line":2,"column":30},"end":{"line":2,"column":62}},"2":{"start":{"line":4,"column":18},"end":{"line":4,"column":22}},"3":{"start":{"line":5,"column":23},"end":{"line":5,"column":28}},"4":{"start":{"line":13,"column":2},"end":{"line":15,"column":3}},"5":{"start":{"line":14,"column":4},"end":{"line":14,"column":11}},"6":{"start":{"line":18,"column":2},"end":{"line":20,"column":3}},"7":{"start":{"line":19,"column":4},"end":{"line":19,"column":32}},"8":{"start":{"line":23,"column":2},"end":{"line":23,"column":49}},"9":{"start":{"line":24,"column":19},"end":{"line":24,"column":39}},"10":{"start":{"line":26,"column":2},"end":{"line":29,"column":5}},"11":{"start":{"line":31,"column":2},"end":{"line":31,"column":26}},"12":{"start":{"line":38,"column":2},"end":{"line":43,"column":3}},"13":{"start":{"line":39,"column":4},"end":{"line":39,"column":32}},"14":{"start":{"line":40,"column":4},"end":{"line":40,"column":29}},"15":{"start":{"line":41,"column":4},"end":{"line":41,"column":23}},"16":{"start":{"line":42,"column":4},"end":{"line":42,"column":29}},"17":{"start":{"line":50,"column":2},"end":{"line":56,"column":3}},"18":{"start":{"line":51,"column":24},"end":{"line":51,"column":55}},"19":{"start":{"line":52,"column":4},"end":{"line":55,"column":5}},"20":{"start":{"line":53,"column":25},"end":{"line":53,"column":41}},"21":{"start":{"line":54,"column":6},"end":{"line":54,"column":38}},"22":{"start":{"line":59,"column":0},"end":{"line":63,"column":2}}},"fnMap":{"0":{"name":"setupTestDatabase","decl":{"start":{"line":11,"column":15},"end":{"line":11,"column":32}},"loc":{"start":{"line":11,"column":35},"end":{"line":32,"column":1}},"line":11},"1":{"name":"cleanupTestDatabase","decl":{"start":{"line":37,"column":15},"end":{"line":37,"column":34}},"loc":{"start":{"line":37,"column":37},"end":{"line":44,"column":1}},"line":37},"2":{"name":"clearTestDatabase","decl":{"start":{"line":49,"column":15},"end":{"line":49,"column":32}},"loc":{"start":{"line":49,"column":35},"end":{"line":57,"column":1}},"line":49}},"branchMap":{"0":{"loc":{"start":{"line":13,"column":2},"end":{"line":15,"column":3}},"type":"if","locations":[{"start":{"line":13,"column":2},"end":{"line":15,"column":3}},{"start":{},"end":{}}],"line":13},"1":{"loc":{"start":{"line":13,"column":6},"end":{"line":13,"column":62}},"type":"binary-expr","locations":[{"start":{"line":13,"column":6},"end":{"line":13,"column":42}},{"start":{"line":13,"column":46},"end":{"line":13,"column":62}}],"line":13},"2":{"loc":{"start":{"line":18,"column":2},"end":{"line":20,"column":3}},"type":"if","locations":[{"start":{"line":18,"column":2},"end":{"line":20,"column":3}},{"start":{},"end":{}}],"line":18},"3":{"loc":{"start":{"line":38,"column":2},"end":{"line":43,"column":3}},"type":"if","locations":[{"start":{"line":38,"column":2},"end":{"line":43,"column":3}},{"start":{},"end":{}}],"line":38},"4":{"loc":{"start":{"line":38,"column":6},"end":{"line":38,"column":37}},"type":"binary-expr","locations":[{"start":{"line":38,"column":6},"end":{"line":38,"column":17}},{"start":{"line":38,"column":21},"end":{"line":38,"column":37}}],"line":38},"5":{"loc":{"start":{"line":50,"column":2},"end":{"line":56,"column":3}},"type":"if","locations":[{"start":{"line":50,"column":2},"end":{"line":56,"column":3}},{"start":{},"end":{}}],"line":50}},"s":{"0":1,"1":1,"2":1,"3":1,"4":1,"5":0,"6":1,"7":0,"8":1,"9":1,"10":1,"11":1,"12":1,"13":1,"14":1,"15":1,"16":1,"17":0,"18":0,"19":0,"20":0,"21":0,"22":1},"f":{"0":1,"1":1,"2":0},"b":{"0":[0,1],"1":[1,0],"2":[0,1],"3":[1,0],"4":[1,1],"5":[0,0]},"_coverageSchema":"1a1c01bbd47fc00a2c39e90264f33305004495a9","hash":"61989c309fbabcce5a2443acddd9f5844e335850"}
,"/home/ben/datapartition_backup/Downloads/pawfectmatch-premium/server/tests/helpers/mongoTestHelper.js": {"path":"/home/ben/datapartition_backup/Downloads/pawfectmatch-premium/server/tests/helpers/mongoTestHelper.js","statementMap":{"0":{"start":{"line":1,"column":17},"end":{"line":1,"column":36}},"1":{"start":{"line":2,"column":30},"end":{"line":2,"column":62}},"2":{"start":{"line":12,"column":2},"end":{"line":14,"column":3}},"3":{"start":{"line":13,"column":4},"end":{"line":13,"column":32}},"4":{"start":{"line":17,"column":2},"end":{"line":19,"column":5}},"5":{"start":{"line":21,"column":19},"end":{"line":21,"column":39}},"6":{"start":{"line":22,"column":2},"end":{"line":22,"column":35}},"7":{"start":{"line":24,"column":2},"end":{"line":24,"column":18}},"8":{"start":{"line":31,"column":2},"end":{"line":42,"column":3}},"9":{"start":{"line":32,"column":4},"end":{"line":35,"column":5}},"10":{"start":{"line":33,"column":6},"end":{"line":33,"column":47}},"11":{"start":{"line":34,"column":6},"end":{"line":34,"column":40}},"12":{"start":{"line":37,"column":4},"end":{"line":39,"column":5}},"13":{"start":{"line":38,"column":6},"end":{"line":38,"column":31}},"14":{"start":{"line":41,"column":4},"end":{"line":41,"column":60}},"15":{"start":{"line":49,"column":2},"end":{"line":49,"column":40}},"16":{"start":{"line":52,"column":0},"end":{"line":56,"column":2}}},"fnMap":{"0":{"name":"setupTestDatabase","decl":{"start":{"line":10,"column":15},"end":{"line":10,"column":32}},"loc":{"start":{"line":10,"column":35},"end":{"line":25,"column":1}},"line":10},"1":{"name":"cleanupTestDatabase","decl":{"start":{"line":30,"column":15},"end":{"line":30,"column":34}},"loc":{"start":{"line":30,"column":37},"end":{"line":43,"column":1}},"line":30},"2":{"name":"getConnectionState","decl":{"start":{"line":48,"column":9},"end":{"line":48,"column":27}},"loc":{"start":{"line":48,"column":30},"end":{"line":50,"column":1}},"line":48}},"branchMap":{"0":{"loc":{"start":{"line":12,"column":2},"end":{"line":14,"column":3}},"type":"if","locations":[{"start":{"line":12,"column":2},"end":{"line":14,"column":3}},{"start":{},"end":{}}],"line":12},"1":{"loc":{"start":{"line":32,"column":4},"end":{"line":35,"column":5}},"type":"if","locations":[{"start":{"line":32,"column":4},"end":{"line":35,"column":5}},{"start":{},"end":{}}],"line":32},"2":{"loc":{"start":{"line":37,"column":4},"end":{"line":39,"column":5}},"type":"if","locations":[{"start":{"line":37,"column":4},"end":{"line":39,"column":5}},{"start":{},"end":{}}],"line":37}},"s":{"0":2,"1":2,"2":2,"3":0,"4":2,"5":2,"6":2,"7":2,"8":2,"9":2,"10":2,"11":2,"12":2,"13":2,"14":0,"15":0,"16":2},"f":{"0":2,"1":2,"2":0},"b":{"0":[0,2],"1":[2,0],"2":[2,0]},"_coverageSchema":"1a1c01bbd47fc00a2c39e90264f33305004495a9","hash":"8c14924d7ceee974bc8707b9e40ae6d67802d8df"}
}
