TN:
SF:server.js
FN:108,(anonymous_0)
FN:129,(anonymous_1)
FN:148,(anonymous_2)
FN:150,(anonymous_3)
FN:184,(anonymous_4)
FN:188,(anonymous_5)
FN:275,(anonymous_6)
FN:284,(anonymous_7)
FN:316,(anonymous_8)
FN:374,(anonymous_9)
FN:382,(anonymous_10)
FN:387,(anonymous_11)
FN:394,(anonymous_12)
FN:400,(anonymous_13)
FN:408,(anonymous_14)
FNF:15
FNH:3
FNDA:681,(anonymous_0)
FNDA:0,(anonymous_1)
FNDA:0,(anonymous_2)
FNDA:0,(anonymous_3)
FNDA:0,(anonymous_4)
FNDA:681,(anonymous_5)
FNDA:0,(anonymous_6)
FNDA:0,(anonymous_7)
FNDA:0,(anonymous_8)
FNDA:32,(anonymous_9)
FNDA:0,(anonymous_10)
FNDA:0,(anonymous_11)
FNDA:0,(anonymous_12)
FNDA:0,(anonymous_13)
FNDA:0,(anonymous_14)
DA:1,19
DA:2,19
DA:4,19
DA:5,19
DA:6,19
DA:7,19
DA:8,19
DA:9,19
DA:10,19
DA:11,19
DA:12,19
DA:16,19
DA:17,0
DA:19,19
DA:23,19
DA:26,19
DA:27,19
DA:35,19
DA:36,19
DA:40,19
DA:52,19
DA:53,19
DA:54,19
DA:55,19
DA:56,19
DA:57,19
DA:58,19
DA:59,19
DA:60,19
DA:61,19
DA:62,19
DA:63,19
DA:66,19
DA:67,19
DA:69,19
DA:72,19
DA:81,19
DA:108,19
DA:109,681
DA:110,681
DA:111,681
DA:112,681
DA:113,681
DA:114,681
DA:115,681
DA:119,19
DA:120,19
DA:121,19
DA:123,19
DA:130,0
DA:134,0
DA:142,19
DA:148,0
DA:151,0
DA:156,0
DA:165,19
DA:166,0
DA:167,0
DA:168,0
DA:173,19
DA:183,19
DA:184,0
DA:187,19
DA:190,681
DA:193,0
DA:194,0
DA:195,0
DA:200,0
DA:201,0
DA:202,0
DA:206,0
DA:207,0
DA:208,0
DA:210,0
DA:211,0
DA:215,0
DA:225,19
DA:226,19
DA:227,19
DA:230,19
DA:231,19
DA:232,19
DA:235,19
DA:238,19
DA:241,19
DA:244,19
DA:245,19
DA:246,19
DA:249,19
DA:252,19
DA:253,19
DA:256,19
DA:257,19
DA:258,19
DA:259,19
DA:260,19
DA:261,19
DA:262,19
DA:263,19
DA:264,19
DA:265,19
DA:268,19
DA:270,19
DA:276,0
DA:277,0
DA:279,0
DA:284,19
DA:285,0
DA:286,0
DA:287,0
DA:290,0
DA:292,0
DA:301,0
DA:302,0
DA:307,19
DA:310,19
DA:313,19
DA:316,19
DA:317,0
DA:326,19
DA:327,19
DA:330,19
DA:331,19
DA:334,19
DA:335,19
DA:336,19
DA:338,0
DA:342,19
DA:343,19
DA:344,19
DA:345,19
DA:348,19
DA:350,0
DA:354,19
DA:355,19
DA:356,19
DA:357,19
DA:360,19
DA:362,0
DA:366,19
DA:371,19
DA:374,19
DA:375,32
DA:382,19
DA:384,0
DA:387,0
DA:388,0
DA:391,0
DA:393,0
DA:395,0
DA:396,0
DA:397,0
DA:398,0
DA:401,0
DA:402,0
DA:407,19
DA:408,0
DA:409,0
DA:410,0
DA:415,19
LF:160
LH:110
BRDA:16,0,0,0
BRDA:16,0,1,19
BRDA:74,1,0,19
BRDA:74,1,1,0
BRDA:89,2,0,19
BRDA:89,2,1,0
BRDA:148,3,0,0
BRDA:148,3,1,0
BRDA:165,4,0,0
BRDA:165,4,1,19
BRDA:167,5,0,0
BRDA:167,5,1,0
BRDA:174,6,0,19
BRDA:174,6,1,0
BRDA:183,7,0,0
BRDA:183,7,1,19
BRDA:190,8,0,681
BRDA:190,8,1,0
BRDA:193,9,0,0
BRDA:193,9,1,0
BRDA:194,10,0,0
BRDA:194,10,1,0
BRDA:194,11,0,0
BRDA:194,11,1,0
BRDA:200,12,0,0
BRDA:200,12,1,0
BRDA:201,13,0,0
BRDA:201,13,1,0
BRDA:201,14,0,0
BRDA:201,14,1,0
BRDA:206,15,0,0
BRDA:206,15,1,0
BRDA:207,16,0,0
BRDA:207,16,1,0
BRDA:276,17,0,0
BRDA:276,17,1,0
BRDA:286,18,0,0
BRDA:286,18,1,0
BRDA:366,19,0,0
BRDA:366,19,1,19
BRDA:391,20,0,0
BRDA:391,20,1,0
BRDA:396,21,0,0
BRDA:396,21,1,0
BRDA:407,22,0,0
BRDA:407,22,1,19
BRF:46
BRH:9
end_of_record
TN:
SF:src/config/database.js
FN:6,(anonymous_0)
FN:14,(anonymous_1)
FN:57,(anonymous_2)
FN:70,(anonymous_3)
FN:83,(anonymous_4)
FN:92,(anonymous_5)
FN:94,(anonymous_6)
FN:100,(anonymous_7)
FN:105,(anonymous_8)
FN:111,(anonymous_9)
FN:118,(anonymous_10)
FN:122,(anonymous_11)
FN:127,(anonymous_12)
FN:130,(anonymous_13)
FN:142,(anonymous_14)
FN:149,(anonymous_15)
FN:164,(anonymous_16)
FN:172,(anonymous_17)
FN:184,(anonymous_18)
FNF:19
FNH:1
FNDA:19,(anonymous_0)
FNDA:0,(anonymous_1)
FNDA:0,(anonymous_2)
FNDA:0,(anonymous_3)
FNDA:0,(anonymous_4)
FNDA:0,(anonymous_5)
FNDA:0,(anonymous_6)
FNDA:0,(anonymous_7)
FNDA:0,(anonymous_8)
FNDA:0,(anonymous_9)
FNDA:0,(anonymous_10)
FNDA:0,(anonymous_11)
FNDA:0,(anonymous_12)
FNDA:0,(anonymous_13)
FNDA:0,(anonymous_14)
FNDA:0,(anonymous_15)
FNDA:0,(anonymous_16)
FNDA:0,(anonymous_17)
FNDA:0,(anonymous_18)
DA:1,19
DA:2,19
DA:7,19
DA:8,19
DA:9,19
DA:10,19
DA:11,19
DA:16,0
DA:17,0
DA:18,0
DA:21,0
DA:23,0
DA:24,0
DA:25,0
DA:29,0
DA:30,0
DA:32,0
DA:33,0
DA:37,0
DA:47,0
DA:48,0
DA:49,0
DA:50,0
DA:51,0
DA:53,0
DA:58,0
DA:60,0
DA:62,0
DA:63,0
DA:64,0
DA:65,0
DA:67,0
DA:71,0
DA:73,0
DA:74,0
DA:76,0
DA:77,0
DA:78,0
DA:81,0
DA:83,0
DA:86,0
DA:89,0
DA:94,0
DA:95,0
DA:96,0
DA:97,0
DA:100,0
DA:101,0
DA:102,0
DA:105,0
DA:106,0
DA:107,0
DA:108,0
DA:111,0
DA:112,0
DA:113,0
DA:114,0
DA:118,0
DA:119,0
DA:122,0
DA:123,0
DA:128,0
DA:130,0
DA:131,0
DA:132,0
DA:133,0
DA:134,0
DA:136,0
DA:143,0
DA:144,0
DA:145,0
DA:150,0
DA:152,0
DA:154,0
DA:155,0
DA:156,0
DA:157,0
DA:159,0
DA:160,0
DA:165,0
DA:166,0
DA:167,0
DA:168,0
DA:173,0
DA:185,0
DA:186,0
DA:189,0
DA:191,0
DA:193,0
DA:199,0
DA:205,19
DA:207,19
LF:92
LH:9
BRDA:16,0,0,0
BRDA:16,0,1,0
BRDA:23,1,0,0
BRDA:23,1,1,0
BRDA:76,2,0,0
BRDA:76,2,1,0
BRDA:128,3,0,0
BRDA:128,3,1,0
BRDA:131,4,0,0
BRDA:131,4,1,0
BRDA:143,5,0,0
BRDA:143,5,1,0
BRDA:165,6,0,0
BRDA:165,6,1,0
BRDA:185,7,0,0
BRDA:185,7,1,0
BRF:16
BRH:0
end_of_record
TN:
SF:src/config/production.js
FN:32,validateProductionEnv
FN:41,(anonymous_1)
FN:83,(anonymous_2)
FN:94,generateSecrets
FN:106,getProductionConfig
FN:139,(anonymous_5)
FNF:6
FNH:2
FNDA:19,validateProductionEnv
FNDA:0,(anonymous_1)
FNDA:0,(anonymous_2)
FNDA:0,generateSecrets
FNDA:19,getProductionConfig
FNDA:0,(anonymous_5)
DA:1,19
DA:6,19
DA:21,19
DA:34,19
DA:35,19
DA:36,19
DA:39,0
DA:41,0
DA:43,0
DA:44,0
DA:45,0
DA:46,0
DA:50,0
DA:51,0
DA:55,0
DA:62,0
DA:63,0
DA:66,0
DA:67,0
DA:71,0
DA:73,0
DA:77,0
DA:79,0
DA:83,0
DA:84,0
DA:85,0
DA:88,0
DA:95,0
DA:97,0
DA:107,19
DA:139,0
DA:159,19
LF:32
LH:8
BRDA:34,0,0,19
BRDA:34,0,1,0
BRDA:43,1,0,0
BRDA:43,1,1,0
BRDA:50,2,0,0
BRDA:50,2,1,0
BRDA:50,3,0,0
BRDA:50,3,1,0
BRDA:62,4,0,0
BRDA:62,4,1,0
BRDA:66,5,0,0
BRDA:66,5,1,0
BRDA:71,6,0,0
BRDA:71,6,1,0
BRDA:71,7,0,0
BRDA:71,7,1,0
BRDA:77,8,0,0
BRDA:77,8,1,0
BRDA:77,9,0,0
BRDA:77,9,1,0
BRDA:84,10,0,0
BRDA:84,10,1,0
BRDA:124,11,0,0
BRDA:124,11,1,19
BRDA:128,12,0,0
BRDA:128,12,1,19
BRDA:132,13,0,0
BRDA:132,13,1,19
BRDA:138,14,0,0
BRDA:138,14,1,19
BRDA:139,15,0,0
BRDA:139,15,1,0
BRDA:147,16,0,19
BRDA:147,16,1,0
BRDA:148,17,0,19
BRDA:148,17,1,0
BRF:36
BRH:7
end_of_record
TN:
SF:src/config/redis.js
FN:9,initRedis
FN:22,(anonymous_1)
FN:37,(anonymous_2)
FN:42,(anonymous_3)
FN:46,(anonymous_4)
FN:51,(anonymous_5)
FN:56,(anonymous_6)
FN:79,getRedisClient
FN:86,isRedisReady
FN:93,cacheGet
FN:108,cacheSet
FN:123,cacheDel
FN:138,cacheDelPattern
FN:156,getCacheStats
FN:187,clearCache
FN:203,closeRedis
FNF:16
FNH:0
FNDA:0,initRedis
FNDA:0,(anonymous_1)
FNDA:0,(anonymous_2)
FNDA:0,(anonymous_3)
FNDA:0,(anonymous_4)
FNDA:0,(anonymous_5)
FNDA:0,(anonymous_6)
FNDA:0,getRedisClient
FNDA:0,isRedisReady
FNDA:0,cacheGet
FNDA:0,cacheSet
FNDA:0,cacheDel
FNDA:0,cacheDelPattern
FNDA:0,getCacheStats
FNDA:0,clearCache
FNDA:0,closeRedis
DA:1,19
DA:3,19
DA:4,19
DA:11,0
DA:12,0
DA:13,0
DA:16,0
DA:17,0
DA:19,0
DA:23,0
DA:24,0
DA:25,0
DA:28,0
DA:37,0
DA:38,0
DA:39,0
DA:42,0
DA:43,0
DA:46,0
DA:47,0
DA:48,0
DA:51,0
DA:52,0
DA:53,0
DA:56,0
DA:57,0
DA:58,0
DA:62,0
DA:65,0
DA:67,0
DA:70,0
DA:71,0
DA:72,0
DA:80,0
DA:87,0
DA:94,0
DA:96,0
DA:97,0
DA:98,0
DA:100,0
DA:101,0
DA:109,0
DA:111,0
DA:112,0
DA:113,0
DA:115,0
DA:116,0
DA:124,0
DA:126,0
DA:127,0
DA:128,0
DA:130,0
DA:131,0
DA:139,0
DA:141,0
DA:142,0
DA:143,0
DA:144,0
DA:146,0
DA:148,0
DA:149,0
DA:157,0
DA:158,0
DA:165,0
DA:166,0
DA:167,0
DA:169,0
DA:176,0
DA:177,0
DA:188,0
DA:190,0
DA:191,0
DA:192,0
DA:193,0
DA:195,0
DA:196,0
DA:204,0
DA:205,0
DA:206,0
DA:207,0
DA:209,0
DA:210,0
DA:215,19
LF:83
LH:4
BRDA:11,0,0,0
BRDA:11,0,1,0
BRDA:11,1,0,0
BRDA:11,1,1,0
BRDA:20,2,0,0
BRDA:20,2,1,0
BRDA:23,3,0,0
BRDA:23,3,1,0
BRDA:33,4,0,0
BRDA:33,4,1,0
BRDA:87,5,0,0
BRDA:87,5,1,0
BRDA:87,5,2,0
BRDA:94,6,0,0
BRDA:94,6,1,0
BRDA:98,7,0,0
BRDA:98,7,1,0
BRDA:108,8,0,0
BRDA:109,9,0,0
BRDA:109,9,1,0
BRDA:124,10,0,0
BRDA:124,10,1,0
BRDA:139,11,0,0
BRDA:139,11,1,0
BRDA:143,12,0,0
BRDA:143,12,1,0
BRDA:157,13,0,0
BRDA:157,13,1,0
BRDA:188,14,0,0
BRDA:188,14,1,0
BRDA:204,15,0,0
BRDA:204,15,1,0
BRF:32
BRH:0
end_of_record
TN:
SF:src/config/sentry.js
FN:11,initSentry
FN:56,(anonymous_1)
FN:107,sentryRequestHandler
FN:109,(anonymous_3)
FN:117,sentryTracingHandler
FN:119,(anonymous_5)
FN:127,sentryErrorHandler
FN:129,(anonymous_7)
FN:132,(anonymous_8)
FN:149,captureException
FN:163,captureMessage
FN:177,setUser
FN:192,clearUser
FN:203,addBreadcrumb
FNF:14
FNH:0
FNDA:0,initSentry
FNDA:0,(anonymous_1)
FNDA:0,sentryRequestHandler
FNDA:0,(anonymous_3)
FNDA:0,sentryTracingHandler
FNDA:0,(anonymous_5)
FNDA:0,sentryErrorHandler
FNDA:0,(anonymous_7)
FNDA:0,(anonymous_8)
FNDA:0,captureException
FNDA:0,captureMessage
FNDA:0,setUser
FNDA:0,clearUser
FNDA:0,addBreadcrumb
DA:5,19
DA:6,19
DA:12,0
DA:13,0
DA:14,0
DA:17,0
DA:18,0
DA:19,0
DA:23,0
DA:25,0
DA:27,0
DA:28,0
DA:31,0
DA:32,0
DA:35,0
DA:37,0
DA:40,0
DA:58,0
DA:59,0
DA:63,0
DA:64,0
DA:65,0
DA:66,0
DA:67,0
DA:72,0
DA:73,0
DA:74,0
DA:75,0
DA:78,0
DA:99,0
DA:100,0
DA:101,0
DA:108,0
DA:109,0
DA:111,0
DA:118,0
DA:119,0
DA:121,0
DA:128,0
DA:129,0
DA:131,0
DA:134,0
DA:135,0
DA:138,0
DA:139,0
DA:141,0
DA:150,0
DA:151,0
DA:154,0
DA:164,0
DA:165,0
DA:168,0
DA:178,0
DA:179,0
DA:182,0
DA:193,0
DA:194,0
DA:197,0
DA:204,0
DA:205,0
DA:208,0
DA:216,19
LF:62
LH:3
BRDA:12,0,0,0
BRDA:12,0,1,0
BRDA:17,1,0,0
BRDA:17,1,1,0
BRDA:27,2,0,0
BRDA:27,2,1,0
BRDA:27,3,0,0
BRDA:27,3,1,0
BRDA:31,4,0,0
BRDA:31,4,1,0
BRDA:31,5,0,0
BRDA:31,5,1,0
BRDA:42,6,0,0
BRDA:42,6,1,0
BRDA:46,7,0,0
BRDA:46,7,1,0
BRDA:50,8,0,0
BRDA:50,8,1,0
BRDA:58,9,0,0
BRDA:58,9,1,0
BRDA:63,10,0,0
BRDA:63,10,1,0
BRDA:65,11,0,0
BRDA:65,11,1,0
BRDA:72,12,0,0
BRDA:72,12,1,0
BRDA:101,13,0,0
BRDA:101,13,1,0
BRDA:108,14,0,0
BRDA:108,14,1,0
BRDA:108,15,0,0
BRDA:108,15,1,0
BRDA:108,15,2,0
BRDA:118,16,0,0
BRDA:118,16,1,0
BRDA:118,17,0,0
BRDA:118,17,1,0
BRDA:118,17,2,0
BRDA:128,18,0,0
BRDA:128,18,1,0
BRDA:128,19,0,0
BRDA:128,19,1,0
BRDA:128,19,2,0
BRDA:134,20,0,0
BRDA:134,20,1,0
BRDA:138,21,0,0
BRDA:138,21,1,0
BRDA:138,22,0,0
BRDA:138,22,1,0
BRDA:149,23,0,0
BRDA:150,24,0,0
BRDA:150,24,1,0
BRDA:163,25,0,0
BRDA:163,26,0,0
BRDA:164,27,0,0
BRDA:164,27,1,0
BRDA:178,28,0,0
BRDA:178,28,1,0
BRDA:183,29,0,0
BRDA:183,29,1,0
BRDA:185,30,0,0
BRDA:185,30,1,0
BRDA:193,31,0,0
BRDA:193,31,1,0
BRDA:203,32,0,0
BRDA:203,33,0,0
BRDA:204,34,0,0
BRDA:204,34,1,0
BRF:68
BRH:0
end_of_record
TN:
SF:src/controllers/advancedPetController.js
FN:9,(anonymous_0)
FN:69,(anonymous_1)
FN:87,(anonymous_2)
FN:97,(anonymous_3)
FN:372,(anonymous_4)
FN:411,(anonymous_5)
FN:429,(anonymous_6)
FN:647,(anonymous_7)
FN:664,(anonymous_8)
FN:690,(anonymous_9)
FN:704,(anonymous_10)
FN:712,(anonymous_11)
FN:719,(anonymous_12)
FN:724,(anonymous_13)
FN:733,(anonymous_14)
FN:735,(anonymous_15)
FN:738,(anonymous_16)
FN:751,(anonymous_17)
FNF:18
FNH:10
FNDA:0,(anonymous_0)
FNDA:0,(anonymous_1)
FNDA:0,(anonymous_2)
FNDA:0,(anonymous_3)
FNDA:0,(anonymous_4)
FNDA:0,(anonymous_5)
FNDA:1,(anonymous_6)
FNDA:8,(anonymous_7)
FNDA:8,(anonymous_8)
FNDA:8,(anonymous_9)
FNDA:8,(anonymous_10)
FNDA:8,(anonymous_11)
FNDA:1,(anonymous_12)
FNDA:1,(anonymous_13)
FNDA:1,(anonymous_14)
FNDA:3,(anonymous_15)
FNDA:0,(anonymous_16)
FNDA:0,(anonymous_17)
DA:1,19
DA:2,19
DA:3,19
DA:4,19
DA:9,19
DA:10,0
DA:64,0
DA:66,0
DA:69,0
DA:72,0
DA:80,0
DA:81,0
DA:84,0
DA:85,0
DA:86,0
DA:87,0
DA:91,0
DA:92,0
DA:96,0
DA:97,0
DA:98,0
DA:101,0
DA:102,0
DA:105,0
DA:106,0
DA:111,0
DA:113,0
DA:114,0
DA:115,0
DA:118,0
DA:119,0
DA:120,0
DA:123,0
DA:124,0
DA:127,0
DA:128,0
DA:132,0
DA:133,0
DA:134,0
DA:138,0
DA:139,0
DA:140,0
DA:144,0
DA:147,0
DA:148,0
DA:157,0
DA:158,0
DA:159,0
DA:170,0
DA:171,0
DA:173,0
DA:176,0
DA:181,0
DA:182,0
DA:185,0
DA:186,0
DA:187,0
DA:191,0
DA:233,0
DA:234,0
DA:246,0
DA:290,0
DA:291,0
DA:307,0
DA:319,0
DA:320,0
DA:322,0
DA:323,0
DA:325,0
DA:326,0
DA:328,0
DA:329,0
DA:331,0
DA:332,0
DA:334,0
DA:336,0
DA:338,0
DA:339,0
DA:341,0
DA:342,0
DA:344,0
DA:345,0
DA:347,0
DA:350,0
DA:353,0
DA:354,0
DA:360,0
DA:363,0
DA:364,0
DA:365,0
DA:366,0
DA:369,0
DA:370,0
DA:371,0
DA:372,0
DA:373,0
DA:375,0
DA:380,0
DA:394,0
DA:411,0
DA:417,0
DA:418,0
DA:429,19
DA:430,1
DA:436,1
DA:438,1
DA:441,1
DA:451,1
DA:644,1
DA:647,8
DA:658,1
DA:664,8
DA:680,0
DA:681,0
DA:690,19
DA:691,8
DA:693,8
DA:694,0
DA:695,8
DA:696,4
DA:698,4
DA:701,8
DA:704,19
DA:705,8
DA:706,8
DA:707,8
DA:708,8
DA:709,8
DA:712,19
DA:713,8
DA:714,8
DA:715,8
DA:716,8
DA:719,19
DA:721,1
DA:724,19
DA:726,1
DA:727,1
DA:728,1
DA:729,1
DA:730,1
DA:733,19
DA:735,3
DA:738,19
DA:740,0
DA:741,0
DA:742,0
DA:743,0
DA:745,0
DA:751,0
DA:762,0
DA:763,0
DA:765,0
DA:766,0
DA:770,19
LF:155
LH:45
BRDA:51,0,0,0
BRDA:52,1,0,0
BRDA:63,2,0,0
BRDA:63,3,0,0
BRDA:63,4,0,0
BRDA:80,5,0,0
BRDA:80,5,1,0
BRDA:80,6,0,0
BRDA:80,6,1,0
BRDA:81,7,0,0
BRDA:81,7,1,0
BRDA:84,8,0,0
BRDA:84,8,1,0
BRDA:84,9,0,0
BRDA:84,9,1,0
BRDA:85,10,0,0
BRDA:85,10,1,0
BRDA:91,11,0,0
BRDA:91,11,1,0
BRDA:92,12,0,0
BRDA:92,12,1,0
BRDA:96,13,0,0
BRDA:96,13,1,0
BRDA:98,14,0,0
BRDA:98,14,1,0
BRDA:98,15,0,0
BRDA:98,15,1,0
BRDA:101,16,0,0
BRDA:101,16,1,0
BRDA:101,17,0,0
BRDA:101,17,1,0
BRDA:102,18,0,0
BRDA:102,18,1,0
BRDA:105,19,0,0
BRDA:105,19,1,0
BRDA:105,20,0,0
BRDA:105,20,1,0
BRDA:106,21,0,0
BRDA:106,21,1,0
BRDA:113,22,0,0
BRDA:113,22,1,0
BRDA:113,23,0,0
BRDA:113,23,1,0
BRDA:114,24,0,0
BRDA:114,24,1,0
BRDA:118,25,0,0
BRDA:118,25,1,0
BRDA:118,26,0,0
BRDA:118,26,1,0
BRDA:119,27,0,0
BRDA:119,27,1,0
BRDA:123,28,0,0
BRDA:123,28,1,0
BRDA:127,29,0,0
BRDA:127,29,1,0
BRDA:132,30,0,0
BRDA:132,30,1,0
BRDA:132,31,0,0
BRDA:132,31,1,0
BRDA:133,32,0,0
BRDA:133,32,1,0
BRDA:138,33,0,0
BRDA:138,33,1,0
BRDA:147,34,0,0
BRDA:147,34,1,0
BRDA:157,35,0,0
BRDA:157,35,1,0
BRDA:170,36,0,0
BRDA:170,36,1,0
BRDA:171,37,0,0
BRDA:171,37,1,0
BRDA:181,38,0,0
BRDA:181,38,1,0
BRDA:185,39,0,0
BRDA:185,39,1,0
BRDA:233,40,0,0
BRDA:233,40,1,0
BRDA:233,41,0,0
BRDA:233,41,1,0
BRDA:233,41,2,0
BRDA:290,42,0,0
BRDA:290,42,1,0
BRDA:290,43,0,0
BRDA:290,43,1,0
BRDA:320,44,0,0
BRDA:320,44,1,0
BRDA:320,44,2,0
BRDA:320,44,3,0
BRDA:320,44,4,0
BRDA:320,44,5,0
BRDA:320,44,6,0
BRDA:320,44,7,0
BRDA:331,45,0,0
BRDA:331,45,1,0
BRDA:331,46,0,0
BRDA:331,46,1,0
BRDA:366,47,0,0
BRDA:366,47,1,0
BRDA:370,48,0,0
BRDA:370,48,1,0
BRDA:370,49,0,0
BRDA:370,49,1,0
BRDA:382,50,0,0
BRDA:382,50,1,0
BRDA:382,51,0,0
BRDA:382,51,1,0
BRDA:383,52,0,0
BRDA:383,52,1,0
BRDA:383,53,0,0
BRDA:383,53,1,0
BRDA:390,54,0,0
BRDA:390,54,1,0
BRDA:482,55,0,1
BRDA:482,55,1,0
BRDA:498,56,0,1
BRDA:498,56,1,0
BRDA:693,57,0,0
BRDA:693,57,1,8
BRDA:695,58,0,4
BRDA:695,58,1,4
BRDA:706,59,0,0
BRDA:706,59,1,8
BRDA:707,60,0,8
BRDA:707,60,1,0
BRDA:708,61,0,0
BRDA:708,61,1,8
BRDA:714,62,0,8
BRDA:714,62,1,0
BRDA:715,63,0,0
BRDA:715,63,1,8
BRDA:727,64,0,1
BRDA:727,64,1,0
BRDA:728,65,0,1
BRDA:728,65,1,0
BRDA:729,66,0,0
BRDA:729,66,1,1
BRDA:741,67,0,0
BRDA:741,67,1,0
BRDA:748,68,0,0
BRDA:748,68,1,0
BRDA:749,69,0,0
BRDA:749,69,1,0
BRDA:753,70,0,0
BRDA:753,70,1,0
BRDA:763,71,0,0
BRDA:763,71,1,0
BRF:146
BRH:13
end_of_record
TN:
SF:src/controllers/authController.js
FN:11,(anonymous_0)
FN:111,(anonymous_1)
FN:187,(anonymous_2)
FN:215,(anonymous_3)
FN:236,(anonymous_4)
FN:274,(anonymous_5)
FN:330,(anonymous_6)
FNF:7
FNH:7
FNDA:251,(anonymous_0)
FNDA:12,(anonymous_1)
FNDA:1,(anonymous_2)
FNDA:1,(anonymous_3)
FNDA:6,(anonymous_4)
FNDA:8,(anonymous_5)
FNDA:4,(anonymous_6)
DA:1,19
DA:2,19
DA:3,19
DA:4,19
DA:5,19
DA:6,19
DA:11,19
DA:12,251
DA:21,251
DA:24,251
DA:25,251
DA:26,2
DA:33,249
DA:34,249
DA:35,249
DA:37,249
DA:38,0
DA:45,249
DA:59,249
DA:60,249
DA:61,249
DA:63,249
DA:66,249
DA:69,214
DA:70,214
DA:73,214
DA:74,214
DA:84,0
DA:88,214
DA:99,35
DA:100,35
DA:111,19
DA:112,12
DA:113,12
DA:116,12
DA:117,0
DA:124,12
DA:125,12
DA:126,4
DA:133,8
DA:134,0
DA:140,8
DA:141,0
DA:148,8
DA:149,8
DA:150,2
DA:157,6
DA:160,2
DA:161,2
DA:162,2
DA:164,2
DA:175,4
DA:176,4
DA:187,19
DA:188,1
DA:189,1
DA:191,1
DA:193,0
DA:198,1
DA:204,0
DA:205,0
DA:215,19
DA:216,1
DA:217,1
DA:219,1
DA:225,0
DA:226,0
DA:236,19
DA:237,6
DA:238,6
DA:240,6
DA:245,6
DA:246,4
DA:252,2
DA:253,2
DA:254,2
DA:255,2
DA:257,2
DA:263,0
DA:264,0
DA:274,19
DA:275,8
DA:276,8
DA:278,8
DA:279,8
DA:281,1
DA:288,7
DA:289,7
DA:290,7
DA:291,7
DA:294,7
DA:295,7
DA:305,7
DA:311,0
DA:312,0
DA:313,0
DA:315,0
DA:319,0
DA:320,0
DA:330,19
DA:331,4
DA:332,4
DA:334,4
DA:339,4
DA:340,2
DA:347,2
DA:348,2
DA:349,2
DA:352,2
DA:354,2
DA:356,2
DA:362,0
DA:363,0
DA:370,19
LF:114
LH:94
BRDA:25,0,0,2
BRDA:25,0,1,249
BRDA:37,1,0,0
BRDA:37,1,1,249
BRDA:52,2,0,249
BRDA:52,2,1,249
BRDA:116,3,0,0
BRDA:116,3,1,12
BRDA:116,4,0,12
BRDA:116,4,1,12
BRDA:125,5,0,4
BRDA:125,5,1,8
BRDA:133,6,0,0
BRDA:133,6,1,8
BRDA:140,7,0,0
BRDA:140,7,1,8
BRDA:149,8,0,2
BRDA:149,8,1,6
BRDA:191,9,0,0
BRDA:191,9,1,1
BRDA:245,10,0,4
BRDA:245,10,1,2
BRDA:279,11,0,1
BRDA:279,11,1,7
BRDA:339,12,0,2
BRDA:339,12,1,2
BRF:26
BRH:21
end_of_record
TN:
SF:src/controllers/breedController.js
FN:9,(anonymous_0)
FN:70,(anonymous_1)
FN:76,(anonymous_2)
FN:107,(anonymous_3)
FN:169,(anonymous_4)
FN:227,(anonymous_5)
FN:245,(anonymous_6)
FN:276,(anonymous_7)
FN:313,(anonymous_8)
FN:318,(anonymous_9)
FN:351,(anonymous_10)
FN:363,(anonymous_11)
FN:402,(anonymous_12)
FNF:13
FNH:13
FNDA:3,(anonymous_0)
FNDA:2,(anonymous_1)
FNDA:40,(anonymous_2)
FNDA:2,(anonymous_3)
FNDA:1,(anonymous_4)
FNDA:3,(anonymous_5)
FNDA:2,(anonymous_6)
FNDA:5,(anonymous_7)
FNDA:10,(anonymous_8)
FNDA:10,(anonymous_9)
FNDA:4,(anonymous_10)
FNDA:1,(anonymous_11)
FNDA:1,(anonymous_12)
DA:1,19
DA:2,19
DA:3,19
DA:4,19
DA:9,19
DA:10,3
DA:12,3
DA:15,3
DA:25,3
DA:27,3
DA:30,3
DA:31,3
DA:32,3
DA:33,3
DA:34,3
DA:35,3
DA:38,3
DA:39,0
DA:40,0
DA:44,3
DA:45,0
DA:46,0
DA:52,3
DA:59,3
DA:62,3
DA:70,3
DA:71,2
DA:72,2
DA:76,40
DA:81,3
DA:95,0
DA:96,0
DA:107,19
DA:108,2
DA:109,2
DA:111,2
DA:118,2
DA:119,1
DA:126,1
DA:140,1
DA:147,1
DA:157,0
DA:158,0
DA:169,19
DA:170,1
DA:179,1
DA:181,1
DA:182,1
DA:185,1
DA:188,1
DA:189,0
DA:190,0
DA:194,1
DA:195,1
DA:196,1
DA:200,1
DA:201,1
DA:202,1
DA:203,1
DA:206,1
DA:207,1
DA:208,1
DA:211,1
DA:212,1
DA:213,1
DA:214,1
DA:217,1
DA:218,1
DA:219,1
DA:222,1
DA:227,1
DA:228,3
DA:231,3
DA:232,3
DA:233,3
DA:236,3
DA:238,3
DA:245,2
DA:247,1
DA:264,0
DA:265,0
DA:276,19
DA:277,5
DA:278,5
DA:280,5
DA:281,5
DA:282,0
DA:289,5
DA:292,5
DA:295,5
DA:296,1
DA:297,1
DA:298,1
DA:300,5
DA:301,1
DA:303,5
DA:304,1
DA:308,5
DA:313,5
DA:314,10
DA:318,5
DA:319,10
DA:322,5
DA:326,5
DA:328,5
DA:334,5
DA:349,5
DA:351,5
DA:352,4
DA:363,5
DA:364,1
DA:365,1
DA:366,0
DA:378,5
DA:381,5
DA:389,0
DA:390,0
DA:391,0
DA:402,19
DA:403,1
DA:405,1
DA:416,1
DA:442,1
DA:449,1
DA:459,0
DA:460,0
DA:468,19
LF:127
LH:108
BRDA:30,0,0,1
BRDA:30,0,1,2
BRDA:31,1,0,0
BRDA:31,1,1,3
BRDA:32,2,0,0
BRDA:32,2,1,3
BRDA:33,3,0,0
BRDA:33,3,1,3
BRDA:34,4,0,0
BRDA:34,4,1,3
BRDA:35,5,0,0
BRDA:35,5,1,3
BRDA:38,6,0,0
BRDA:38,6,1,3
BRDA:39,7,0,0
BRDA:39,7,1,0
BRDA:44,8,0,0
BRDA:44,8,1,3
BRDA:78,9,0,40
BRDA:78,9,1,39
BRDA:118,10,0,1
BRDA:118,10,1,1
BRDA:185,11,0,1
BRDA:185,11,1,0
BRDA:188,12,0,0
BRDA:188,12,1,1
BRDA:194,13,0,1
BRDA:194,13,1,0
BRDA:200,14,0,0
BRDA:200,14,1,1
BRDA:201,15,0,1
BRDA:201,15,1,0
BRDA:202,16,0,0
BRDA:202,16,1,1
BRDA:203,17,0,0
BRDA:203,17,1,1
BRDA:206,18,0,0
BRDA:206,18,1,1
BRDA:207,19,0,1
BRDA:207,19,1,0
BRDA:208,20,0,0
BRDA:208,20,1,1
BRDA:211,21,0,0
BRDA:211,21,1,1
BRDA:212,22,0,1
BRDA:212,22,1,0
BRDA:213,23,0,0
BRDA:213,23,1,1
BRDA:214,24,0,0
BRDA:214,24,1,1
BRDA:217,25,0,1
BRDA:217,25,1,0
BRDA:228,26,0,3
BRDA:228,26,1,0
BRDA:231,27,0,0
BRDA:231,27,1,3
BRDA:231,28,0,3
BRDA:231,28,1,0
BRDA:232,29,0,3
BRDA:232,29,1,0
BRDA:232,30,0,3
BRDA:232,30,1,3
BRDA:233,31,0,3
BRDA:233,31,1,0
BRDA:233,32,0,3
BRDA:233,32,1,3
BRDA:236,33,0,3
BRDA:236,33,1,0
BRDA:236,34,0,3
BRDA:236,34,1,3
BRDA:277,35,0,5
BRDA:281,36,0,0
BRDA:281,36,1,5
BRDA:281,37,0,5
BRDA:281,37,1,5
BRDA:295,38,0,1
BRDA:295,38,1,4
BRDA:300,39,0,1
BRDA:300,39,1,4
BRDA:303,40,0,1
BRDA:303,40,1,4
BRDA:326,41,0,1
BRDA:326,41,1,4
BRDA:365,42,0,0
BRDA:365,42,1,1
BRDA:368,43,0,0
BRDA:368,43,1,0
BRDA:390,44,0,0
BRDA:390,44,1,0
BRDA:454,45,0,1
BRDA:454,45,1,0
BRF:91
BRH:54
end_of_record
TN:
SF:src/controllers/chatController.js
FN:6,(anonymous_0)
FN:27,(anonymous_1)
FN:50,(anonymous_2)
FNF:3
FNH:3
FNDA:3,(anonymous_0)
FNDA:2,(anonymous_1)
FNDA:2,(anonymous_2)
DA:1,19
DA:6,19
DA:7,3
DA:8,3
DA:9,3
DA:14,3
DA:15,1
DA:18,2
DA:20,0
DA:27,19
DA:28,2
DA:29,2
DA:30,2
DA:35,2
DA:36,1
DA:39,1
DA:41,1
DA:43,0
DA:50,19
DA:52,2
DA:55,19
LF:21
LH:19
BRDA:14,0,0,1
BRDA:14,0,1,2
BRDA:35,1,0,1
BRDA:35,1,1,1
BRF:4
BRH:4
end_of_record
TN:
SF:src/controllers/matchController.js
FN:11,(anonymous_0)
FN:151,(anonymous_1)
FN:199,(anonymous_2)
FN:251,(anonymous_3)
FN:346,(anonymous_4)
FN:386,(anonymous_5)
FN:431,(anonymous_6)
FN:483,(anonymous_7)
FNF:8
FNH:6
FNDA:5,(anonymous_0)
FNDA:1,(anonymous_1)
FNDA:0,(anonymous_2)
FNDA:0,(anonymous_3)
FNDA:4,(anonymous_4)
FNDA:4,(anonymous_5)
FNDA:4,(anonymous_6)
FNDA:1,(anonymous_7)
DA:1,19
DA:2,19
DA:3,19
DA:4,19
DA:5,19
DA:6,19
DA:11,19
DA:12,5
DA:19,5
DA:21,5
DA:27,5
DA:28,5
DA:32,5
DA:33,5
DA:36,5
DA:126,5
DA:139,0
DA:140,0
DA:151,19
DA:152,1
DA:153,1
DA:155,1
DA:163,1
DA:164,0
DA:171,1
DA:172,0
DA:179,1
DA:181,1
DA:187,0
DA:188,0
DA:199,19
DA:200,0
DA:201,0
DA:202,0
DA:204,0
DA:211,0
DA:212,0
DA:219,0
DA:220,0
DA:221,0
DA:223,0
DA:225,0
DA:239,0
DA:240,0
DA:251,19
DA:252,0
DA:253,0
DA:254,0
DA:256,0
DA:261,0
DA:262,0
DA:268,0
DA:269,0
DA:275,0
DA:276,0
DA:283,0
DA:295,0
DA:296,0
DA:297,0
DA:298,0
DA:301,0
DA:302,0
DA:305,0
DA:309,0
DA:311,0
DA:312,0
DA:323,0
DA:327,0
DA:334,0
DA:335,0
DA:346,19
DA:347,4
DA:348,4
DA:350,4
DA:355,4
DA:356,0
DA:362,4
DA:364,4
DA:365,4
DA:367,4
DA:374,0
DA:375,0
DA:386,19
DA:387,4
DA:388,4
DA:390,4
DA:395,4
DA:396,2
DA:402,2
DA:405,2
DA:406,2
DA:407,2
DA:410,2
DA:411,2
DA:413,2
DA:419,0
DA:420,0
DA:431,19
DA:432,4
DA:433,4
DA:435,4
DA:440,4
DA:441,1
DA:447,3
DA:449,3
DA:450,3
DA:453,3
DA:454,3
DA:455,3
DA:458,3
DA:459,3
DA:462,3
DA:464,3
DA:471,0
DA:472,0
DA:483,19
DA:484,1
DA:485,1
DA:510,1
DA:517,1
DA:523,0
DA:524,0
DA:532,19
LF:123
LH:70
BRDA:14,0,0,5
BRDA:15,1,0,5
BRDA:16,2,0,5
BRDA:17,3,0,5
BRDA:18,4,0,5
BRDA:28,5,0,5
BRDA:28,5,1,0
BRDA:32,6,0,5
BRDA:32,6,1,0
BRDA:33,7,0,5
BRDA:33,7,1,0
BRDA:75,8,0,0
BRDA:75,8,1,5
BRDA:163,9,0,0
BRDA:163,9,1,1
BRDA:171,10,0,0
BRDA:171,10,1,1
BRDA:202,11,0,0
BRDA:202,12,0,0
BRDA:211,13,0,0
BRDA:211,13,1,0
BRDA:254,14,0,0
BRDA:254,15,0,0
BRDA:261,16,0,0
BRDA:261,16,1,0
BRDA:268,17,0,0
BRDA:268,17,1,0
BRDA:275,18,0,0
BRDA:275,18,1,0
BRDA:305,19,0,0
BRDA:305,19,1,0
BRDA:309,20,0,0
BRDA:309,20,1,0
BRDA:309,21,0,0
BRDA:309,21,1,0
BRDA:355,22,0,0
BRDA:355,22,1,4
BRDA:364,23,0,0
BRDA:364,23,1,4
BRDA:369,24,0,3
BRDA:369,24,1,1
BRDA:395,25,0,2
BRDA:395,25,1,2
BRDA:402,26,0,0
BRDA:402,26,1,2
BRDA:405,27,0,2
BRDA:405,27,1,0
BRDA:440,28,0,1
BRDA:440,28,1,3
BRDA:447,29,0,0
BRDA:447,29,1,3
BRDA:449,30,0,3
BRDA:449,30,1,2
BRDA:453,31,0,3
BRDA:453,31,1,0
BRDA:466,32,0,2
BRDA:466,32,1,1
BRDA:510,33,0,1
BRDA:510,33,1,1
BRF:59
BRH:29
end_of_record
TN:
SF:src/controllers/petController.js
FN:11,(anonymous_0)
FN:90,(anonymous_1)
FN:132,(anonymous_2)
FN:161,(anonymous_3)
FN:180,(anonymous_4)
FN:188,(anonymous_5)
FN:193,(anonymous_6)
FN:268,(anonymous_7)
FN:322,(anonymous_8)
FN:376,(anonymous_9)
FN:399,(anonymous_10)
FN:439,(anonymous_11)
FN:440,(anonymous_12)
FN:451,(anonymous_13)
FN:520,(anonymous_14)
FN:555,(anonymous_15)
FN:590,(anonymous_16)
FN:623,(anonymous_17)
FN:650,(anonymous_18)
FNF:19
FNH:18
FNDA:105,(anonymous_0)
FNDA:49,(anonymous_1)
FNDA:2,(anonymous_2)
FNDA:5,(anonymous_3)
FNDA:1,(anonymous_4)
FNDA:7,(anonymous_5)
FNDA:2,(anonymous_6)
FNDA:1,(anonymous_7)
FNDA:0,(anonymous_8)
FNDA:32,(anonymous_9)
FNDA:1,(anonymous_10)
FNDA:15,(anonymous_11)
FNDA:15,(anonymous_12)
FNDA:15,(anonymous_13)
FNDA:3,(anonymous_14)
FNDA:4,(anonymous_15)
FNDA:4,(anonymous_16)
FNDA:24,(anonymous_17)
FNDA:3,(anonymous_18)
DA:1,19
DA:2,19
DA:3,19
DA:4,19
DA:5,19
DA:6,19
DA:11,19
DA:12,105
DA:17,105
DA:20,105
DA:21,105
DA:22,4
DA:23,7
DA:24,7
DA:25,7
DA:31,0
DA:37,105
DA:39,105
DA:61,105
DA:64,105
DA:69,105
DA:71,105
DA:78,0
DA:79,0
DA:90,19
DA:91,49
DA:93,49
DA:96,49
DA:97,49
DA:98,0
DA:105,49
DA:127,49
DA:129,49
DA:132,49
DA:135,49
DA:141,49
DA:142,31
DA:143,31
DA:147,49
DA:148,49
DA:151,49
DA:152,2
DA:153,2
DA:154,2
DA:158,49
DA:159,2
DA:161,5
DA:162,2
DA:163,1
DA:170,0
DA:171,0
DA:172,0
DA:177,49
DA:179,49
DA:180,1
DA:181,1
DA:183,49
DA:186,49
DA:188,7
DA:189,6
DA:190,5
DA:193,2
DA:198,49
DA:199,1
DA:202,49
DA:203,1
DA:208,49
DA:209,2
DA:211,2
DA:212,2
DA:213,1
DA:214,1
DA:216,2
DA:217,2
DA:218,2
DA:219,2
DA:221,2
DA:225,49
DA:226,0
DA:227,0
DA:231,49
DA:232,0
DA:235,49
DA:239,49
DA:240,49
DA:242,2
DA:243,2
DA:245,0
DA:246,0
DA:248,0
DA:249,0
DA:251,0
DA:252,0
DA:254,1
DA:255,1
DA:258,1
DA:261,1
DA:263,1
DA:266,3
DA:268,1
DA:270,3
DA:271,3
DA:273,42
DA:276,49
DA:281,49
DA:282,0
DA:309,49
DA:311,49
DA:313,0
DA:315,49
DA:319,34
DA:320,34
DA:321,0
DA:322,0
DA:324,0
DA:328,34
DA:364,13
DA:365,13
DA:376,19
DA:377,32
DA:378,32
DA:379,32
DA:381,32
DA:382,0
DA:388,32
DA:389,32
DA:391,32
DA:392,0
DA:399,32
DA:400,1
DA:403,32
DA:404,0
DA:413,32
DA:419,32
DA:420,32
DA:421,31
DA:424,32
DA:427,32
DA:428,32
DA:429,31
DA:432,32
DA:433,32
DA:434,32
DA:437,32
DA:438,31
DA:439,31
DA:440,15
DA:441,15
DA:446,31
DA:448,15
DA:451,15
DA:452,15
DA:455,15
DA:465,15
DA:466,15
DA:469,15
DA:470,15
DA:472,15
DA:474,15
DA:475,15
DA:480,32
DA:481,15
DA:482,15
DA:483,15
DA:484,15
DA:485,15
DA:486,15
DA:489,0
DA:492,15
DA:493,15
DA:496,32
DA:508,0
DA:509,0
DA:520,19
DA:521,3
DA:523,3
DA:526,3
DA:528,3
DA:529,3
DA:530,3
DA:531,3
DA:532,3
DA:534,3
DA:537,3
DA:543,0
DA:544,0
DA:555,19
DA:556,4
DA:557,4
DA:560,4
DA:561,2
DA:568,2
DA:569,0
DA:572,2
DA:578,0
DA:579,0
DA:590,19
DA:591,4
DA:592,4
DA:594,4
DA:595,1
DA:602,3
DA:603,1
DA:604,1
DA:605,1
DA:606,1
DA:612,0
DA:618,3
DA:623,3
DA:624,24
DA:625,4
DA:629,3
DA:631,3
DA:638,0
DA:639,0
DA:650,19
DA:651,3
DA:652,3
DA:654,3
DA:655,1
DA:662,2
DA:663,1
DA:664,1
DA:665,1
DA:667,0
DA:672,2
DA:675,2
DA:679,2
DA:685,0
DA:686,0
DA:694,19
LF:231
LH:193
BRDA:21,0,0,4
BRDA:21,0,1,101
BRDA:21,1,0,105
BRDA:21,1,1,4
BRDA:47,2,0,0
BRDA:47,2,1,105
BRDA:48,3,0,105
BRDA:48,3,1,105
BRDA:50,4,0,0
BRDA:50,4,1,105
BRDA:52,5,0,105
BRDA:52,5,1,105
BRDA:53,6,0,105
BRDA:53,6,1,105
BRDA:55,7,0,105
BRDA:55,7,1,0
BRDA:97,8,0,0
BRDA:97,8,1,49
BRDA:105,9,0,49
BRDA:105,9,1,49
BRDA:126,10,0,40
BRDA:129,11,0,31
BRDA:129,11,1,18
BRDA:132,12,0,31
BRDA:132,12,1,18
BRDA:141,13,0,31
BRDA:141,13,1,18
BRDA:147,14,0,13
BRDA:147,14,1,36
BRDA:148,15,0,2
BRDA:148,15,1,47
BRDA:151,16,0,2
BRDA:151,16,1,47
BRDA:151,17,0,49
BRDA:151,17,1,48
BRDA:153,18,0,1
BRDA:153,18,1,1
BRDA:154,19,0,2
BRDA:154,19,1,0
BRDA:158,20,0,2
BRDA:158,20,1,47
BRDA:159,21,0,2
BRDA:159,21,1,0
BRDA:162,22,0,1
BRDA:162,22,1,1
BRDA:162,23,0,2
BRDA:162,23,1,1
BRDA:171,24,0,0
BRDA:171,24,1,0
BRDA:177,25,0,6
BRDA:177,25,1,43
BRDA:179,26,0,1
BRDA:179,26,1,48
BRDA:183,27,0,1
BRDA:183,27,1,48
BRDA:186,28,0,6
BRDA:186,28,1,43
BRDA:189,29,0,5
BRDA:189,29,1,1
BRDA:198,30,0,1
BRDA:198,30,1,48
BRDA:202,31,0,1
BRDA:202,31,1,48
BRDA:208,32,0,2
BRDA:208,32,1,47
BRDA:208,33,0,49
BRDA:208,33,1,43
BRDA:208,33,2,42
BRDA:208,33,3,42
BRDA:208,33,4,41
BRDA:208,33,5,41
BRDA:208,33,6,41
BRDA:211,34,0,1
BRDA:211,34,1,1
BRDA:212,35,0,1
BRDA:212,35,1,1
BRDA:213,36,0,0
BRDA:213,36,1,1
BRDA:216,37,0,2
BRDA:216,37,1,0
BRDA:217,38,0,2
BRDA:217,38,1,0
BRDA:218,39,0,1
BRDA:218,39,1,1
BRDA:219,40,0,2
BRDA:219,40,1,0
BRDA:225,41,0,0
BRDA:225,41,1,49
BRDA:226,42,0,0
BRDA:226,42,1,0
BRDA:231,43,0,0
BRDA:231,43,1,49
BRDA:240,44,0,2
BRDA:240,44,1,0
BRDA:240,44,2,0
BRDA:240,44,3,0
BRDA:240,44,4,1
BRDA:240,44,5,1
BRDA:240,44,6,3
BRDA:240,44,7,42
BRDA:258,45,0,0
BRDA:258,45,1,1
BRDA:258,46,0,1
BRDA:258,46,1,1
BRDA:258,46,2,1
BRDA:266,47,0,1
BRDA:266,47,1,2
BRDA:281,48,0,0
BRDA:281,48,1,49
BRDA:281,49,0,49
BRDA:281,49,1,31
BRDA:281,49,2,31
BRDA:311,50,0,0
BRDA:311,50,1,49
BRDA:320,51,0,0
BRDA:320,51,1,34
BRDA:320,52,0,34
BRDA:320,52,1,31
BRDA:320,52,2,31
BRDA:320,52,3,0
BRDA:353,53,0,34
BRDA:353,53,1,0
BRDA:368,54,0,13
BRDA:368,54,1,0
BRDA:381,55,0,0
BRDA:381,55,1,32
BRDA:391,56,0,0
BRDA:391,56,1,32
BRDA:403,57,0,0
BRDA:403,57,1,32
BRDA:420,58,0,31
BRDA:420,58,1,1
BRDA:420,59,0,32
BRDA:420,59,1,1
BRDA:428,60,0,31
BRDA:428,60,1,1
BRDA:428,61,0,32
BRDA:428,61,1,1
BRDA:437,62,0,31
BRDA:437,62,1,1
BRDA:437,63,0,32
BRDA:437,63,1,1
BRDA:441,64,0,15
BRDA:441,64,1,15
BRDA:441,64,2,0
BRDA:446,65,0,15
BRDA:446,65,1,16
BRDA:460,66,0,0
BRDA:460,66,1,15
BRDA:480,67,0,15
BRDA:480,67,1,17
BRDA:483,68,0,15
BRDA:483,68,1,0
BRDA:483,69,0,15
BRDA:483,69,1,15
BRDA:503,70,0,32
BRDA:503,70,1,17
BRDA:528,71,0,1
BRDA:528,71,1,2
BRDA:529,72,0,0
BRDA:529,72,1,3
BRDA:530,73,0,0
BRDA:530,73,1,3
BRDA:531,74,0,0
BRDA:531,74,1,3
BRDA:532,75,0,0
BRDA:532,75,1,3
BRDA:560,76,0,2
BRDA:560,76,1,2
BRDA:568,77,0,0
BRDA:568,77,1,2
BRDA:594,78,0,1
BRDA:594,78,1,3
BRDA:602,79,0,1
BRDA:602,79,1,2
BRDA:602,80,0,3
BRDA:602,80,1,1
BRDA:624,81,0,4
BRDA:624,81,1,20
BRDA:654,82,0,1
BRDA:654,82,1,2
BRDA:663,83,0,1
BRDA:663,83,1,0
BRF:183
BRH:145
end_of_record
TN:
SF:src/controllers/premiumController.js
FN:8,(anonymous_0)
FN:42,(anonymous_1)
FN:66,(anonymous_2)
FN:78,(anonymous_3)
FN:104,(anonymous_4)
FN:109,(anonymous_5)
FN:132,(anonymous_6)
FN:155,(anonymous_7)
FN:174,(anonymous_8)
FN:197,(anonymous_9)
FN:221,(anonymous_10)
FN:245,(anonymous_11)
FN:261,(anonymous_12)
FN:283,(anonymous_13)
FN:307,(anonymous_14)
FNF:15
FNH:2
FNDA:2,(anonymous_0)
FNDA:0,(anonymous_1)
FNDA:1,(anonymous_2)
FNDA:0,(anonymous_3)
FNDA:0,(anonymous_4)
FNDA:0,(anonymous_5)
FNDA:0,(anonymous_6)
FNDA:0,(anonymous_7)
FNDA:0,(anonymous_8)
FNDA:0,(anonymous_9)
FNDA:0,(anonymous_10)
FNDA:0,(anonymous_11)
FNDA:0,(anonymous_12)
FNDA:0,(anonymous_13)
FNDA:0,(anonymous_14)
DA:1,19
DA:2,19
DA:3,19
DA:8,19
DA:9,2
DA:10,2
DA:11,2
DA:13,2
DA:14,2
DA:15,1
DA:18,1
DA:33,1
DA:35,0
DA:42,19
DA:43,0
DA:44,0
DA:45,0
DA:46,0
DA:49,0
DA:51,0
DA:52,0
DA:53,0
DA:54,0
DA:55,0
DA:57,0
DA:59,0
DA:66,19
DA:68,1
DA:72,1
DA:78,19
DA:79,0
DA:80,0
DA:81,0
DA:82,0
DA:85,0
DA:86,0
DA:87,0
DA:91,0
DA:92,0
DA:93,0
DA:95,0
DA:97,0
DA:104,19
DA:106,0
DA:109,19
DA:110,0
DA:111,0
DA:114,0
DA:124,0
DA:125,0
DA:132,19
DA:133,0
DA:134,0
DA:137,0
DA:147,0
DA:148,0
DA:155,19
DA:156,0
DA:157,0
DA:160,0
DA:166,0
DA:167,0
DA:174,19
DA:175,0
DA:176,0
DA:179,0
DA:189,0
DA:190,0
DA:197,19
DA:198,0
DA:199,0
DA:202,0
DA:213,0
DA:214,0
DA:221,19
DA:222,0
DA:223,0
DA:224,0
DA:227,0
DA:237,0
DA:238,0
DA:245,19
DA:246,0
DA:248,0
DA:253,0
DA:254,0
DA:261,19
DA:262,0
DA:264,0
DA:275,0
DA:276,0
DA:283,19
DA:284,0
DA:285,0
DA:286,0
DA:289,0
DA:299,0
DA:300,0
DA:307,19
DA:308,0
DA:309,0
DA:310,0
DA:313,0
DA:323,0
DA:324,0
DA:331,19
LF:106
LH:29
BRDA:13,0,0,2
BRDA:13,0,1,0
BRDA:13,1,0,2
BRDA:13,1,1,0
BRDA:14,2,0,1
BRDA:14,2,1,1
BRDA:45,3,0,0
BRDA:45,3,1,0
BRDA:81,4,0,0
BRDA:81,4,1,0
BRDA:86,5,0,0
BRDA:86,5,1,0
BRF:12
BRH:4
end_of_record
TN:
SF:src/controllers/stripeWebhookController.js
FN:17,verifyWebhookSignature
FN:41,handleCustomerSubscriptionCreated
FN:86,handleCustomerSubscriptionUpdated
FN:130,handleCustomerSubscriptionDeleted
FN:169,handleInvoicePaymentSucceeded
FN:211,handleInvoicePaymentFailed
FN:253,handleCustomerCreated
FN:281,handleCustomerUpdated
FN:311,getPlanFromPriceId
FN:327,handleWebhook
FN:380,getWebhookEvents
FN:394,(anonymous_11)
FN:411,testWebhook
FNF:13
FNH:3
FNDA:13,verifyWebhookSignature
FNDA:2,handleCustomerSubscriptionCreated
FNDA:0,handleCustomerSubscriptionUpdated
FNDA:0,handleCustomerSubscriptionDeleted
FNDA:0,handleInvoicePaymentSucceeded
FNDA:0,handleInvoicePaymentFailed
FNDA:0,handleCustomerCreated
FNDA:0,handleCustomerUpdated
FNDA:0,getPlanFromPriceId
FNDA:14,handleWebhook
FNDA:0,getWebhookEvents
FNDA:0,(anonymous_11)
FNDA:0,testWebhook
DA:1,19
DA:3,19
DA:4,19
DA:12,19
DA:18,13
DA:20,13
DA:21,1
DA:22,1
DA:27,12
DA:28,12
DA:30,0
DA:31,0
DA:34,12
DA:35,12
DA:42,2
DA:43,2
DA:45,2
DA:47,2
DA:48,0
DA:51,0
DA:52,0
DA:53,0
DA:54,0
DA:58,0
DA:70,0
DA:72,0
DA:78,2
DA:79,2
DA:87,0
DA:88,0
DA:90,0
DA:92,0
DA:93,0
DA:96,0
DA:97,0
DA:98,0
DA:99,0
DA:103,0
DA:113,0
DA:115,0
DA:122,0
DA:123,0
DA:131,0
DA:132,0
DA:134,0
DA:136,0
DA:137,0
DA:140,0
DA:141,0
DA:142,0
DA:143,0
DA:147,0
DA:154,0
DA:156,0
DA:161,0
DA:162,0
DA:170,0
DA:171,0
DA:173,0
DA:175,0
DA:176,0
DA:179,0
DA:180,0
DA:181,0
DA:182,0
DA:186,0
DA:187,0
DA:194,0
DA:197,0
DA:203,0
DA:204,0
DA:212,0
DA:213,0
DA:215,0
DA:217,0
DA:218,0
DA:221,0
DA:222,0
DA:223,0
DA:224,0
DA:228,0
DA:229,0
DA:236,0
DA:239,0
DA:245,0
DA:246,0
DA:254,0
DA:256,0
DA:258,0
DA:259,0
DA:260,0
DA:261,0
DA:265,0
DA:266,0
DA:268,0
DA:273,0
DA:274,0
DA:282,0
DA:284,0
DA:286,0
DA:287,0
DA:288,0
DA:289,0
DA:293,0
DA:294,0
DA:295,0
DA:297,0
DA:303,0
DA:304,0
DA:312,0
DA:321,0
DA:328,14
DA:330,14
DA:335,2
DA:336,2
DA:338,2
DA:339,0
DA:342,0
DA:343,0
DA:346,0
DA:347,0
DA:350,0
DA:351,0
DA:354,0
DA:355,0
DA:358,0
DA:359,0
DA:362,0
DA:363,0
DA:366,0
DA:369,0
DA:372,2
DA:373,2
DA:381,0
DA:382,0
DA:393,0
DA:394,0
DA:403,0
DA:404,0
DA:412,0
DA:414,0
DA:437,0
DA:439,0
DA:442,0
DA:443,0
DA:447,19
LF:146
LH:26
BRDA:20,0,0,1
BRDA:20,0,1,12
BRDA:52,1,0,0
BRDA:52,1,1,0
BRDA:97,2,0,0
BRDA:97,2,1,0
BRDA:141,3,0,0
BRDA:141,3,1,0
BRDA:180,4,0,0
BRDA:180,4,1,0
BRDA:186,5,0,0
BRDA:186,5,1,0
BRDA:190,6,0,0
BRDA:190,6,1,0
BRDA:222,7,0,0
BRDA:222,7,1,0
BRDA:228,8,0,0
BRDA:228,8,1,0
BRDA:259,9,0,0
BRDA:259,9,1,0
BRDA:287,10,0,0
BRDA:287,10,1,0
BRDA:293,11,0,0
BRDA:293,11,1,0
BRDA:321,12,0,0
BRDA:321,12,1,0
BRDA:336,13,0,2
BRDA:336,13,1,0
BRDA:336,13,2,0
BRDA:336,13,3,0
BRDA:336,13,4,0
BRDA:336,13,5,0
BRDA:336,13,6,0
BRDA:336,13,7,0
BRF:34
BRH:3
end_of_record
TN:
SF:src/controllers/userController.js
FN:9,(anonymous_0)
FN:24,(anonymous_1)
FN:51,(anonymous_2)
FN:83,(anonymous_3)
FN:120,(anonymous_4)
FN:137,(anonymous_5)
FN:154,(anonymous_6)
FNF:7
FNH:7
FNDA:1,(anonymous_0)
FNDA:1,(anonymous_1)
FNDA:4,(anonymous_2)
FNDA:8,(anonymous_3)
FNDA:1,(anonymous_4)
FNDA:1,(anonymous_5)
FNDA:1,(anonymous_6)
DA:1,19
DA:2,19
DA:3,19
DA:4,19
DA:9,19
DA:10,1
DA:11,1
DA:12,1
DA:13,0
DA:15,1
DA:17,0
DA:24,19
DA:25,1
DA:26,1
DA:28,1
DA:29,1
DA:30,0
DA:34,1
DA:35,1
DA:36,1
DA:37,1
DA:38,1
DA:40,1
DA:42,1
DA:44,0
DA:51,19
DA:52,4
DA:53,4
DA:54,4
DA:55,0
DA:58,4
DA:59,1
DA:63,3
DA:64,0
DA:67,3
DA:69,3
DA:70,3
DA:71,3
DA:73,3
DA:76,0
DA:83,19
DA:84,8
DA:85,8
DA:86,8
DA:87,0
DA:91,8
DA:92,8
DA:93,5
DA:94,0
DA:97,8
DA:100,8
DA:101,0
DA:105,8
DA:108,8
DA:110,8
DA:113,0
DA:120,19
DA:121,1
DA:122,1
DA:123,1
DA:124,0
DA:126,1
DA:127,1
DA:128,1
DA:130,0
DA:137,19
DA:138,1
DA:139,1
DA:140,1
DA:141,0
DA:143,1
DA:144,1
DA:145,1
DA:147,0
DA:154,19
DA:155,1
DA:156,1
DA:157,1
DA:158,0
DA:160,1
DA:162,0
DA:166,19
LF:82
LH:65
BRDA:12,0,0,0
BRDA:12,0,1,1
BRDA:29,1,0,0
BRDA:29,1,1,1
BRDA:34,2,0,1
BRDA:34,2,1,0
BRDA:35,3,0,1
BRDA:35,3,1,0
BRDA:36,4,0,1
BRDA:36,4,1,0
BRDA:37,5,0,0
BRDA:37,5,1,1
BRDA:38,6,0,0
BRDA:38,6,1,1
BRDA:54,7,0,0
BRDA:54,7,1,4
BRDA:58,8,0,1
BRDA:58,8,1,3
BRDA:63,9,0,0
BRDA:63,9,1,3
BRDA:86,10,0,0
BRDA:86,10,1,8
BRDA:94,11,0,0
BRDA:94,11,1,0
BRDA:100,12,0,0
BRDA:100,12,1,8
BRDA:123,13,0,0
BRDA:123,13,1,1
BRDA:140,14,0,0
BRDA:140,14,1,1
BRDA:157,15,0,0
BRDA:157,15,1,1
BRF:32
BRH:16
end_of_record
TN:
SF:src/data/comprehensive-breed-data.js
FNF:0
FNH:0
DA:1,1
DA:1854,1
LF:2
LH:2
BRF:0
BRH:0
end_of_record
TN:
SF:src/data/massive-dogs-only.js
FNF:0
FNH:0
DA:2,1
DA:283,1
LF:2
LH:2
BRF:0
BRH:0
end_of_record
TN:
SF:src/middleware/aiRateLimiting.js
FN:23,(anonymous_0)
FN:27,(anonymous_1)
FN:38,createRateLimiter
FN:55,(anonymous_3)
FN:71,(anonymous_4)
FN:75,(anonymous_5)
FN:144,getSubscriptionBasedLimiter
FN:190,createCostBasedLimiter
FN:201,createAdaptiveLimiter
FN:202,(anonymous_9)
FN:227,createRateLimitingMiddleware
FN:234,(anonymous_11)
FN:236,(anonymous_12)
FN:248,getRateLimitStatus
FN:283,resetRateLimits
FNF:15
FNH:8
FNDA:0,(anonymous_0)
FNDA:0,(anonymous_1)
FNDA:160,createRateLimiter
FNDA:0,(anonymous_3)
FNDA:33,(anonymous_4)
FNDA:33,(anonymous_5)
FNDA:29,getSubscriptionBasedLimiter
FNDA:0,createCostBasedLimiter
FNDA:0,createAdaptiveLimiter
FNDA:0,(anonymous_9)
FNDA:80,createRateLimitingMiddleware
FNDA:2,(anonymous_11)
FNDA:2,(anonymous_12)
FNDA:1,getRateLimitStatus
FNDA:0,resetRateLimits
DA:1,20
DA:2,20
DA:3,20
DA:4,20
DA:12,20
DA:15,20
DA:16,0
DA:17,0
DA:23,0
DA:24,0
DA:27,0
DA:28,0
DA:31,0
DA:39,160
DA:44,160
DA:56,0
DA:63,0
DA:73,33
DA:77,33
DA:78,33
DA:81,0
DA:82,0
DA:90,20
DA:145,29
DA:147,29
DA:148,0
DA:154,29
DA:156,0
DA:161,0
DA:164,0
DA:169,0
DA:172,29
DA:175,29
DA:181,20
DA:191,0
DA:202,0
DA:204,0
DA:205,0
DA:208,0
DA:210,0
DA:211,0
DA:214,0
DA:220,0
DA:228,80
DA:230,80
DA:231,0
DA:234,80
DA:236,2
DA:237,2
DA:240,2
DA:249,1
DA:250,1
DA:251,1
DA:253,1
DA:254,0
DA:255,0
DA:257,0
DA:265,1
DA:275,0
DA:276,0
DA:284,0
DA:285,0
DA:287,0
DA:288,0
DA:291,0
DA:292,0
DA:293,0
DA:295,0
DA:296,0
DA:299,0
DA:304,0
DA:309,0
DA:310,0
DA:314,20
LF:74
LH:30
BRDA:15,0,0,0
BRDA:15,0,1,20
BRDA:39,1,0,0
BRDA:39,1,1,160
BRDA:77,2,0,33
BRDA:77,2,1,0
BRDA:147,3,0,0
BRDA:147,3,1,29
BRDA:154,4,0,0
BRDA:154,4,1,0
BRDA:154,4,2,29
BRDA:190,5,0,0
BRDA:201,6,0,0
BRDA:210,7,0,0
BRDA:210,7,1,0
BRDA:227,8,0,80
BRDA:230,9,0,0
BRDA:230,9,1,80
BRDA:237,10,0,0
BRDA:237,10,1,2
BRDA:250,11,0,1
BRDA:250,11,1,0
BRDA:253,12,0,0
BRDA:253,12,1,1
BRDA:258,13,0,0
BRDA:258,13,1,0
BRDA:261,14,0,0
BRDA:261,14,1,0
BRDA:262,15,0,0
BRDA:262,15,1,0
BRDA:287,16,0,0
BRDA:287,16,1,0
BRDA:291,17,0,0
BRDA:291,17,1,0
BRDA:295,18,0,0
BRDA:295,18,1,0
BRF:36
BRH:10
end_of_record
TN:
SF:src/middleware/auth.js
FN:5,(anonymous_0)
FN:23,(anonymous_1)
FN:95,(anonymous_2)
FN:108,(anonymous_3)
FN:109,(anonymous_4)
FN:124,(anonymous_5)
FN:135,(anonymous_6)
FN:164,(anonymous_7)
FN:194,(anonymous_8)
FN:6,(anonymous_0)
FN:26,(anonymous_1)
FN:63,(anonymous_2)
FN:72,(anonymous_3)
FN:174,(anonymous_4)
FN:187,(anonymous_5)
FN:188,(anonymous_6)
FN:204,(anonymous_7)
FN:215,(anonymous_8)
FN:244,(anonymous_9)
FN:274,(anonymous_10)
FN:215,(anonymous_8)
FN:244,(anonymous_9)
FN:309,(anonymous_10)
FNF:23
FNH:10
FNDA:246,(anonymous_0)
FNDA:314,(anonymous_1)
FNDA:0,(anonymous_2)
FNDA:14,(anonymous_3)
FNDA:0,(anonymous_4)
FNDA:16,(anonymous_5)
FNDA:0,(anonymous_6)
FNDA:0,(anonymous_7)
FNDA:53,(anonymous_8)
FNDA:39,(anonymous_0)
FNDA:353,(anonymous_1)
FNDA:314,(anonymous_2)
FNDA:0,(anonymous_3)
FNDA:0,(anonymous_4)
FNDA:5,(anonymous_5)
FNDA:0,(anonymous_6)
FNDA:53,(anonymous_7)
FNDA:0,(anonymous_8)
FNDA:0,(anonymous_9)
FNDA:0,(anonymous_10)
FNDA:0,(anonymous_8)
FNDA:0,(anonymous_9)
FNDA:0,(anonymous_10)
DA:1,19
DA:2,19
DA:3,5
DA:5,14
DA:6,246
DA:7,285
DA:8,285
DA:10,53
DA:11,14
DA:12,251
DA:13,251
DA:14,285
DA:15,246
DA:18,39
DA:19,285
DA:22,39
DA:23,14
DA:24,314
DA:26,319
DA:27,353
DA:30,353
DA:31,319
DA:32,353
DA:39,329
DA:42,353
DA:44,328
DA:45,40
DA:51,288
DA:52,0
DA:53,0
DA:57,319
DA:58,319
DA:59,5
DA:60,0
DA:63,314
DA:64,314
DA:65,314
DA:66,293
DA:67,293
DA:68,319
DA:69,288
DA:71,1
DA:72,5
DA:73,0
DA:75,1
DA:76,314
DA:78,0
DA:79,0
DA:80,314
DA:81,314
DA:86,0
DA:87,0
DA:88,0
DA:89,0
DA:95,14
DA:96,0
DA:98,0
DA:99,0
DA:100,0
DA:101,14
DA:102,0
DA:104,0
DA:105,0
DA:108,14
DA:109,14
DA:110,0
DA:111,0
DA:112,0
DA:114,14
DA:115,14
DA:116,0
DA:118,14
DA:119,0
DA:123,0
DA:124,14
DA:125,16
DA:126,8
DA:130,0
DA:131,8
DA:135,14
DA:136,0
DA:137,0
DA:138,0
DA:139,0
DA:140,0
DA:145,0
DA:146,0
DA:147,0
DA:148,0
DA:150,0
DA:151,0
DA:153,0
DA:154,0
DA:157,0
DA:158,0
DA:161,0
DA:164,0
DA:165,0
DA:166,0
DA:168,0
DA:174,5
DA:175,0
DA:177,0
DA:178,5
DA:179,5
DA:183,0
DA:185,0
DA:186,0
DA:187,5
DA:188,5
DA:190,0
DA:192,0
DA:194,14
DA:195,53
DA:196,53
DA:197,58
DA:199,53
DA:201,53
DA:202,35
DA:203,35
DA:204,58
DA:205,53
DA:206,53
DA:207,35
DA:211,58
DA:214,0
DA:215,5
DA:216,0
DA:217,0
DA:218,14
DA:219,14
DA:220,14
DA:227,0
DA:228,0
DA:231,0
DA:233,0
DA:234,0
DA:236,0
DA:237,0
DA:241,0
DA:244,0
DA:245,0
DA:246,0
DA:247,0
DA:248,0
DA:249,0
DA:253,0
DA:254,0
DA:258,0
DA:259,0
DA:261,0
DA:264,0
DA:265,0
DA:266,0
DA:268,1
DA:269,0
DA:272,0
DA:274,1
DA:275,0
DA:276,0
DA:277,0
DA:279,0
DA:281,0
DA:282,0
DA:283,0
DA:285,0
DA:286,0
DA:287,0
DA:291,0
DA:293,0
DA:294,0
DA:298,1
DA:300,1
DA:301,1
DA:309,4
DA:310,0
DA:311,0
DA:312,0
DA:316,0
DA:317,0
DA:318,0
DA:320,0
DA:321,0
DA:322,0
DA:326,0
DA:329,0
DA:333,4
LF:187
LH:85
BRDA:9,0,0,246
BRDA:9,0,1,0
BRDA:9,0,2,0
BRDA:12,1,0,246
BRDA:12,1,1,0
BRDA:16,2,0,246
BRDA:16,2,1,0
BRDA:16,2,2,0
BRDA:27,3,0,290
BRDA:27,3,1,24
BRDA:27,4,0,314
BRDA:27,4,1,290
BRDA:31,5,0,24
BRDA:31,5,1,290
BRDA:44,6,0,1
BRDA:44,6,1,288
BRDA:51,7,0,0
BRDA:51,7,1,288
BRDA:58,8,0,0
BRDA:58,8,1,288
BRDA:71,9,0,1
BRDA:71,9,1,0
BRDA:78,10,0,0
BRDA:78,10,1,0
BRDA:96,11,0,0
BRDA:96,11,1,0
BRDA:96,12,0,0
BRDA:96,12,1,0
BRDA:96,12,2,0
BRDA:110,13,0,0
BRDA:110,13,1,0
BRDA:110,14,0,0
BRDA:110,14,1,0
BRDA:125,15,0,8
BRDA:125,15,1,8
BRDA:139,16,0,0
BRDA:139,16,1,0
BRDA:147,17,0,0
BRDA:147,17,1,0
BRDA:153,18,0,0
BRDA:153,18,1,0
BRDA:153,19,0,0
BRDA:153,19,1,0
BRDA:178,20,0,0
BRDA:178,20,1,0
BRDA:178,21,0,0
BRDA:178,21,1,0
BRDA:197,22,0,35
BRDA:197,22,1,18
BRDA:197,23,0,53
BRDA:197,23,1,35
BRDA:201,24,0,35
BRDA:201,24,1,18
BRDA:205,25,0,35
BRDA:205,25,1,0
BRDA:205,26,0,35
BRDA:205,26,1,35
BRDA:205,26,2,35
BRDA:10,27,0,0
BRDA:10,27,1,39
BRDA:10,28,0,39
BRDA:10,28,1,39
BRDA:14,29,0,0
BRDA:14,29,1,39
BRDA:18,30,0,39
BRDA:18,30,1,0
BRDA:18,31,0,39
BRDA:18,31,1,0
BRDA:36,32,0,39
BRDA:36,32,1,0
BRDA:46,33,0,40
BRDA:46,33,1,288
BRDA:61,34,0,0
BRDA:61,34,1,288
BRDA:76,35,0,0
BRDA:76,35,1,0
BRDA:76,36,0,0
BRDA:76,36,1,0
BRDA:80,37,0,0
BRDA:80,37,1,0
BRDA:98,38,0,0
BRDA:98,38,1,0
BRDA:101,39,0,0
BRDA:101,39,1,0
BRDA:110,40,0,0
BRDA:110,40,1,0
BRDA:114,41,0,0
BRDA:114,41,1,0
BRDA:114,42,0,0
BRDA:114,42,1,0
BRDA:123,43,0,0
BRDA:123,43,1,0
BRDA:130,44,0,0
BRDA:130,44,1,0
BRDA:137,45,0,0
BRDA:137,45,1,0
BRDA:150,46,0,0
BRDA:150,46,1,0
BRDA:157,47,0,0
BRDA:157,47,1,0
BRDA:175,48,0,0
BRDA:175,48,1,0
BRDA:175,49,0,0
BRDA:175,49,1,0
BRDA:175,49,2,0
BRDA:190,50,0,0
BRDA:190,50,1,0
BRDA:190,51,0,0
BRDA:190,51,1,0
BRDA:205,52,0,0
BRDA:205,52,1,0
BRDA:219,53,0,0
BRDA:219,53,1,0
BRDA:227,54,0,0
BRDA:227,54,1,0
BRDA:233,55,0,0
BRDA:233,55,1,0
BRDA:233,56,0,0
BRDA:233,56,1,0
BRDA:258,57,0,0
BRDA:258,57,1,0
BRDA:258,58,0,0
BRDA:258,58,1,0
BRDA:277,59,0,0
BRDA:277,59,1,0
BRDA:277,60,0,0
BRDA:277,60,1,0
BRDA:281,61,0,0
BRDA:281,61,1,0
BRDA:285,62,0,0
BRDA:285,62,1,0
BRDA:285,63,0,0
BRDA:285,63,1,0
BRDA:285,63,2,0
BRDA:236,64,0,0
BRDA:236,64,1,0
BRDA:253,65,0,0
BRDA:253,65,1,0
BRDA:268,66,0,0
BRDA:268,66,1,0
BRDA:275,67,0,0
BRDA:275,67,1,0
BRDA:293,68,0,0
BRDA:293,68,1,0
BRDA:293,69,0,0
BRDA:293,69,1,0
BRDA:312,70,0,0
BRDA:312,70,1,0
BRDA:312,71,0,0
BRDA:312,71,1,0
BRDA:316,72,0,0
BRDA:316,72,1,0
BRDA:320,73,0,0
BRDA:320,73,1,0
BRDA:320,74,0,0
BRDA:320,74,1,0
BRDA:320,74,2,0
BRF:157
BRH:36
end_of_record
TN:
SF:src/middleware/caching.js
FN:27,(anonymous_0)
FN:39,(anonymous_1)
FN:40,(anonymous_2)
FN:71,(anonymous_3)
FN:91,(anonymous_4)
FN:95,(anonymous_5)
FN:112,(anonymous_6)
FN:119,(anonymous_7)
FN:132,(anonymous_8)
FN:149,(anonymous_9)
FN:150,(anonymous_10)
FN:155,(anonymous_11)
FNF:12
FNH:11
FNDA:13,(anonymous_0)
FNDA:19,(anonymous_1)
FNDA:14,(anonymous_2)
FNDA:11,(anonymous_3)
FNDA:143,(anonymous_4)
FNDA:6,(anonymous_5)
FNDA:0,(anonymous_6)
FNDA:1,(anonymous_7)
FNDA:2,(anonymous_8)
FNDA:19,(anonymous_9)
FNDA:210,(anonymous_10)
FNDA:153,(anonymous_11)
DA:6,19
DA:7,19
DA:10,19
DA:17,19
DA:27,19
DA:28,13
DA:29,13
DA:30,13
DA:31,13
DA:39,19
DA:40,19
DA:42,14
DA:43,1
DA:47,13
DA:50,13
DA:52,13
DA:53,2
DA:54,2
DA:55,2
DA:57,2
DA:59,2
DA:62,11
DA:63,11
DA:65,11
DA:68,11
DA:71,11
DA:73,11
DA:74,10
DA:75,10
DA:77,10
DA:80,11
DA:83,11
DA:91,19
DA:92,143
DA:93,143
DA:95,143
DA:96,6
DA:97,0
DA:98,0
DA:99,0
DA:103,143
DA:105,143
DA:112,19
DA:113,0
DA:119,19
DA:120,1
DA:121,1
DA:122,1
DA:124,1
DA:126,1
DA:132,19
DA:133,2
DA:134,2
DA:135,2
DA:137,2
DA:149,19
DA:150,19
DA:152,210
DA:153,153
DA:155,153
DA:157,153
DA:158,143
DA:159,143
DA:167,153
DA:171,210
DA:175,19
LF:66
LH:62
BRDA:30,0,0,13
BRDA:30,0,1,13
BRDA:39,1,0,0
BRDA:39,2,0,19
BRDA:42,3,0,1
BRDA:42,3,1,13
BRDA:47,4,0,0
BRDA:47,4,1,13
BRDA:52,5,0,2
BRDA:52,5,1,11
BRDA:73,6,0,10
BRDA:73,6,1,1
BRDA:73,7,0,11
BRDA:73,7,1,11
BRDA:96,8,0,0
BRDA:96,8,1,6
BRDA:135,9,0,0
BRDA:135,9,1,2
BRDA:152,10,0,153
BRDA:152,10,1,57
BRDA:157,11,0,143
BRDA:157,11,1,10
BRDA:157,12,0,153
BRDA:157,12,1,153
BRF:24
BRH:20
end_of_record
TN:
SF:src/middleware/errorHandler.js
FN:8,(anonymous_0)
FN:21,asyncHandler
FN:22,(anonymous_2)
FN:30,(anonymous_3)
FN:73,(anonymous_4)
FNF:5
FNH:1
FNDA:0,(anonymous_0)
FNDA:0,asyncHandler
FNDA:0,(anonymous_2)
FNDA:1,(anonymous_3)
FNDA:0,(anonymous_4)
DA:1,19
DA:9,0
DA:10,0
DA:11,0
DA:12,0
DA:13,0
DA:22,0
DA:23,0
DA:30,19
DA:31,1
DA:32,1
DA:35,1
DA:38,1
DA:53,1
DA:54,0
DA:55,0
DA:58,1
DA:59,0
DA:61,0
DA:62,0
DA:68,0
DA:69,0
DA:72,1
DA:73,0
DA:74,0
DA:82,1
DA:83,0
DA:86,1
DA:87,0
DA:91,1
DA:92,0
DA:98,1
DA:99,0
DA:106,1
DA:107,0
DA:115,1
DA:116,0
DA:123,1
DA:124,0
DA:131,1
DA:132,0
DA:139,1
DA:140,1
DA:143,1
DA:158,1
DA:159,0
DA:163,1
DA:164,1
DA:165,1
DA:166,1
DA:168,1
DA:170,1
DA:173,19
DA:174,19
DA:175,19
DA:176,19
LF:56
LH:31
BRDA:8,0,0,0
BRDA:47,1,0,1
BRDA:47,1,1,0
BRDA:53,2,0,0
BRDA:53,2,1,1
BRDA:58,3,0,0
BRDA:58,3,1,1
BRDA:68,4,0,0
BRDA:68,4,1,0
BRDA:72,5,0,0
BRDA:72,5,1,1
BRDA:82,6,0,0
BRDA:82,6,1,1
BRDA:86,7,0,0
BRDA:86,7,1,1
BRDA:91,8,0,0
BRDA:91,8,1,1
BRDA:93,9,0,0
BRDA:93,9,1,0
BRDA:98,10,0,0
BRDA:98,10,1,1
BRDA:106,11,0,0
BRDA:106,11,1,1
BRDA:110,12,0,0
BRDA:110,12,1,0
BRDA:115,13,0,0
BRDA:115,13,1,1
BRDA:115,14,0,1
BRDA:115,14,1,1
BRDA:123,15,0,0
BRDA:123,15,1,1
BRDA:131,16,0,0
BRDA:131,16,1,1
BRDA:139,17,0,1
BRDA:139,17,1,0
BRDA:140,18,0,1
BRDA:140,18,1,0
BRDA:148,19,0,1
BRDA:148,19,1,0
BRDA:149,20,0,1
BRDA:149,20,1,0
BRDA:150,21,0,1
BRDA:150,21,1,0
BRDA:158,22,0,0
BRDA:158,22,1,1
BRDA:158,23,0,1
BRDA:158,23,1,0
BRDA:163,24,0,1
BRDA:163,24,1,0
BRDA:164,25,0,1
BRDA:164,25,1,0
BRF:51
BRH:23
end_of_record
TN:
SF:src/middleware/requestTracking.js
FN:33,(anonymous_0)
FN:43,(anonymous_1)
FN:44,(anonymous_2)
FN:154,(anonymous_3)
FN:180,(anonymous_4)
FNF:5
FNH:5
FNDA:680,(anonymous_0)
FNDA:680,(anonymous_1)
FNDA:1332,(anonymous_2)
FNDA:2,(anonymous_3)
FNDA:1,(anonymous_4)
DA:6,19
DA:7,19
DA:10,19
DA:33,19
DA:34,680
DA:35,680
DA:36,680
DA:37,680
DA:43,19
DA:44,680
DA:45,1332
DA:46,1332
DA:47,1332
DA:50,1332
DA:53,1332
DA:54,984
DA:55,348
DA:56,348
DA:58,348
DA:59,116
DA:62,116
DA:63,116
DA:66,116
DA:76,116
DA:77,0
DA:83,1332
DA:86,1332
DA:87,102
DA:93,1332
DA:95,1332
DA:96,984
DA:97,348
DA:98,348
DA:102,1332
DA:104,1332
DA:105,26
DA:106,26
DA:114,1332
DA:115,102
DA:124,1332
DA:125,1332
DA:126,1332
DA:127,1332
DA:128,1332
DA:129,1332
DA:132,1332
DA:133,28
DA:145,680
DA:146,680
DA:148,680
DA:154,19
DA:155,2
DA:159,2
DA:180,19
DA:181,1
DA:188,1
DA:193,1
DA:200,19
LF:58
LH:57
BRDA:46,0,0,1332
BRDA:46,0,1,120
BRDA:53,1,0,984
BRDA:53,1,1,348
BRDA:53,2,0,1332
BRDA:53,2,1,1332
BRDA:55,3,0,348
BRDA:55,3,1,0
BRDA:58,4,0,116
BRDA:58,4,1,232
BRDA:63,5,0,116
BRDA:63,5,1,8
BRDA:76,6,0,0
BRDA:76,6,1,116
BRDA:83,7,0,1332
BRDA:83,7,1,61
BRDA:86,8,0,102
BRDA:86,8,1,1230
BRDA:95,9,0,984
BRDA:95,9,1,348
BRDA:95,10,0,1332
BRDA:95,10,1,1332
BRDA:97,11,0,348
BRDA:97,11,1,0
BRDA:104,12,0,26
BRDA:104,12,1,1306
BRDA:114,13,0,102
BRDA:114,13,1,1230
BRDA:132,14,0,28
BRDA:132,14,1,1304
BRDA:132,15,0,1332
BRDA:132,15,1,1332
BRDA:139,16,0,28
BRDA:139,16,1,28
BRDA:155,17,0,2
BRDA:155,17,1,0
BRDA:164,18,0,2
BRDA:164,18,1,0
BRDA:168,19,0,2
BRDA:168,19,1,0
BRDA:171,20,0,2
BRDA:171,20,1,0
BRF:42
BRH:35
end_of_record
TN:
SF:src/middleware/validation.js
FN:3,(anonymous_0)
FN:7,(anonymous_1)
FN:23,(anonymous_2)
FNF:3
FNH:3
FNDA:427,(anonymous_0)
FNDA:26,(anonymous_1)
FNDA:2,(anonymous_2)
DA:1,19
DA:3,19
DA:4,427
DA:6,427
DA:7,26
DA:13,13
DA:20,414
DA:23,19
DA:25,2
DA:26,0
DA:32,2
DA:35,19
LF:12
LH:11
BRDA:6,0,0,13
BRDA:6,0,1,414
BRDA:8,1,0,26
BRDA:8,1,1,0
BRDA:25,2,0,0
BRDA:25,2,1,2
BRDA:25,3,0,2
BRDA:25,3,1,2
BRF:8
BRH:6
end_of_record
TN:
SF:src/models/BreedProfile.js
FN:153,(anonymous_0)
FN:159,(anonymous_1)
FN:171,(anonymous_2)
FNF:3
FNH:0
FNDA:0,(anonymous_0)
FNDA:0,(anonymous_1)
FNDA:0,(anonymous_2)
DA:1,19
DA:3,19
DA:22,19
DA:146,19
DA:147,19
DA:148,19
DA:149,19
DA:150,19
DA:153,19
DA:154,0
DA:155,0
DA:159,19
DA:160,0
DA:171,19
DA:172,0
DA:174,0
DA:175,0
DA:176,0
DA:177,0
DA:178,0
DA:179,0
DA:180,0
DA:181,0
DA:184,0
DA:187,19
LF:25
LH:12
BRDA:154,0,0,0
BRDA:154,0,1,0
BRDA:155,1,0,0
BRDA:155,1,1,0
BRDA:159,2,0,0
BRDA:174,3,0,0
BRDA:174,3,1,0
BRDA:175,4,0,0
BRDA:175,4,1,0
BRDA:176,5,0,0
BRDA:176,5,1,0
BRDA:177,6,0,0
BRDA:177,6,1,0
BRDA:178,7,0,0
BRDA:178,7,1,0
BRDA:179,8,0,0
BRDA:179,8,1,0
BRDA:180,9,0,0
BRDA:180,9,1,0
BRDA:180,10,0,0
BRDA:180,10,1,0
BRF:21
BRH:0
end_of_record
TN:
SF:src/models/Match.js
FN:219,(anonymous_0)
FN:220,(anonymous_1)
FN:226,(anonymous_2)
FN:227,(anonymous_3)
FN:233,(anonymous_4)
FN:234,(anonymous_5)
FN:235,(anonymous_6)
FN:237,(anonymous_7)
FN:243,(anonymous_8)
FN:256,(anonymous_9)
FN:282,(anonymous_10)
FN:298,(anonymous_11)
FN:299,(anonymous_12)
FN:301,(anonymous_13)
FN:304,(anonymous_14)
FN:318,(anonymous_15)
FN:325,(anonymous_16)
FN:339,(anonymous_17)
FN:347,(anonymous_18)
FN:361,(anonymous_19)
FN:370,(anonymous_20)
FN:381,(anonymous_21)
FNF:22
FNH:12
FNDA:16,(anonymous_0)
FNDA:0,(anonymous_1)
FNDA:16,(anonymous_2)
FNDA:0,(anonymous_3)
FNDA:16,(anonymous_4)
FNDA:0,(anonymous_5)
FNDA:0,(anonymous_6)
FNDA:0,(anonymous_7)
FNDA:46,(anonymous_8)
FNDA:184,(anonymous_9)
FNDA:4,(anonymous_10)
FNDA:3,(anonymous_11)
FNDA:3,(anonymous_12)
FNDA:0,(anonymous_13)
FNDA:2,(anonymous_14)
FNDA:1,(anonymous_15)
FNDA:5,(anonymous_16)
FNDA:5,(anonymous_17)
FNDA:0,(anonymous_18)
FNDA:0,(anonymous_19)
FNDA:0,(anonymous_20)
FNDA:0,(anonymous_21)
DA:1,20
DA:3,20
DA:204,20
DA:205,20
DA:206,20
DA:207,20
DA:208,20
DA:209,20
DA:210,20
DA:213,20
DA:219,20
DA:220,16
DA:221,0
DA:226,20
DA:227,16
DA:228,0
DA:233,20
DA:234,16
DA:235,0
DA:236,0
DA:237,0
DA:243,20
DA:245,46
DA:246,0
DA:248,46
DA:249,0
DA:251,46
DA:252,0
DA:256,46
DA:257,184
DA:258,0
DA:260,184
DA:261,0
DA:266,46
DA:269,46
DA:270,6
DA:274,46
DA:275,26
DA:278,46
DA:282,20
DA:283,4
DA:291,4
DA:292,4
DA:293,4
DA:295,4
DA:298,20
DA:299,3
DA:300,3
DA:301,0
DA:304,3
DA:305,2
DA:312,3
DA:313,3
DA:315,3
DA:318,20
DA:319,1
DA:320,1
DA:322,1
DA:325,20
DA:326,5
DA:327,5
DA:328,5
DA:331,5
DA:341,5
DA:342,5
DA:343,5
DA:347,20
DA:348,0
DA:349,0
DA:350,0
DA:353,0
DA:363,0
DA:364,0
DA:365,0
DA:370,20
DA:371,0
DA:381,20
DA:382,0
DA:390,20
LF:79
LH:59
BRDA:221,0,0,0
BRDA:221,0,1,0
BRDA:228,1,0,0
BRDA:228,1,1,0
BRDA:236,2,0,0
BRDA:236,2,1,0
BRDA:245,3,0,0
BRDA:245,3,1,46
BRDA:248,4,0,0
BRDA:248,4,1,46
BRDA:251,5,0,0
BRDA:251,5,1,46
BRDA:257,6,0,0
BRDA:257,6,1,184
BRDA:260,7,0,0
BRDA:260,7,1,184
BRDA:269,8,0,6
BRDA:269,8,1,40
BRDA:274,9,0,26
BRDA:274,9,1,20
BRDA:274,10,0,46
BRDA:274,10,1,46
BRDA:282,11,0,4
BRDA:282,12,0,4
BRDA:300,13,0,3
BRDA:300,13,1,2
BRDA:312,14,0,1
BRDA:312,14,1,2
BRDA:319,15,0,0
BRDA:319,15,1,1
BRDA:320,16,0,0
BRDA:320,16,1,1
BRDA:322,17,0,1
BRDA:322,17,1,1
BRDA:326,18,0,1
BRDA:326,18,1,4
BRDA:327,19,0,5
BRDA:327,19,1,4
BRDA:341,20,0,5
BRDA:341,20,1,0
BRDA:348,21,0,0
BRDA:348,21,1,0
BRDA:349,22,0,0
BRDA:349,22,1,0
BRDA:363,23,0,0
BRDA:363,23,1,0
BRF:46
BRH:26
end_of_record
TN:
SF:src/models/Message.js
FN:72,(anonymous_0)
FN:77,(anonymous_1)
FN:84,(anonymous_2)
FN:86,(anonymous_3)
FN:98,(anonymous_4)
FN:99,(anonymous_5)
FN:104,(anonymous_6)
FN:113,(anonymous_7)
FN:132,(anonymous_8)
FN:141,(anonymous_9)
FN:142,(anonymous_10)
FNF:11
FNH:0
FNDA:0,(anonymous_0)
FNDA:0,(anonymous_1)
FNDA:0,(anonymous_2)
FNDA:0,(anonymous_3)
FNDA:0,(anonymous_4)
FNDA:0,(anonymous_5)
FNDA:0,(anonymous_6)
FNDA:0,(anonymous_7)
FNDA:0,(anonymous_8)
FNDA:0,(anonymous_9)
FNDA:0,(anonymous_10)
DA:1,19
DA:3,19
DA:67,19
DA:68,19
DA:69,19
DA:72,19
DA:73,0
DA:77,19
DA:78,0
DA:79,0
DA:80,0
DA:84,19
DA:86,0
DA:89,0
DA:94,0
DA:98,19
DA:99,0
DA:100,0
DA:104,19
DA:105,0
DA:113,19
DA:114,0
DA:119,0
DA:120,0
DA:123,0
DA:132,19
DA:133,0
DA:134,0
DA:135,0
DA:137,0
DA:138,0
DA:141,0
DA:142,0
DA:144,0
DA:145,0
DA:149,0
DA:152,19
LF:37
LH:13
BRDA:73,0,0,0
BRDA:73,0,1,0
BRDA:113,1,0,0
BRDA:113,2,0,0
BRDA:119,3,0,0
BRDA:119,3,1,0
BRDA:133,4,0,0
BRDA:133,4,1,0
BRDA:133,5,0,0
BRDA:133,5,1,0
BRDA:133,5,2,0
BRDA:137,6,0,0
BRDA:137,6,1,0
BRDA:144,7,0,0
BRDA:144,7,1,0
BRDA:144,8,0,0
BRDA:144,8,1,0
BRF:17
BRH:0
end_of_record
TN:
SF:src/models/Pet.js
FN:236,(anonymous_0)
FN:241,(anonymous_1)
FN:242,(anonymous_2)
FN:247,(anonymous_3)
FN:250,(anonymous_4)
FN:254,(anonymous_5)
FN:269,(anonymous_6)
FN:288,(anonymous_7)
FN:298,(anonymous_8)
FN:305,(anonymous_9)
FNF:10
FNH:6
FNDA:240,(anonymous_0)
FNDA:240,(anonymous_1)
FNDA:52,(anonymous_2)
FNDA:116,(anonymous_3)
FNDA:9,(anonymous_4)
FNDA:0,(anonymous_5)
FNDA:2,(anonymous_6)
FNDA:0,(anonymous_7)
FNDA:0,(anonymous_8)
FNDA:0,(anonymous_9)
DA:1,22
DA:3,22
DA:217,22
DA:218,22
DA:219,22
DA:220,22
DA:221,22
DA:222,22
DA:223,22
DA:224,22
DA:225,22
DA:228,22
DA:236,22
DA:237,240
DA:241,22
DA:242,240
DA:243,240
DA:247,22
DA:249,116
DA:250,9
DA:251,6
DA:252,1
DA:253,5
DA:254,0
DA:255,0
DA:261,116
DA:262,111
DA:265,116
DA:269,22
DA:270,2
DA:272,1
DA:273,1
DA:274,1
DA:276,1
DA:277,1
DA:279,0
DA:280,0
DA:282,0
DA:283,0
DA:285,2
DA:288,22
DA:290,0
DA:291,0
DA:292,0
DA:294,0
DA:298,22
DA:299,0
DA:300,0
DA:301,0
DA:302,0
DA:305,22
DA:306,0
DA:314,22
LF:53
LH:38
BRDA:243,0,0,240
BRDA:243,0,1,188
BRDA:243,0,2,188
BRDA:249,1,0,6
BRDA:249,1,1,110
BRDA:249,2,0,116
BRDA:249,2,1,116
BRDA:251,3,0,1
BRDA:251,3,1,5
BRDA:253,4,0,0
BRDA:253,4,1,5
BRDA:261,5,0,111
BRDA:261,5,1,5
BRDA:261,6,0,116
BRDA:261,6,1,11
BRDA:270,7,0,1
BRDA:270,7,1,1
BRDA:270,7,2,0
BRDA:270,7,3,0
BRDA:290,8,0,0
BRDA:290,8,1,0
BRDA:291,9,0,0
BRDA:291,9,1,0
BRDA:291,10,0,0
BRDA:291,10,1,0
BRDA:300,11,0,0
BRDA:300,11,1,0
BRDA:301,12,0,0
BRDA:301,12,1,0
BRF:29
BRH:16
end_of_record
TN:
SF:src/models/User.js
FN:172,(anonymous_0)
FN:177,(anonymous_1)
FN:182,(anonymous_2)
FN:197,(anonymous_3)
FN:205,(anonymous_4)
FN:209,(anonymous_5)
FN:221,(anonymous_6)
FN:225,(anonymous_7)
FNF:8
FNH:6
FNDA:461,(anonymous_0)
FNDA:460,(anonymous_1)
FNDA:569,(anonymous_2)
FNDA:569,(anonymous_3)
FNDA:10,(anonymous_4)
FNDA:458,(anonymous_5)
FNDA:0,(anonymous_6)
FNDA:0,(anonymous_7)
DA:1,23
DA:2,23
DA:4,23
DA:163,23
DA:167,23
DA:168,23
DA:169,23
DA:172,23
DA:173,461
DA:177,23
DA:178,460
DA:182,23
DA:183,569
DA:185,301
DA:187,301
DA:188,301
DA:189,301
DA:190,301
DA:192,0
DA:197,23
DA:198,569
DA:199,270
DA:201,569
DA:205,23
DA:206,10
DA:209,23
DA:210,458
DA:211,458
DA:212,458
DA:213,458
DA:214,458
DA:215,458
DA:216,458
DA:217,458
DA:221,23
DA:222,0
DA:225,23
DA:226,0
DA:232,23
LF:39
LH:36
BRDA:183,0,0,268
BRDA:183,0,1,301
BRDA:187,1,0,0
BRDA:187,1,1,301
BRDA:198,2,0,270
BRDA:198,2,1,299
BRDA:198,3,0,569
BRDA:198,3,1,569
BRF:8
BRH:7
end_of_record
TN:
SF:src/routes/admin.js
FN:23,(anonymous_0)
FN:43,(anonymous_1)
FN:65,(anonymous_2)
FN:85,(anonymous_3)
FN:109,(anonymous_4)
FN:146,(anonymous_5)
FN:193,(anonymous_6)
FN:224,(anonymous_7)
FN:262,(anonymous_8)
FN:304,(anonymous_9)
FN:351,(anonymous_10)
FN:401,(anonymous_11)
FN:447,(anonymous_12)
FN:533,(anonymous_13)
FN:577,(anonymous_14)
FN:578,(anonymous_15)
FN:595,(anonymous_16)
FN:640,(anonymous_17)
FN:666,(anonymous_18)
FN:695,formatUptime
FNF:20
FNH:6
FNDA:2,(anonymous_0)
FNDA:1,(anonymous_1)
FNDA:2,(anonymous_2)
FNDA:1,(anonymous_3)
FNDA:0,(anonymous_4)
FNDA:2,(anonymous_5)
FNDA:0,(anonymous_6)
FNDA:0,(anonymous_7)
FNDA:0,(anonymous_8)
FNDA:0,(anonymous_9)
FNDA:0,(anonymous_10)
FNDA:0,(anonymous_11)
FNDA:0,(anonymous_12)
FNDA:0,(anonymous_13)
FNDA:0,(anonymous_14)
FNDA:0,(anonymous_15)
FNDA:0,(anonymous_16)
FNDA:0,(anonymous_17)
FNDA:0,(anonymous_18)
FNDA:2,formatUptime
DA:8,19
DA:9,19
DA:10,19
DA:11,19
DA:12,19
DA:13,19
DA:16,19
DA:17,19
DA:23,19
DA:24,2
DA:25,2
DA:26,2
DA:31,0
DA:32,0
DA:43,19
DA:44,1
DA:45,1
DA:46,1
DA:48,1
DA:53,0
DA:54,0
DA:65,19
DA:66,2
DA:67,2
DA:68,2
DA:73,0
DA:74,0
DA:85,19
DA:86,1
DA:87,1
DA:88,1
DA:90,1
DA:96,0
DA:97,0
DA:109,19
DA:110,0
DA:111,0
DA:113,0
DA:114,0
DA:120,0
DA:121,0
DA:128,0
DA:134,0
DA:135,0
DA:146,19
DA:147,2
DA:148,2
DA:149,2
DA:151,2
DA:176,2
DA:181,0
DA:182,0
DA:193,19
DA:194,0
DA:195,0
DA:196,0
DA:199,0
DA:200,0
DA:201,0
DA:207,0
DA:208,0
DA:209,0
DA:210,0
DA:213,0
DA:214,0
DA:215,0
DA:217,0
DA:224,0
DA:225,0
DA:226,0
DA:228,0
DA:235,0
DA:237,0
DA:250,0
DA:251,0
DA:262,19
DA:263,0
DA:264,0
DA:265,0
DA:268,0
DA:269,0
DA:271,0
DA:272,0
DA:278,0
DA:279,0
DA:285,0
DA:287,0
DA:292,0
DA:293,0
DA:304,19
DA:305,0
DA:306,0
DA:308,0
DA:309,0
DA:310,0
DA:311,0
DA:314,0
DA:317,0
DA:320,0
DA:323,0
DA:325,0
DA:326,0
DA:332,0
DA:334,0
DA:339,0
DA:340,0
DA:351,19
DA:352,0
DA:353,0
DA:354,0
DA:356,0
DA:357,0
DA:358,0
DA:359,0
DA:365,0
DA:366,0
DA:368,0
DA:374,0
DA:376,0
DA:389,0
DA:390,0
DA:401,19
DA:402,0
DA:403,0
DA:404,0
DA:406,0
DA:407,0
DA:409,0
DA:410,0
DA:411,0
DA:413,0
DA:420,0
DA:422,0
DA:435,0
DA:436,0
DA:447,19
DA:448,0
DA:449,0
DA:450,0
DA:451,0
DA:452,0
DA:463,0
DA:477,0
DA:483,0
DA:497,0
DA:521,0
DA:522,0
DA:533,19
DA:534,0
DA:535,0
DA:537,0
DA:538,0
DA:544,0
DA:545,0
DA:547,0
DA:548,0
DA:549,0
DA:550,0
DA:551,0
DA:552,0
DA:553,0
DA:556,0
DA:560,0
DA:561,0
DA:568,0
DA:574,0
DA:577,0
DA:578,0
DA:583,0
DA:584,0
DA:595,19
DA:596,0
DA:597,0
DA:601,0
DA:623,0
DA:628,0
DA:629,0
DA:640,19
DA:641,0
DA:642,0
DA:644,0
DA:649,0
DA:654,0
DA:655,0
DA:666,19
DA:667,0
DA:668,0
DA:670,0
DA:675,0
DA:684,0
DA:685,0
DA:696,2
DA:697,2
DA:698,2
DA:699,2
DA:701,2
DA:702,2
DA:703,2
DA:704,2
DA:705,2
DA:707,2
DA:710,19
LF:202
LH:54
BRDA:113,0,0,0
BRDA:113,0,1,0
BRDA:173,1,0,2
BRDA:173,1,1,0
BRDA:195,2,0,0
BRDA:195,3,0,0
BRDA:195,4,0,0
BRDA:195,5,0,0
BRDA:200,6,0,0
BRDA:200,6,1,0
BRDA:207,7,0,0
BRDA:207,7,1,0
BRDA:208,8,0,0
BRDA:208,8,1,0
BRDA:209,9,0,0
BRDA:209,9,1,0
BRDA:210,10,0,0
BRDA:210,10,1,0
BRDA:278,11,0,0
BRDA:278,11,1,0
BRDA:325,12,0,0
BRDA:325,12,1,0
BRDA:353,13,0,0
BRDA:353,14,0,0
BRDA:353,15,0,0
BRDA:353,16,0,0
BRDA:357,17,0,0
BRDA:357,17,1,0
BRDA:358,18,0,0
BRDA:358,18,1,0
BRDA:403,19,0,0
BRDA:403,20,0,0
BRDA:403,21,0,0
BRDA:407,22,0,0
BRDA:407,22,1,0
BRDA:535,23,0,0
BRDA:535,24,0,0
BRDA:537,25,0,0
BRDA:537,25,1,0
BRDA:537,26,0,0
BRDA:537,26,1,0
BRDA:537,26,2,0
BRDA:547,27,0,0
BRDA:547,27,1,0
BRDA:548,28,0,0
BRDA:548,28,1,0
BRDA:550,29,0,0
BRDA:550,29,1,0
BRDA:552,30,0,0
BRDA:552,30,1,0
BRDA:597,31,0,0
BRDA:597,32,0,0
BRDA:597,33,0,0
BRDA:642,34,0,0
BRDA:668,35,0,0
BRDA:702,36,0,0
BRDA:702,36,1,2
BRDA:703,37,0,0
BRDA:703,37,1,2
BRDA:704,38,0,2
BRDA:704,38,1,0
BRDA:705,39,0,2
BRDA:705,39,1,0
BRDA:705,40,0,2
BRDA:705,40,1,0
BRF:65
BRH:6
end_of_record
TN:
SF:src/routes/ai.js
FN:21,getCacheKey
FN:25,getCachedResponse
FN:36,setCachedResponse
FN:44,callEnhancedAIService
FN:86,callDeepSeekAPIFallback
FN:313,callDeepSeekDirectAPI
FN:345,(anonymous_6)
FN:428,(anonymous_7)
FN:519,(anonymous_8)
FN:520,(anonymous_9)
FN:521,(anonymous_10)
FN:537,(anonymous_11)
FN:538,(anonymous_12)
FN:539,(anonymous_13)
FN:561,(anonymous_14)
FN:646,(anonymous_15)
FN:748,(anonymous_16)
FN:803,(anonymous_17)
FN:812,(anonymous_18)
FN:814,(anonymous_19)
FN:827,(anonymous_20)
FN:848,(anonymous_21)
FN:882,(anonymous_22)
FN:52,(anonymous_0)
FN:73,getCacheKey
FN:77,getCachedResponse
FN:88,setCachedResponse
FN:96,callEnhancedAIService
FN:138,callDeepSeekAPIFallback
FN:365,callDeepSeekDirectAPI
FN:397,(anonymous_7)
FN:480,(anonymous_8)
FN:571,(anonymous_9)
FN:572,(anonymous_10)
FN:573,(anonymous_11)
FN:589,(anonymous_12)
FN:590,(anonymous_13)
FN:591,(anonymous_14)
FN:613,(anonymous_15)
FN:698,(anonymous_16)
FN:800,(anonymous_17)
FN:855,(anonymous_18)
FN:864,(anonymous_19)
FN:866,(anonymous_20)
FN:879,(anonymous_21)
FN:900,(anonymous_22)
FN:934,(anonymous_23)
FN:74,getCacheKey
FN:80,getCachedResponse
FN:96,setCachedResponse
FN:113,updateCacheHitRate
FN:119,cleanupExpiredCache
FN:139,callEnhancedAIService
FN:181,callDeepSeekAPIFallback
FN:408,callDeepSeekDirectAPI
FN:440,(anonymous_9)
FN:523,(anonymous_10)
FN:614,(anonymous_11)
FN:615,(anonymous_12)
FN:616,(anonymous_13)
FN:632,(anonymous_14)
FN:633,(anonymous_15)
FN:634,(anonymous_16)
FN:656,(anonymous_17)
FN:741,(anonymous_18)
FN:843,(anonymous_19)
FN:898,(anonymous_20)
FN:907,(anonymous_21)
FN:909,(anonymous_22)
FN:922,(anonymous_23)
FN:943,(anonymous_24)
FN:977,(anonymous_25)
FN:139,callEnhancedAIService
FN:218,updateEndpointMetrics
FN:227,callDeepSeekAPIFallback
FN:485,callDeepSeekDirectAPI
FN:517,(anonymous_10)
FN:610,(anonymous_11)
FN:701,(anonymous_12)
FN:702,(anonymous_13)
FN:703,(anonymous_14)
FN:719,(anonymous_15)
FN:720,(anonymous_16)
FN:721,(anonymous_17)
FN:743,(anonymous_18)
FN:828,(anonymous_19)
FN:930,(anonymous_20)
FN:985,(anonymous_21)
FN:994,(anonymous_22)
FN:996,(anonymous_23)
FN:1009,(anonymous_24)
FN:1030,(anonymous_25)
FN:1064,(anonymous_26)
FN:1103,(anonymous_27)
FN:1183,(anonymous_28)
FNF:95
FNH:32
FNDA:32,getCacheKey
FNDA:30,getCachedResponse
FNDA:2,setCachedResponse
FNDA:32,callEnhancedAIService
FNDA:0,callDeepSeekAPIFallback
FNDA:0,callDeepSeekDirectAPI
FNDA:29,(anonymous_6)
FNDA:1,(anonymous_7)
FNDA:0,(anonymous_8)
FNDA:0,(anonymous_9)
FNDA:0,(anonymous_10)
FNDA:1,(anonymous_11)
FNDA:1,(anonymous_12)
FNDA:1,(anonymous_13)
FNDA:1,(anonymous_14)
FNDA:0,(anonymous_15)
FNDA:0,(anonymous_16)
FNDA:1,(anonymous_17)
FNDA:2,(anonymous_18)
FNDA:2,(anonymous_19)
FNDA:1,(anonymous_20)
FNDA:0,(anonymous_21)
FNDA:2,(anonymous_22)
FNDA:32,(anonymous_0)
FNDA:32,getCacheKey
FNDA:0,getCachedResponse
FNDA:0,setCachedResponse
FNDA:0,callEnhancedAIService
FNDA:0,callDeepSeekAPIFallback
FNDA:29,callDeepSeekDirectAPI
FNDA:0,(anonymous_7)
FNDA:0,(anonymous_8)
FNDA:1,(anonymous_9)
FNDA:1,(anonymous_10)
FNDA:1,(anonymous_11)
FNDA:1,(anonymous_12)
FNDA:1,(anonymous_13)
FNDA:1,(anonymous_14)
FNDA:0,(anonymous_15)
FNDA:0,(anonymous_16)
FNDA:0,(anonymous_17)
FNDA:0,(anonymous_18)
FNDA:0,(anonymous_19)
FNDA:0,(anonymous_20)
FNDA:0,(anonymous_21)
FNDA:2,(anonymous_22)
FNDA:0,(anonymous_23)
FNDA:32,getCacheKey
FNDA:0,getCachedResponse
FNDA:0,setCachedResponse
FNDA:0,updateCacheHitRate
FNDA:0,cleanupExpiredCache
FNDA:0,callEnhancedAIService
FNDA:0,callDeepSeekAPIFallback
FNDA:0,callDeepSeekDirectAPI
FNDA:1,(anonymous_9)
FNDA:0,(anonymous_10)
FNDA:0,(anonymous_11)
FNDA:0,(anonymous_12)
FNDA:0,(anonymous_13)
FNDA:0,(anonymous_14)
FNDA:0,(anonymous_15)
FNDA:0,(anonymous_16)
FNDA:0,(anonymous_17)
FNDA:0,(anonymous_18)
FNDA:0,(anonymous_19)
FNDA:2,(anonymous_20)
FNDA:2,(anonymous_21)
FNDA:2,(anonymous_22)
FNDA:2,(anonymous_23)
FNDA:0,(anonymous_24)
FNDA:0,(anonymous_25)
FNDA:0,callEnhancedAIService
FNDA:0,updateEndpointMetrics
FNDA:0,callDeepSeekAPIFallback
FNDA:1,callDeepSeekDirectAPI
FNDA:0,(anonymous_10)
FNDA:0,(anonymous_11)
FNDA:0,(anonymous_12)
FNDA:0,(anonymous_13)
FNDA:0,(anonymous_14)
FNDA:0,(anonymous_15)
FNDA:0,(anonymous_16)
FNDA:0,(anonymous_17)
FNDA:0,(anonymous_18)
FNDA:0,(anonymous_19)
FNDA:0,(anonymous_20)
FNDA:0,(anonymous_21)
FNDA:0,(anonymous_22)
FNDA:0,(anonymous_23)
FNDA:0,(anonymous_24)
FNDA:0,(anonymous_25)
FNDA:0,(anonymous_26)
FNDA:0,(anonymous_27)
FNDA:0,(anonymous_28)
DA:1,20
DA:2,20
DA:3,20
DA:4,20
DA:5,20
DA:6,20
DA:7,20
DA:8,20
DA:10,20
DA:13,20
DA:14,20
DA:15,20
DA:18,20
DA:19,1
DA:20,0
DA:22,32
DA:24,19
DA:26,49
DA:27,49
DA:28,43
DA:30,25
DA:31,19
DA:33,25
DA:37,21
DA:45,51
DA:47,32
DA:48,30
DA:49,30
DA:50,30
DA:51,43
DA:52,43
DA:53,32
DA:54,0
DA:55,0
DA:56,8
DA:57,27
DA:58,8
DA:59,8
DA:64,3
DA:66,3
DA:67,2
DA:68,2
DA:70,27
DA:71,27
DA:72,24
DA:73,5
DA:74,8
DA:76,5
DA:77,5
DA:78,0
DA:79,8
DA:80,8
DA:81,5
DA:82,0
DA:83,0
DA:84,0
DA:85,0
DA:86,0
DA:87,0
DA:88,0
DA:89,0
DA:90,0
DA:91,0
DA:92,0
DA:93,0
DA:95,0
DA:97,0
DA:98,0
DA:99,0
DA:100,0
DA:101,0
DA:102,0
DA:103,0
DA:104,0
DA:108,0
DA:109,0
DA:110,0
DA:114,0
DA:115,0
DA:116,0
DA:118,0
DA:119,0
DA:120,0
DA:121,0
DA:123,0
DA:124,0
DA:125,0
DA:126,0
DA:128,0
DA:129,0
DA:130,0
DA:131,0
DA:133,0
DA:136,16
DA:139,0
DA:140,0
DA:141,0
DA:142,0
DA:143,0
DA:144,0
DA:145,0
DA:146,0
DA:147,0
DA:148,0
DA:151,0
DA:152,0
DA:156,0
DA:157,0
DA:158,0
DA:159,0
DA:160,0
DA:161,0
DA:162,0
DA:163,0
DA:164,0
DA:166,0
DA:168,0
DA:169,0
DA:171,0
DA:172,0
DA:173,0
DA:175,0
DA:176,0
DA:178,0
DA:179,0
DA:181,0
DA:182,0
DA:183,0
DA:184,0
DA:185,0
DA:186,0
DA:187,0
DA:188,0
DA:189,0
DA:190,0
DA:192,0
DA:193,0
DA:194,0
DA:196,0
DA:197,0
DA:199,0
DA:200,0
DA:201,0
DA:203,0
DA:207,0
DA:208,0
DA:209,0
DA:210,0
DA:213,0
DA:214,0
DA:215,0
DA:218,0
DA:219,0
DA:220,0
DA:221,0
DA:222,0
DA:223,0
DA:228,0
DA:229,0
DA:231,0
DA:236,0
DA:237,0
DA:238,0
DA:239,0
DA:240,0
DA:241,0
DA:242,0
DA:243,0
DA:244,0
DA:245,0
DA:246,0
DA:249,0
DA:252,0
DA:253,0
DA:257,0
DA:267,0
DA:269,0
DA:270,0
DA:271,0
DA:272,0
DA:273,0
DA:274,0
DA:275,0
DA:278,0
DA:281,0
DA:283,0
DA:287,0
DA:288,0
DA:289,0
DA:290,0
DA:292,0
DA:295,0
DA:296,0
DA:297,0
DA:298,0
DA:301,0
DA:308,0
DA:309,0
DA:310,0
DA:313,0
DA:314,0
DA:315,0
DA:316,0
DA:317,0
DA:318,0
DA:326,0
DA:328,0
DA:330,0
DA:331,0
DA:333,0
DA:336,1
DA:340,0
DA:342,0
DA:343,0
DA:344,0
DA:346,29
DA:347,29
DA:348,29
DA:349,1
DA:350,0
DA:351,1
DA:352,29
DA:360,29
DA:366,29
DA:367,29
DA:368,0
DA:369,28
DA:370,0
DA:371,29
DA:373,28
DA:376,29
DA:377,29
DA:380,29
DA:381,29
DA:382,28
DA:383,29
DA:384,28
DA:385,28
DA:388,3
DA:393,31
DA:395,31
DA:397,29
DA:398,0
DA:399,26
DA:400,26
DA:401,26
DA:403,26
DA:407,0
DA:409,0
DA:410,2
DA:411,2
DA:419,0
DA:420,1
DA:421,1
DA:422,1
DA:423,1
DA:425,1
DA:426,0
DA:429,1
DA:430,1
DA:431,2
DA:432,1
DA:436,2
DA:439,2
DA:440,2
DA:441,1
DA:442,1
DA:443,0
DA:444,1
DA:445,1
DA:447,1
DA:448,1
DA:449,1
DA:450,1
DA:453,1
DA:454,1
DA:455,1
DA:461,1
DA:462,1
DA:463,1
DA:464,1
DA:465,3
DA:466,0
DA:472,3
DA:480,3
DA:481,0
DA:482,0
DA:483,1
DA:484,1
DA:486,1
DA:487,1
DA:488,1
DA:489,0
DA:490,0
DA:491,1
DA:492,0
DA:493,1
DA:494,1
DA:500,1
DA:502,1
DA:503,1
DA:505,0
DA:506,0
DA:507,2
DA:508,15
DA:513,16
DA:514,16
DA:515,1
DA:518,2
DA:519,2
DA:520,2
DA:521,2
DA:522,1
DA:524,0
DA:525,1
DA:526,1
DA:527,1
DA:534,1
DA:536,1
DA:537,1
DA:538,1
DA:539,1
DA:541,1
DA:542,0
DA:543,1
DA:544,0
DA:545,0
DA:546,0
DA:548,0
DA:549,0
DA:550,0
DA:554,1
DA:556,0
DA:561,0
DA:562,1
DA:563,1
DA:564,1
DA:565,0
DA:566,0
DA:571,1
DA:572,1
DA:573,1
DA:574,1
DA:577,1
DA:579,1
DA:584,1
DA:586,1
DA:589,1
DA:590,1
DA:591,1
DA:592,1
DA:593,1
DA:596,1
DA:597,1
DA:602,15
DA:606,18
DA:609,19
DA:611,0
DA:612,0
DA:613,0
DA:614,0
DA:615,0
DA:616,0
DA:617,0
DA:620,0
DA:621,0
DA:623,0
DA:624,0
DA:626,0
DA:629,0
DA:630,1
DA:631,1
DA:632,1
DA:633,1
DA:634,1
DA:635,0
DA:636,0
DA:637,0
DA:639,0
DA:640,1
DA:643,0
DA:647,0
DA:648,0
DA:649,1
DA:650,1
DA:657,0
DA:658,0
DA:659,0
DA:660,0
DA:661,0
DA:663,0
DA:666,0
DA:667,0
DA:669,0
DA:671,0
DA:672,0
DA:673,0
DA:676,0
DA:682,0
DA:683,0
DA:692,3
DA:696,0
DA:699,0
DA:700,0
DA:701,0
DA:702,0
DA:703,0
DA:704,0
DA:707,0
DA:709,0
DA:711,0
DA:713,0
DA:714,0
DA:715,0
DA:717,0
DA:719,0
DA:720,0
DA:721,0
DA:725,0
DA:726,0
DA:727,1
DA:731,1
DA:732,0
DA:735,1
DA:736,16
DA:741,17
DA:742,0
DA:743,15
DA:744,1
DA:745,1
DA:746,1
DA:747,1
DA:749,0
DA:750,0
DA:751,0
DA:752,0
DA:754,0
DA:756,0
DA:758,0
DA:759,0
DA:761,0
DA:763,0
DA:764,0
DA:766,0
DA:767,0
DA:769,0
DA:774,0
DA:783,0
DA:784,0
DA:785,0
DA:787,0
DA:791,0
DA:793,3
DA:794,3
DA:796,0
DA:801,0
DA:802,0
DA:803,1
DA:804,1
DA:805,1
DA:806,1
DA:809,1
DA:810,1
DA:811,1
DA:812,2
DA:813,1
DA:814,2
DA:818,15
DA:819,0
DA:822,15
DA:826,15
DA:827,16
DA:828,16
DA:829,1
DA:830,1
DA:831,1
DA:832,1
DA:836,1
DA:837,2
DA:838,1
DA:839,1
DA:841,1
DA:843,0
DA:844,0
DA:845,0
DA:846,0
DA:847,3
DA:848,1
DA:849,0
DA:850,0
DA:851,0
DA:853,0
DA:854,0
DA:855,3
DA:856,1
DA:857,0
DA:862,0
DA:864,0
DA:866,0
DA:869,0
DA:870,0
DA:871,1
DA:874,0
DA:879,4
DA:880,0
DA:881,0
DA:882,1
DA:883,2
DA:884,2
DA:888,0
DA:889,0
DA:890,2
DA:891,2
DA:893,0
DA:896,3
DA:897,2
DA:898,18
DA:899,2
DA:900,5
DA:901,2
DA:902,2
DA:903,2
DA:904,2
DA:905,2
DA:907,2
DA:908,1
DA:909,2
DA:912,2
DA:913,2
DA:914,2
DA:921,2
DA:922,3
DA:923,17
DA:924,16
DA:925,17
DA:927,19
DA:928,16
DA:931,20
DA:932,2
DA:933,3
DA:934,3
DA:935,0
DA:936,0
DA:937,0
DA:938,0
DA:941,0
DA:943,1
DA:944,0
DA:945,0
DA:946,1
DA:948,0
DA:955,0
DA:956,0
DA:957,0
DA:959,0
DA:960,0
DA:964,15
DA:965,0
DA:967,0
DA:969,0
DA:974,1
DA:975,0
DA:976,0
DA:977,1
DA:978,0
DA:979,3
DA:980,0
DA:983,0
DA:985,15
DA:986,0
DA:987,0
DA:989,0
DA:990,0
DA:994,3
DA:996,0
DA:998,3
DA:999,0
DA:1000,0
DA:1001,0
DA:1002,0
DA:1003,0
DA:1007,0
DA:1008,0
DA:1009,15
DA:1010,0
DA:1011,0
DA:1012,0
DA:1014,0
DA:1019,0
DA:1020,0
DA:1021,0
DA:1022,0
DA:1023,0
DA:1026,0
DA:1030,15
DA:1031,0
DA:1032,0
DA:1033,0
DA:1035,0
DA:1041,1
DA:1044,0
DA:1051,0
DA:1052,0
DA:1061,15
DA:1064,15
DA:1065,0
DA:1067,0
DA:1068,0
DA:1074,0
DA:1088,0
DA:1093,0
DA:1094,0
DA:1103,15
DA:1104,0
DA:1105,0
DA:1133,0
DA:1134,0
DA:1135,0
DA:1137,0
DA:1138,0
DA:1142,0
DA:1143,0
DA:1154,0
DA:1155,0
DA:1157,0
DA:1158,0
DA:1162,0
DA:1163,0
DA:1165,0
DA:1171,0
DA:1172,0
DA:1183,15
DA:1184,0
DA:1185,0
DA:1204,0
DA:1205,0
DA:1206,0
DA:1208,0
DA:1209,0
DA:1213,0
DA:1214,0
DA:1225,0
DA:1226,0
DA:1228,0
DA:1229,0
DA:1232,0
DA:1238,0
DA:1239,0
DA:1247,15
LF:649
LH:264
BRDA:13,0,0,20
BRDA:13,0,1,1
BRDA:14,1,0,1
BRDA:14,1,1,1
BRDA:15,2,0,20
BRDA:15,2,1,1
BRDA:27,3,0,24
BRDA:27,3,1,6
BRDA:27,4,0,30
BRDA:27,4,1,24
BRDA:30,5,0,0
BRDA:30,5,1,6
BRDA:44,6,0,28
BRDA:45,7,0,28
BRDA:45,8,0,28
BRDA:47,9,0,30
BRDA:47,9,1,2
BRDA:50,10,0,24
BRDA:50,10,1,6
BRDA:66,11,0,2
BRDA:66,11,1,1
BRDA:76,12,0,0
BRDA:76,12,1,5
BRDA:76,13,0,5
BRDA:76,13,1,5
BRDA:93,14,0,0
BRDA:93,14,1,0
BRDA:93,14,2,0
BRDA:93,14,3,0
BRDA:102,15,0,0
BRDA:102,15,1,0
BRDA:102,16,0,0
BRDA:102,16,1,0
BRDA:102,17,0,0
BRDA:102,17,1,0
BRDA:105,18,0,0
BRDA:105,18,1,0
BRDA:106,19,0,0
BRDA:106,19,1,0
BRDA:107,20,0,0
BRDA:107,20,1,0
BRDA:108,21,0,0
BRDA:108,21,1,0
BRDA:109,22,0,0
BRDA:109,22,1,0
BRDA:109,22,2,0
BRDA:110,23,0,0
BRDA:110,23,1,0
BRDA:113,24,0,0
BRDA:113,24,1,0
BRDA:114,25,0,0
BRDA:114,25,1,0
BRDA:114,26,0,0
BRDA:114,26,1,0
BRDA:114,27,0,0
BRDA:114,27,1,0
BRDA:115,28,0,0
BRDA:115,28,1,0
BRDA:133,29,0,0
BRDA:133,29,1,0
BRDA:134,30,0,0
BRDA:134,30,1,0
BRDA:158,31,0,0
BRDA:158,31,1,0
BRDA:160,32,0,0
BRDA:160,32,1,0
BRDA:161,33,0,0
BRDA:161,33,1,0
BRDA:162,34,0,0
BRDA:162,34,1,0
BRDA:163,35,0,0
BRDA:163,35,1,0
BRDA:164,36,0,0
BRDA:164,36,1,0
BRDA:165,37,0,0
BRDA:165,37,1,0
BRDA:166,38,0,0
BRDA:166,38,1,0
BRDA:167,39,0,0
BRDA:167,39,1,0
BRDA:168,40,0,0
BRDA:168,40,1,0
BRDA:170,41,0,0
BRDA:170,41,1,0
BRDA:171,42,0,0
BRDA:171,42,1,0
BRDA:172,43,0,0
BRDA:172,43,1,0
BRDA:173,44,0,0
BRDA:173,44,1,0
BRDA:174,45,0,0
BRDA:174,45,1,0
BRDA:175,46,0,0
BRDA:175,46,1,0
BRDA:176,47,0,0
BRDA:176,47,1,0
BRDA:177,48,0,0
BRDA:177,48,1,0
BRDA:178,49,0,0
BRDA:178,49,1,0
BRDA:218,50,0,0
BRDA:218,50,1,0
BRDA:218,51,0,0
BRDA:218,51,1,0
BRDA:221,52,0,0
BRDA:221,52,1,0
BRDA:236,53,0,0
BRDA:236,53,1,0
BRDA:236,53,2,0
BRDA:236,53,3,0
BRDA:278,54,0,0
BRDA:278,54,1,0
BRDA:283,55,0,0
BRDA:283,55,1,0
BRDA:283,56,0,0
BRDA:283,56,1,0
BRDA:283,57,0,0
BRDA:283,57,1,0
BRDA:283,58,0,0
BRDA:283,58,1,0
BRDA:283,59,0,0
BRDA:283,59,1,0
BRDA:308,60,0,0
BRDA:308,60,1,0
BRDA:313,61,0,0
BRDA:330,62,0,0
BRDA:330,62,1,0
BRDA:348,63,0,1
BRDA:348,63,1,28
BRDA:358,64,0,0
BRDA:359,65,0,28
BRDA:360,66,0,27
BRDA:361,67,0,27
BRDA:362,68,0,27
BRDA:363,69,0,27
BRDA:364,70,0,28
BRDA:365,71,0,28
BRDA:366,72,0,28
BRDA:369,73,0,0
BRDA:369,73,1,28
BRDA:369,74,0,28
BRDA:369,74,1,28
BRDA:379,75,0,28
BRDA:379,75,1,0
BRDA:385,76,0,0
BRDA:385,76,1,28
BRDA:399,77,0,26
BRDA:399,77,1,26
BRDA:401,78,0,26
BRDA:401,78,1,26
BRDA:402,79,0,26
BRDA:402,79,1,26
BRDA:403,80,0,26
BRDA:403,80,1,26
BRDA:404,81,0,26
BRDA:404,81,1,26
BRDA:405,82,0,26
BRDA:405,82,1,26
BRDA:431,83,0,0
BRDA:431,83,1,1
BRDA:439,84,0,0
BRDA:439,85,0,0
BRDA:441,86,0,0
BRDA:441,86,1,1
BRDA:441,87,0,1
BRDA:441,87,1,1
BRDA:448,88,0,1
BRDA:448,88,1,0
BRDA:468,89,0,0
BRDA:468,89,1,0
BRDA:469,90,0,0
BRDA:469,90,1,0
BRDA:470,91,0,0
BRDA:470,91,1,0
BRDA:471,92,0,0
BRDA:471,92,1,0
BRDA:477,93,0,0
BRDA:477,93,1,0
BRDA:478,94,0,0
BRDA:478,94,1,0
BRDA:479,95,0,0
BRDA:479,95,1,0
BRDA:480,96,0,0
BRDA:480,96,1,0
BRDA:483,97,0,0
BRDA:483,97,1,0
BRDA:484,98,0,0
BRDA:484,98,1,0
BRDA:485,99,0,0
BRDA:485,99,1,0
BRDA:485,99,2,0
BRDA:520,100,0,0
BRDA:520,100,1,0
BRDA:520,101,0,0
BRDA:520,101,1,0
BRDA:521,102,0,0
BRDA:521,102,1,0
BRDA:521,103,0,0
BRDA:521,103,1,0
BRDA:522,104,0,0
BRDA:522,104,1,0
BRDA:538,105,0,1
BRDA:538,105,1,0
BRDA:539,106,0,1
BRDA:539,106,1,0
BRDA:564,107,0,0
BRDA:564,107,1,1
BRDA:572,108,0,0
BRDA:574,109,0,1
BRDA:574,109,1,0
BRDA:574,110,0,1
BRDA:574,110,1,0
BRDA:579,111,0,1
BRDA:579,111,1,1
BRDA:580,112,0,1
BRDA:580,112,1,0
BRDA:581,113,0,1
BRDA:581,113,1,0
BRDA:582,114,0,1
BRDA:582,114,1,0
BRDA:583,115,0,1
BRDA:583,115,1,0
BRDA:584,116,0,1
BRDA:584,116,1,0
BRDA:585,117,0,1
BRDA:585,117,1,0
BRDA:585,117,2,0
BRDA:586,118,0,1
BRDA:586,118,1,1
BRDA:586,118,2,1
BRDA:587,119,0,1
BRDA:587,119,1,1
BRDA:587,119,2,1
BRDA:588,120,0,1
BRDA:588,120,1,1
BRDA:589,121,0,1
BRDA:589,121,1,1
BRDA:589,121,2,1
BRDA:590,122,0,1
BRDA:590,122,1,1
BRDA:593,123,0,1
BRDA:593,123,1,1
BRDA:594,124,0,1
BRDA:594,124,1,0
BRDA:595,125,0,1
BRDA:595,125,1,0
BRDA:596,126,0,1
BRDA:596,126,1,0
BRDA:597,127,0,1
BRDA:597,127,1,0
BRDA:598,128,0,1
BRDA:598,128,1,0
BRDA:599,129,0,1
BRDA:599,129,1,0
BRDA:599,129,2,0
BRDA:600,130,0,1
BRDA:600,130,1,1
BRDA:600,130,2,1
BRDA:601,131,0,1
BRDA:601,131,1,1
BRDA:601,131,2,1
BRDA:602,132,0,1
BRDA:602,132,1,1
BRDA:603,133,0,1
BRDA:603,133,1,1
BRDA:603,133,2,1
BRDA:604,134,0,1
BRDA:604,134,1,1
BRDA:625,135,0,0
BRDA:625,135,1,0
BRDA:649,136,0,0
BRDA:649,136,1,0
BRDA:659,137,0,0
BRDA:659,137,1,0
BRDA:659,138,0,0
BRDA:659,138,1,0
BRDA:671,139,0,0
BRDA:671,139,1,0
BRDA:672,140,0,0
BRDA:672,140,1,0
BRDA:673,141,0,0
BRDA:673,141,1,0
BRDA:674,142,0,0
BRDA:674,142,1,0
BRDA:675,143,0,0
BRDA:675,143,1,0
BRDA:676,144,0,0
BRDA:676,144,1,0
BRDA:677,145,0,0
BRDA:677,145,1,0
BRDA:677,145,2,0
BRDA:680,146,0,0
BRDA:680,146,1,0
BRDA:681,147,0,0
BRDA:681,147,1,0
BRDA:682,148,0,0
BRDA:682,148,1,0
BRDA:683,149,0,0
BRDA:683,149,1,0
BRDA:684,150,0,0
BRDA:684,150,1,0
BRDA:685,151,0,0
BRDA:685,151,1,0
BRDA:686,152,0,0
BRDA:686,152,1,0
BRDA:686,152,2,0
BRDA:694,153,0,0
BRDA:694,153,1,0
BRDA:695,154,0,0
BRDA:695,154,1,0
BRDA:696,155,0,0
BRDA:696,155,1,0
BRDA:704,156,0,0
BRDA:704,156,1,0
BRDA:705,157,0,0
BRDA:705,157,1,0
BRDA:706,158,0,0
BRDA:706,158,1,0
BRDA:714,159,0,0
BRDA:714,159,1,0
BRDA:714,160,0,0
BRDA:714,160,1,0
BRDA:751,161,0,0
BRDA:751,161,1,0
BRDA:759,162,0,0
BRDA:763,163,0,0
BRDA:763,163,1,0
BRDA:763,164,0,0
BRDA:763,164,1,0
BRDA:764,165,0,0
BRDA:764,165,1,0
BRDA:766,166,0,0
BRDA:766,166,1,0
BRDA:767,167,0,0
BRDA:767,167,1,0
BRDA:768,168,0,0
BRDA:768,168,1,0
BRDA:811,169,0,1
BRDA:811,169,1,0
BRDA:813,170,0,1
BRDA:813,170,1,0
BRDA:18,171,0,0
BRDA:18,171,1,19
BRDA:54,172,0,0
BRDA:54,172,1,0
BRDA:58,173,0,0
BRDA:58,173,1,0
BRDA:58,174,0,0
BRDA:58,174,1,0
BRDA:79,175,0,0
BRDA:79,175,1,0
BRDA:79,176,0,0
BRDA:79,176,1,0
BRDA:82,177,0,0
BRDA:82,177,1,0
BRDA:96,178,0,0
BRDA:97,179,0,0
BRDA:97,180,0,0
BRDA:99,181,0,0
BRDA:99,181,1,0
BRDA:102,182,0,0
BRDA:102,182,1,0
BRDA:118,183,0,0
BRDA:118,183,1,0
BRDA:128,184,0,0
BRDA:128,184,1,0
BRDA:128,185,0,0
BRDA:128,185,1,0
BRDA:145,186,0,0
BRDA:145,186,1,0
BRDA:145,186,2,0
BRDA:145,186,3,0
BRDA:154,187,0,0
BRDA:154,187,1,0
BRDA:154,188,0,0
BRDA:154,188,1,0
BRDA:154,189,0,0
BRDA:154,189,1,0
BRDA:157,190,0,0
BRDA:157,190,1,0
BRDA:158,191,0,0
BRDA:158,191,1,0
BRDA:159,192,0,0
BRDA:159,192,1,0
BRDA:160,193,0,0
BRDA:160,193,1,0
BRDA:161,194,0,0
BRDA:161,194,1,0
BRDA:161,194,2,0
BRDA:162,195,0,0
BRDA:162,195,1,0
BRDA:165,196,0,0
BRDA:165,196,1,0
BRDA:166,197,0,0
BRDA:166,197,1,0
BRDA:166,198,0,0
BRDA:166,198,1,0
BRDA:166,199,0,0
BRDA:166,199,1,0
BRDA:167,200,0,0
BRDA:167,200,1,0
BRDA:185,201,0,0
BRDA:185,201,1,0
BRDA:186,202,0,0
BRDA:186,202,1,0
BRDA:210,203,0,0
BRDA:210,203,1,0
BRDA:212,204,0,0
BRDA:212,204,1,0
BRDA:213,205,0,0
BRDA:213,205,1,0
BRDA:214,206,0,0
BRDA:214,206,1,0
BRDA:215,207,0,0
BRDA:215,207,1,0
BRDA:216,208,0,0
BRDA:216,208,1,0
BRDA:217,209,0,0
BRDA:217,209,1,0
BRDA:218,210,0,0
BRDA:218,210,1,0
BRDA:219,211,0,0
BRDA:219,211,1,0
BRDA:220,212,0,0
BRDA:220,212,1,0
BRDA:222,213,0,0
BRDA:222,213,1,0
BRDA:223,214,0,0
BRDA:223,214,1,0
BRDA:224,215,0,0
BRDA:224,215,1,0
BRDA:225,216,0,0
BRDA:225,216,1,0
BRDA:226,217,0,0
BRDA:226,217,1,0
BRDA:227,218,0,0
BRDA:227,218,1,0
BRDA:228,219,0,0
BRDA:228,219,1,0
BRDA:229,220,0,0
BRDA:229,220,1,0
BRDA:230,221,0,0
BRDA:230,221,1,0
BRDA:270,222,0,0
BRDA:270,222,1,0
BRDA:270,223,0,0
BRDA:270,223,1,0
BRDA:273,224,0,0
BRDA:273,224,1,0
BRDA:288,225,0,0
BRDA:288,225,1,0
BRDA:288,225,2,0
BRDA:288,225,3,0
BRDA:330,226,0,0
BRDA:330,226,1,0
BRDA:335,227,0,0
BRDA:335,227,1,0
BRDA:335,228,0,0
BRDA:335,228,1,0
BRDA:335,229,0,0
BRDA:335,229,1,0
BRDA:335,230,0,0
BRDA:335,230,1,0
BRDA:335,231,0,0
BRDA:335,231,1,0
BRDA:360,232,0,0
BRDA:360,232,1,0
BRDA:365,233,0,0
BRDA:382,234,0,0
BRDA:382,234,1,0
BRDA:400,235,0,0
BRDA:400,235,1,0
BRDA:410,236,0,0
BRDA:411,237,0,0
BRDA:412,238,0,0
BRDA:413,239,0,0
BRDA:414,240,0,0
BRDA:415,241,0,0
BRDA:416,242,0,0
BRDA:417,243,0,0
BRDA:418,244,0,0
BRDA:421,245,0,0
BRDA:421,245,1,0
BRDA:421,246,0,0
BRDA:421,246,1,0
BRDA:431,247,0,0
BRDA:431,247,1,1
BRDA:437,248,0,0
BRDA:437,248,1,0
BRDA:451,249,0,0
BRDA:451,249,1,0
BRDA:453,250,0,0
BRDA:453,250,1,0
BRDA:454,251,0,0
BRDA:454,251,1,0
BRDA:455,252,0,0
BRDA:455,252,1,0
BRDA:456,253,0,0
BRDA:456,253,1,0
BRDA:457,254,0,0
BRDA:457,254,1,0
BRDA:483,255,0,0
BRDA:483,255,1,0
BRDA:491,256,0,0
BRDA:491,257,0,0
BRDA:493,258,0,0
BRDA:493,258,1,0
BRDA:493,259,0,0
BRDA:493,259,1,0
BRDA:500,260,0,0
BRDA:500,260,1,0
BRDA:520,261,0,0
BRDA:520,261,1,0
BRDA:521,262,0,0
BRDA:521,262,1,0
BRDA:522,263,0,0
BRDA:522,263,1,0
BRDA:523,264,0,0
BRDA:523,264,1,0
BRDA:529,265,0,0
BRDA:529,265,1,0
BRDA:530,266,0,0
BRDA:530,266,1,0
BRDA:531,267,0,0
BRDA:531,267,1,0
BRDA:532,268,0,0
BRDA:532,268,1,0
BRDA:535,269,0,0
BRDA:535,269,1,0
BRDA:536,270,0,0
BRDA:536,270,1,0
BRDA:537,271,0,0
BRDA:537,271,1,0
BRDA:537,271,2,0
BRDA:572,272,0,0
BRDA:572,272,1,0
BRDA:572,273,0,0
BRDA:572,273,1,0
BRDA:573,274,0,0
BRDA:573,274,1,0
BRDA:573,275,0,0
BRDA:573,275,1,0
BRDA:574,276,0,0
BRDA:574,276,1,0
BRDA:590,277,0,0
BRDA:590,277,1,0
BRDA:591,278,0,0
BRDA:591,278,1,0
BRDA:616,279,0,0
BRDA:616,279,1,0
BRDA:624,280,0,0
BRDA:626,281,0,0
BRDA:626,281,1,0
BRDA:626,282,0,0
BRDA:626,282,1,0
BRDA:631,283,0,0
BRDA:631,283,1,0
BRDA:632,284,0,0
BRDA:632,284,1,0
BRDA:633,285,0,0
BRDA:633,285,1,0
BRDA:634,286,0,0
BRDA:634,286,1,0
BRDA:635,287,0,0
BRDA:635,287,1,0
BRDA:636,288,0,0
BRDA:636,288,1,0
BRDA:637,289,0,0
BRDA:637,289,1,0
BRDA:637,289,2,0
BRDA:638,290,0,0
BRDA:638,290,1,0
BRDA:638,290,2,0
BRDA:639,291,0,0
BRDA:639,291,1,0
BRDA:639,291,2,0
BRDA:640,292,0,0
BRDA:640,292,1,0
BRDA:641,293,0,0
BRDA:641,293,1,0
BRDA:641,293,2,0
BRDA:642,294,0,0
BRDA:642,294,1,0
BRDA:645,295,0,0
BRDA:645,295,1,0
BRDA:646,296,0,0
BRDA:646,296,1,0
BRDA:647,297,0,0
BRDA:647,297,1,0
BRDA:648,298,0,0
BRDA:648,298,1,0
BRDA:649,299,0,0
BRDA:649,299,1,0
BRDA:650,300,0,0
BRDA:650,300,1,0
BRDA:651,301,0,0
BRDA:651,301,1,0
BRDA:651,301,2,0
BRDA:652,302,0,0
BRDA:652,302,1,0
BRDA:652,302,2,0
BRDA:653,303,0,0
BRDA:653,303,1,0
BRDA:653,303,2,0
BRDA:654,304,0,0
BRDA:654,304,1,0
BRDA:655,305,0,0
BRDA:655,305,1,0
BRDA:655,305,2,0
BRDA:656,306,0,0
BRDA:656,306,1,0
BRDA:677,307,0,0
BRDA:677,307,1,0
BRDA:701,308,0,0
BRDA:701,308,1,0
BRDA:711,309,0,0
BRDA:711,309,1,0
BRDA:711,310,0,0
BRDA:711,310,1,0
BRDA:723,311,0,0
BRDA:723,311,1,0
BRDA:724,312,0,0
BRDA:724,312,1,0
BRDA:725,313,0,0
BRDA:725,313,1,0
BRDA:726,314,0,0
BRDA:726,314,1,0
BRDA:727,315,0,0
BRDA:727,315,1,0
BRDA:728,316,0,0
BRDA:728,316,1,0
BRDA:729,317,0,0
BRDA:729,317,1,0
BRDA:729,317,2,0
BRDA:732,318,0,0
BRDA:732,318,1,0
BRDA:733,319,0,0
BRDA:733,319,1,0
BRDA:734,320,0,0
BRDA:734,320,1,0
BRDA:735,321,0,0
BRDA:735,321,1,0
BRDA:736,322,0,0
BRDA:736,322,1,0
BRDA:737,323,0,0
BRDA:737,323,1,0
BRDA:738,324,0,0
BRDA:738,324,1,0
BRDA:738,324,2,0
BRDA:746,325,0,0
BRDA:746,325,1,0
BRDA:747,326,0,0
BRDA:747,326,1,0
BRDA:748,327,0,0
BRDA:748,327,1,0
BRDA:756,328,0,0
BRDA:756,328,1,0
BRDA:757,329,0,0
BRDA:757,329,1,0
BRDA:758,330,0,0
BRDA:758,330,1,0
BRDA:766,331,0,0
BRDA:766,331,1,0
BRDA:766,332,0,0
BRDA:766,332,1,0
BRDA:803,333,0,0
BRDA:803,333,1,0
BRDA:811,334,0,1
BRDA:815,335,0,0
BRDA:815,335,1,0
BRDA:815,336,0,0
BRDA:815,336,1,0
BRDA:816,337,0,0
BRDA:816,337,1,0
BRDA:818,338,0,0
BRDA:818,338,1,0
BRDA:819,339,0,0
BRDA:819,339,1,0
BRDA:820,340,0,0
BRDA:820,340,1,0
BRDA:863,341,0,0
BRDA:863,341,1,0
BRDA:865,342,0,0
BRDA:865,342,1,0
BRDA:71,343,0,0
BRDA:71,343,1,16
BRDA:72,344,0,0
BRDA:72,344,1,16
BRDA:82,345,0,0
BRDA:82,345,1,0
BRDA:82,346,0,0
BRDA:82,346,1,0
BRDA:88,347,0,0
BRDA:88,347,1,0
BRDA:98,348,0,0
BRDA:98,348,1,0
BRDA:115,349,0,0
[...]
DA:181,1505
DA:184,1505
DA:185,1505
DA:186,1505
DA:187,6020
DA:188,1505
DA:192,1505
DA:194,1505
DA:198,60
DA:202,60
DA:205,60
DA:206,60
DA:207,0
DA:211,60
DA:214,60
DA:215,60
DA:218,60
DA:221,60
DA:222,60
DA:223,60
DA:226,60
DA:227,60
DA:228,137
DA:230,0
DA:235,60
DA:236,169
DA:239,60
DA:243,1
DA:244,0
DA:246,0
DA:247,0
DA:250,0
DA:251,0
DA:255,1
LF:110
LH:78
BRDA:15,0,0,0
BRDA:15,0,1,1
BRDA:20,1,0,1
BRDA:20,1,1,0
BRDA:21,2,0,1
BRDA:21,2,1,0
BRDA:22,3,0,0
BRDA:22,3,1,1
BRDA:29,4,0,0
BRDA:29,4,1,1
BRDA:40,5,0,0
BRDA:40,5,1,1
BRDA:42,6,0,0
BRDA:42,6,1,0
BRDA:42,7,0,0
BRDA:42,7,1,0
BRDA:43,8,0,0
BRDA:43,8,1,0
BRDA:46,9,0,0
BRDA:46,9,1,0
BRDA:46,10,0,0
BRDA:46,10,1,0
BRDA:48,11,0,0
BRDA:48,11,1,0
BRDA:49,12,0,0
BRDA:49,12,1,0
BRDA:57,13,0,0
BRDA:57,13,1,5
BRDA:63,14,0,3
BRDA:63,14,1,60
BRDA:64,15,0,0
BRDA:64,15,1,3
BRDA:75,16,0,60
BRDA:75,16,1,0
BRDA:75,17,0,0
BRDA:75,17,1,0
BRDA:80,18,0,22
BRDA:80,18,1,38
BRDA:80,19,0,60
BRDA:80,19,1,48
BRDA:84,20,0,16
BRDA:84,20,1,44
BRDA:84,21,0,60
BRDA:84,21,1,55
BRDA:88,22,0,24
BRDA:88,22,1,36
BRDA:88,23,0,60
BRDA:88,23,1,36
BRDA:91,24,0,14
BRDA:91,24,1,46
BRDA:91,25,0,60
BRDA:91,25,1,14
BRDA:102,26,0,36
BRDA:102,26,1,24
BRDA:104,27,0,0
BRDA:104,27,1,60
BRDA:114,28,0,0
BRDA:114,28,1,25
BRDA:125,29,0,0
BRDA:125,29,1,1
BRDA:128,30,0,0
BRDA:128,30,1,0
BRDA:129,31,0,0
BRDA:129,31,1,0
BRDA:130,32,0,0
BRDA:130,32,1,0
BRDA:131,33,0,0
BRDA:131,33,1,0
BRDA:139,34,0,0
BRDA:139,34,1,1
BRDA:151,35,0,0
BRDA:151,35,1,1
BRDA:160,36,0,0
BRDA:160,36,1,1
BRDA:174,37,0,1505
BRDA:174,37,1,65
BRDA:178,38,0,441
BRDA:178,38,1,1064
BRDA:181,39,0,513
BRDA:181,39,1,992
BRDA:184,40,0,1505
BRDA:184,40,1,0
BRDA:184,41,0,1505
BRDA:184,41,1,1505
BRDA:192,42,0,692
BRDA:192,42,1,813
BRDA:206,43,0,0
BRDA:206,43,1,60
BRDA:214,44,0,60
BRDA:214,44,1,0
BRDA:221,45,0,36
BRDA:221,45,1,24
BRDA:222,46,0,35
BRDA:222,46,1,25
BRDA:223,47,0,6
BRDA:223,47,1,54
BRDA:226,48,0,60
BRDA:226,48,1,0
BRDA:227,49,0,60
BRDA:227,49,1,0
BRDA:235,50,0,60
BRDA:235,50,1,0
BRDA:243,51,0,0
BRDA:243,51,1,1
BRF:104
BRH:58
end_of_record
TN:
SF:src/services/aiService.js
FN:13,(anonymous_0)
FN:21,(anonymous_1)
FN:34,(anonymous_2)
FN:44,(anonymous_3)
FN:81,(anonymous_4)
FN:86,(anonymous_5)
FN:97,(anonymous_6)
FN:115,(anonymous_7)
FN:123,(anonymous_8)
FN:124,(anonymous_9)
FN:160,(anonymous_10)
FN:173,(anonymous_11)
FN:203,(anonymous_12)
FN:231,(anonymous_13)
FN:287,(anonymous_14)
FNF:15
FNH:1
FNDA:0,(anonymous_0)
FNDA:0,(anonymous_1)
FNDA:0,(anonymous_2)
FNDA:0,(anonymous_3)
FNDA:0,(anonymous_4)
FNDA:0,(anonymous_5)
FNDA:0,(anonymous_6)
FNDA:0,(anonymous_7)
FNDA:0,(anonymous_8)
FNDA:0,(anonymous_9)
FNDA:0,(anonymous_10)
FNDA:0,(anonymous_11)
FNDA:0,(anonymous_12)
FNDA:15,(anonymous_13)
FNDA:0,(anonymous_14)
DA:1,19
DA:2,19
DA:3,19
DA:5,19
DA:13,19
DA:14,0
DA:16,0
DA:17,0
DA:19,0
DA:21,0
DA:29,0
DA:34,0
DA:44,0
DA:58,0
DA:65,0
DA:68,0
DA:71,0
DA:81,19
DA:82,0
DA:83,0
DA:84,0
DA:86,0
DA:87,0
DA:88,0
DA:91,0
DA:92,0
DA:93,0
DA:97,0
DA:98,0
DA:102,0
DA:103,0
DA:107,0
DA:109,0
DA:110,0
DA:114,0
DA:115,0
DA:116,0
DA:117,0
DA:118,0
DA:123,0
DA:124,0
DA:125,0
DA:127,0
DA:129,0
DA:130,0
DA:134,0
DA:135,0
DA:136,0
DA:140,0
DA:141,0
DA:142,0
DA:146,0
DA:147,0
DA:148,0
DA:149,0
DA:152,0
DA:160,0
DA:163,0
DA:164,0
DA:173,19
DA:174,0
DA:175,0
DA:182,0
DA:184,0
DA:192,0
DA:203,19
DA:204,0
DA:205,0
DA:210,0
DA:213,0
DA:216,0
DA:231,19
DA:232,15
DA:233,15
DA:238,15
DA:239,0
DA:242,15
DA:265,0
DA:268,15
DA:271,15
DA:272,15
DA:274,15
DA:275,15
DA:277,15
DA:278,15
DA:279,15
DA:282,15
DA:283,14
DA:284,14
DA:287,15
DA:288,0
DA:290,15
DA:292,15
DA:293,0
DA:296,15
DA:305,19
LF:96
LH:29
BRDA:5,0,0,19
BRDA:5,0,1,0
BRDA:19,1,0,0
BRDA:19,1,1,0
BRDA:19,2,0,0
BRDA:19,2,1,0
BRDA:65,3,0,0
BRDA:65,3,1,0
BRDA:91,4,0,0
BRDA:91,4,1,0
BRDA:97,5,0,0
BRDA:97,5,1,0
BRDA:98,6,0,0
BRDA:98,6,1,0
BRDA:98,6,2,0
BRDA:107,7,0,0
BRDA:107,7,1,0
BRDA:107,8,0,0
BRDA:107,8,1,0
BRDA:114,9,0,0
BRDA:114,9,1,0
BRDA:116,10,0,0
BRDA:116,10,1,0
BRDA:123,11,0,0
BRDA:123,11,1,0
BRDA:134,12,0,0
BRDA:134,12,1,0
BRDA:134,13,0,0
BRDA:134,13,1,0
BRDA:140,14,0,0
BRDA:140,14,1,0
BRDA:140,15,0,0
BRDA:140,15,1,0
BRDA:147,16,0,0
BRDA:147,16,1,0
BRDA:182,17,0,0
BRDA:182,17,1,0
BRDA:210,18,0,0
BRDA:210,18,1,0
BRDA:238,19,0,0
BRDA:238,19,1,15
BRDA:238,20,0,15
BRDA:238,20,1,15
BRDA:277,21,0,15
BRDA:277,21,1,0
BRDA:282,22,0,14
BRDA:282,22,1,1
BRDA:292,23,0,0
BRDA:292,23,1,15
BRDA:299,24,0,14
BRDA:299,24,1,1
BRDA:300,25,0,1
BRDA:300,25,1,0
BRF:53
BRH:11
end_of_record
TN:
SF:src/services/chatSocket.js
FN:5,(anonymous_0)
FN:7,(anonymous_1)
FN:31,(anonymous_2)
FN:38,(anonymous_3)
FN:79,(anonymous_4)
FN:91,(anonymous_5)
FN:190,(anonymous_6)
FN:200,(anonymous_7)
FN:228,(anonymous_8)
FN:281,(anonymous_9)
FN:290,(anonymous_10)
FN:300,(anonymous_11)
FNF:12
FNH:1
FNDA:19,(anonymous_0)
FNDA:0,(anonymous_1)
FNDA:0,(anonymous_2)
FNDA:0,(anonymous_3)
FNDA:0,(anonymous_4)
FNDA:0,(anonymous_5)
FNDA:0,(anonymous_6)
FNDA:0,(anonymous_7)
FNDA:0,(anonymous_8)
FNDA:0,(anonymous_9)
FNDA:0,(anonymous_10)
FNDA:0,(anonymous_11)
DA:1,19
DA:2,19
DA:3,19
DA:5,19
DA:7,19
DA:8,0
DA:9,0
DA:11,0
DA:12,0
DA:15,0
DA:16,0
DA:18,0
DA:19,0
DA:22,0
DA:23,0
DA:24,0
DA:26,0
DA:27,0
DA:31,19
DA:32,0
DA:35,0
DA:38,0
DA:39,0
DA:41,0
DA:49,0
DA:50,0
DA:51,0
DA:55,0
DA:56,0
DA:57,0
DA:60,0
DA:61,0
DA:64,0
DA:67,0
DA:73,0
DA:74,0
DA:79,0
DA:80,0
DA:83,0
DA:87,0
DA:91,0
DA:92,0
DA:93,0
DA:95,0
DA:96,0
DA:97,0
DA:100,0
DA:101,0
DA:102,0
DA:106,0
DA:114,0
DA:115,0
DA:116,0
DA:119,0
DA:120,0
DA:121,0
DA:124,0
DA:125,0
DA:126,0
DA:130,0
DA:142,0
DA:143,0
DA:144,0
DA:145,0
DA:148,0
DA:149,0
DA:152,0
DA:158,0
DA:162,0
DA:164,0
DA:166,0
DA:168,0
DA:171,0
DA:181,0
DA:184,0
DA:185,0
DA:190,0
DA:191,0
DA:192,0
DA:200,0
DA:201,0
DA:202,0
DA:204,0
DA:212,0
DA:213,0
DA:216,0
DA:223,0
DA:228,0
DA:229,0
DA:230,0
DA:232,0
DA:240,0
DA:241,0
DA:242,0
DA:245,0
DA:247,0
DA:248,0
DA:249,0
DA:252,0
DA:253,0
DA:254,0
DA:257,0
DA:258,0
DA:259,0
DA:262,0
DA:263,0
DA:264,0
DA:267,0
DA:268,0
DA:271,0
DA:275,0
DA:276,0
DA:281,0
DA:282,0
DA:285,0
DA:290,0
DA:291,0
DA:292,0
DA:300,0
DA:301,0
DA:305,19
DA:308,19
LF:122
LH:8
BRDA:11,0,0,0
BRDA:11,0,1,0
BRDA:18,1,0,0
BRDA:18,1,1,0
BRDA:18,2,0,0
BRDA:18,2,1,0
BRDA:18,2,2,0
BRDA:49,3,0,0
BRDA:49,3,1,0
BRDA:55,4,0,0
BRDA:55,4,1,0
BRDA:93,5,0,0
BRDA:93,6,0,0
BRDA:95,7,0,0
BRDA:95,7,1,0
BRDA:95,8,0,0
BRDA:95,8,1,0
BRDA:100,9,0,0
BRDA:100,9,1,0
BRDA:114,10,0,0
BRDA:114,10,1,0
BRDA:119,11,0,0
BRDA:119,11,1,0
BRDA:124,12,0,0
BRDA:124,12,1,0
BRDA:158,13,0,0
BRDA:158,13,1,0
BRDA:164,14,0,0
BRDA:164,14,1,0
BRDA:166,15,0,0
BRDA:166,15,1,0
BRDA:168,16,0,0
BRDA:168,16,1,0
BRDA:212,17,0,0
BRDA:212,17,1,0
BRDA:240,18,0,0
BRDA:240,18,1,0
BRDA:245,19,0,0
BRDA:245,19,1,0
BRDA:245,19,2,0
BRDA:245,19,3,0
BRDA:245,19,4,0
BRDA:262,20,0,0
BRDA:262,20,1,0
BRDA:291,21,0,0
BRDA:291,21,1,0
BRF:46
BRH:0
end_of_record
TN:
SF:src/services/emailService.js
FN:4,(anonymous_0)
FN:18,(anonymous_1)
FN:55,(anonymous_2)
FN:92,(anonymous_3)
FN:136,(anonymous_4)
FN:186,(anonymous_5)
FN:235,(anonymous_6)
FN:248,(anonymous_7)
FN:266,(anonymous_8)
FNF:9
FNH:1
FNDA:0,(anonymous_0)
FNDA:0,(anonymous_1)
FNDA:0,(anonymous_2)
FNDA:0,(anonymous_3)
FNDA:0,(anonymous_4)
FNDA:221,(anonymous_5)
FNDA:0,(anonymous_6)
FNDA:0,(anonymous_7)
FNDA:0,(anonymous_8)
DA:1,19
DA:4,19
DA:5,0
DA:17,19
DA:18,0
DA:55,0
DA:92,0
DA:136,0
DA:186,19
DA:187,221
DA:189,221
DA:190,221
DA:191,221
DA:193,0
DA:194,0
DA:195,0
DA:198,0
DA:199,0
DA:201,0
DA:202,0
DA:205,0
DA:207,0
DA:217,0
DA:219,0
DA:220,0
DA:223,0
DA:224,0
DA:235,19
DA:236,0
DA:238,0
DA:239,0
DA:240,0
DA:245,0
DA:248,0
DA:251,0
DA:252,0
DA:256,0
DA:266,19
DA:267,0
DA:269,0
DA:270,0
DA:271,0
DA:273,0
DA:275,0
DA:297,0
DA:298,0
DA:301,0
DA:302,0
DA:306,19
LF:49
LH:11
BRDA:6,0,0,0
BRDA:6,0,1,0
BRDA:7,1,0,0
BRDA:7,1,1,0
BRDA:189,2,0,221
BRDA:189,2,1,0
BRDA:193,3,0,0
BRDA:193,3,1,0
BRDA:193,4,0,0
BRDA:193,4,1,0
BRDA:201,5,0,0
BRDA:201,5,1,0
BRDA:235,6,0,0
BRDA:269,7,0,0
BRDA:269,7,1,0
BRF:15
BRH:1
end_of_record
TN:
SF:src/sockets/mapSocket.js
FN:5,(anonymous_0)
FN:9,(anonymous_1)
FN:29,(anonymous_2)
FN:31,(anonymous_3)
FN:49,(anonymous_4)
FN:53,(anonymous_5)
FN:74,(anonymous_6)
FN:99,(anonymous_7)
FN:102,(anonymous_8)
FN:110,(anonymous_9)
FN:132,(anonymous_10)
FN:143,(anonymous_11)
FN:147,(anonymous_12)
FN:154,(anonymous_13)
FN:161,(anonymous_14)
FN:176,(anonymous_15)
FN:181,(anonymous_16)
FN:183,(anonymous_17)
FN:185,(anonymous_18)
FN:197,(anonymous_19)
FN:199,(anonymous_20)
FN:241,(anonymous_21)
FN:243,(anonymous_22)
FN:255,(anonymous_23)
FN:261,(anonymous_24)
FN:264,(anonymous_25)
FN:270,(anonymous_26)
FN:286,(anonymous_27)
FN:299,(anonymous_28)
FN:311,(anonymous_29)
FN:315,(anonymous_30)
FN:318,(anonymous_31)
FN:328,(anonymous_32)
FN:330,(anonymous_33)
FNF:34
FNH:6
FNDA:19,(anonymous_0)
FNDA:0,(anonymous_1)
FNDA:19,(anonymous_2)
FNDA:0,(anonymous_3)
FNDA:0,(anonymous_4)
FNDA:0,(anonymous_5)
FNDA:0,(anonymous_6)
FNDA:0,(anonymous_7)
FNDA:0,(anonymous_8)
FNDA:0,(anonymous_9)
FNDA:0,(anonymous_10)
FNDA:0,(anonymous_11)
FNDA:0,(anonymous_12)
FNDA:0,(anonymous_13)
FNDA:0,(anonymous_14)
FNDA:0,(anonymous_15)
FNDA:0,(anonymous_16)
FNDA:0,(anonymous_17)
FNDA:0,(anonymous_18)
FNDA:19,(anonymous_19)
FNDA:16,(anonymous_20)
FNDA:0,(anonymous_21)
FNDA:0,(anonymous_22)
FNDA:4,(anonymous_23)
FNDA:4,(anonymous_24)
FNDA:0,(anonymous_25)
FNDA:0,(anonymous_26)
FNDA:0,(anonymous_27)
FNDA:0,(anonymous_28)
FNDA:0,(anonymous_29)
FNDA:0,(anonymous_30)
FNDA:0,(anonymous_31)
FNDA:0,(anonymous_32)
FNDA:0,(anonymous_33)
DA:1,19
DA:2,19
DA:6,19
DA:9,0
DA:23,19
DA:24,19
DA:25,19
DA:26,19
DA:31,19
DA:32,0
DA:33,0
DA:34,0
DA:36,0
DA:39,0
DA:40,0
DA:41,0
DA:42,0
DA:44,0
DA:45,0
DA:49,19
DA:50,0
DA:53,0
DA:54,0
DA:55,0
DA:56,0
DA:57,0
DA:59,0
DA:65,0
DA:66,0
DA:68,0
DA:69,0
DA:74,0
DA:75,0
DA:77,0
DA:79,0
DA:90,0
DA:93,0
DA:95,0
DA:99,0
DA:100,0
DA:101,0
DA:102,0
DA:105,0
DA:106,0
DA:110,0
DA:111,0
DA:113,0
DA:115,0
DA:126,0
DA:127,0
DA:129,0
DA:132,0
DA:133,0
DA:135,0
DA:136,0
DA:137,0
DA:138,0
DA:143,0
DA:144,0
DA:146,0
DA:148,0
DA:152,0
DA:154,0
DA:156,0
DA:157,0
DA:161,0
DA:162,0
DA:164,0
DA:165,0
DA:166,0
DA:176,0
DA:177,0
DA:178,0
DA:181,0
DA:182,0
DA:183,0
DA:185,0
DA:186,0
DA:187,0
DA:192,0
DA:199,19
DA:200,16
DA:202,0
DA:203,0
DA:215,0
DA:216,0
DA:217,0
DA:220,0
DA:221,0
DA:223,0
DA:234,0
DA:235,0
DA:239,0
DA:240,0
DA:241,0
DA:243,0
DA:244,0
DA:245,0
DA:248,0
DA:249,0
DA:255,19
DA:256,4
DA:257,4
DA:262,4
DA:263,4
DA:264,0
DA:267,4
DA:268,4
DA:270,4
DA:271,0
DA:272,0
DA:273,0
DA:275,0
DA:276,0
DA:279,0
DA:280,0
DA:281,0
DA:282,0
DA:286,4
DA:287,0
DA:288,0
DA:296,4
DA:300,0
DA:301,0
DA:302,0
DA:304,0
DA:307,0
DA:308,0
DA:312,0
DA:316,0
DA:317,0
DA:318,0
DA:320,0
DA:329,0
DA:330,0
DA:331,0
DA:333,0
DA:337,19
LF:138
LH:22
BRDA:8,0,0,0
BRDA:8,0,1,19
BRDA:9,1,0,0
BRDA:9,1,1,0
BRDA:10,2,0,19
BRDA:10,2,1,0
BRDA:34,3,0,0
BRDA:34,3,1,0
BRDA:75,4,0,0
BRDA:75,4,1,0
BRDA:81,5,0,0
BRDA:81,5,1,0
BRDA:84,6,0,0
BRDA:84,6,1,0
BRDA:85,7,0,0
BRDA:85,7,1,0
BRDA:100,8,0,0
BRDA:111,9,0,0
BRDA:111,9,1,0
BRDA:121,10,0,0
BRDA:121,10,1,0
BRDA:135,11,0,0
BRDA:135,11,1,0
BRDA:144,12,0,0
BRDA:152,13,0,0
BRDA:152,13,1,0
BRDA:165,14,0,0
BRDA:165,14,1,0
BRDA:177,15,0,0
BRDA:177,15,1,0
BRDA:200,16,0,16
BRDA:200,16,1,0
BRDA:217,17,0,0
BRDA:217,17,1,0
BRDA:248,18,0,0
BRDA:248,18,1,0
BRDA:275,19,0,0
BRDA:275,19,1,0
BRDA:287,20,0,0
BRDA:287,20,1,0
BRDA:331,21,0,0
BRDA:331,21,1,0
BRF:42
BRH:3
end_of_record
TN:
SF:src/sockets/pulse.js
FN:2,attachPulseNamespace
FN:5,(anonymous_1)
FN:9,(anonymous_2)
FN:13,(anonymous_3)
FN:19,broadcastPin
FNF:5
FNH:1
FNDA:19,attachPulseNamespace
FNDA:0,(anonymous_1)
FNDA:0,(anonymous_2)
FNDA:0,(anonymous_3)
FNDA:0,broadcastPin
DA:2,19
DA:3,19
DA:5,19
DA:6,0
DA:9,0
DA:10,0
DA:13,0
DA:14,0
DA:20,0
DA:23,19
LF:10
LH:4
BRF:0
BRH:0
end_of_record
TN:
SF:src/sockets/suggestions.js
FN:2,attachSuggestionNamespace
FN:5,(anonymous_1)
FN:8,(anonymous_2)
FN:12,(anonymous_3)
FN:17,pushSuggestion
FNF:5
FNH:1
FNDA:19,attachSuggestionNamespace
FNDA:0,(anonymous_1)
FNDA:0,(anonymous_2)
FNDA:0,(anonymous_3)
FNDA:0,pushSuggestion
DA:2,19
DA:3,19
DA:5,19
DA:6,0
DA:8,0
DA:9,0
DA:12,0
DA:13,0
DA:18,0
DA:21,19
LF:10
LH:4
BRF:0
BRH:0
end_of_record
TN:
SF:src/sockets/webrtc.js
FN:4,attachWebRTCNamespace
FN:13,(anonymous_1)
FN:30,(anonymous_2)
FN:41,(anonymous_3)
FN:88,(anonymous_4)
FN:109,(anonymous_5)
FN:125,(anonymous_6)
FN:134,(anonymous_7)
FN:149,(anonymous_8)
FN:163,(anonymous_9)
FN:177,(anonymous_10)
FN:192,(anonymous_11)
FN:217,getOtherUserFromMatch
FN:238,(anonymous_13)
FN:241,(anonymous_14)
FN:244,(anonymous_15)
FN:250,(anonymous_16)
FNF:17
FNH:1
FNDA:19,attachWebRTCNamespace
FNDA:0,(anonymous_1)
FNDA:0,(anonymous_2)
FNDA:0,(anonymous_3)
FNDA:0,(anonymous_4)
FNDA:0,(anonymous_5)
FNDA:0,(anonymous_6)
FNDA:0,(anonymous_7)
FNDA:0,(anonymous_8)
FNDA:0,(anonymous_9)
FNDA:0,(anonymous_10)
FNDA:0,(anonymous_11)
FNDA:0,getOtherUserFromMatch
FNDA:0,(anonymous_13)
FNDA:0,(anonymous_14)
FNDA:0,(anonymous_15)
FNDA:0,(anonymous_16)
DA:2,19
DA:4,19
DA:5,19
DA:8,19
DA:9,19
DA:10,19
DA:13,19
DA:14,0
DA:15,0
DA:16,0
DA:19,0
DA:20,0
DA:22,0
DA:23,0
DA:25,0
DA:26,0
DA:30,19
DA:31,0
DA:34,0
DA:35,0
DA:38,0
DA:41,0
DA:42,0
DA:43,0
DA:48,0
DA:50,0
DA:51,0
DA:52,0
DA:56,0
DA:66,0
DA:67,0
DA:68,0
DA:78,0
DA:79,0
DA:82,0
DA:83,0
DA:88,0
DA:89,0
DA:90,0
DA:92,0
DA:93,0
DA:94,0
DA:98,0
DA:99,0
DA:102,0
DA:103,0
DA:104,0
DA:109,0
DA:110,0
DA:111,0
DA:113,0
DA:115,0
DA:116,0
DA:117,0
DA:120,0
DA:125,0
DA:126,0
DA:127,0
DA:129,0
DA:131,0
DA:132,0
DA:134,0
DA:135,0
DA:136,0
DA:141,0
DA:142,0
DA:144,0
DA:149,0
DA:150,0
DA:151,0
DA:153,0
DA:154,0
DA:155,0
DA:157,0
DA:158,0
DA:163,0
DA:164,0
DA:165,0
DA:167,0
DA:168,0
DA:169,0
DA:171,0
DA:172,0
DA:177,0
DA:178,0
DA:179,0
DA:181,0
DA:182,0
DA:183,0
DA:185,0
DA:186,0
DA:192,0
DA:193,0
DA:196,0
DA:197,0
DA:200,0
DA:201,0
DA:203,0
DA:204,0
DA:206,0
DA:207,0
DA:210,0
DA:222,0
DA:228,0
DA:230,0
DA:231,0
DA:236,19
DA:238,0
DA:241,0
DA:245,0
DA:246,0
DA:247,0
DA:248,0
DA:250,0
DA:251,0
DA:252,0
DA:256,0
DA:257,0
DA:259,0
LF:119
LH:9
BRDA:15,0,0,0
BRDA:15,0,1,0
BRDA:22,1,0,0
BRDA:22,1,1,0
BRDA:50,2,0,0
BRDA:50,2,1,0
BRDA:67,3,0,0
BRDA:67,3,1,0
BRDA:92,4,0,0
BRDA:92,4,1,0
BRDA:103,5,0,0
BRDA:103,5,1,0
BRDA:113,6,0,0
BRDA:113,6,1,0
BRDA:116,7,0,0
BRDA:116,7,1,0
BRDA:129,8,0,0
BRDA:129,8,1,0
BRDA:135,9,0,0
BRDA:135,9,1,0
BRDA:135,10,0,0
BRDA:135,10,1,0
BRDA:141,11,0,0
BRDA:141,11,1,0
BRDA:153,12,0,0
BRDA:153,12,1,0
BRDA:154,13,0,0
BRDA:154,13,1,0
BRDA:157,14,0,0
BRDA:157,14,1,0
BRDA:167,15,0,0
BRDA:167,15,1,0
BRDA:168,16,0,0
BRDA:168,16,1,0
BRDA:171,17,0,0
BRDA:171,17,1,0
BRDA:181,18,0,0
BRDA:181,18,1,0
BRDA:182,19,0,0
BRDA:182,19,1,0
BRDA:185,20,0,0
BRDA:185,20,1,0
BRDA:201,21,0,0
BRDA:201,21,1,0
BRDA:201,22,0,0
BRDA:201,22,1,0
BRDA:203,23,0,0
BRDA:203,23,1,0
BRDA:206,24,0,0
BRDA:206,24,1,0
BRDA:228,25,0,0
BRDA:228,25,1,0
BRDA:246,26,0,0
BRDA:246,26,1,0
BRDA:251,27,0,0
BRDA:251,27,1,0
BRF:56
BRH:0
end_of_record
TN:
SF:src/utils/logger.js
FN:21,(anonymous_0)
FN:75,(anonymous_1)
FN:84,(anonymous_2)
FNF:3
FNH:1
FNDA:287,(anonymous_0)
FNDA:0,(anonymous_1)
FNDA:0,(anonymous_2)
DA:6,20
DA:7,20
DA:10,20
DA:18,20
DA:22,287
DA:23,287
DA:24,287
DA:26,287
DA:31,20
DA:68,20
DA:69,20
DA:75,20
DA:76,0
DA:84,20
DA:85,0
DA:96,20
DA:97,20
DA:98,20
DA:99,0
DA:102,20
LF:20
LH:17
BRDA:23,0,0,287
BRDA:23,0,1,0
BRDA:32,1,0,20
BRDA:32,1,1,20
BRDA:68,2,0,20
BRDA:68,2,1,0
BRDA:84,3,0,0
BRDA:98,4,0,0
BRDA:98,4,1,20
BRF:9
BRH:5
end_of_record
TN:
SF:src/utils/validateEnv.js
FN:23,validateEnv
FN:42,(anonymous_1)
FN:49,(anonymous_2)
FN:95,(anonymous_3)
FNF:4
FNH:1
FNDA:19,validateEnv
FNDA:0,(anonymous_1)
FNDA:0,(anonymous_2)
FNDA:0,(anonymous_3)
DA:6,19
DA:13,19
DA:24,19
DA:27,19
DA:28,19
DA:29,19
DA:30,19
DA:31,19
DA:32,19
DA:33,19
DA:34,19
DA:35,19
DA:36,19
DA:39,0
DA:42,0
DA:43,0
DA:44,0
DA:48,0
DA:49,0
DA:50,0
DA:51,0
DA:56,0
DA:57,0
DA:61,0
DA:62,0
DA:66,0
DA:67,0
DA:71,0
DA:72,0
DA:76,0
DA:77,0
DA:81,0
DA:82,0
DA:86,0
DA:89,0
DA:93,0
DA:94,0
DA:95,0
DA:96,0
DA:98,0
DA:99,0
DA:102,0
DA:105,0
DA:106,0
DA:107,0
DA:108,0
DA:109,0
DA:110,0
DA:111,0
DA:112,0
DA:113,0
DA:116,19
LF:52
LH:14
BRDA:27,0,0,19
BRDA:27,0,1,0
BRDA:27,1,0,19
BRDA:27,1,1,19
BRDA:30,2,0,19
BRDA:30,2,1,0
BRDA:31,3,0,19
BRDA:31,3,1,0
BRDA:33,4,0,19
BRDA:33,4,1,0
BRDA:34,5,0,19
BRDA:34,5,1,0
BRDA:43,6,0,0
BRDA:43,6,1,0
BRDA:48,7,0,0
BRDA:48,7,1,0
BRDA:50,8,0,0
BRDA:50,8,1,0
BRDA:56,9,0,0
BRDA:56,9,1,0
BRDA:61,10,0,0
BRDA:61,10,1,0
BRDA:61,11,0,0
BRDA:61,11,1,0
BRDA:66,12,0,0
BRDA:66,12,1,0
BRDA:66,13,0,0
BRDA:66,13,1,0
BRDA:71,14,0,0
BRDA:71,14,1,0
BRDA:71,15,0,0
BRDA:71,15,1,0
BRDA:71,15,2,0
BRDA:71,15,3,0
BRDA:76,16,0,0
BRDA:76,16,1,0
BRDA:76,17,0,0
BRDA:76,17,1,0
BRDA:81,18,0,0
BRDA:81,18,1,0
BRDA:81,19,0,0
BRDA:81,19,1,0
BRDA:86,20,0,0
BRDA:86,20,1,0
BRDA:86,21,0,0
BRDA:86,21,1,0
BRDA:86,21,2,0
BRDA:93,22,0,0
BRDA:93,22,1,0
BRDA:106,23,0,0
BRDA:106,23,1,0
BRDA:107,24,0,0
BRDA:107,24,1,0
BRDA:109,25,0,0
BRDA:109,25,1,0
BRDA:110,26,0,0
BRDA:110,26,1,0
BRDA:111,27,0,0
BRDA:111,27,1,0
BRDA:112,28,0,0
BRDA:112,28,1,0
BRF:61
BRH:7
end_of_record
TN:
SF:src/utils/validation.js
FN:14,(anonymous_0)
FN:53,(anonymous_1)
FN:64,(anonymous_2)
FN:103,(anonymous_3)
FN:119,(anonymous_4)
FN:140,(anonymous_5)
FN:152,(anonymous_6)
FN:156,(anonymous_7)
FN:163,(anonymous_8)
FNF:9
FNH:4
FNDA:52,(anonymous_0)
FNDA:0,(anonymous_1)
FNDA:49,(anonymous_2)
FNDA:49,(anonymous_3)
FNDA:3,(anonymous_4)
FNDA:0,(anonymous_5)
FNDA:0,(anonymous_6)
FNDA:0,(anonymous_7)
FNDA:0,(anonymous_8)
DA:14,19
DA:16,52
DA:17,52
DA:18,50
DA:22,52
DA:23,52
DA:24,33
DA:28,52
DA:32,52
DA:33,1
DA:34,1
DA:35,0
DA:38,51
DA:41,52
DA:53,19
DA:54,0
DA:55,0
DA:64,19
DA:65,49
DA:66,49
DA:67,49
DA:69,49
DA:70,1
DA:71,1
DA:72,0
DA:73,0
DA:77,49
DA:78,2
DA:79,2
DA:80,0
DA:81,0
DA:86,49
DA:87,0
DA:90,49
DA:103,19
DA:104,49
DA:106,49
DA:107,0
DA:110,49
DA:119,19
DA:120,3
DA:121,3
DA:125,0
DA:128,0
DA:130,0
DA:140,19
DA:141,0
DA:142,0
DA:152,19
DA:153,0
DA:156,0
DA:159,0
DA:162,0
DA:163,0
DA:166,0
DA:169,19
LF:56
LH:36
BRDA:14,0,0,0
BRDA:14,1,0,51
BRDA:17,2,0,50
BRDA:17,2,1,2
BRDA:17,3,0,52
BRDA:17,3,1,2
BRDA:23,4,0,33
BRDA:23,4,1,19
BRDA:23,5,0,52
BRDA:23,5,1,19
BRDA:32,6,0,1
BRDA:32,6,1,51
BRDA:32,7,0,52
BRDA:32,7,1,1
BRDA:34,8,0,0
BRDA:34,8,1,1
BRDA:34,9,0,1
BRDA:34,9,1,1
BRDA:54,10,0,0
BRDA:54,10,1,0
BRDA:69,11,0,1
BRDA:69,11,1,48
BRDA:69,12,0,49
BRDA:69,12,1,1
BRDA:69,12,2,1
BRDA:71,13,0,0
BRDA:71,13,1,1
BRDA:71,14,0,1
BRDA:71,14,1,1
BRDA:77,15,0,2
BRDA:77,15,1,47
BRDA:77,16,0,49
BRDA:77,16,1,2
BRDA:77,16,2,2
BRDA:79,17,0,0
BRDA:79,17,1,2
BRDA:79,18,0,2
BRDA:79,18,1,2
BRDA:86,19,0,0
BRDA:86,19,1,49
BRDA:86,20,0,49
BRDA:86,20,1,1
BRDA:86,20,2,1
BRDA:103,21,0,49
BRDA:106,22,0,0
BRDA:106,22,1,49
BRDA:106,23,0,49
BRDA:106,23,1,49
BRDA:119,24,0,3
BRDA:120,25,0,3
BRDA:120,25,1,0
BRDA:120,26,0,3
BRDA:120,26,1,0
BRDA:130,27,0,0
BRDA:130,27,1,0
BRDA:140,28,0,0
BRDA:141,29,0,0
BRDA:141,29,1,0
BRDA:142,30,0,0
BRDA:142,30,1,0
BRDA:152,31,0,0
BRDA:152,32,0,0
BRDA:153,33,0,0
BRDA:153,33,1,0
BRDA:156,34,0,0
BRDA:156,34,1,0
BRDA:162,35,0,0
BRDA:162,35,1,0
BRDA:162,36,0,0
BRDA:162,36,1,0
BRF:70
BRH:43
end_of_record
TN:
SF:tests/test-utils.js
FN:11,setupTestDatabase
FN:37,cleanupTestDatabase
FN:49,clearTestDatabase
FNF:3
FNH:2
FNDA:1,setupTestDatabase
FNDA:1,cleanupTestDatabase
FNDA:0,clearTestDatabase
DA:1,1
DA:2,1
DA:4,1
DA:5,1
DA:13,1
DA:14,0
DA:18,1
DA:19,0
DA:23,1
DA:24,1
DA:26,1
DA:31,1
DA:38,1
DA:39,1
DA:40,1
DA:41,1
DA:42,1
DA:50,0
DA:51,0
DA:52,0
DA:53,0
DA:54,0
DA:59,1
LF:23
LH:16
BRDA:13,0,0,0
BRDA:13,0,1,1
BRDA:13,1,0,1
BRDA:13,1,1,0
BRDA:18,2,0,0
BRDA:18,2,1,1
BRDA:38,3,0,1
BRDA:38,3,1,0
BRDA:38,4,0,1
BRDA:38,4,1,1
BRDA:50,5,0,0
BRDA:50,5,1,0
BRF:12
BRH:6
end_of_record
TN:
SF:tests/helpers/mongoTestHelper.js
FN:10,setupTestDatabase
FN:30,cleanupTestDatabase
FN:48,getConnectionState
FNF:3
FNH:2
FNDA:2,setupTestDatabase
FNDA:2,cleanupTestDatabase
FNDA:0,getConnectionState
DA:1,2
DA:2,2
DA:12,2
DA:13,0
DA:17,2
DA:21,2
DA:22,2
DA:24,2
DA:31,2
DA:32,2
DA:33,2
DA:34,2
DA:37,2
DA:38,2
DA:41,0
DA:49,0
DA:52,2
LF:17
LH:14
BRDA:12,0,0,0
BRDA:12,0,1,2
BRDA:32,1,0,2
BRDA:32,1,1,0
BRDA:37,2,0,2
BRDA:37,2,1,0
BRF:6
BRH:3
end_of_record
