<?xml version="1.0" encoding="UTF-8"?>
<coverage generated="1759759293710" clover="3.2.0">
  <project timestamp="1759759293710" name="All files">
    <metrics statements="96" coveredstatements="96" conditionals="133" coveredconditionals="122" methods="15" coveredmethods="11" elements="244" coveredelements="229" complexity="0" loc="96" ncloc="96" packages="7" files="7" classes="7"/>
    <package name="Avatar">
      <metrics statements="8" coveredstatements="8" conditionals="13" coveredconditionals="12" methods="1" coveredmethods="1"/>
      <file name="Avatar.tsx" path="/Users/elvira/Downloads/pets-pr-1/packages/ui/src/components/Avatar/Avatar.tsx">
        <metrics statements="8" coveredstatements="8" conditionals="13" coveredconditionals="12" methods="1" coveredmethods="1"/>
        <line num="43" count="1" type="stmt"/>
        <line num="52" count="10" type="stmt"/>
        <line num="54" count="10" type="stmt"/>
        <line num="61" count="10" type="stmt"/>
        <line num="66" count="10" type="stmt"/>
        <line num="72" count="10" type="stmt"/>
        <line num="79" count="10" type="cond" truecount="2" falsecount="0"/>
        <line num="81" count="10" type="stmt"/>
      </file>
    </package>
    <package name="Badge">
      <metrics statements="5" coveredstatements="5" conditionals="27" coveredconditionals="27" methods="1" coveredmethods="1"/>
      <file name="Badge.tsx" path="/Users/elvira/Downloads/pets-pr-1/packages/ui/src/components/Badge/Badge.tsx">
        <metrics statements="5" coveredstatements="5" conditionals="27" coveredconditionals="27" methods="1" coveredmethods="1"/>
        <line num="38" count="1" type="stmt"/>
        <line num="46" count="10" type="stmt"/>
        <line num="48" count="10" type="stmt"/>
        <line num="72" count="10" type="stmt"/>
        <line num="78" count="10" type="stmt"/>
      </file>
    </package>
    <package name="Button">
      <metrics statements="23" coveredstatements="23" conditionals="9" coveredconditionals="9" methods="4" coveredmethods="3"/>
      <file name="Button.tsx" path="/Users/elvira/Downloads/pets-pr-1/packages/ui/src/components/Button/Button.tsx">
        <metrics statements="23" coveredstatements="23" conditionals="9" coveredconditionals="9" methods="4" coveredmethods="3"/>
        <line num="1" count="1" type="stmt"/>
        <line num="2" count="1" type="stmt"/>
        <line num="3" count="1" type="stmt"/>
        <line num="4" count="1" type="stmt"/>
        <line num="6" count="1" type="stmt"/>
        <line num="28" count="1" type="stmt"/>
        <line num="37" count="11" type="stmt"/>
        <line num="39" count="10" type="stmt"/>
        <line num="40" count="10" type="stmt"/>
        <line num="41" count="10" type="stmt"/>
        <line num="42" count="10" type="stmt"/>
        <line num="45" count="10" type="stmt"/>
        <line num="48" count="10" type="stmt"/>
        <line num="49" count="10" type="stmt"/>
        <line num="55" count="10" type="stmt"/>
        <line num="59" count="10" type="stmt"/>
        <line num="60" count="10" type="stmt"/>
        <line num="65" count="10" type="stmt"/>
        <line num="68" count="10" type="stmt"/>
        <line num="69" count="10" type="stmt"/>
        <line num="70" count="10" type="stmt"/>
        <line num="72" count="10" type="stmt"/>
        <line num="90" count="1" type="stmt"/>
      </file>
    </package>
    <package name="Card">
      <metrics statements="12" coveredstatements="12" conditionals="20" coveredconditionals="18" methods="2" coveredmethods="1"/>
      <file name="Card.tsx" path="/Users/elvira/Downloads/pets-pr-1/packages/ui/src/components/Card/Card.tsx">
        <metrics statements="12" coveredstatements="12" conditionals="20" coveredconditionals="18" methods="2" coveredmethods="1"/>
        <line num="1" count="1" type="stmt"/>
        <line num="2" count="1" type="stmt"/>
        <line num="3" count="1" type="stmt"/>
        <line num="4" count="1" type="stmt"/>
        <line num="31" count="1" type="stmt"/>
        <line num="39" count="3" type="stmt"/>
        <line num="41" count="3" type="stmt"/>
        <line num="42" count="3" type="stmt"/>
        <line num="43" count="3" type="stmt"/>
        <line num="46" count="3" type="stmt"/>
        <line num="48" count="3" type="stmt"/>
        <line num="66" count="1" type="stmt"/>
      </file>
    </package>
    <package name="Dialog">
      <metrics statements="14" coveredstatements="14" conditionals="16" coveredconditionals="12" methods="1" coveredmethods="1"/>
      <file name="Dialog.tsx" path="/Users/elvira/Downloads/pets-pr-1/packages/ui/src/components/Dialog/Dialog.tsx">
        <metrics statements="14" coveredstatements="14" conditionals="16" coveredconditionals="12" methods="1" coveredmethods="1"/>
        <line num="1" count="1" type="stmt"/>
        <line num="2" count="1" type="stmt"/>
        <line num="3" count="1" type="stmt"/>
        <line num="4" count="1" type="stmt"/>
        <line num="5" count="1" type="stmt"/>
        <line num="57" count="1" type="stmt"/>
        <line num="68" count="5" type="stmt"/>
        <line num="70" count="5" type="stmt"/>
        <line num="74" count="5" type="stmt"/>
        <line num="81" count="5" type="stmt"/>
        <line num="82" count="5" type="stmt"/>
        <line num="84" count="5" type="stmt"/>
        <line num="91" count="5" type="cond" truecount="1" falsecount="0"/>
        <line num="93" count="4" type="stmt"/>
      </file>
    </package>
    <package name="Input">
      <metrics statements="17" coveredstatements="17" conditionals="28" coveredconditionals="27" methods="3" coveredmethods="2"/>
      <file name="Input.tsx" path="/Users/elvira/Downloads/pets-pr-1/packages/ui/src/components/Input/Input.tsx">
        <metrics statements="17" coveredstatements="17" conditionals="28" coveredconditionals="27" methods="3" coveredmethods="2"/>
        <line num="1" count="1" type="stmt"/>
        <line num="2" count="1" type="stmt"/>
        <line num="3" count="1" type="stmt"/>
        <line num="85" count="1" type="stmt"/>
        <line num="104" count="5" type="stmt"/>
        <line num="106" count="5" type="stmt"/>
        <line num="107" count="5" type="stmt"/>
        <line num="108" count="5" type="stmt"/>
        <line num="111" count="5" type="stmt"/>
        <line num="114" count="5" type="stmt"/>
        <line num="115" count="1" type="stmt"/>
        <line num="118" count="5" type="stmt"/>
        <line num="120" count="5" type="stmt"/>
        <line num="126" count="5" type="stmt"/>
        <line num="132" count="5" type="cond" truecount="2" falsecount="0"/>
        <line num="138" count="5" type="stmt"/>
        <line num="188" count="1" type="stmt"/>
      </file>
    </package>
    <package name="Textarea">
      <metrics statements="17" coveredstatements="17" conditionals="20" coveredconditionals="17" methods="3" coveredmethods="2"/>
      <file name="Textarea.tsx" path="/Users/elvira/Downloads/pets-pr-1/packages/ui/src/components/Textarea/Textarea.tsx">
        <metrics statements="17" coveredstatements="17" conditionals="20" coveredconditionals="17" methods="3" coveredmethods="2"/>
        <line num="1" count="1" type="stmt"/>
        <line num="2" count="1" type="stmt"/>
        <line num="3" count="1" type="stmt"/>
        <line num="80" count="1" type="stmt"/>
        <line num="98" count="6" type="stmt"/>
        <line num="100" count="6" type="stmt"/>
        <line num="101" count="6" type="stmt"/>
        <line num="104" count="6" type="stmt"/>
        <line num="106" count="6" type="stmt"/>
        <line num="107" count="1" type="stmt"/>
        <line num="110" count="6" type="stmt"/>
        <line num="112" count="6" type="stmt"/>
        <line num="118" count="6" type="stmt"/>
        <line num="124" count="6" type="cond" truecount="1" falsecount="1"/>
        <line num="130" count="6" type="stmt"/>
        <line num="137" count="6" type="stmt"/>
        <line num="169" count="1" type="stmt"/>
      </file>
    </package>
  </project>
</coverage>
