TN:
SF:src/components/Avatar/Avatar.tsx
FN:43,(anonymous_0)
FNF:1
FNH:1
FNDA:10,(anonymous_0)
DA:43,1
DA:52,10
DA:54,10
DA:61,10
DA:66,10
DA:72,10
DA:79,10
DA:81,10
LF:8
LH:8
BRDA:45,0,0,0
BRDA:46,1,0,6
BRDA:47,2,0,8
BRDA:48,3,0,9
BRDA:49,4,0,10
BRDA:79,5,0,1
BRDA:79,5,1,9
BRDA:92,6,0,1
BRDA:92,6,1,9
BRDA:92,7,0,10
BRDA:92,7,1,1
BRDA:104,8,0,10
BRDA:104,8,1,1
BRF:13
BRH:12
end_of_record
TN:
SF:src/components/Badge/Badge.tsx
FN:38,(anonymous_0)
FNF:1
FNH:1
FNDA:10,(anonymous_0)
DA:38,1
DA:46,10
DA:48,10
DA:72,10
DA:78,10
LF:5
LH:5
BRDA:40,0,0,6
BRDA:41,1,0,7
BRDA:42,2,0,10
BRDA:43,3,0,9
BRDA:44,4,0,9
BRDA:49,5,0,1
BRDA:49,5,1,9
BRDA:52,6,0,1
BRDA:52,6,1,9
BRDA:55,7,0,1
BRDA:55,7,1,9
BRDA:58,8,0,1
BRDA:58,8,1,9
BRDA:61,9,0,1
BRDA:61,9,1,9
BRDA:64,10,0,1
BRDA:64,10,1,9
BRDA:67,11,0,1
BRDA:67,11,1,9
BRDA:73,12,0,1
BRDA:73,12,1,9
BRDA:74,13,0,1
BRDA:74,13,1,9
BRDA:75,14,0,1
BRDA:75,14,1,9
BRDA:87,15,0,10
BRDA:87,15,1,9
BRF:27
BRH:27
end_of_record
TN:
SF:src/components/Button/Button.tsx
FN:29,(anonymous_1)
FN:45,(anonymous_2)
FN:48,(anonymous_3)
FN:59,(anonymous_4)
FNF:4
FNH:3
FNDA:11,(anonymous_1)
FNDA:0,(anonymous_2)
FNDA:10,(anonymous_3)
FNDA:10,(anonymous_4)
DA:1,1
DA:2,1
DA:3,1
DA:4,1
DA:6,1
DA:28,1
DA:37,11
DA:39,10
DA:40,10
DA:41,10
DA:42,10
DA:45,10
DA:48,10
DA:49,10
DA:55,10
DA:59,10
DA:60,10
DA:65,10
DA:68,10
DA:69,10
DA:70,10
DA:72,10
DA:90,1
LF:23
LH:23
BRDA:31,0,0,6
BRDA:32,1,0,7
BRDA:33,2,0,10
BRDA:77,3,0,10
BRDA:77,3,1,10
BRDA:78,4,0,10
BRDA:78,4,1,10
BRDA:79,5,0,10
BRDA:79,5,1,10
BRF:9
BRH:9
end_of_record
TN:
SF:src/components/Card/Card.tsx
FN:32,(anonymous_1)
FN:46,(anonymous_2)
FNF:2
FNH:1
FNDA:3,(anonymous_1)
FNDA:0,(anonymous_2)
DA:1,1
DA:2,1
DA:3,1
DA:4,1
DA:31,1
DA:39,3
DA:41,3
DA:42,3
DA:43,3
DA:46,3
DA:48,3
DA:66,1
LF:12
LH:12
BRDA:35,0,0,2
BRDA:36,1,0,2
BRDA:50,2,0,1
BRDA:50,2,1,2
BRDA:52,3,0,1
BRDA:52,3,1,2
BRDA:53,4,0,1
BRDA:53,4,1,2
BRDA:54,5,0,0
BRDA:54,5,1,3
BRDA:54,6,0,3
BRDA:54,6,1,1
BRDA:55,7,0,0
BRDA:55,7,1,3
BRDA:55,8,0,3
BRDA:55,8,1,1
BRDA:56,9,0,3
BRDA:56,9,1,2
BRDA:58,10,0,1
BRDA:58,10,1,2
BRF:20
BRH:18
end_of_record
TN:
SF:src/components/Dialog/Dialog.tsx
FN:57,(anonymous_1)
FNF:1
FNH:1
FNDA:5,(anonymous_1)
DA:1,1
DA:2,1
DA:3,1
DA:4,1
DA:5,1
DA:57,1
DA:68,5
DA:70,5
DA:74,5
DA:81,5
DA:82,5
DA:84,5
DA:91,5
DA:93,4
LF:14
LH:14
BRDA:63,0,0,3
BRDA:64,1,0,5
BRDA:65,2,0,4
BRDA:66,3,0,5
BRDA:91,4,0,1
BRDA:104,5,0,4
BRDA:104,5,1,1
BRDA:104,5,2,0
BRDA:104,5,3,0
BRDA:104,5,4,1
BRDA:106,6,0,1
BRDA:106,6,1,1
BRDA:106,6,2,1
BRDA:111,7,0,1
BRDA:111,7,1,0
BRDA:111,7,2,0
BRF:16
BRH:12
end_of_record
TN:
SF:src/components/Input/Input.tsx
FN:86,(anonymous_1)
FN:111,(anonymous_2)
FN:114,(anonymous_3)
FNF:3
FNH:2
FNDA:5,(anonymous_1)
FNDA:0,(anonymous_2)
FNDA:1,(anonymous_3)
DA:1,1
DA:2,1
DA:3,1
DA:85,1
DA:104,5
DA:106,5
DA:107,5
DA:108,5
DA:111,5
DA:114,5
DA:115,1
DA:118,5
DA:120,5
DA:126,5
DA:132,5
DA:138,5
DA:188,1
LF:17
LH:17
BRDA:88,0,0,5
BRDA:89,1,0,5
BRDA:90,2,0,5
BRDA:93,3,0,5
BRDA:94,4,0,4
BRDA:95,5,0,4
BRDA:98,6,0,5
BRDA:101,7,0,5
BRDA:102,8,0,5
BRDA:132,9,0,1
BRDA:132,9,1,4
BRDA:134,10,0,1
BRDA:134,10,1,3
BRDA:140,11,0,5
BRDA:140,11,1,5
BRDA:146,12,0,5
BRDA:146,12,1,1
BRDA:165,13,0,1
BRDA:165,13,1,4
BRDA:166,14,0,1
BRDA:166,14,1,4
BRDA:168,15,0,0
BRDA:168,15,1,5
BRDA:172,16,0,5
BRDA:172,16,1,1
BRDA:178,17,0,5
BRDA:178,17,1,1
BRDA:178,17,2,1
BRF:28
BRH:27
end_of_record
TN:
SF:src/components/Textarea/Textarea.tsx
FN:81,(anonymous_1)
FN:104,(anonymous_2)
FN:106,(anonymous_3)
FNF:3
FNH:2
FNDA:6,(anonymous_1)
FNDA:0,(anonymous_2)
FNDA:1,(anonymous_3)
DA:1,1
DA:2,1
DA:3,1
DA:80,1
DA:98,6
DA:100,6
DA:101,6
DA:104,6
DA:106,6
DA:107,1
DA:110,6
DA:112,6
DA:118,6
DA:124,6
DA:130,6
DA:137,6
DA:169,1
LF:17
LH:17
BRDA:83,0,0,5
BRDA:86,1,0,6
BRDA:87,2,0,6
BRDA:88,3,0,6
BRDA:89,4,0,3
BRDA:90,5,0,6
BRDA:91,6,0,6
BRDA:92,7,0,6
BRDA:93,8,0,6
BRDA:94,9,0,6
BRDA:96,10,0,5
BRDA:124,11,0,0
BRDA:124,11,1,6
BRDA:126,12,0,0
BRDA:126,12,1,6
BRDA:155,13,0,0
BRDA:155,13,1,6
BRDA:159,14,0,6
BRDA:159,14,1,1
BRDA:159,14,2,1
BRF:20
BRH:17
end_of_record
